MODO = sem I/O e alloc. memoria

 Performance counter stats for './mandelbrot_pth 0.175 0.375 -0.1 0.1 16 2 sem':

          0.879724      task-clock (msec)         #    0.953 CPUs utilized          
                 3      context-switches          #    0.003 M/sec                  
                 2      cpu-migrations            #    0.002 M/sec                  
                67      page-faults               #    0.076 M/sec                  
   <not supported>      cycles                   
   <not supported>      stalled-cycles-frontend  
   <not supported>      stalled-cycles-backend   
   <not supported>      instructions             
   <not supported>      branches                 
   <not supported>      branch-misses            

       0.000922933 seconds time elapsed

MODO = sem I/O e alloc. memoria

 Performance counter stats for './mandelbrot_pth 0.175 0.375 -0.1 0.1 16 2 sem':

          0.959755      task-clock (msec)         #    0.939 CPUs utilized          
                 2      context-switches          #    0.002 M/sec                  
                 2      cpu-migrations            #    0.002 M/sec                  
                64      page-faults               #    0.067 M/sec                  
   <not supported>      cycles                   
   <not supported>      stalled-cycles-frontend  
   <not supported>      stalled-cycles-backend   
   <not supported>      instructions             
   <not supported>      branches                 
   <not supported>      branch-misses            

       0.001021967 seconds time elapsed

MODO = sem I/O e alloc. memoria

 Performance counter stats for './mandelbrot_pth 0.175 0.375 -0.1 0.1 16 2 sem':

          0.913798      task-clock (msec)         #    0.953 CPUs utilized          
                 2      context-switches          #    0.002 M/sec                  
                 2      cpu-migrations            #    0.002 M/sec                  
                64      page-faults               #    0.070 M/sec                  
   <not supported>      cycles                   
   <not supported>      stalled-cycles-frontend  
   <not supported>      stalled-cycles-backend   
   <not supported>      instructions             
   <not supported>      branches                 
   <not supported>      branch-misses            

       0.000958544 seconds time elapsed

MODO = sem I/O e alloc. memoria

 Performance counter stats for './mandelbrot_pth 0.175 0.375 -0.1 0.1 16 2 sem':

          0.914524      task-clock (msec)         #    0.993 CPUs utilized          
                 2      context-switches          #    0.002 M/sec                  
                 2      cpu-migrations            #    0.002 M/sec                  
                67      page-faults               #    0.073 M/sec                  
   <not supported>      cycles                   
   <not supported>      stalled-cycles-frontend  
   <not supported>      stalled-cycles-backend   
   <not supported>      instructions             
   <not supported>      branches                 
   <not supported>      branch-misses            

       0.000920623 seconds time elapsed

MODO = sem I/O e alloc. memoria

 Performance counter stats for './mandelbrot_pth 0.175 0.375 -0.1 0.1 16 2 sem':

          0.883576      task-clock (msec)         #    0.927 CPUs utilized          
                 2      context-switches          #    0.002 M/sec                  
                 2      cpu-migrations            #    0.002 M/sec                  
                67      page-faults               #    0.076 M/sec                  
   <not supported>      cycles                   
   <not supported>      stalled-cycles-frontend  
   <not supported>      stalled-cycles-backend   
   <not supported>      instructions             
   <not supported>      branches                 
   <not supported>      branch-misses            

       0.000953154 seconds time elapsed

MODO = sem I/O e alloc. memoria

 Performance counter stats for './mandelbrot_pth 0.175 0.375 -0.1 0.1 16 2 sem':

          0.901755      task-clock (msec)         #    1.003 CPUs utilized          
                 2      context-switches          #    0.002 M/sec                  
                 2      cpu-migrations            #    0.002 M/sec                  
                68      page-faults               #    0.075 M/sec                  
   <not supported>      cycles                   
   <not supported>      stalled-cycles-frontend  
   <not supported>      stalled-cycles-backend   
   <not supported>      instructions             
   <not supported>      branches                 
   <not supported>      branch-misses            

       0.000899256 seconds time elapsed

MODO = sem I/O e alloc. memoria

 Performance counter stats for './mandelbrot_pth 0.175 0.375 -0.1 0.1 16 2 sem':

          0.934276      task-clock (msec)         #    0.958 CPUs utilized          
                 2      context-switches          #    0.002 M/sec                  
                 3      cpu-migrations            #    0.003 M/sec                  
                65      page-faults               #    0.070 M/sec                  
   <not supported>      cycles                   
   <not supported>      stalled-cycles-frontend  
   <not supported>      stalled-cycles-backend   
   <not supported>      instructions             
   <not supported>      branches                 
   <not supported>      branch-misses            

       0.000975149 seconds time elapsed

MODO = sem I/O e alloc. memoria

 Performance counter stats for './mandelbrot_pth 0.175 0.375 -0.1 0.1 16 2 sem':

          0.882720      task-clock (msec)         #    0.942 CPUs utilized          
                 2      context-switches          #    0.002 M/sec                  
                 2      cpu-migrations            #    0.002 M/sec                  
                63      page-faults               #    0.071 M/sec                  
   <not supported>      cycles                   
   <not supported>      stalled-cycles-frontend  
   <not supported>      stalled-cycles-backend   
   <not supported>      instructions             
   <not supported>      branches                 
   <not supported>      branch-misses            

       0.000937291 seconds time elapsed

MODO = sem I/O e alloc. memoria

 Performance counter stats for './mandelbrot_pth 0.175 0.375 -0.1 0.1 16 2 sem':

          0.891963      task-clock (msec)         #    0.971 CPUs utilized          
                 2      context-switches          #    0.002 M/sec                  
                 2      cpu-migrations            #    0.002 M/sec                  
                67      page-faults               #    0.075 M/sec                  
   <not supported>      cycles                   
   <not supported>      stalled-cycles-frontend  
   <not supported>      stalled-cycles-backend   
   <not supported>      instructions             
   <not supported>      branches                 
   <not supported>      branch-misses            

       0.000918383 seconds time elapsed

MODO = sem I/O e alloc. memoria

 Performance counter stats for './mandelbrot_pth 0.175 0.375 -0.1 0.1 16 2 sem':

          0.881646      task-clock (msec)         #    0.945 CPUs utilized          
                 2      context-switches          #    0.002 M/sec                  
                 2      cpu-migrations            #    0.002 M/sec                  
                64      page-faults               #    0.073 M/sec                  
   <not supported>      cycles                   
   <not supported>      stalled-cycles-frontend  
   <not supported>      stalled-cycles-backend   
   <not supported>      instructions             
   <not supported>      branches                 
   <not supported>      branch-misses            

       0.000933163 seconds time elapsed

MODO = sem I/O e alloc. memoria

 Performance counter stats for './mandelbrot_pth 0.175 0.375 -0.1 0.1 32 2 sem':

          1.908537      task-clock (msec)         #    1.350 CPUs utilized          
                 2      context-switches          #    0.001 M/sec                  
                 2      cpu-migrations            #    0.001 M/sec                  
                64      page-faults               #    0.034 M/sec                  
   <not supported>      cycles                   
   <not supported>      stalled-cycles-frontend  
   <not supported>      stalled-cycles-backend   
   <not supported>      instructions             
   <not supported>      branches                 
   <not supported>      branch-misses            

       0.001413701 seconds time elapsed

MODO = sem I/O e alloc. memoria

 Performance counter stats for './mandelbrot_pth 0.175 0.375 -0.1 0.1 32 2 sem':

          1.898468      task-clock (msec)         #    1.347 CPUs utilized          
                 3      context-switches          #    0.002 M/sec                  
                 2      cpu-migrations            #    0.001 M/sec                  
                68      page-faults               #    0.036 M/sec                  
   <not supported>      cycles                   
   <not supported>      stalled-cycles-frontend  
   <not supported>      stalled-cycles-backend   
   <not supported>      instructions             
   <not supported>      branches                 
   <not supported>      branch-misses            

       0.001409667 seconds time elapsed

MODO = sem I/O e alloc. memoria

 Performance counter stats for './mandelbrot_pth 0.175 0.375 -0.1 0.1 32 2 sem':

          2.008162      task-clock (msec)         #    1.360 CPUs utilized          
                 2      context-switches          #    0.996 K/sec                  
                 2      cpu-migrations            #    0.996 K/sec                  
                67      page-faults               #    0.033 M/sec                  
   <not supported>      cycles                   
   <not supported>      stalled-cycles-frontend  
   <not supported>      stalled-cycles-backend   
   <not supported>      instructions             
   <not supported>      branches                 
   <not supported>      branch-misses            

       0.001477035 seconds time elapsed

MODO = sem I/O e alloc. memoria

 Performance counter stats for './mandelbrot_pth 0.175 0.375 -0.1 0.1 32 2 sem':

          1.895952      task-clock (msec)         #    1.379 CPUs utilized          
                 2      context-switches          #    0.001 M/sec                  
                 2      cpu-migrations            #    0.001 M/sec                  
                64      page-faults               #    0.034 M/sec                  
   <not supported>      cycles                   
   <not supported>      stalled-cycles-frontend  
   <not supported>      stalled-cycles-backend   
   <not supported>      instructions             
   <not supported>      branches                 
   <not supported>      branch-misses            

       0.001375366 seconds time elapsed

MODO = sem I/O e alloc. memoria

 Performance counter stats for './mandelbrot_pth 0.175 0.375 -0.1 0.1 32 2 sem':

          1.907208      task-clock (msec)         #    1.342 CPUs utilized          
                 2      context-switches          #    0.001 M/sec                  
                 2      cpu-migrations            #    0.001 M/sec                  
                66      page-faults               #    0.035 M/sec                  
   <not supported>      cycles                   
   <not supported>      stalled-cycles-frontend  
   <not supported>      stalled-cycles-backend   
   <not supported>      instructions             
   <not supported>      branches                 
   <not supported>      branch-misses            

       0.001421483 seconds time elapsed

MODO = sem I/O e alloc. memoria

 Performance counter stats for './mandelbrot_pth 0.175 0.375 -0.1 0.1 32 2 sem':

          1.959726      task-clock (msec)         #    1.336 CPUs utilized          
                 2      context-switches          #    0.001 M/sec                  
                 2      cpu-migrations            #    0.001 M/sec                  
                67      page-faults               #    0.034 M/sec                  
   <not supported>      cycles                   
   <not supported>      stalled-cycles-frontend  
   <not supported>      stalled-cycles-backend   
   <not supported>      instructions             
   <not supported>      branches                 
   <not supported>      branch-misses            

       0.001467374 seconds time elapsed

MODO = sem I/O e alloc. memoria

 Performance counter stats for './mandelbrot_pth 0.175 0.375 -0.1 0.1 32 2 sem':

          2.058210      task-clock (msec)         #    1.279 CPUs utilized          
                 2      context-switches          #    0.972 K/sec                  
                 2      cpu-migrations            #    0.972 K/sec                  
                68      page-faults               #    0.033 M/sec                  
   <not supported>      cycles                   
   <not supported>      stalled-cycles-frontend  
   <not supported>      stalled-cycles-backend   
   <not supported>      instructions             
   <not supported>      branches                 
   <not supported>      branch-misses            

       0.001609850 seconds time elapsed

MODO = sem I/O e alloc. memoria

 Performance counter stats for './mandelbrot_pth 0.175 0.375 -0.1 0.1 32 2 sem':

          1.955415      task-clock (msec)         #    1.307 CPUs utilized          
                 2      context-switches          #    0.001 M/sec                  
                 2      cpu-migrations            #    0.001 M/sec                  
                68      page-faults               #    0.035 M/sec                  
   <not supported>      cycles                   
   <not supported>      stalled-cycles-frontend  
   <not supported>      stalled-cycles-backend   
   <not supported>      instructions             
   <not supported>      branches                 
   <not supported>      branch-misses            

       0.001495930 seconds time elapsed

MODO = sem I/O e alloc. memoria

 Performance counter stats for './mandelbrot_pth 0.175 0.375 -0.1 0.1 32 2 sem':

          1.970232      task-clock (msec)         #    1.328 CPUs utilized          
                 2      context-switches          #    0.001 M/sec                  
                 2      cpu-migrations            #    0.001 M/sec                  
                66      page-faults               #    0.033 M/sec                  
   <not supported>      cycles                   
   <not supported>      stalled-cycles-frontend  
   <not supported>      stalled-cycles-backend   
   <not supported>      instructions             
   <not supported>      branches                 
   <not supported>      branch-misses            

       0.001484082 seconds time elapsed

MODO = sem I/O e alloc. memoria

 Performance counter stats for './mandelbrot_pth 0.175 0.375 -0.1 0.1 32 2 sem':

          1.933785      task-clock (msec)         #    1.309 CPUs utilized          
                 2      context-switches          #    0.001 M/sec                  
                 2      cpu-migrations            #    0.001 M/sec                  
                64      page-faults               #    0.033 M/sec                  
   <not supported>      cycles                   
   <not supported>      stalled-cycles-frontend  
   <not supported>      stalled-cycles-backend   
   <not supported>      instructions             
   <not supported>      branches                 
   <not supported>      branch-misses            

       0.001477252 seconds time elapsed

MODO = sem I/O e alloc. memoria

 Performance counter stats for './mandelbrot_pth 0.175 0.375 -0.1 0.1 64 2 sem':

          6.155945      task-clock (msec)         #    1.705 CPUs utilized          
                 2      context-switches          #    0.325 K/sec                  
                 2      cpu-migrations            #    0.325 K/sec                  
                65      page-faults               #    0.011 M/sec                  
   <not supported>      cycles                   
   <not supported>      stalled-cycles-frontend  
   <not supported>      stalled-cycles-backend   
   <not supported>      instructions             
   <not supported>      branches                 
   <not supported>      branch-misses            

       0.003609850 seconds time elapsed

MODO = sem I/O e alloc. memoria

 Performance counter stats for './mandelbrot_pth 0.175 0.375 -0.1 0.1 64 2 sem':

          6.121147      task-clock (msec)         #    1.705 CPUs utilized          
                 2      context-switches          #    0.327 K/sec                  
                 2      cpu-migrations            #    0.327 K/sec                  
                67      page-faults               #    0.011 M/sec                  
   <not supported>      cycles                   
   <not supported>      stalled-cycles-frontend  
   <not supported>      stalled-cycles-backend   
   <not supported>      instructions             
   <not supported>      branches                 
   <not supported>      branch-misses            

       0.003589373 seconds time elapsed

MODO = sem I/O e alloc. memoria

 Performance counter stats for './mandelbrot_pth 0.175 0.375 -0.1 0.1 64 2 sem':

          6.033759      task-clock (msec)         #    1.678 CPUs utilized          
                 3      context-switches          #    0.497 K/sec                  
                 3      cpu-migrations            #    0.497 K/sec                  
                66      page-faults               #    0.011 M/sec                  
   <not supported>      cycles                   
   <not supported>      stalled-cycles-frontend  
   <not supported>      stalled-cycles-backend   
   <not supported>      instructions             
   <not supported>      branches                 
   <not supported>      branch-misses            

       0.003595895 seconds time elapsed

MODO = sem I/O e alloc. memoria

 Performance counter stats for './mandelbrot_pth 0.175 0.375 -0.1 0.1 64 2 sem':

          5.981193      task-clock (msec)         #    1.712 CPUs utilized          
                 2      context-switches          #    0.334 K/sec                  
                 2      cpu-migrations            #    0.334 K/sec                  
                67      page-faults               #    0.011 M/sec                  
   <not supported>      cycles                   
   <not supported>      stalled-cycles-frontend  
   <not supported>      stalled-cycles-backend   
   <not supported>      instructions             
   <not supported>      branches                 
   <not supported>      branch-misses            

       0.003493796 seconds time elapsed

MODO = sem I/O e alloc. memoria

 Performance counter stats for './mandelbrot_pth 0.175 0.375 -0.1 0.1 64 2 sem':

          5.945299      task-clock (msec)         #    1.726 CPUs utilized          
                 2      context-switches          #    0.336 K/sec                  
                 2      cpu-migrations            #    0.336 K/sec                  
                66      page-faults               #    0.011 M/sec                  
   <not supported>      cycles                   
   <not supported>      stalled-cycles-frontend  
   <not supported>      stalled-cycles-backend   
   <not supported>      instructions             
   <not supported>      branches                 
   <not supported>      branch-misses            

       0.003444324 seconds time elapsed

MODO = sem I/O e alloc. memoria

 Performance counter stats for './mandelbrot_pth 0.175 0.375 -0.1 0.1 64 2 sem':

          5.976505      task-clock (msec)         #    1.713 CPUs utilized          
                 2      context-switches          #    0.335 K/sec                  
                 2      cpu-migrations            #    0.335 K/sec                  
                67      page-faults               #    0.011 M/sec                  
   <not supported>      cycles                   
   <not supported>      stalled-cycles-frontend  
   <not supported>      stalled-cycles-backend   
   <not supported>      instructions             
   <not supported>      branches                 
   <not supported>      branch-misses            

       0.003488069 seconds time elapsed

MODO = sem I/O e alloc. memoria

 Performance counter stats for './mandelbrot_pth 0.175 0.375 -0.1 0.1 64 2 sem':

          5.959586      task-clock (msec)         #    1.721 CPUs utilized          
                 2      context-switches          #    0.336 K/sec                  
                 2      cpu-migrations            #    0.336 K/sec                  
                65      page-faults               #    0.011 M/sec                  
   <not supported>      cycles                   
   <not supported>      stalled-cycles-frontend  
   <not supported>      stalled-cycles-backend   
   <not supported>      instructions             
   <not supported>      branches                 
   <not supported>      branch-misses            

       0.003461950 seconds time elapsed

MODO = sem I/O e alloc. memoria

 Performance counter stats for './mandelbrot_pth 0.175 0.375 -0.1 0.1 64 2 sem':

          6.008599      task-clock (msec)         #    1.720 CPUs utilized          
                 3      context-switches          #    0.499 K/sec                  
                 2      cpu-migrations            #    0.333 K/sec                  
                67      page-faults               #    0.011 M/sec                  
   <not supported>      cycles                   
   <not supported>      stalled-cycles-frontend  
   <not supported>      stalled-cycles-backend   
   <not supported>      instructions             
   <not supported>      branches                 
   <not supported>      branch-misses            

       0.003492431 seconds time elapsed

MODO = sem I/O e alloc. memoria

 Performance counter stats for './mandelbrot_pth 0.175 0.375 -0.1 0.1 64 2 sem':

          6.008436      task-clock (msec)         #    1.715 CPUs utilized          
                 2      context-switches          #    0.333 K/sec                  
                 2      cpu-migrations            #    0.333 K/sec                  
                67      page-faults               #    0.011 M/sec                  
   <not supported>      cycles                   
   <not supported>      stalled-cycles-frontend  
   <not supported>      stalled-cycles-backend   
   <not supported>      instructions             
   <not supported>      branches                 
   <not supported>      branch-misses            

       0.003503865 seconds time elapsed

MODO = sem I/O e alloc. memoria

 Performance counter stats for './mandelbrot_pth 0.175 0.375 -0.1 0.1 64 2 sem':

          5.997587      task-clock (msec)         #    1.711 CPUs utilized          
                 2      context-switches          #    0.333 K/sec                  
                 2      cpu-migrations            #    0.333 K/sec                  
                66      page-faults               #    0.011 M/sec                  
   <not supported>      cycles                   
   <not supported>      stalled-cycles-frontend  
   <not supported>      stalled-cycles-backend   
   <not supported>      instructions             
   <not supported>      branches                 
   <not supported>      branch-misses            

       0.003505992 seconds time elapsed

MODO = sem I/O e alloc. memoria

 Performance counter stats for './mandelbrot_pth 0.175 0.375 -0.1 0.1 128 2 sem':

         22.111223      task-clock (msec)         #    1.913 CPUs utilized          
                 2      context-switches          #    0.090 K/sec                  
                 2      cpu-migrations            #    0.090 K/sec                  
                66      page-faults               #    0.003 M/sec                  
   <not supported>      cycles                   
   <not supported>      stalled-cycles-frontend  
   <not supported>      stalled-cycles-backend   
   <not supported>      instructions             
   <not supported>      branches                 
   <not supported>      branch-misses            

       0.011559921 seconds time elapsed

MODO = sem I/O e alloc. memoria

 Performance counter stats for './mandelbrot_pth 0.175 0.375 -0.1 0.1 128 2 sem':

         22.149258      task-clock (msec)         #    1.911 CPUs utilized          
                 2      context-switches          #    0.090 K/sec                  
                 2      cpu-migrations            #    0.090 K/sec                  
                64      page-faults               #    0.003 M/sec                  
   <not supported>      cycles                   
   <not supported>      stalled-cycles-frontend  
   <not supported>      stalled-cycles-backend   
   <not supported>      instructions             
   <not supported>      branches                 
   <not supported>      branch-misses            

       0.011590991 seconds time elapsed

MODO = sem I/O e alloc. memoria

 Performance counter stats for './mandelbrot_pth 0.175 0.375 -0.1 0.1 128 2 sem':

         22.216550      task-clock (msec)         #    1.920 CPUs utilized          
                 2      context-switches          #    0.090 K/sec                  
                 2      cpu-migrations            #    0.090 K/sec                  
                67      page-faults               #    0.003 M/sec                  
   <not supported>      cycles                   
   <not supported>      stalled-cycles-frontend  
   <not supported>      stalled-cycles-backend   
   <not supported>      instructions             
   <not supported>      branches                 
   <not supported>      branch-misses            

       0.011568170 seconds time elapsed

MODO = sem I/O e alloc. memoria

 Performance counter stats for './mandelbrot_pth 0.175 0.375 -0.1 0.1 128 2 sem':

         22.171492      task-clock (msec)         #    1.916 CPUs utilized          
                 3      context-switches          #    0.135 K/sec                  
                 2      cpu-migrations            #    0.090 K/sec                  
                67      page-faults               #    0.003 M/sec                  
   <not supported>      cycles                   
   <not supported>      stalled-cycles-frontend  
   <not supported>      stalled-cycles-backend   
   <not supported>      instructions             
   <not supported>      branches                 
   <not supported>      branch-misses            

       0.011569963 seconds time elapsed

MODO = sem I/O e alloc. memoria

 Performance counter stats for './mandelbrot_pth 0.175 0.375 -0.1 0.1 128 2 sem':

         22.223266      task-clock (msec)         #    1.912 CPUs utilized          
                 3      context-switches          #    0.135 K/sec                  
                 2      cpu-migrations            #    0.090 K/sec                  
                64      page-faults               #    0.003 M/sec                  
   <not supported>      cycles                   
   <not supported>      stalled-cycles-frontend  
   <not supported>      stalled-cycles-backend   
   <not supported>      instructions             
   <not supported>      branches                 
   <not supported>      branch-misses            

       0.011624156 seconds time elapsed

MODO = sem I/O e alloc. memoria

 Performance counter stats for './mandelbrot_pth 0.175 0.375 -0.1 0.1 128 2 sem':

         22.141398      task-clock (msec)         #    1.919 CPUs utilized          
                 2      context-switches          #    0.090 K/sec                  
                 2      cpu-migrations            #    0.090 K/sec                  
                64      page-faults               #    0.003 M/sec                  
   <not supported>      cycles                   
   <not supported>      stalled-cycles-frontend  
   <not supported>      stalled-cycles-backend   
   <not supported>      instructions             
   <not supported>      branches                 
   <not supported>      branch-misses            

       0.011539861 seconds time elapsed

MODO = sem I/O e alloc. memoria

 Performance counter stats for './mandelbrot_pth 0.175 0.375 -0.1 0.1 128 2 sem':

         22.251251      task-clock (msec)         #    1.911 CPUs utilized          
                 2      context-switches          #    0.090 K/sec                  
                 2      cpu-migrations            #    0.090 K/sec                  
                67      page-faults               #    0.003 M/sec                  
   <not supported>      cycles                   
   <not supported>      stalled-cycles-frontend  
   <not supported>      stalled-cycles-backend   
   <not supported>      instructions             
   <not supported>      branches                 
   <not supported>      branch-misses            

       0.011645986 seconds time elapsed

MODO = sem I/O e alloc. memoria

 Performance counter stats for './mandelbrot_pth 0.175 0.375 -0.1 0.1 128 2 sem':

         22.218970      task-clock (msec)         #    1.918 CPUs utilized          
                 2      context-switches          #    0.090 K/sec                  
                 2      cpu-migrations            #    0.090 K/sec                  
                67      page-faults               #    0.003 M/sec                  
   <not supported>      cycles                   
   <not supported>      stalled-cycles-frontend  
   <not supported>      stalled-cycles-backend   
   <not supported>      instructions             
   <not supported>      branches                 
   <not supported>      branch-misses            

       0.011582523 seconds time elapsed

MODO = sem I/O e alloc. memoria

 Performance counter stats for './mandelbrot_pth 0.175 0.375 -0.1 0.1 128 2 sem':

         22.206337      task-clock (msec)         #    1.909 CPUs utilized          
                 2      context-switches          #    0.090 K/sec                  
                 2      cpu-migrations            #    0.090 K/sec                  
                66      page-faults               #    0.003 M/sec                  
   <not supported>      cycles                   
   <not supported>      stalled-cycles-frontend  
   <not supported>      stalled-cycles-backend   
   <not supported>      instructions             
   <not supported>      branches                 
   <not supported>      branch-misses            

       0.011630055 seconds time elapsed

MODO = sem I/O e alloc. memoria

 Performance counter stats for './mandelbrot_pth 0.175 0.375 -0.1 0.1 128 2 sem':

         22.628053      task-clock (msec)         #    1.891 CPUs utilized          
                 1      context-switches          #    0.044 K/sec                  
                 2      cpu-migrations            #    0.088 K/sec                  
                64      page-faults               #    0.003 M/sec                  
   <not supported>      cycles                   
   <not supported>      stalled-cycles-frontend  
   <not supported>      stalled-cycles-backend   
   <not supported>      instructions             
   <not supported>      branches                 
   <not supported>      branch-misses            

       0.011963442 seconds time elapsed

MODO = sem I/O e alloc. memoria

 Performance counter stats for './mandelbrot_pth 0.175 0.375 -0.1 0.1 256 2 sem':

         86.628871      task-clock (msec)         #    1.974 CPUs utilized          
                 2      context-switches          #    0.023 K/sec                  
                 2      cpu-migrations            #    0.023 K/sec                  
                67      page-faults               #    0.773 K/sec                  
   <not supported>      cycles                   
   <not supported>      stalled-cycles-frontend  
   <not supported>      stalled-cycles-backend   
   <not supported>      instructions             
   <not supported>      branches                 
   <not supported>      branch-misses            

       0.043882823 seconds time elapsed

MODO = sem I/O e alloc. memoria

 Performance counter stats for './mandelbrot_pth 0.175 0.375 -0.1 0.1 256 2 sem':

         86.927650      task-clock (msec)         #    1.972 CPUs utilized          
                 3      context-switches          #    0.035 K/sec                  
                 2      cpu-migrations            #    0.023 K/sec                  
                67      page-faults               #    0.771 K/sec                  
   <not supported>      cycles                   
   <not supported>      stalled-cycles-frontend  
   <not supported>      stalled-cycles-backend   
   <not supported>      instructions             
   <not supported>      branches                 
   <not supported>      branch-misses            

       0.044080192 seconds time elapsed

MODO = sem I/O e alloc. memoria

 Performance counter stats for './mandelbrot_pth 0.175 0.375 -0.1 0.1 256 2 sem':

         86.732277      task-clock (msec)         #    1.974 CPUs utilized          
                 3      context-switches          #    0.035 K/sec                  
                 2      cpu-migrations            #    0.023 K/sec                  
                66      page-faults               #    0.761 K/sec                  
   <not supported>      cycles                   
   <not supported>      stalled-cycles-frontend  
   <not supported>      stalled-cycles-backend   
   <not supported>      instructions             
   <not supported>      branches                 
   <not supported>      branch-misses            

       0.043943159 seconds time elapsed

MODO = sem I/O e alloc. memoria

 Performance counter stats for './mandelbrot_pth 0.175 0.375 -0.1 0.1 256 2 sem':

         86.978960      task-clock (msec)         #    1.975 CPUs utilized          
                 4      context-switches          #    0.046 K/sec                  
                 2      cpu-migrations            #    0.023 K/sec                  
                63      page-faults               #    0.724 K/sec                  
   <not supported>      cycles                   
   <not supported>      stalled-cycles-frontend  
   <not supported>      stalled-cycles-backend   
   <not supported>      instructions             
   <not supported>      branches                 
   <not supported>      branch-misses            

       0.044038721 seconds time elapsed

MODO = sem I/O e alloc. memoria

 Performance counter stats for './mandelbrot_pth 0.175 0.375 -0.1 0.1 256 2 sem':

         86.936739      task-clock (msec)         #    1.975 CPUs utilized          
                 3      context-switches          #    0.035 K/sec                  
                 2      cpu-migrations            #    0.023 K/sec                  
                66      page-faults               #    0.759 K/sec                  
   <not supported>      cycles                   
   <not supported>      stalled-cycles-frontend  
   <not supported>      stalled-cycles-backend   
   <not supported>      instructions             
   <not supported>      branches                 
   <not supported>      branch-misses            

       0.044014874 seconds time elapsed

MODO = sem I/O e alloc. memoria

 Performance counter stats for './mandelbrot_pth 0.175 0.375 -0.1 0.1 256 2 sem':

         86.696930      task-clock (msec)         #    1.973 CPUs utilized          
                 3      context-switches          #    0.035 K/sec                  
                 2      cpu-migrations            #    0.023 K/sec                  
                64      page-faults               #    0.738 K/sec                  
   <not supported>      cycles                   
   <not supported>      stalled-cycles-frontend  
   <not supported>      stalled-cycles-backend   
   <not supported>      instructions             
   <not supported>      branches                 
   <not supported>      branch-misses            

       0.043948222 seconds time elapsed

MODO = sem I/O e alloc. memoria

 Performance counter stats for './mandelbrot_pth 0.175 0.375 -0.1 0.1 256 2 sem':

         87.074472      task-clock (msec)         #    1.975 CPUs utilized          
                 2      context-switches          #    0.023 K/sec                  
                 2      cpu-migrations            #    0.023 K/sec                  
                67      page-faults               #    0.769 K/sec                  
   <not supported>      cycles                   
   <not supported>      stalled-cycles-frontend  
   <not supported>      stalled-cycles-backend   
   <not supported>      instructions             
   <not supported>      branches                 
   <not supported>      branch-misses            

       0.044083504 seconds time elapsed

MODO = sem I/O e alloc. memoria

 Performance counter stats for './mandelbrot_pth 0.175 0.375 -0.1 0.1 256 2 sem':

         86.639484      task-clock (msec)         #    1.974 CPUs utilized          
                 3      context-switches          #    0.035 K/sec                  
                 2      cpu-migrations            #    0.023 K/sec                  
                64      page-faults               #    0.739 K/sec                  
   <not supported>      cycles                   
   <not supported>      stalled-cycles-frontend  
   <not supported>      stalled-cycles-backend   
   <not supported>      instructions             
   <not supported>      branches                 
   <not supported>      branch-misses            

       0.043880584 seconds time elapsed

MODO = sem I/O e alloc. memoria

 Performance counter stats for './mandelbrot_pth 0.175 0.375 -0.1 0.1 256 2 sem':

         86.676838      task-clock (msec)         #    1.976 CPUs utilized          
                 2      context-switches          #    0.023 K/sec                  
                 2      cpu-migrations            #    0.023 K/sec                  
                63      page-faults               #    0.727 K/sec                  
   <not supported>      cycles                   
   <not supported>      stalled-cycles-frontend  
   <not supported>      stalled-cycles-backend   
   <not supported>      instructions             
   <not supported>      branches                 
   <not supported>      branch-misses            

       0.043863465 seconds time elapsed

MODO = sem I/O e alloc. memoria

 Performance counter stats for './mandelbrot_pth 0.175 0.375 -0.1 0.1 256 2 sem':

         86.938315      task-clock (msec)         #    1.976 CPUs utilized          
                 3      context-switches          #    0.035 K/sec                  
                 2      cpu-migrations            #    0.023 K/sec                  
                66      page-faults               #    0.759 K/sec                  
   <not supported>      cycles                   
   <not supported>      stalled-cycles-frontend  
   <not supported>      stalled-cycles-backend   
   <not supported>      instructions             
   <not supported>      branches                 
   <not supported>      branch-misses            

       0.044004304 seconds time elapsed

MODO = sem I/O e alloc. memoria

 Performance counter stats for './mandelbrot_pth 0.175 0.375 -0.1 0.1 512 2 sem':

        346.977774      task-clock (msec)         #    1.982 CPUs utilized          
                 2      context-switches          #    0.006 K/sec                  
                 2      cpu-migrations            #    0.006 K/sec                  
                65      page-faults               #    0.187 K/sec                  
   <not supported>      cycles                   
   <not supported>      stalled-cycles-frontend  
   <not supported>      stalled-cycles-backend   
   <not supported>      instructions             
   <not supported>      branches                 
   <not supported>      branch-misses            

       0.175107908 seconds time elapsed

MODO = sem I/O e alloc. memoria

 Performance counter stats for './mandelbrot_pth 0.175 0.375 -0.1 0.1 512 2 sem':

        347.757559      task-clock (msec)         #    1.973 CPUs utilized          
                 3      context-switches          #    0.009 K/sec                  
                 2      cpu-migrations            #    0.006 K/sec                  
                66      page-faults               #    0.190 K/sec                  
   <not supported>      cycles                   
   <not supported>      stalled-cycles-frontend  
   <not supported>      stalled-cycles-backend   
   <not supported>      instructions             
   <not supported>      branches                 
   <not supported>      branch-misses            

       0.176241920 seconds time elapsed

MODO = sem I/O e alloc. memoria

 Performance counter stats for './mandelbrot_pth 0.175 0.375 -0.1 0.1 512 2 sem':

        349.704978      task-clock (msec)         #    1.967 CPUs utilized          
                 5      context-switches          #    0.014 K/sec                  
                 2      cpu-migrations            #    0.006 K/sec                  
                66      page-faults               #    0.189 K/sec                  
   <not supported>      cycles                   
   <not supported>      stalled-cycles-frontend  
   <not supported>      stalled-cycles-backend   
   <not supported>      instructions             
   <not supported>      branches                 
   <not supported>      branch-misses            

       0.177790557 seconds time elapsed

MODO = sem I/O e alloc. memoria

 Performance counter stats for './mandelbrot_pth 0.175 0.375 -0.1 0.1 512 2 sem':

        345.805353      task-clock (msec)         #    1.985 CPUs utilized          
                 2      context-switches          #    0.006 K/sec                  
                 2      cpu-migrations            #    0.006 K/sec                  
                64      page-faults               #    0.185 K/sec                  
   <not supported>      cycles                   
   <not supported>      stalled-cycles-frontend  
   <not supported>      stalled-cycles-backend   
   <not supported>      instructions             
   <not supported>      branches                 
   <not supported>      branch-misses            

       0.174171560 seconds time elapsed

MODO = sem I/O e alloc. memoria

 Performance counter stats for './mandelbrot_pth 0.175 0.375 -0.1 0.1 512 2 sem':

        347.884894      task-clock (msec)         #    1.969 CPUs utilized          
                 2      context-switches          #    0.006 K/sec                  
                 2      cpu-migrations            #    0.006 K/sec                  
                64      page-faults               #    0.184 K/sec                  
   <not supported>      cycles                   
   <not supported>      stalled-cycles-frontend  
   <not supported>      stalled-cycles-backend   
   <not supported>      instructions             
   <not supported>      branches                 
   <not supported>      branch-misses            

       0.176636890 seconds time elapsed

MODO = sem I/O e alloc. memoria

 Performance counter stats for './mandelbrot_pth 0.175 0.375 -0.1 0.1 512 2 sem':

        352.728122      task-clock (msec)         #    1.951 CPUs utilized          
                 6      context-switches          #    0.017 K/sec                  
                 2      cpu-migrations            #    0.006 K/sec                  
                66      page-faults               #    0.187 K/sec                  
   <not supported>      cycles                   
   <not supported>      stalled-cycles-frontend  
   <not supported>      stalled-cycles-backend   
   <not supported>      instructions             
   <not supported>      branches                 
   <not supported>      branch-misses            

       0.180773019 seconds time elapsed

MODO = sem I/O e alloc. memoria

 Performance counter stats for './mandelbrot_pth 0.175 0.375 -0.1 0.1 512 2 sem':

        346.618512      task-clock (msec)         #    1.984 CPUs utilized          
                 3      context-switches          #    0.009 K/sec                  
                 2      cpu-migrations            #    0.006 K/sec                  
                67      page-faults               #    0.193 K/sec                  
   <not supported>      cycles                   
   <not supported>      stalled-cycles-frontend  
   <not supported>      stalled-cycles-backend   
   <not supported>      instructions             
   <not supported>      branches                 
   <not supported>      branch-misses            

       0.174705847 seconds time elapsed

MODO = sem I/O e alloc. memoria

 Performance counter stats for './mandelbrot_pth 0.175 0.375 -0.1 0.1 512 2 sem':

        348.684542      task-clock (msec)         #    1.971 CPUs utilized          
                 2      context-switches          #    0.006 K/sec                  
                 2      cpu-migrations            #    0.006 K/sec                  
                67      page-faults               #    0.192 K/sec                  
   <not supported>      cycles                   
   <not supported>      stalled-cycles-frontend  
   <not supported>      stalled-cycles-backend   
   <not supported>      instructions             
   <not supported>      branches                 
   <not supported>      branch-misses            

       0.176891380 seconds time elapsed

MODO = sem I/O e alloc. memoria

 Performance counter stats for './mandelbrot_pth 0.175 0.375 -0.1 0.1 512 2 sem':

        349.157598      task-clock (msec)         #    1.968 CPUs utilized          
                 2      context-switches          #    0.006 K/sec                  
                 2      cpu-migrations            #    0.006 K/sec                  
                67      page-faults               #    0.192 K/sec                  
   <not supported>      cycles                   
   <not supported>      stalled-cycles-frontend  
   <not supported>      stalled-cycles-backend   
   <not supported>      instructions             
   <not supported>      branches                 
   <not supported>      branch-misses            

       0.177415253 seconds time elapsed

MODO = sem I/O e alloc. memoria

 Performance counter stats for './mandelbrot_pth 0.175 0.375 -0.1 0.1 512 2 sem':

        349.173286      task-clock (msec)         #    1.966 CPUs utilized          
                 2      context-switches          #    0.006 K/sec                  
                 2      cpu-migrations            #    0.006 K/sec                  
                66      page-faults               #    0.189 K/sec                  
   <not supported>      cycles                   
   <not supported>      stalled-cycles-frontend  
   <not supported>      stalled-cycles-backend   
   <not supported>      instructions             
   <not supported>      branches                 
   <not supported>      branch-misses            

       0.177611020 seconds time elapsed

MODO = sem I/O e alloc. memoria

 Performance counter stats for './mandelbrot_pth 0.175 0.375 -0.1 0.1 1024 2 sem':

       1392.004480      task-clock (msec)         #    1.974 CPUs utilized          
                 7      context-switches          #    0.005 K/sec                  
                 2      cpu-migrations            #    0.001 K/sec                  
                68      page-faults               #    0.049 K/sec                  
   <not supported>      cycles                   
   <not supported>      stalled-cycles-frontend  
   <not supported>      stalled-cycles-backend   
   <not supported>      instructions             
   <not supported>      branches                 
   <not supported>      branch-misses            

       0.705339845 seconds time elapsed

MODO = sem I/O e alloc. memoria

 Performance counter stats for './mandelbrot_pth 0.175 0.375 -0.1 0.1 1024 2 sem':

       1379.423533      task-clock (msec)         #    1.988 CPUs utilized          
                 4      context-switches          #    0.003 K/sec                  
                 2      cpu-migrations            #    0.001 K/sec                  
                67      page-faults               #    0.049 K/sec                  
   <not supported>      cycles                   
   <not supported>      stalled-cycles-frontend  
   <not supported>      stalled-cycles-backend   
   <not supported>      instructions             
   <not supported>      branches                 
   <not supported>      branch-misses            

       0.693719648 seconds time elapsed

MODO = sem I/O e alloc. memoria

 Performance counter stats for './mandelbrot_pth 0.175 0.375 -0.1 0.1 1024 2 sem':

       1399.212624      task-clock (msec)         #    1.975 CPUs utilized          
                 4      context-switches          #    0.003 K/sec                  
                 2      cpu-migrations            #    0.001 K/sec                  
                64      page-faults               #    0.046 K/sec                  
   <not supported>      cycles                   
   <not supported>      stalled-cycles-frontend  
   <not supported>      stalled-cycles-backend   
   <not supported>      instructions             
   <not supported>      branches                 
   <not supported>      branch-misses            

       0.708535530 seconds time elapsed

MODO = sem I/O e alloc. memoria

 Performance counter stats for './mandelbrot_pth 0.175 0.375 -0.1 0.1 1024 2 sem':

       1381.409551      task-clock (msec)         #    1.988 CPUs utilized          
                 4      context-switches          #    0.003 K/sec                  
                 2      cpu-migrations            #    0.001 K/sec                  
                66      page-faults               #    0.048 K/sec                  
   <not supported>      cycles                   
   <not supported>      stalled-cycles-frontend  
   <not supported>      stalled-cycles-backend   
   <not supported>      instructions             
   <not supported>      branches                 
   <not supported>      branch-misses            

       0.694833181 seconds time elapsed

MODO = sem I/O e alloc. memoria

 Performance counter stats for './mandelbrot_pth 0.175 0.375 -0.1 0.1 1024 2 sem':

       1386.093440      task-clock (msec)         #    1.979 CPUs utilized          
                 7      context-switches          #    0.005 K/sec                  
                 2      cpu-migrations            #    0.001 K/sec                  
                67      page-faults               #    0.048 K/sec                  
   <not supported>      cycles                   
   <not supported>      stalled-cycles-frontend  
   <not supported>      stalled-cycles-backend   
   <not supported>      instructions             
   <not supported>      branches                 
   <not supported>      branch-misses            

       0.700264945 seconds time elapsed

MODO = sem I/O e alloc. memoria

 Performance counter stats for './mandelbrot_pth 0.175 0.375 -0.1 0.1 1024 2 sem':

       1384.998248      task-clock (msec)         #    1.983 CPUs utilized          
                 6      context-switches          #    0.004 K/sec                  
                 2      cpu-migrations            #    0.001 K/sec                  
                67      page-faults               #    0.048 K/sec                  
   <not supported>      cycles                   
   <not supported>      stalled-cycles-frontend  
   <not supported>      stalled-cycles-backend   
   <not supported>      instructions             
   <not supported>      branches                 
   <not supported>      branch-misses            

       0.698480194 seconds time elapsed

MODO = sem I/O e alloc. memoria

 Performance counter stats for './mandelbrot_pth 0.175 0.375 -0.1 0.1 1024 2 sem':

       1387.591406      task-clock (msec)         #    1.978 CPUs utilized          
                 5      context-switches          #    0.004 K/sec                  
                 2      cpu-migrations            #    0.001 K/sec                  
                64      page-faults               #    0.046 K/sec                  
   <not supported>      cycles                   
   <not supported>      stalled-cycles-frontend  
   <not supported>      stalled-cycles-backend   
   <not supported>      instructions             
   <not supported>      branches                 
   <not supported>      branch-misses            

       0.701343648 seconds time elapsed

MODO = sem I/O e alloc. memoria

 Performance counter stats for './mandelbrot_pth 0.175 0.375 -0.1 0.1 1024 2 sem':

       1398.004063      task-clock (msec)         #    1.968 CPUs utilized          
                 4      context-switches          #    0.003 K/sec                  
                 2      cpu-migrations            #    0.001 K/sec                  
                68      page-faults               #    0.049 K/sec                  
   <not supported>      cycles                   
   <not supported>      stalled-cycles-frontend  
   <not supported>      stalled-cycles-backend   
   <not supported>      instructions             
   <not supported>      branches                 
   <not supported>      branch-misses            

       0.710265741 seconds time elapsed

MODO = sem I/O e alloc. memoria

 Performance counter stats for './mandelbrot_pth 0.175 0.375 -0.1 0.1 1024 2 sem':

       1400.801815      task-clock (msec)         #    1.966 CPUs utilized          
                 3      context-switches          #    0.002 K/sec                  
                 2      cpu-migrations            #    0.001 K/sec                  
                65      page-faults               #    0.046 K/sec                  
   <not supported>      cycles                   
   <not supported>      stalled-cycles-frontend  
   <not supported>      stalled-cycles-backend   
   <not supported>      instructions             
   <not supported>      branches                 
   <not supported>      branch-misses            

       0.712525978 seconds time elapsed

MODO = sem I/O e alloc. memoria

 Performance counter stats for './mandelbrot_pth 0.175 0.375 -0.1 0.1 1024 2 sem':

       1384.897320      task-clock (msec)         #    1.984 CPUs utilized          
                 6      context-switches          #    0.004 K/sec                  
                 2      cpu-migrations            #    0.001 K/sec                  
                68      page-faults               #    0.049 K/sec                  
   <not supported>      cycles                   
   <not supported>      stalled-cycles-frontend  
   <not supported>      stalled-cycles-backend   
   <not supported>      instructions             
   <not supported>      branches                 
   <not supported>      branch-misses            

       0.698146407 seconds time elapsed

MODO = sem I/O e alloc. memoria

 Performance counter stats for './mandelbrot_pth 0.175 0.375 -0.1 0.1 2048 2 sem':

       5485.229077      task-clock (msec)         #    1.999 CPUs utilized          
                12      context-switches          #    0.002 K/sec                  
                 2      cpu-migrations            #    0.000 K/sec                  
                66      page-faults               #    0.012 K/sec                  
   <not supported>      cycles                   
   <not supported>      stalled-cycles-frontend  
   <not supported>      stalled-cycles-backend   
   <not supported>      instructions             
   <not supported>      branches                 
   <not supported>      branch-misses            

       2.744045730 seconds time elapsed

MODO = sem I/O e alloc. memoria

 Performance counter stats for './mandelbrot_pth 0.175 0.375 -0.1 0.1 2048 2 sem':

       5491.502956      task-clock (msec)         #    1.999 CPUs utilized          
                14      context-switches          #    0.003 K/sec                  
                 2      cpu-migrations            #    0.000 K/sec                  
                66      page-faults               #    0.012 K/sec                  
   <not supported>      cycles                   
   <not supported>      stalled-cycles-frontend  
   <not supported>      stalled-cycles-backend   
   <not supported>      instructions             
   <not supported>      branches                 
   <not supported>      branch-misses            

       2.746847054 seconds time elapsed

MODO = sem I/O e alloc. memoria

 Performance counter stats for './mandelbrot_pth 0.175 0.375 -0.1 0.1 2048 2 sem':

       5484.120722      task-clock (msec)         #    1.999 CPUs utilized          
                11      context-switches          #    0.002 K/sec                  
                 2      cpu-migrations            #    0.000 K/sec                  
                66      page-faults               #    0.012 K/sec                  
   <not supported>      cycles                   
   <not supported>      stalled-cycles-frontend  
   <not supported>      stalled-cycles-backend   
   <not supported>      instructions             
   <not supported>      branches                 
   <not supported>      branch-misses            

       2.743039459 seconds time elapsed

MODO = sem I/O e alloc. memoria

 Performance counter stats for './mandelbrot_pth 0.175 0.375 -0.1 0.1 2048 2 sem':

       5491.981946      task-clock (msec)         #    1.999 CPUs utilized          
                11      context-switches          #    0.002 K/sec                  
                 2      cpu-migrations            #    0.000 K/sec                  
                64      page-faults               #    0.012 K/sec                  
   <not supported>      cycles                   
   <not supported>      stalled-cycles-frontend  
   <not supported>      stalled-cycles-backend   
   <not supported>      instructions             
   <not supported>      branches                 
   <not supported>      branch-misses            

       2.747030665 seconds time elapsed

MODO = sem I/O e alloc. memoria

 Performance counter stats for './mandelbrot_pth 0.175 0.375 -0.1 0.1 2048 2 sem':

       5485.617652      task-clock (msec)         #    1.999 CPUs utilized          
                17      context-switches          #    0.003 K/sec                  
                 2      cpu-migrations            #    0.000 K/sec                  
                67      page-faults               #    0.012 K/sec                  
   <not supported>      cycles                   
   <not supported>      stalled-cycles-frontend  
   <not supported>      stalled-cycles-backend   
   <not supported>      instructions             
   <not supported>      branches                 
   <not supported>      branch-misses            

       2.743619004 seconds time elapsed

MODO = sem I/O e alloc. memoria

 Performance counter stats for './mandelbrot_pth 0.175 0.375 -0.1 0.1 2048 2 sem':

       5510.311158      task-clock (msec)         #    1.992 CPUs utilized          
                14      context-switches          #    0.003 K/sec                  
                 2      cpu-migrations            #    0.000 K/sec                  
                65      page-faults               #    0.012 K/sec                  
   <not supported>      cycles                   
   <not supported>      stalled-cycles-frontend  
   <not supported>      stalled-cycles-backend   
   <not supported>      instructions             
   <not supported>      branches                 
   <not supported>      branch-misses            

       2.766115494 seconds time elapsed

MODO = sem I/O e alloc. memoria

 Performance counter stats for './mandelbrot_pth 0.175 0.375 -0.1 0.1 2048 2 sem':

       5486.205723      task-clock (msec)         #    1.999 CPUs utilized          
                11      context-switches          #    0.002 K/sec                  
                 2      cpu-migrations            #    0.000 K/sec                  
                67      page-faults               #    0.012 K/sec                  
   <not supported>      cycles                   
   <not supported>      stalled-cycles-frontend  
   <not supported>      stalled-cycles-backend   
   <not supported>      instructions             
   <not supported>      branches                 
   <not supported>      branch-misses            

       2.744046557 seconds time elapsed

MODO = sem I/O e alloc. memoria

 Performance counter stats for './mandelbrot_pth 0.175 0.375 -0.1 0.1 2048 2 sem':

       5488.149422      task-clock (msec)         #    1.998 CPUs utilized          
                10      context-switches          #    0.002 K/sec                  
                 2      cpu-migrations            #    0.000 K/sec                  
                64      page-faults               #    0.012 K/sec                  
   <not supported>      cycles                   
   <not supported>      stalled-cycles-frontend  
   <not supported>      stalled-cycles-backend   
   <not supported>      instructions             
   <not supported>      branches                 
   <not supported>      branch-misses            

       2.746633054 seconds time elapsed

MODO = sem I/O e alloc. memoria

 Performance counter stats for './mandelbrot_pth 0.175 0.375 -0.1 0.1 2048 2 sem':

       5507.485097      task-clock (msec)         #    1.999 CPUs utilized          
                14      context-switches          #    0.003 K/sec                  
                 2      cpu-migrations            #    0.000 K/sec                  
                64      page-faults               #    0.012 K/sec                  
   <not supported>      cycles                   
   <not supported>      stalled-cycles-frontend  
   <not supported>      stalled-cycles-backend   
   <not supported>      instructions             
   <not supported>      branches                 
   <not supported>      branch-misses            

       2.754793997 seconds time elapsed

MODO = sem I/O e alloc. memoria

 Performance counter stats for './mandelbrot_pth 0.175 0.375 -0.1 0.1 2048 2 sem':

       5487.796835      task-clock (msec)         #    1.999 CPUs utilized          
                10      context-switches          #    0.002 K/sec                  
                 2      cpu-migrations            #    0.000 K/sec                  
                68      page-faults               #    0.012 K/sec                  
   <not supported>      cycles                   
   <not supported>      stalled-cycles-frontend  
   <not supported>      stalled-cycles-backend   
   <not supported>      instructions             
   <not supported>      branches                 
   <not supported>      branch-misses            

       2.744928420 seconds time elapsed

MODO = sem I/O e alloc. memoria

 Performance counter stats for './mandelbrot_pth 0.175 0.375 -0.1 0.1 4096 2 sem':

      21934.383522      task-clock (msec)         #    1.999 CPUs utilized          
                41      context-switches          #    0.002 K/sec                  
                 2      cpu-migrations            #    0.000 K/sec                  
                67      page-faults               #    0.003 K/sec                  
   <not supported>      cycles                   
   <not supported>      stalled-cycles-frontend  
   <not supported>      stalled-cycles-backend   
   <not supported>      instructions             
   <not supported>      branches                 
   <not supported>      branch-misses            

      10.971912506 seconds time elapsed

MODO = sem I/O e alloc. memoria

 Performance counter stats for './mandelbrot_pth 0.175 0.375 -0.1 0.1 4096 2 sem':

      21928.774374      task-clock (msec)         #    1.999 CPUs utilized          
                43      context-switches          #    0.002 K/sec                  
                 2      cpu-migrations            #    0.000 K/sec                  
                67      page-faults               #    0.003 K/sec                  
   <not supported>      cycles                   
   <not supported>      stalled-cycles-frontend  
   <not supported>      stalled-cycles-backend   
   <not supported>      instructions             
   <not supported>      branches                 
   <not supported>      branch-misses            

      10.968866522 seconds time elapsed

MODO = sem I/O e alloc. memoria

 Performance counter stats for './mandelbrot_pth 0.175 0.375 -0.1 0.1 4096 2 sem':

      21938.222198      task-clock (msec)         #    1.999 CPUs utilized          
                43      context-switches          #    0.002 K/sec                  
                 2      cpu-migrations            #    0.000 K/sec                  
                67      page-faults               #    0.003 K/sec                  
   <not supported>      cycles                   
   <not supported>      stalled-cycles-frontend  
   <not supported>      stalled-cycles-backend   
   <not supported>      instructions             
   <not supported>      branches                 
   <not supported>      branch-misses            

      10.975198725 seconds time elapsed

MODO = sem I/O e alloc. memoria

 Performance counter stats for './mandelbrot_pth 0.175 0.375 -0.1 0.1 4096 2 sem':

      21924.588199      task-clock (msec)         #    2.000 CPUs utilized          
                40      context-switches          #    0.002 K/sec                  
                 2      cpu-migrations            #    0.000 K/sec                  
                68      page-faults               #    0.003 K/sec                  
   <not supported>      cycles                   
   <not supported>      stalled-cycles-frontend  
   <not supported>      stalled-cycles-backend   
   <not supported>      instructions             
   <not supported>      branches                 
   <not supported>      branch-misses            

      10.963615403 seconds time elapsed

MODO = sem I/O e alloc. memoria

 Performance counter stats for './mandelbrot_pth 0.175 0.375 -0.1 0.1 4096 2 sem':

      21939.808540      task-clock (msec)         #    1.999 CPUs utilized          
                40      context-switches          #    0.002 K/sec                  
                 2      cpu-migrations            #    0.000 K/sec                  
                64      page-faults               #    0.003 K/sec                  
   <not supported>      cycles                   
   <not supported>      stalled-cycles-frontend  
   <not supported>      stalled-cycles-backend   
   <not supported>      instructions             
   <not supported>      branches                 
   <not supported>      branch-misses            

      10.974738601 seconds time elapsed

MODO = sem I/O e alloc. memoria

 Performance counter stats for './mandelbrot_pth 0.175 0.375 -0.1 0.1 4096 2 sem':

      21921.719244      task-clock (msec)         #    2.000 CPUs utilized          
                42      context-switches          #    0.002 K/sec                  
                 2      cpu-migrations            #    0.000 K/sec                  
                66      page-faults               #    0.003 K/sec                  
   <not supported>      cycles                   
   <not supported>      stalled-cycles-frontend  
   <not supported>      stalled-cycles-backend   
   <not supported>      instructions             
   <not supported>      branches                 
   <not supported>      branch-misses            

      10.962792791 seconds time elapsed

MODO = sem I/O e alloc. memoria

 Performance counter stats for './mandelbrot_pth 0.175 0.375 -0.1 0.1 4096 2 sem':

      21925.879638      task-clock (msec)         #    2.000 CPUs utilized          
                40      context-switches          #    0.002 K/sec                  
                 2      cpu-migrations            #    0.000 K/sec                  
                67      page-faults               #    0.003 K/sec                  
   <not supported>      cycles                   
   <not supported>      stalled-cycles-frontend  
   <not supported>      stalled-cycles-backend   
   <not supported>      instructions             
   <not supported>      branches                 
   <not supported>      branch-misses            

      10.964272430 seconds time elapsed

MODO = sem I/O e alloc. memoria

 Performance counter stats for './mandelbrot_pth 0.175 0.375 -0.1 0.1 4096 2 sem':

      21933.799904      task-clock (msec)         #    2.000 CPUs utilized          
                41      context-switches          #    0.002 K/sec                  
                 2      cpu-migrations            #    0.000 K/sec                  
                66      page-faults               #    0.003 K/sec                  
   <not supported>      cycles                   
   <not supported>      stalled-cycles-frontend  
   <not supported>      stalled-cycles-backend   
   <not supported>      instructions             
   <not supported>      branches                 
   <not supported>      branch-misses            

      10.968771930 seconds time elapsed

MODO = sem I/O e alloc. memoria

 Performance counter stats for './mandelbrot_pth 0.175 0.375 -0.1 0.1 4096 2 sem':

      21944.436922      task-clock (msec)         #    2.000 CPUs utilized          
                43      context-switches          #    0.002 K/sec                  
                 2      cpu-migrations            #    0.000 K/sec                  
                66      page-faults               #    0.003 K/sec                  
   <not supported>      cycles                   
   <not supported>      stalled-cycles-frontend  
   <not supported>      stalled-cycles-backend   
   <not supported>      instructions             
   <not supported>      branches                 
   <not supported>      branch-misses            

      10.973760757 seconds time elapsed

MODO = sem I/O e alloc. memoria

 Performance counter stats for './mandelbrot_pth 0.175 0.375 -0.1 0.1 4096 2 sem':

      21964.281324      task-clock (msec)         #    1.998 CPUs utilized          
                42      context-switches          #    0.002 K/sec                  
                 2      cpu-migrations            #    0.000 K/sec                  
                64      page-faults               #    0.003 K/sec                  
   <not supported>      cycles                   
   <not supported>      stalled-cycles-frontend  
   <not supported>      stalled-cycles-backend   
   <not supported>      instructions             
   <not supported>      branches                 
   <not supported>      branch-misses            

      10.992053333 seconds time elapsed

MODO = sem I/O e alloc. memoria

 Performance counter stats for './mandelbrot_pth 0.175 0.375 -0.1 0.1 8192 2 sem':

      87705.870326      task-clock (msec)         #    2.000 CPUs utilized          
               156      context-switches          #    0.002 K/sec                  
                 2      cpu-migrations            #    0.000 K/sec                  
                65      page-faults               #    0.001 K/sec                  
   <not supported>      cycles                   
   <not supported>      stalled-cycles-frontend  
   <not supported>      stalled-cycles-backend   
   <not supported>      instructions             
   <not supported>      branches                 
   <not supported>      branch-misses            

      43.860052702 seconds time elapsed

MODO = sem I/O e alloc. memoria

 Performance counter stats for './mandelbrot_pth 0.175 0.375 -0.1 0.1 8192 2 sem':

      87687.927068      task-clock (msec)         #    2.000 CPUs utilized          
               155      context-switches          #    0.002 K/sec                  
                 3      cpu-migrations            #    0.000 K/sec                  
                64      page-faults               #    0.001 K/sec                  
   <not supported>      cycles                   
   <not supported>      stalled-cycles-frontend  
   <not supported>      stalled-cycles-backend   
   <not supported>      instructions             
   <not supported>      branches                 
   <not supported>      branch-misses            

      43.851476049 seconds time elapsed

MODO = sem I/O e alloc. memoria

 Performance counter stats for './mandelbrot_pth 0.175 0.375 -0.1 0.1 8192 2 sem':

      87675.226461      task-clock (msec)         #    2.000 CPUs utilized          
               152      context-switches          #    0.002 K/sec                  
                 2      cpu-migrations            #    0.000 K/sec                  
                67      page-faults               #    0.001 K/sec                  
   <not supported>      cycles                   
   <not supported>      stalled-cycles-frontend  
   <not supported>      stalled-cycles-backend   
   <not supported>      instructions             
   <not supported>      branches                 
   <not supported>      branch-misses            

      43.842482628 seconds time elapsed

MODO = sem I/O e alloc. memoria

 Performance counter stats for './mandelbrot_pth 0.175 0.375 -0.1 0.1 8192 2 sem':

      87680.896818      task-clock (msec)         #    2.000 CPUs utilized          
               154      context-switches          #    0.002 K/sec                  
                 2      cpu-migrations            #    0.000 K/sec                  
                68      page-faults               #    0.001 K/sec                  
   <not supported>      cycles                   
   <not supported>      stalled-cycles-frontend  
   <not supported>      stalled-cycles-backend   
   <not supported>      instructions             
   <not supported>      branches                 
   <not supported>      branch-misses            

      43.847892504 seconds time elapsed

MODO = sem I/O e alloc. memoria

 Performance counter stats for './mandelbrot_pth 0.175 0.375 -0.1 0.1 8192 2 sem':

      87671.078237      task-clock (msec)         #    2.000 CPUs utilized          
               156      context-switches          #    0.002 K/sec                  
                 2      cpu-migrations            #    0.000 K/sec                  
                67      page-faults               #    0.001 K/sec                  
   <not supported>      cycles                   
   <not supported>      stalled-cycles-frontend  
   <not supported>      stalled-cycles-backend   
   <not supported>      instructions             
   <not supported>      branches                 
   <not supported>      branch-misses            

      43.838149424 seconds time elapsed

MODO = sem I/O e alloc. memoria

 Performance counter stats for './mandelbrot_pth 0.175 0.375 -0.1 0.1 8192 2 sem':

      87677.762862      task-clock (msec)         #    2.000 CPUs utilized          
               157      context-switches          #    0.002 K/sec                  
                 2      cpu-migrations            #    0.000 K/sec                  
                67      page-faults               #    0.001 K/sec                  
   <not supported>      cycles                   
   <not supported>      stalled-cycles-frontend  
   <not supported>      stalled-cycles-backend   
   <not supported>      instructions             
   <not supported>      branches                 
   <not supported>      branch-misses            

      43.849074702 seconds time elapsed

MODO = sem I/O e alloc. memoria

 Performance counter stats for './mandelbrot_pth 0.175 0.375 -0.1 0.1 8192 2 sem':

      87691.417788      task-clock (msec)         #    2.000 CPUs utilized          
               153      context-switches          #    0.002 K/sec                  
                 2      cpu-migrations            #    0.000 K/sec                  
                66      page-faults               #    0.001 K/sec                  
   <not supported>      cycles                   
   <not supported>      stalled-cycles-frontend  
   <not supported>      stalled-cycles-backend   
   <not supported>      instructions             
   <not supported>      branches                 
   <not supported>      branch-misses            

      43.850332540 seconds time elapsed

MODO = sem I/O e alloc. memoria

 Performance counter stats for './mandelbrot_pth 0.175 0.375 -0.1 0.1 8192 2 sem':

      87667.626592      task-clock (msec)         #    2.000 CPUs utilized          
               155      context-switches          #    0.002 K/sec                  
                 2      cpu-migrations            #    0.000 K/sec                  
                67      page-faults               #    0.001 K/sec                  
   <not supported>      cycles                   
   <not supported>      stalled-cycles-frontend  
   <not supported>      stalled-cycles-backend   
   <not supported>      instructions             
   <not supported>      branches                 
   <not supported>      branch-misses            

      43.835921681 seconds time elapsed

MODO = sem I/O e alloc. memoria

 Performance counter stats for './mandelbrot_pth 0.175 0.375 -0.1 0.1 8192 2 sem':

      88234.584465      task-clock (msec)         #    1.988 CPUs utilized          
               157      context-switches          #    0.002 K/sec                  
                 2      cpu-migrations            #    0.000 K/sec                  
                64      page-faults               #    0.001 K/sec                  
   <not supported>      cycles                   
   <not supported>      stalled-cycles-frontend  
   <not supported>      stalled-cycles-backend   
   <not supported>      instructions             
   <not supported>      branches                 
   <not supported>      branch-misses            

      44.391759148 seconds time elapsed

MODO = sem I/O e alloc. memoria

 Performance counter stats for './mandelbrot_pth 0.175 0.375 -0.1 0.1 8192 2 sem':

      87674.709046      task-clock (msec)         #    2.000 CPUs utilized          
               156      context-switches          #    0.002 K/sec                  
                 2      cpu-migrations            #    0.000 K/sec                  
                64      page-faults               #    0.001 K/sec                  
   <not supported>      cycles                   
   <not supported>      stalled-cycles-frontend  
   <not supported>      stalled-cycles-backend   
   <not supported>      instructions             
   <not supported>      branches                 
   <not supported>      branch-misses            

      43.842207670 seconds time elapsed

