MODO = sem I/O e alloc. memoria

 Performance counter stats for './mandelbrot_pth 0.175 0.375 -0.1 0.1 16 1 sem':

          0.836734      task-clock (msec)         #    0.763 CPUs utilized          
                 1      context-switches          #    0.001 M/sec                  
                 1      cpu-migrations            #    0.001 M/sec                  
                63      page-faults               #    0.075 M/sec                  
   <not supported>      cycles                   
   <not supported>      stalled-cycles-frontend  
   <not supported>      stalled-cycles-backend   
   <not supported>      instructions             
   <not supported>      branches                 
   <not supported>      branch-misses            

       0.001096032 seconds time elapsed

MODO = sem I/O e alloc. memoria

 Performance counter stats for './mandelbrot_pth 0.175 0.375 -0.1 0.1 16 1 sem':

          0.803284      task-clock (msec)         #    0.773 CPUs utilized          
                 1      context-switches          #    0.001 M/sec                  
                 1      cpu-migrations            #    0.001 M/sec                  
                62      page-faults               #    0.077 M/sec                  
   <not supported>      cycles                   
   <not supported>      stalled-cycles-frontend  
   <not supported>      stalled-cycles-backend   
   <not supported>      instructions             
   <not supported>      branches                 
   <not supported>      branch-misses            

       0.001039836 seconds time elapsed

MODO = sem I/O e alloc. memoria

 Performance counter stats for './mandelbrot_pth 0.175 0.375 -0.1 0.1 16 1 sem':

          0.825317      task-clock (msec)         #    0.760 CPUs utilized          
                 1      context-switches          #    0.001 M/sec                  
                 1      cpu-migrations            #    0.001 M/sec                  
                65      page-faults               #    0.079 M/sec                  
   <not supported>      cycles                   
   <not supported>      stalled-cycles-frontend  
   <not supported>      stalled-cycles-backend   
   <not supported>      instructions             
   <not supported>      branches                 
   <not supported>      branch-misses            

       0.001085806 seconds time elapsed

MODO = sem I/O e alloc. memoria

 Performance counter stats for './mandelbrot_pth 0.175 0.375 -0.1 0.1 16 1 sem':

          0.820088      task-clock (msec)         #    0.798 CPUs utilized          
                 1      context-switches          #    0.001 M/sec                  
                 1      cpu-migrations            #    0.001 M/sec                  
                65      page-faults               #    0.079 M/sec                  
   <not supported>      cycles                   
   <not supported>      stalled-cycles-frontend  
   <not supported>      stalled-cycles-backend   
   <not supported>      instructions             
   <not supported>      branches                 
   <not supported>      branch-misses            

       0.001027686 seconds time elapsed

MODO = sem I/O e alloc. memoria

 Performance counter stats for './mandelbrot_pth 0.175 0.375 -0.1 0.1 16 1 sem':

          0.842279      task-clock (msec)         #    0.780 CPUs utilized          
                 1      context-switches          #    0.001 M/sec                  
                 1      cpu-migrations            #    0.001 M/sec                  
                65      page-faults               #    0.077 M/sec                  
   <not supported>      cycles                   
   <not supported>      stalled-cycles-frontend  
   <not supported>      stalled-cycles-backend   
   <not supported>      instructions             
   <not supported>      branches                 
   <not supported>      branch-misses            

       0.001080239 seconds time elapsed

MODO = sem I/O e alloc. memoria

 Performance counter stats for './mandelbrot_pth 0.175 0.375 -0.1 0.1 16 1 sem':

          0.808075      task-clock (msec)         #    0.752 CPUs utilized          
                 1      context-switches          #    0.001 M/sec                  
                 1      cpu-migrations            #    0.001 M/sec                  
                65      page-faults               #    0.080 M/sec                  
   <not supported>      cycles                   
   <not supported>      stalled-cycles-frontend  
   <not supported>      stalled-cycles-backend   
   <not supported>      instructions             
   <not supported>      branches                 
   <not supported>      branch-misses            

       0.001074091 seconds time elapsed

MODO = sem I/O e alloc. memoria

 Performance counter stats for './mandelbrot_pth 0.175 0.375 -0.1 0.1 16 1 sem':

          0.865031      task-clock (msec)         #    0.772 CPUs utilized          
                 1      context-switches          #    0.001 M/sec                  
                 1      cpu-migrations            #    0.001 M/sec                  
                66      page-faults               #    0.076 M/sec                  
   <not supported>      cycles                   
   <not supported>      stalled-cycles-frontend  
   <not supported>      stalled-cycles-backend   
   <not supported>      instructions             
   <not supported>      branches                 
   <not supported>      branch-misses            

       0.001120002 seconds time elapsed

MODO = sem I/O e alloc. memoria

 Performance counter stats for './mandelbrot_pth 0.175 0.375 -0.1 0.1 16 1 sem':

          0.806536      task-clock (msec)         #    0.773 CPUs utilized          
                 1      context-switches          #    0.001 M/sec                  
                 1      cpu-migrations            #    0.001 M/sec                  
                65      page-faults               #    0.081 M/sec                  
   <not supported>      cycles                   
   <not supported>      stalled-cycles-frontend  
   <not supported>      stalled-cycles-backend   
   <not supported>      instructions             
   <not supported>      branches                 
   <not supported>      branch-misses            

       0.001043126 seconds time elapsed

MODO = sem I/O e alloc. memoria

 Performance counter stats for './mandelbrot_pth 0.175 0.375 -0.1 0.1 16 1 sem':

          0.806413      task-clock (msec)         #    0.781 CPUs utilized          
                 1      context-switches          #    0.001 M/sec                  
                 1      cpu-migrations            #    0.001 M/sec                  
                62      page-faults               #    0.077 M/sec                  
   <not supported>      cycles                   
   <not supported>      stalled-cycles-frontend  
   <not supported>      stalled-cycles-backend   
   <not supported>      instructions             
   <not supported>      branches                 
   <not supported>      branch-misses            

       0.001032537 seconds time elapsed

MODO = sem I/O e alloc. memoria

 Performance counter stats for './mandelbrot_pth 0.175 0.375 -0.1 0.1 16 1 sem':

          0.818890      task-clock (msec)         #    0.785 CPUs utilized          
                 1      context-switches          #    0.001 M/sec                  
                 1      cpu-migrations            #    0.001 M/sec                  
                65      page-faults               #    0.079 M/sec                  
   <not supported>      cycles                   
   <not supported>      stalled-cycles-frontend  
   <not supported>      stalled-cycles-backend   
   <not supported>      instructions             
   <not supported>      branches                 
   <not supported>      branch-misses            

       0.001042964 seconds time elapsed

MODO = sem I/O e alloc. memoria

 Performance counter stats for './mandelbrot_pth 0.175 0.375 -0.1 0.1 32 1 sem':

          1.881849      task-clock (msec)         #    0.891 CPUs utilized          
                 1      context-switches          #    0.531 K/sec                  
                 1      cpu-migrations            #    0.531 K/sec                  
                66      page-faults               #    0.035 M/sec                  
   <not supported>      cycles                   
   <not supported>      stalled-cycles-frontend  
   <not supported>      stalled-cycles-backend   
   <not supported>      instructions             
   <not supported>      branches                 
   <not supported>      branch-misses            

       0.002112206 seconds time elapsed

MODO = sem I/O e alloc. memoria

 Performance counter stats for './mandelbrot_pth 0.175 0.375 -0.1 0.1 32 1 sem':

          1.837428      task-clock (msec)         #    0.887 CPUs utilized          
                 1      context-switches          #    0.544 K/sec                  
                 1      cpu-migrations            #    0.544 K/sec                  
                64      page-faults               #    0.035 M/sec                  
   <not supported>      cycles                   
   <not supported>      stalled-cycles-frontend  
   <not supported>      stalled-cycles-backend   
   <not supported>      instructions             
   <not supported>      branches                 
   <not supported>      branch-misses            

       0.002072032 seconds time elapsed

MODO = sem I/O e alloc. memoria

 Performance counter stats for './mandelbrot_pth 0.175 0.375 -0.1 0.1 32 1 sem':

          1.839877      task-clock (msec)         #    0.855 CPUs utilized          
                 1      context-switches          #    0.544 K/sec                  
                 1      cpu-migrations            #    0.544 K/sec                  
                64      page-faults               #    0.035 M/sec                  
   <not supported>      cycles                   
   <not supported>      stalled-cycles-frontend  
   <not supported>      stalled-cycles-backend   
   <not supported>      instructions             
   <not supported>      branches                 
   <not supported>      branch-misses            

       0.002152623 seconds time elapsed

MODO = sem I/O e alloc. memoria

 Performance counter stats for './mandelbrot_pth 0.175 0.375 -0.1 0.1 32 1 sem':

          1.820679      task-clock (msec)         #    0.877 CPUs utilized          
                 1      context-switches          #    0.549 K/sec                  
                 1      cpu-migrations            #    0.549 K/sec                  
                61      page-faults               #    0.034 M/sec                  
   <not supported>      cycles                   
   <not supported>      stalled-cycles-frontend  
   <not supported>      stalled-cycles-backend   
   <not supported>      instructions             
   <not supported>      branches                 
   <not supported>      branch-misses            

       0.002075118 seconds time elapsed

MODO = sem I/O e alloc. memoria

 Performance counter stats for './mandelbrot_pth 0.175 0.375 -0.1 0.1 32 1 sem':

          1.898226      task-clock (msec)         #    0.870 CPUs utilized          
                 1      context-switches          #    0.527 K/sec                  
                 1      cpu-migrations            #    0.527 K/sec                  
                65      page-faults               #    0.034 M/sec                  
   <not supported>      cycles                   
   <not supported>      stalled-cycles-frontend  
   <not supported>      stalled-cycles-backend   
   <not supported>      instructions             
   <not supported>      branches                 
   <not supported>      branch-misses            

       0.002181190 seconds time elapsed

MODO = sem I/O e alloc. memoria

 Performance counter stats for './mandelbrot_pth 0.175 0.375 -0.1 0.1 32 1 sem':

          1.919371      task-clock (msec)         #    0.872 CPUs utilized          
                 1      context-switches          #    0.521 K/sec                  
                 2      cpu-migrations            #    0.001 M/sec                  
                62      page-faults               #    0.032 M/sec                  
   <not supported>      cycles                   
   <not supported>      stalled-cycles-frontend  
   <not supported>      stalled-cycles-backend   
   <not supported>      instructions             
   <not supported>      branches                 
   <not supported>      branch-misses            

       0.002200872 seconds time elapsed

MODO = sem I/O e alloc. memoria

 Performance counter stats for './mandelbrot_pth 0.175 0.375 -0.1 0.1 32 1 sem':

          1.814894      task-clock (msec)         #    0.885 CPUs utilized          
                 1      context-switches          #    0.551 K/sec                  
                 1      cpu-migrations            #    0.551 K/sec                  
                65      page-faults               #    0.036 M/sec                  
   <not supported>      cycles                   
   <not supported>      stalled-cycles-frontend  
   <not supported>      stalled-cycles-backend   
   <not supported>      instructions             
   <not supported>      branches                 
   <not supported>      branch-misses            

       0.002051072 seconds time elapsed

MODO = sem I/O e alloc. memoria

 Performance counter stats for './mandelbrot_pth 0.175 0.375 -0.1 0.1 32 1 sem':

          1.893880      task-clock (msec)         #    0.879 CPUs utilized          
                 1      context-switches          #    0.528 K/sec                  
                 1      cpu-migrations            #    0.528 K/sec                  
                65      page-faults               #    0.034 M/sec                  
   <not supported>      cycles                   
   <not supported>      stalled-cycles-frontend  
   <not supported>      stalled-cycles-backend   
   <not supported>      instructions             
   <not supported>      branches                 
   <not supported>      branch-misses            

       0.002153706 seconds time elapsed

MODO = sem I/O e alloc. memoria

 Performance counter stats for './mandelbrot_pth 0.175 0.375 -0.1 0.1 32 1 sem':

          1.860516      task-clock (msec)         #    0.879 CPUs utilized          
                 1      context-switches          #    0.537 K/sec                  
                 1      cpu-migrations            #    0.537 K/sec                  
                65      page-faults               #    0.035 M/sec                  
   <not supported>      cycles                   
   <not supported>      stalled-cycles-frontend  
   <not supported>      stalled-cycles-backend   
   <not supported>      instructions             
   <not supported>      branches                 
   <not supported>      branch-misses            

       0.002116315 seconds time elapsed

MODO = sem I/O e alloc. memoria

 Performance counter stats for './mandelbrot_pth 0.175 0.375 -0.1 0.1 32 1 sem':

          1.847468      task-clock (msec)         #    0.882 CPUs utilized          
                 1      context-switches          #    0.541 K/sec                  
                 1      cpu-migrations            #    0.541 K/sec                  
                65      page-faults               #    0.035 M/sec                  
   <not supported>      cycles                   
   <not supported>      stalled-cycles-frontend  
   <not supported>      stalled-cycles-backend   
   <not supported>      instructions             
   <not supported>      branches                 
   <not supported>      branch-misses            

       0.002094995 seconds time elapsed

MODO = sem I/O e alloc. memoria

 Performance counter stats for './mandelbrot_pth 0.175 0.375 -0.1 0.1 64 1 sem':

          5.860753      task-clock (msec)         #    0.962 CPUs utilized          
                 1      context-switches          #    0.171 K/sec                  
                 1      cpu-migrations            #    0.171 K/sec                  
                65      page-faults               #    0.011 M/sec                  
   <not supported>      cycles                   
   <not supported>      stalled-cycles-frontend  
   <not supported>      stalled-cycles-backend   
   <not supported>      instructions             
   <not supported>      branches                 
   <not supported>      branch-misses            

       0.006090278 seconds time elapsed

MODO = sem I/O e alloc. memoria

 Performance counter stats for './mandelbrot_pth 0.175 0.375 -0.1 0.1 64 1 sem':

          5.926296      task-clock (msec)         #    0.960 CPUs utilized          
                 1      context-switches          #    0.169 K/sec                  
                 1      cpu-migrations            #    0.169 K/sec                  
                65      page-faults               #    0.011 M/sec                  
   <not supported>      cycles                   
   <not supported>      stalled-cycles-frontend  
   <not supported>      stalled-cycles-backend   
   <not supported>      instructions             
   <not supported>      branches                 
   <not supported>      branch-misses            

       0.006170146 seconds time elapsed

MODO = sem I/O e alloc. memoria

 Performance counter stats for './mandelbrot_pth 0.175 0.375 -0.1 0.1 64 1 sem':

          5.867912      task-clock (msec)         #    0.962 CPUs utilized          
                 1      context-switches          #    0.170 K/sec                  
                 1      cpu-migrations            #    0.170 K/sec                  
                62      page-faults               #    0.011 M/sec                  
   <not supported>      cycles                   
   <not supported>      stalled-cycles-frontend  
   <not supported>      stalled-cycles-backend   
   <not supported>      instructions             
   <not supported>      branches                 
   <not supported>      branch-misses            

       0.006097506 seconds time elapsed

MODO = sem I/O e alloc. memoria

 Performance counter stats for './mandelbrot_pth 0.175 0.375 -0.1 0.1 64 1 sem':

          5.884753      task-clock (msec)         #    0.959 CPUs utilized          
                 1      context-switches          #    0.170 K/sec                  
                 1      cpu-migrations            #    0.170 K/sec                  
                66      page-faults               #    0.011 M/sec                  
   <not supported>      cycles                   
   <not supported>      stalled-cycles-frontend  
   <not supported>      stalled-cycles-backend   
   <not supported>      instructions             
   <not supported>      branches                 
   <not supported>      branch-misses            

       0.006133496 seconds time elapsed

MODO = sem I/O e alloc. memoria

 Performance counter stats for './mandelbrot_pth 0.175 0.375 -0.1 0.1 64 1 sem':

          5.926629      task-clock (msec)         #    0.958 CPUs utilized          
                 1      context-switches          #    0.169 K/sec                  
                 1      cpu-migrations            #    0.169 K/sec                  
                62      page-faults               #    0.010 M/sec                  
   <not supported>      cycles                   
   <not supported>      stalled-cycles-frontend  
   <not supported>      stalled-cycles-backend   
   <not supported>      instructions             
   <not supported>      branches                 
   <not supported>      branch-misses            

       0.006184000 seconds time elapsed

MODO = sem I/O e alloc. memoria

 Performance counter stats for './mandelbrot_pth 0.175 0.375 -0.1 0.1 64 1 sem':

          5.918235      task-clock (msec)         #    0.954 CPUs utilized          
                 1      context-switches          #    0.169 K/sec                  
                 1      cpu-migrations            #    0.169 K/sec                  
                66      page-faults               #    0.011 M/sec                  
   <not supported>      cycles                   
   <not supported>      stalled-cycles-frontend  
   <not supported>      stalled-cycles-backend   
   <not supported>      instructions             
   <not supported>      branches                 
   <not supported>      branch-misses            

       0.006200398 seconds time elapsed

MODO = sem I/O e alloc. memoria

 Performance counter stats for './mandelbrot_pth 0.175 0.375 -0.1 0.1 64 1 sem':

          5.911688      task-clock (msec)         #    0.952 CPUs utilized          
                 1      context-switches          #    0.169 K/sec                  
                 1      cpu-migrations            #    0.169 K/sec                  
                63      page-faults               #    0.011 M/sec                  
   <not supported>      cycles                   
   <not supported>      stalled-cycles-frontend  
   <not supported>      stalled-cycles-backend   
   <not supported>      instructions             
   <not supported>      branches                 
   <not supported>      branch-misses            

       0.006208287 seconds time elapsed

MODO = sem I/O e alloc. memoria

 Performance counter stats for './mandelbrot_pth 0.175 0.375 -0.1 0.1 64 1 sem':

          5.893193      task-clock (msec)         #    0.955 CPUs utilized          
                 1      context-switches          #    0.170 K/sec                  
                 1      cpu-migrations            #    0.170 K/sec                  
                64      page-faults               #    0.011 M/sec                  
   <not supported>      cycles                   
   <not supported>      stalled-cycles-frontend  
   <not supported>      stalled-cycles-backend   
   <not supported>      instructions             
   <not supported>      branches                 
   <not supported>      branch-misses            

       0.006173400 seconds time elapsed

MODO = sem I/O e alloc. memoria

 Performance counter stats for './mandelbrot_pth 0.175 0.375 -0.1 0.1 64 1 sem':

          5.913351      task-clock (msec)         #    0.951 CPUs utilized          
                 1      context-switches          #    0.169 K/sec                  
                 1      cpu-migrations            #    0.169 K/sec                  
                63      page-faults               #    0.011 M/sec                  
   <not supported>      cycles                   
   <not supported>      stalled-cycles-frontend  
   <not supported>      stalled-cycles-backend   
   <not supported>      instructions             
   <not supported>      branches                 
   <not supported>      branch-misses            

       0.006221296 seconds time elapsed

MODO = sem I/O e alloc. memoria

 Performance counter stats for './mandelbrot_pth 0.175 0.375 -0.1 0.1 64 1 sem':

          5.939356      task-clock (msec)         #    0.939 CPUs utilized          
                 1      context-switches          #    0.168 K/sec                  
                 1      cpu-migrations            #    0.168 K/sec                  
                65      page-faults               #    0.011 M/sec                  
   <not supported>      cycles                   
   <not supported>      stalled-cycles-frontend  
   <not supported>      stalled-cycles-backend   
   <not supported>      instructions             
   <not supported>      branches                 
   <not supported>      branch-misses            

       0.006322043 seconds time elapsed

MODO = sem I/O e alloc. memoria

 Performance counter stats for './mandelbrot_pth 0.175 0.375 -0.1 0.1 128 1 sem':

         22.095720      task-clock (msec)         #    0.986 CPUs utilized          
                 1      context-switches          #    0.045 K/sec                  
                 1      cpu-migrations            #    0.045 K/sec                  
                63      page-faults               #    0.003 M/sec                  
   <not supported>      cycles                   
   <not supported>      stalled-cycles-frontend  
   <not supported>      stalled-cycles-backend   
   <not supported>      instructions             
   <not supported>      branches                 
   <not supported>      branch-misses            

       0.022414574 seconds time elapsed

MODO = sem I/O e alloc. memoria

 Performance counter stats for './mandelbrot_pth 0.175 0.375 -0.1 0.1 128 1 sem':

         21.985233      task-clock (msec)         #    0.985 CPUs utilized          
                 1      context-switches          #    0.045 K/sec                  
                 1      cpu-migrations            #    0.045 K/sec                  
                63      page-faults               #    0.003 M/sec                  
   <not supported>      cycles                   
   <not supported>      stalled-cycles-frontend  
   <not supported>      stalled-cycles-backend   
   <not supported>      instructions             
   <not supported>      branches                 
   <not supported>      branch-misses            

       0.022326460 seconds time elapsed

MODO = sem I/O e alloc. memoria

 Performance counter stats for './mandelbrot_pth 0.175 0.375 -0.1 0.1 128 1 sem':

         22.069221      task-clock (msec)         #    0.987 CPUs utilized          
                 1      context-switches          #    0.045 K/sec                  
                 1      cpu-migrations            #    0.045 K/sec                  
                62      page-faults               #    0.003 M/sec                  
   <not supported>      cycles                   
   <not supported>      stalled-cycles-frontend  
   <not supported>      stalled-cycles-backend   
   <not supported>      instructions             
   <not supported>      branches                 
   <not supported>      branch-misses            

       0.022355194 seconds time elapsed

MODO = sem I/O e alloc. memoria

 Performance counter stats for './mandelbrot_pth 0.175 0.375 -0.1 0.1 128 1 sem':

         22.092684      task-clock (msec)         #    0.985 CPUs utilized          
                 1      context-switches          #    0.045 K/sec                  
                 1      cpu-migrations            #    0.045 K/sec                  
                65      page-faults               #    0.003 M/sec                  
   <not supported>      cycles                   
   <not supported>      stalled-cycles-frontend  
   <not supported>      stalled-cycles-backend   
   <not supported>      instructions             
   <not supported>      branches                 
   <not supported>      branch-misses            

       0.022425216 seconds time elapsed

MODO = sem I/O e alloc. memoria

 Performance counter stats for './mandelbrot_pth 0.175 0.375 -0.1 0.1 128 1 sem':

         22.024361      task-clock (msec)         #    0.985 CPUs utilized          
                 1      context-switches          #    0.045 K/sec                  
                 1      cpu-migrations            #    0.045 K/sec                  
                65      page-faults               #    0.003 M/sec                  
   <not supported>      cycles                   
   <not supported>      stalled-cycles-frontend  
   <not supported>      stalled-cycles-backend   
   <not supported>      instructions             
   <not supported>      branches                 
   <not supported>      branch-misses            

       0.022362333 seconds time elapsed

MODO = sem I/O e alloc. memoria

 Performance counter stats for './mandelbrot_pth 0.175 0.375 -0.1 0.1 128 1 sem':

         21.996279      task-clock (msec)         #    0.985 CPUs utilized          
                 1      context-switches          #    0.045 K/sec                  
                 1      cpu-migrations            #    0.045 K/sec                  
                64      page-faults               #    0.003 M/sec                  
   <not supported>      cycles                   
   <not supported>      stalled-cycles-frontend  
   <not supported>      stalled-cycles-backend   
   <not supported>      instructions             
   <not supported>      branches                 
   <not supported>      branch-misses            

       0.022331493 seconds time elapsed

MODO = sem I/O e alloc. memoria

 Performance counter stats for './mandelbrot_pth 0.175 0.375 -0.1 0.1 128 1 sem':

         22.060568      task-clock (msec)         #    0.985 CPUs utilized          
                 2      context-switches          #    0.091 K/sec                  
                 1      cpu-migrations            #    0.045 K/sec                  
                66      page-faults               #    0.003 M/sec                  
   <not supported>      cycles                   
   <not supported>      stalled-cycles-frontend  
   <not supported>      stalled-cycles-backend   
   <not supported>      instructions             
   <not supported>      branches                 
   <not supported>      branch-misses            

       0.022386656 seconds time elapsed

MODO = sem I/O e alloc. memoria

 Performance counter stats for './mandelbrot_pth 0.175 0.375 -0.1 0.1 128 1 sem':

         22.042362      task-clock (msec)         #    0.984 CPUs utilized          
                 2      context-switches          #    0.091 K/sec                  
                 1      cpu-migrations            #    0.045 K/sec                  
                63      page-faults               #    0.003 M/sec                  
   <not supported>      cycles                   
   <not supported>      stalled-cycles-frontend  
   <not supported>      stalled-cycles-backend   
   <not supported>      instructions             
   <not supported>      branches                 
   <not supported>      branch-misses            

       0.022404498 seconds time elapsed

MODO = sem I/O e alloc. memoria

 Performance counter stats for './mandelbrot_pth 0.175 0.375 -0.1 0.1 128 1 sem':

         22.066104      task-clock (msec)         #    0.985 CPUs utilized          
                 1      context-switches          #    0.045 K/sec                  
                 1      cpu-migrations            #    0.045 K/sec                  
                62      page-faults               #    0.003 M/sec                  
   <not supported>      cycles                   
   <not supported>      stalled-cycles-frontend  
   <not supported>      stalled-cycles-backend   
   <not supported>      instructions             
   <not supported>      branches                 
   <not supported>      branch-misses            

       0.022411265 seconds time elapsed

MODO = sem I/O e alloc. memoria

 Performance counter stats for './mandelbrot_pth 0.175 0.375 -0.1 0.1 128 1 sem':

         22.067598      task-clock (msec)         #    0.986 CPUs utilized          
                 1      context-switches          #    0.045 K/sec                  
                 1      cpu-migrations            #    0.045 K/sec                  
                65      page-faults               #    0.003 M/sec                  
   <not supported>      cycles                   
   <not supported>      stalled-cycles-frontend  
   <not supported>      stalled-cycles-backend   
   <not supported>      instructions             
   <not supported>      branches                 
   <not supported>      branch-misses            

       0.022380035 seconds time elapsed

MODO = sem I/O e alloc. memoria

 Performance counter stats for './mandelbrot_pth 0.175 0.375 -0.1 0.1 256 1 sem':

         86.549936      task-clock (msec)         #    0.996 CPUs utilized          
                 1      context-switches          #    0.012 K/sec                  
                 1      cpu-migrations            #    0.012 K/sec                  
                62      page-faults               #    0.716 K/sec                  
   <not supported>      cycles                   
   <not supported>      stalled-cycles-frontend  
   <not supported>      stalled-cycles-backend   
   <not supported>      instructions             
   <not supported>      branches                 
   <not supported>      branch-misses            

       0.086856375 seconds time elapsed

MODO = sem I/O e alloc. memoria

 Performance counter stats for './mandelbrot_pth 0.175 0.375 -0.1 0.1 256 1 sem':

         86.618339      task-clock (msec)         #    0.996 CPUs utilized          
                 3      context-switches          #    0.035 K/sec                  
                 1      cpu-migrations            #    0.012 K/sec                  
                65      page-faults               #    0.750 K/sec                  
   <not supported>      cycles                   
   <not supported>      stalled-cycles-frontend  
   <not supported>      stalled-cycles-backend   
   <not supported>      instructions             
   <not supported>      branches                 
   <not supported>      branch-misses            

       0.086971865 seconds time elapsed

MODO = sem I/O e alloc. memoria

 Performance counter stats for './mandelbrot_pth 0.175 0.375 -0.1 0.1 256 1 sem':

         86.484159      task-clock (msec)         #    0.996 CPUs utilized          
                 1      context-switches          #    0.012 K/sec                  
                 1      cpu-migrations            #    0.012 K/sec                  
                62      page-faults               #    0.717 K/sec                  
   <not supported>      cycles                   
   <not supported>      stalled-cycles-frontend  
   <not supported>      stalled-cycles-backend   
   <not supported>      instructions             
   <not supported>      branches                 
   <not supported>      branch-misses            

       0.086834861 seconds time elapsed

MODO = sem I/O e alloc. memoria

 Performance counter stats for './mandelbrot_pth 0.175 0.375 -0.1 0.1 256 1 sem':

         86.425833      task-clock (msec)         #    0.996 CPUs utilized          
                 1      context-switches          #    0.012 K/sec                  
                 1      cpu-migrations            #    0.012 K/sec                  
                63      page-faults               #    0.729 K/sec                  
   <not supported>      cycles                   
   <not supported>      stalled-cycles-frontend  
   <not supported>      stalled-cycles-backend   
   <not supported>      instructions             
   <not supported>      branches                 
   <not supported>      branch-misses            

       0.086766572 seconds time elapsed

MODO = sem I/O e alloc. memoria

 Performance counter stats for './mandelbrot_pth 0.175 0.375 -0.1 0.1 256 1 sem':

         86.469470      task-clock (msec)         #    0.996 CPUs utilized          
                 1      context-switches          #    0.012 K/sec                  
                 1      cpu-migrations            #    0.012 K/sec                  
                62      page-faults               #    0.717 K/sec                  
   <not supported>      cycles                   
   <not supported>      stalled-cycles-frontend  
   <not supported>      stalled-cycles-backend   
   <not supported>      instructions             
   <not supported>      branches                 
   <not supported>      branch-misses            

       0.086787440 seconds time elapsed

MODO = sem I/O e alloc. memoria

 Performance counter stats for './mandelbrot_pth 0.175 0.375 -0.1 0.1 256 1 sem':

         86.348543      task-clock (msec)         #    0.996 CPUs utilized          
                 1      context-switches          #    0.012 K/sec                  
                 1      cpu-migrations            #    0.012 K/sec                  
                65      page-faults               #    0.753 K/sec                  
   <not supported>      cycles                   
   <not supported>      stalled-cycles-frontend  
   <not supported>      stalled-cycles-backend   
   <not supported>      instructions             
   <not supported>      branches                 
   <not supported>      branch-misses            

       0.086678309 seconds time elapsed

MODO = sem I/O e alloc. memoria

 Performance counter stats for './mandelbrot_pth 0.175 0.375 -0.1 0.1 256 1 sem':

         86.467193      task-clock (msec)         #    0.996 CPUs utilized          
                 1      context-switches          #    0.012 K/sec                  
                 1      cpu-migrations            #    0.012 K/sec                  
                62      page-faults               #    0.717 K/sec                  
   <not supported>      cycles                   
   <not supported>      stalled-cycles-frontend  
   <not supported>      stalled-cycles-backend   
   <not supported>      instructions             
   <not supported>      branches                 
   <not supported>      branch-misses            

       0.086790542 seconds time elapsed

MODO = sem I/O e alloc. memoria

 Performance counter stats for './mandelbrot_pth 0.175 0.375 -0.1 0.1 256 1 sem':

         86.445834      task-clock (msec)         #    0.996 CPUs utilized          
                 1      context-switches          #    0.012 K/sec                  
                 1      cpu-migrations            #    0.012 K/sec                  
                66      page-faults               #    0.763 K/sec                  
   <not supported>      cycles                   
   <not supported>      stalled-cycles-frontend  
   <not supported>      stalled-cycles-backend   
   <not supported>      instructions             
   <not supported>      branches                 
   <not supported>      branch-misses            

       0.086771676 seconds time elapsed

MODO = sem I/O e alloc. memoria

 Performance counter stats for './mandelbrot_pth 0.175 0.375 -0.1 0.1 256 1 sem':

         86.438450      task-clock (msec)         #    0.996 CPUs utilized          
                 1      context-switches          #    0.012 K/sec                  
                 1      cpu-migrations            #    0.012 K/sec                  
                65      page-faults               #    0.752 K/sec                  
   <not supported>      cycles                   
   <not supported>      stalled-cycles-frontend  
   <not supported>      stalled-cycles-backend   
   <not supported>      instructions             
   <not supported>      branches                 
   <not supported>      branch-misses            

       0.086743616 seconds time elapsed

MODO = sem I/O e alloc. memoria

 Performance counter stats for './mandelbrot_pth 0.175 0.375 -0.1 0.1 256 1 sem':

         86.408180      task-clock (msec)         #    0.996 CPUs utilized          
                 1      context-switches          #    0.012 K/sec                  
                 1      cpu-migrations            #    0.012 K/sec                  
                65      page-faults               #    0.752 K/sec                  
   <not supported>      cycles                   
   <not supported>      stalled-cycles-frontend  
   <not supported>      stalled-cycles-backend   
   <not supported>      instructions             
   <not supported>      branches                 
   <not supported>      branch-misses            

       0.086713332 seconds time elapsed

MODO = sem I/O e alloc. memoria

 Performance counter stats for './mandelbrot_pth 0.175 0.375 -0.1 0.1 512 1 sem':

        343.501111      task-clock (msec)         #    0.999 CPUs utilized          
                 2      context-switches          #    0.006 K/sec                  
                 1      cpu-migrations            #    0.003 K/sec                  
                63      page-faults               #    0.183 K/sec                  
   <not supported>      cycles                   
   <not supported>      stalled-cycles-frontend  
   <not supported>      stalled-cycles-backend   
   <not supported>      instructions             
   <not supported>      branches                 
   <not supported>      branch-misses            

       0.343825816 seconds time elapsed

MODO = sem I/O e alloc. memoria

 Performance counter stats for './mandelbrot_pth 0.175 0.375 -0.1 0.1 512 1 sem':

        343.363073      task-clock (msec)         #    0.999 CPUs utilized          
                 1      context-switches          #    0.003 K/sec                  
                 1      cpu-migrations            #    0.003 K/sec                  
                65      page-faults               #    0.189 K/sec                  
   <not supported>      cycles                   
   <not supported>      stalled-cycles-frontend  
   <not supported>      stalled-cycles-backend   
   <not supported>      instructions             
   <not supported>      branches                 
   <not supported>      branch-misses            

       0.343695987 seconds time elapsed

MODO = sem I/O e alloc. memoria

 Performance counter stats for './mandelbrot_pth 0.175 0.375 -0.1 0.1 512 1 sem':

        343.448319      task-clock (msec)         #    0.999 CPUs utilized          
                 1      context-switches          #    0.003 K/sec                  
                 1      cpu-migrations            #    0.003 K/sec                  
                64      page-faults               #    0.186 K/sec                  
   <not supported>      cycles                   
   <not supported>      stalled-cycles-frontend  
   <not supported>      stalled-cycles-backend   
   <not supported>      instructions             
   <not supported>      branches                 
   <not supported>      branch-misses            

       0.343854261 seconds time elapsed

MODO = sem I/O e alloc. memoria

 Performance counter stats for './mandelbrot_pth 0.175 0.375 -0.1 0.1 512 1 sem':

        343.418190      task-clock (msec)         #    0.999 CPUs utilized          
                 1      context-switches          #    0.003 K/sec                  
                 1      cpu-migrations            #    0.003 K/sec                  
                62      page-faults               #    0.181 K/sec                  
   <not supported>      cycles                   
   <not supported>      stalled-cycles-frontend  
   <not supported>      stalled-cycles-backend   
   <not supported>      instructions             
   <not supported>      branches                 
   <not supported>      branch-misses            

       0.343787579 seconds time elapsed

MODO = sem I/O e alloc. memoria

 Performance counter stats for './mandelbrot_pth 0.175 0.375 -0.1 0.1 512 1 sem':

        343.632926      task-clock (msec)         #    0.999 CPUs utilized          
                 1      context-switches          #    0.003 K/sec                  
                 1      cpu-migrations            #    0.003 K/sec                  
                64      page-faults               #    0.186 K/sec                  
   <not supported>      cycles                   
   <not supported>      stalled-cycles-frontend  
   <not supported>      stalled-cycles-backend   
   <not supported>      instructions             
   <not supported>      branches                 
   <not supported>      branch-misses            

       0.344131888 seconds time elapsed

MODO = sem I/O e alloc. memoria

 Performance counter stats for './mandelbrot_pth 0.175 0.375 -0.1 0.1 512 1 sem':

        343.143672      task-clock (msec)         #    0.999 CPUs utilized          
                 2      context-switches          #    0.006 K/sec                  
                 1      cpu-migrations            #    0.003 K/sec                  
                65      page-faults               #    0.189 K/sec                  
   <not supported>      cycles                   
   <not supported>      stalled-cycles-frontend  
   <not supported>      stalled-cycles-backend   
   <not supported>      instructions             
   <not supported>      branches                 
   <not supported>      branch-misses            

       0.343469544 seconds time elapsed

MODO = sem I/O e alloc. memoria

 Performance counter stats for './mandelbrot_pth 0.175 0.375 -0.1 0.1 512 1 sem':

        343.680970      task-clock (msec)         #    0.999 CPUs utilized          
                 3      context-switches          #    0.009 K/sec                  
                 1      cpu-migrations            #    0.003 K/sec                  
                65      page-faults               #    0.189 K/sec                  
   <not supported>      cycles                   
   <not supported>      stalled-cycles-frontend  
   <not supported>      stalled-cycles-backend   
   <not supported>      instructions             
   <not supported>      branches                 
   <not supported>      branch-misses            

       0.344083877 seconds time elapsed

MODO = sem I/O e alloc. memoria

 Performance counter stats for './mandelbrot_pth 0.175 0.375 -0.1 0.1 512 1 sem':

        343.100826      task-clock (msec)         #    0.999 CPUs utilized          
                 2      context-switches          #    0.006 K/sec                  
                 1      cpu-migrations            #    0.003 K/sec                  
                65      page-faults               #    0.189 K/sec                  
   <not supported>      cycles                   
   <not supported>      stalled-cycles-frontend  
   <not supported>      stalled-cycles-backend   
   <not supported>      instructions             
   <not supported>      branches                 
   <not supported>      branch-misses            

       0.343460703 seconds time elapsed

MODO = sem I/O e alloc. memoria

 Performance counter stats for './mandelbrot_pth 0.175 0.375 -0.1 0.1 512 1 sem':

        343.046227      task-clock (msec)         #    0.999 CPUs utilized          
                 1      context-switches          #    0.003 K/sec                  
                 1      cpu-migrations            #    0.003 K/sec                  
                65      page-faults               #    0.189 K/sec                  
   <not supported>      cycles                   
   <not supported>      stalled-cycles-frontend  
   <not supported>      stalled-cycles-backend   
   <not supported>      instructions             
   <not supported>      branches                 
   <not supported>      branch-misses            

       0.343343850 seconds time elapsed

MODO = sem I/O e alloc. memoria

 Performance counter stats for './mandelbrot_pth 0.175 0.375 -0.1 0.1 512 1 sem':

        343.517853      task-clock (msec)         #    0.999 CPUs utilized          
                 1      context-switches          #    0.003 K/sec                  
                 1      cpu-migrations            #    0.003 K/sec                  
                65      page-faults               #    0.189 K/sec                  
   <not supported>      cycles                   
   <not supported>      stalled-cycles-frontend  
   <not supported>      stalled-cycles-backend   
   <not supported>      instructions             
   <not supported>      branches                 
   <not supported>      branch-misses            

       0.343865343 seconds time elapsed

MODO = sem I/O e alloc. memoria

 Performance counter stats for './mandelbrot_pth 0.175 0.375 -0.1 0.1 1024 1 sem':

       1370.391811      task-clock (msec)         #    1.000 CPUs utilized          
                 3      context-switches          #    0.002 K/sec                  
                 1      cpu-migrations            #    0.001 K/sec                  
                63      page-faults               #    0.046 K/sec                  
   <not supported>      cycles                   
   <not supported>      stalled-cycles-frontend  
   <not supported>      stalled-cycles-backend   
   <not supported>      instructions             
   <not supported>      branches                 
   <not supported>      branch-misses            

       1.370745987 seconds time elapsed

MODO = sem I/O e alloc. memoria

 Performance counter stats for './mandelbrot_pth 0.175 0.375 -0.1 0.1 1024 1 sem':

       1370.778328      task-clock (msec)         #    1.000 CPUs utilized          
                 2      context-switches          #    0.001 K/sec                  
                 1      cpu-migrations            #    0.001 K/sec                  
                63      page-faults               #    0.046 K/sec                  
   <not supported>      cycles                   
   <not supported>      stalled-cycles-frontend  
   <not supported>      stalled-cycles-backend   
   <not supported>      instructions             
   <not supported>      branches                 
   <not supported>      branch-misses            

       1.371151055 seconds time elapsed

MODO = sem I/O e alloc. memoria

 Performance counter stats for './mandelbrot_pth 0.175 0.375 -0.1 0.1 1024 1 sem':

       1371.589929      task-clock (msec)         #    1.000 CPUs utilized          
                 2      context-switches          #    0.001 K/sec                  
                 1      cpu-migrations            #    0.001 K/sec                  
                62      page-faults               #    0.045 K/sec                  
   <not supported>      cycles                   
   <not supported>      stalled-cycles-frontend  
   <not supported>      stalled-cycles-backend   
   <not supported>      instructions             
   <not supported>      branches                 
   <not supported>      branch-misses            

       1.371883812 seconds time elapsed

MODO = sem I/O e alloc. memoria

 Performance counter stats for './mandelbrot_pth 0.175 0.375 -0.1 0.1 1024 1 sem':

       1370.775727      task-clock (msec)         #    1.000 CPUs utilized          
                 3      context-switches          #    0.002 K/sec                  
                 1      cpu-migrations            #    0.001 K/sec                  
                65      page-faults               #    0.047 K/sec                  
   <not supported>      cycles                   
   <not supported>      stalled-cycles-frontend  
   <not supported>      stalled-cycles-backend   
   <not supported>      instructions             
   <not supported>      branches                 
   <not supported>      branch-misses            

       1.371161208 seconds time elapsed

MODO = sem I/O e alloc. memoria

 Performance counter stats for './mandelbrot_pth 0.175 0.375 -0.1 0.1 1024 1 sem':

       1370.487684      task-clock (msec)         #    1.000 CPUs utilized          
                 3      context-switches          #    0.002 K/sec                  
                 1      cpu-migrations            #    0.001 K/sec                  
                63      page-faults               #    0.046 K/sec                  
   <not supported>      cycles                   
   <not supported>      stalled-cycles-frontend  
   <not supported>      stalled-cycles-backend   
   <not supported>      instructions             
   <not supported>      branches                 
   <not supported>      branch-misses            

       1.370913111 seconds time elapsed

MODO = sem I/O e alloc. memoria

 Performance counter stats for './mandelbrot_pth 0.175 0.375 -0.1 0.1 1024 1 sem':

       1370.927128      task-clock (msec)         #    1.000 CPUs utilized          
                 4      context-switches          #    0.003 K/sec                  
                 1      cpu-migrations            #    0.001 K/sec                  
                63      page-faults               #    0.046 K/sec                  
   <not supported>      cycles                   
   <not supported>      stalled-cycles-frontend  
   <not supported>      stalled-cycles-backend   
   <not supported>      instructions             
   <not supported>      branches                 
   <not supported>      branch-misses            

       1.371316634 seconds time elapsed

MODO = sem I/O e alloc. memoria

 Performance counter stats for './mandelbrot_pth 0.175 0.375 -0.1 0.1 1024 1 sem':

       1370.724412      task-clock (msec)         #    1.000 CPUs utilized          
                 2      context-switches          #    0.001 K/sec                  
                 1      cpu-migrations            #    0.001 K/sec                  
                66      page-faults               #    0.048 K/sec                  
   <not supported>      cycles                   
   <not supported>      stalled-cycles-frontend  
   <not supported>      stalled-cycles-backend   
   <not supported>      instructions             
   <not supported>      branches                 
   <not supported>      branch-misses            

       1.371079358 seconds time elapsed

MODO = sem I/O e alloc. memoria

 Performance counter stats for './mandelbrot_pth 0.175 0.375 -0.1 0.1 1024 1 sem':

       1371.299732      task-clock (msec)         #    1.000 CPUs utilized          
                 3      context-switches          #    0.002 K/sec                  
                 1      cpu-migrations            #    0.001 K/sec                  
                65      page-faults               #    0.047 K/sec                  
   <not supported>      cycles                   
   <not supported>      stalled-cycles-frontend  
   <not supported>      stalled-cycles-backend   
   <not supported>      instructions             
   <not supported>      branches                 
   <not supported>      branch-misses            

       1.371666044 seconds time elapsed

MODO = sem I/O e alloc. memoria

 Performance counter stats for './mandelbrot_pth 0.175 0.375 -0.1 0.1 1024 1 sem':

       1371.183161      task-clock (msec)         #    1.000 CPUs utilized          
                 3      context-switches          #    0.002 K/sec                  
                 1      cpu-migrations            #    0.001 K/sec                  
                65      page-faults               #    0.047 K/sec                  
   <not supported>      cycles                   
   <not supported>      stalled-cycles-frontend  
   <not supported>      stalled-cycles-backend   
   <not supported>      instructions             
   <not supported>      branches                 
   <not supported>      branch-misses            

       1.371548649 seconds time elapsed

MODO = sem I/O e alloc. memoria

 Performance counter stats for './mandelbrot_pth 0.175 0.375 -0.1 0.1 1024 1 sem':

       1373.744486      task-clock (msec)         #    1.000 CPUs utilized          
                 3      context-switches          #    0.002 K/sec                  
                 1      cpu-migrations            #    0.001 K/sec                  
                65      page-faults               #    0.047 K/sec                  
   <not supported>      cycles                   
   <not supported>      stalled-cycles-frontend  
   <not supported>      stalled-cycles-backend   
   <not supported>      instructions             
   <not supported>      branches                 
   <not supported>      branch-misses            

       1.374117724 seconds time elapsed

MODO = sem I/O e alloc. memoria

 Performance counter stats for './mandelbrot_pth 0.175 0.375 -0.1 0.1 2048 1 sem':

       5478.728569      task-clock (msec)         #    1.000 CPUs utilized          
                12      context-switches          #    0.002 K/sec                  
                 1      cpu-migrations            #    0.000 K/sec                  
                66      page-faults               #    0.012 K/sec                  
   <not supported>      cycles                   
   <not supported>      stalled-cycles-frontend  
   <not supported>      stalled-cycles-backend   
   <not supported>      instructions             
   <not supported>      branches                 
   <not supported>      branch-misses            

       5.479252888 seconds time elapsed

MODO = sem I/O e alloc. memoria

 Performance counter stats for './mandelbrot_pth 0.175 0.375 -0.1 0.1 2048 1 sem':

       5480.546678      task-clock (msec)         #    1.000 CPUs utilized          
                12      context-switches          #    0.002 K/sec                  
                 1      cpu-migrations            #    0.000 K/sec                  
                62      page-faults               #    0.011 K/sec                  
   <not supported>      cycles                   
   <not supported>      stalled-cycles-frontend  
   <not supported>      stalled-cycles-backend   
   <not supported>      instructions             
   <not supported>      branches                 
   <not supported>      branch-misses            

       5.481084972 seconds time elapsed

MODO = sem I/O e alloc. memoria

 Performance counter stats for './mandelbrot_pth 0.175 0.375 -0.1 0.1 2048 1 sem':

       5480.938719      task-clock (msec)         #    1.000 CPUs utilized          
                12      context-switches          #    0.002 K/sec                  
                 1      cpu-migrations            #    0.000 K/sec                  
                63      page-faults               #    0.011 K/sec                  
   <not supported>      cycles                   
   <not supported>      stalled-cycles-frontend  
   <not supported>      stalled-cycles-backend   
   <not supported>      instructions             
   <not supported>      branches                 
   <not supported>      branch-misses            

       5.481462150 seconds time elapsed

MODO = sem I/O e alloc. memoria

 Performance counter stats for './mandelbrot_pth 0.175 0.375 -0.1 0.1 2048 1 sem':

       5480.083511      task-clock (msec)         #    1.000 CPUs utilized          
                12      context-switches          #    0.002 K/sec                  
                 1      cpu-migrations            #    0.000 K/sec                  
                64      page-faults               #    0.012 K/sec                  
   <not supported>      cycles                   
   <not supported>      stalled-cycles-frontend  
   <not supported>      stalled-cycles-backend   
   <not supported>      instructions             
   <not supported>      branches                 
   <not supported>      branch-misses            

       5.480590631 seconds time elapsed

MODO = sem I/O e alloc. memoria

 Performance counter stats for './mandelbrot_pth 0.175 0.375 -0.1 0.1 2048 1 sem':

       5479.210993      task-clock (msec)         #    1.000 CPUs utilized          
                11      context-switches          #    0.002 K/sec                  
                 1      cpu-migrations            #    0.000 K/sec                  
                64      page-faults               #    0.012 K/sec                  
   <not supported>      cycles                   
   <not supported>      stalled-cycles-frontend  
   <not supported>      stalled-cycles-backend   
   <not supported>      instructions             
   <not supported>      branches                 
   <not supported>      branch-misses            

       5.479748075 seconds time elapsed

MODO = sem I/O e alloc. memoria

 Performance counter stats for './mandelbrot_pth 0.175 0.375 -0.1 0.1 2048 1 sem':

       5484.661613      task-clock (msec)         #    1.000 CPUs utilized          
                12      context-switches          #    0.002 K/sec                  
                 1      cpu-migrations            #    0.000 K/sec                  
                66      page-faults               #    0.012 K/sec                  
   <not supported>      cycles                   
   <not supported>      stalled-cycles-frontend  
   <not supported>      stalled-cycles-backend   
   <not supported>      instructions             
   <not supported>      branches                 
   <not supported>      branch-misses            

       5.485196554 seconds time elapsed

MODO = sem I/O e alloc. memoria

 Performance counter stats for './mandelbrot_pth 0.175 0.375 -0.1 0.1 2048 1 sem':

       5494.425541      task-clock (msec)         #    1.000 CPUs utilized          
                11      context-switches          #    0.002 K/sec                  
                 1      cpu-migrations            #    0.000 K/sec                  
                62      page-faults               #    0.011 K/sec                  
   <not supported>      cycles                   
   <not supported>      stalled-cycles-frontend  
   <not supported>      stalled-cycles-backend   
   <not supported>      instructions             
   <not supported>      branches                 
   <not supported>      branch-misses            

       5.494960451 seconds time elapsed

MODO = sem I/O e alloc. memoria

 Performance counter stats for './mandelbrot_pth 0.175 0.375 -0.1 0.1 2048 1 sem':

       5503.362953      task-clock (msec)         #    1.000 CPUs utilized          
                12      context-switches          #    0.002 K/sec                  
                 1      cpu-migrations            #    0.000 K/sec                  
                63      page-faults               #    0.011 K/sec                  
   <not supported>      cycles                   
   <not supported>      stalled-cycles-frontend  
   <not supported>      stalled-cycles-backend   
   <not supported>      instructions             
   <not supported>      branches                 
   <not supported>      branch-misses            

       5.503916625 seconds time elapsed

MODO = sem I/O e alloc. memoria

 Performance counter stats for './mandelbrot_pth 0.175 0.375 -0.1 0.1 2048 1 sem':

       5499.338707      task-clock (msec)         #    1.000 CPUs utilized          
                11      context-switches          #    0.002 K/sec                  
                 1      cpu-migrations            #    0.000 K/sec                  
                65      page-faults               #    0.012 K/sec                  
   <not supported>      cycles                   
   <not supported>      stalled-cycles-frontend  
   <not supported>      stalled-cycles-backend   
   <not supported>      instructions             
   <not supported>      branches                 
   <not supported>      branch-misses            

       5.499845583 seconds time elapsed

MODO = sem I/O e alloc. memoria

 Performance counter stats for './mandelbrot_pth 0.175 0.375 -0.1 0.1 2048 1 sem':

       5496.636504      task-clock (msec)         #    1.000 CPUs utilized          
                12      context-switches          #    0.002 K/sec                  
                 1      cpu-migrations            #    0.000 K/sec                  
                66      page-faults               #    0.012 K/sec                  
   <not supported>      cycles                   
   <not supported>      stalled-cycles-frontend  
   <not supported>      stalled-cycles-backend   
   <not supported>      instructions             
   <not supported>      branches                 
   <not supported>      branch-misses            

       5.497197330 seconds time elapsed

MODO = sem I/O e alloc. memoria

 Performance counter stats for './mandelbrot_pth 0.175 0.375 -0.1 0.1 4096 1 sem':

      21995.433435      task-clock (msec)         #    1.000 CPUs utilized          
                42      context-switches          #    0.002 K/sec                  
                 1      cpu-migrations            #    0.000 K/sec                  
                65      page-faults               #    0.003 K/sec                  
   <not supported>      cycles                   
   <not supported>      stalled-cycles-frontend  
   <not supported>      stalled-cycles-backend   
   <not supported>      instructions             
   <not supported>      branches                 
   <not supported>      branch-misses            

      21.996449262 seconds time elapsed

MODO = sem I/O e alloc. memoria

 Performance counter stats for './mandelbrot_pth 0.175 0.375 -0.1 0.1 4096 1 sem':

      21998.681320      task-clock (msec)         #    1.000 CPUs utilized          
                41      context-switches          #    0.002 K/sec                  
                 1      cpu-migrations            #    0.000 K/sec                  
                65      page-faults               #    0.003 K/sec                  
   <not supported>      cycles                   
   <not supported>      stalled-cycles-frontend  
   <not supported>      stalled-cycles-backend   
   <not supported>      instructions             
   <not supported>      branches                 
   <not supported>      branch-misses            

      21.999557365 seconds time elapsed

MODO = sem I/O e alloc. memoria

 Performance counter stats for './mandelbrot_pth 0.175 0.375 -0.1 0.1 4096 1 sem':

      21960.844533      task-clock (msec)         #    1.000 CPUs utilized          
                40      context-switches          #    0.002 K/sec                  
                 1      cpu-migrations            #    0.000 K/sec                  
                62      page-faults               #    0.003 K/sec                  
   <not supported>      cycles                   
   <not supported>      stalled-cycles-frontend  
   <not supported>      stalled-cycles-backend   
   <not supported>      instructions             
   <not supported>      branches                 
   <not supported>      branch-misses            

      21.961844180 seconds time elapsed

MODO = sem I/O e alloc. memoria

 Performance counter stats for './mandelbrot_pth 0.175 0.375 -0.1 0.1 4096 1 sem':

      21988.823333      task-clock (msec)         #    1.000 CPUs utilized          
                40      context-switches          #    0.002 K/sec                  
                 1      cpu-migrations            #    0.000 K/sec                  
                63      page-faults               #    0.003 K/sec                  
   <not supported>      cycles                   
   <not supported>      stalled-cycles-frontend  
   <not supported>      stalled-cycles-backend   
   <not supported>      instructions             
   <not supported>      branches                 
   <not supported>      branch-misses            

      21.989772862 seconds time elapsed

MODO = sem I/O e alloc. memoria

 Performance counter stats for './mandelbrot_pth 0.175 0.375 -0.1 0.1 4096 1 sem':

      21993.012895      task-clock (msec)         #    1.000 CPUs utilized          
                40      context-switches          #    0.002 K/sec                  
                 1      cpu-migrations            #    0.000 K/sec                  
                65      page-faults               #    0.003 K/sec                  
   <not supported>      cycles                   
   <not supported>      stalled-cycles-frontend  
   <not supported>      stalled-cycles-backend   
   <not supported>      instructions             
   <not supported>      branches                 
   <not supported>      branch-misses            

      21.993900538 seconds time elapsed

MODO = sem I/O e alloc. memoria

 Performance counter stats for './mandelbrot_pth 0.175 0.375 -0.1 0.1 4096 1 sem':

      21982.210876      task-clock (msec)         #    1.000 CPUs utilized          
                40      context-switches          #    0.002 K/sec                  
                 1      cpu-migrations            #    0.000 K/sec                  
                65      page-faults               #    0.003 K/sec                  
   <not supported>      cycles                   
   <not supported>      stalled-cycles-frontend  
   <not supported>      stalled-cycles-backend   
   <not supported>      instructions             
   <not supported>      branches                 
   <not supported>      branch-misses            

      21.983198995 seconds time elapsed

MODO = sem I/O e alloc. memoria

 Performance counter stats for './mandelbrot_pth 0.175 0.375 -0.1 0.1 4096 1 sem':

      22057.778259      task-clock (msec)         #    1.000 CPUs utilized          
                41      context-switches          #    0.002 K/sec                  
                 1      cpu-migrations            #    0.000 K/sec                  
                62      page-faults               #    0.003 K/sec                  
   <not supported>      cycles                   
   <not supported>      stalled-cycles-frontend  
   <not supported>      stalled-cycles-backend   
   <not supported>      instructions             
   <not supported>      branches                 
   <not supported>      branch-misses            

      22.058835913 seconds time elapsed

MODO = sem I/O e alloc. memoria

 Performance counter stats for './mandelbrot_pth 0.175 0.375 -0.1 0.1 4096 1 sem':

      21987.289604      task-clock (msec)         #    1.000 CPUs utilized          
                40      context-switches          #    0.002 K/sec                  
                 1      cpu-migrations            #    0.000 K/sec                  
                62      page-faults               #    0.003 K/sec                  
   <not supported>      cycles                   
   <not supported>      stalled-cycles-frontend  
   <not supported>      stalled-cycles-backend   
   <not supported>      instructions             
   <not supported>      branches                 
   <not supported>      branch-misses            

      21.988234577 seconds time elapsed

MODO = sem I/O e alloc. memoria

 Performance counter stats for './mandelbrot_pth 0.175 0.375 -0.1 0.1 4096 1 sem':

      22001.657721      task-clock (msec)         #    1.000 CPUs utilized          
                40      context-switches          #    0.002 K/sec                  
                 1      cpu-migrations            #    0.000 K/sec                  
                65      page-faults               #    0.003 K/sec                  
   <not supported>      cycles                   
   <not supported>      stalled-cycles-frontend  
   <not supported>      stalled-cycles-backend   
   <not supported>      instructions             
   <not supported>      branches                 
   <not supported>      branch-misses            

      22.002646878 seconds time elapsed

MODO = sem I/O e alloc. memoria

 Performance counter stats for './mandelbrot_pth 0.175 0.375 -0.1 0.1 4096 1 sem':

      21985.158411      task-clock (msec)         #    1.000 CPUs utilized          
                40      context-switches          #    0.002 K/sec                  
                 1      cpu-migrations            #    0.000 K/sec                  
                63      page-faults               #    0.003 K/sec                  
   <not supported>      cycles                   
   <not supported>      stalled-cycles-frontend  
   <not supported>      stalled-cycles-backend   
   <not supported>      instructions             
   <not supported>      branches                 
   <not supported>      branch-misses            

      21.986157906 seconds time elapsed

MODO = sem I/O e alloc. memoria

 Performance counter stats for './mandelbrot_pth 0.175 0.375 -0.1 0.1 8192 1 sem':

      87960.267765      task-clock (msec)         #    1.000 CPUs utilized          
               156      context-switches          #    0.002 K/sec                  
                 1      cpu-migrations            #    0.000 K/sec                  
                65      page-faults               #    0.001 K/sec                  
   <not supported>      cycles                   
   <not supported>      stalled-cycles-frontend  
   <not supported>      stalled-cycles-backend   
   <not supported>      instructions             
   <not supported>      branches                 
   <not supported>      branch-misses            

      87.962803540 seconds time elapsed

MODO = sem I/O e alloc. memoria

 Performance counter stats for './mandelbrot_pth 0.175 0.375 -0.1 0.1 8192 1 sem':

      88031.037411      task-clock (msec)         #    1.000 CPUs utilized          
               157      context-switches          #    0.002 K/sec                  
                 1      cpu-migrations            #    0.000 K/sec                  
                65      page-faults               #    0.001 K/sec                  
   <not supported>      cycles                   
   <not supported>      stalled-cycles-frontend  
   <not supported>      stalled-cycles-backend   
   <not supported>      instructions             
   <not supported>      branches                 
   <not supported>      branch-misses            

      88.033494790 seconds time elapsed

MODO = sem I/O e alloc. memoria

 Performance counter stats for './mandelbrot_pth 0.175 0.375 -0.1 0.1 8192 1 sem':

      88058.901600      task-clock (msec)         #    1.000 CPUs utilized          
               157      context-switches          #    0.002 K/sec                  
                 1      cpu-migrations            #    0.000 K/sec                  
                65      page-faults               #    0.001 K/sec                  
   <not supported>      cycles                   
   <not supported>      stalled-cycles-frontend  
   <not supported>      stalled-cycles-backend   
   <not supported>      instructions             
   <not supported>      branches                 
   <not supported>      branch-misses            

      88.061436510 seconds time elapsed

MODO = sem I/O e alloc. memoria

 Performance counter stats for './mandelbrot_pth 0.175 0.375 -0.1 0.1 8192 1 sem':

      87969.633557      task-clock (msec)         #    1.000 CPUs utilized          
               156      context-switches          #    0.002 K/sec                  
                 1      cpu-migrations            #    0.000 K/sec                  
                65      page-faults               #    0.001 K/sec                  
   <not supported>      cycles                   
   <not supported>      stalled-cycles-frontend  
   <not supported>      stalled-cycles-backend   
   <not supported>      instructions             
   <not supported>      branches                 
   <not supported>      branch-misses            

      87.972137652 seconds time elapsed

MODO = sem I/O e alloc. memoria

 Performance counter stats for './mandelbrot_pth 0.175 0.375 -0.1 0.1 8192 1 sem':

      87965.221920      task-clock (msec)         #    1.000 CPUs utilized          
               156      context-switches          #    0.002 K/sec                  
                 1      cpu-migrations            #    0.000 K/sec                  
                66      page-faults               #    0.001 K/sec                  
   <not supported>      cycles                   
   <not supported>      stalled-cycles-frontend  
   <not supported>      stalled-cycles-backend   
   <not supported>      instructions             
   <not supported>      branches                 
   <not supported>      branch-misses            

      87.967685519 seconds time elapsed

MODO = sem I/O e alloc. memoria

 Performance counter stats for './mandelbrot_pth 0.175 0.375 -0.1 0.1 8192 1 sem':

      88088.798017      task-clock (msec)         #    1.000 CPUs utilized          
               156      context-switches          #    0.002 K/sec                  
                 1      cpu-migrations            #    0.000 K/sec                  
                62      page-faults               #    0.001 K/sec                  
   <not supported>      cycles                   
   <not supported>      stalled-cycles-frontend  
   <not supported>      stalled-cycles-backend   
   <not supported>      instructions             
   <not supported>      branches                 
   <not supported>      branch-misses            

      88.091348276 seconds time elapsed

MODO = sem I/O e alloc. memoria

 Performance counter stats for './mandelbrot_pth 0.175 0.375 -0.1 0.1 8192 1 sem':

      87950.566008      task-clock (msec)         #    1.000 CPUs utilized          
               155      context-switches          #    0.002 K/sec                  
                 1      cpu-migrations            #    0.000 K/sec                  
                66      page-faults               #    0.001 K/sec                  
   <not supported>      cycles                   
   <not supported>      stalled-cycles-frontend  
   <not supported>      stalled-cycles-backend   
   <not supported>      instructions             
   <not supported>      branches                 
   <not supported>      branch-misses            

      87.953088753 seconds time elapsed

MODO = sem I/O e alloc. memoria

 Performance counter stats for './mandelbrot_pth 0.175 0.375 -0.1 0.1 8192 1 sem':

      87923.509155      task-clock (msec)         #    1.000 CPUs utilized          
               157      context-switches          #    0.002 K/sec                  
                 1      cpu-migrations            #    0.000 K/sec                  
                65      page-faults               #    0.001 K/sec                  
   <not supported>      cycles                   
   <not supported>      stalled-cycles-frontend  
   <not supported>      stalled-cycles-backend   
   <not supported>      instructions             
   <not supported>      branches                 
   <not supported>      branch-misses            

      87.925977723 seconds time elapsed

MODO = sem I/O e alloc. memoria

 Performance counter stats for './mandelbrot_pth 0.175 0.375 -0.1 0.1 8192 1 sem':

      88082.862087      task-clock (msec)         #    1.000 CPUs utilized          
               156      context-switches          #    0.002 K/sec                  
                 1      cpu-migrations            #    0.000 K/sec                  
                61      page-faults               #    0.001 K/sec                  
   <not supported>      cycles                   
   <not supported>      stalled-cycles-frontend  
   <not supported>      stalled-cycles-backend   
   <not supported>      instructions             
   <not supported>      branches                 
   <not supported>      branch-misses            

      88.085356213 seconds time elapsed

MODO = sem I/O e alloc. memoria

 Performance counter stats for './mandelbrot_pth 0.175 0.375 -0.1 0.1 8192 1 sem':

      87944.598743      task-clock (msec)         #    1.000 CPUs utilized          
               156      context-switches          #    0.002 K/sec                  
                 1      cpu-migrations            #    0.000 K/sec                  
                65      page-faults               #    0.001 K/sec                  
   <not supported>      cycles                   
   <not supported>      stalled-cycles-frontend  
   <not supported>      stalled-cycles-backend   
   <not supported>      instructions             
   <not supported>      branches                 
   <not supported>      branch-misses            

      87.947113306 seconds time elapsed

