MODO = sem I/O e alloc. memoria

 Performance counter stats for './mandelbrot_pth -0.8 -0.7 0.05 0.15 16 32 sem':

          2.003331      task-clock (msec)         #    1.447 CPUs utilized          
                30      context-switches          #    0.015 M/sec                  
                35      cpu-migrations            #    0.017 M/sec                  
               127      page-faults               #    0.063 M/sec                  
   <not supported>      cycles                   
   <not supported>      stalled-cycles-frontend  
   <not supported>      stalled-cycles-backend   
   <not supported>      instructions             
   <not supported>      branches                 
   <not supported>      branch-misses            

       0.001384122 seconds time elapsed

MODO = sem I/O e alloc. memoria

 Performance counter stats for './mandelbrot_pth -0.8 -0.7 0.05 0.15 16 32 sem':

          1.917706      task-clock (msec)         #    1.411 CPUs utilized          
                39      context-switches          #    0.020 M/sec                  
                35      cpu-migrations            #    0.018 M/sec                  
               130      page-faults               #    0.068 M/sec                  
   <not supported>      cycles                   
   <not supported>      stalled-cycles-frontend  
   <not supported>      stalled-cycles-backend   
   <not supported>      instructions             
   <not supported>      branches                 
   <not supported>      branch-misses            

       0.001359099 seconds time elapsed

MODO = sem I/O e alloc. memoria

 Performance counter stats for './mandelbrot_pth -0.8 -0.7 0.05 0.15 16 32 sem':

          2.234198      task-clock (msec)         #    1.432 CPUs utilized          
                28      context-switches          #    0.013 M/sec                  
                38      cpu-migrations            #    0.017 M/sec                  
               128      page-faults               #    0.057 M/sec                  
   <not supported>      cycles                   
   <not supported>      stalled-cycles-frontend  
   <not supported>      stalled-cycles-backend   
   <not supported>      instructions             
   <not supported>      branches                 
   <not supported>      branch-misses            

       0.001559982 seconds time elapsed

MODO = sem I/O e alloc. memoria

 Performance counter stats for './mandelbrot_pth -0.8 -0.7 0.05 0.15 16 32 sem':

          2.028977      task-clock (msec)         #    1.434 CPUs utilized          
                39      context-switches          #    0.019 M/sec                  
                33      cpu-migrations            #    0.016 M/sec                  
               129      page-faults               #    0.064 M/sec                  
   <not supported>      cycles                   
   <not supported>      stalled-cycles-frontend  
   <not supported>      stalled-cycles-backend   
   <not supported>      instructions             
   <not supported>      branches                 
   <not supported>      branch-misses            

       0.001415236 seconds time elapsed

MODO = sem I/O e alloc. memoria

 Performance counter stats for './mandelbrot_pth -0.8 -0.7 0.05 0.15 16 32 sem':

          1.970617      task-clock (msec)         #    1.434 CPUs utilized          
                42      context-switches          #    0.021 M/sec                  
                41      cpu-migrations            #    0.021 M/sec                  
               127      page-faults               #    0.064 M/sec                  
   <not supported>      cycles                   
   <not supported>      stalled-cycles-frontend  
   <not supported>      stalled-cycles-backend   
   <not supported>      instructions             
   <not supported>      branches                 
   <not supported>      branch-misses            

       0.001374615 seconds time elapsed

MODO = sem I/O e alloc. memoria

 Performance counter stats for './mandelbrot_pth -0.8 -0.7 0.05 0.15 16 32 sem':

          2.118213      task-clock (msec)         #    1.408 CPUs utilized          
                29      context-switches          #    0.014 M/sec                  
                35      cpu-migrations            #    0.017 M/sec                  
               127      page-faults               #    0.060 M/sec                  
   <not supported>      cycles                   
   <not supported>      stalled-cycles-frontend  
   <not supported>      stalled-cycles-backend   
   <not supported>      instructions             
   <not supported>      branches                 
   <not supported>      branch-misses            

       0.001504535 seconds time elapsed

MODO = sem I/O e alloc. memoria

 Performance counter stats for './mandelbrot_pth -0.8 -0.7 0.05 0.15 16 32 sem':

          2.138476      task-clock (msec)         #    1.459 CPUs utilized          
                36      context-switches          #    0.017 M/sec                  
                35      cpu-migrations            #    0.016 M/sec                  
               130      page-faults               #    0.061 M/sec                  
   <not supported>      cycles                   
   <not supported>      stalled-cycles-frontend  
   <not supported>      stalled-cycles-backend   
   <not supported>      instructions             
   <not supported>      branches                 
   <not supported>      branch-misses            

       0.001465724 seconds time elapsed

MODO = sem I/O e alloc. memoria

 Performance counter stats for './mandelbrot_pth -0.8 -0.7 0.05 0.15 16 32 sem':

          2.321410      task-clock (msec)         #    1.334 CPUs utilized          
                34      context-switches          #    0.015 M/sec                  
                34      cpu-migrations            #    0.015 M/sec                  
               129      page-faults               #    0.056 M/sec                  
   <not supported>      cycles                   
   <not supported>      stalled-cycles-frontend  
   <not supported>      stalled-cycles-backend   
   <not supported>      instructions             
   <not supported>      branches                 
   <not supported>      branch-misses            

       0.001740220 seconds time elapsed

MODO = sem I/O e alloc. memoria

 Performance counter stats for './mandelbrot_pth -0.8 -0.7 0.05 0.15 16 32 sem':

          2.129855      task-clock (msec)         #    1.413 CPUs utilized          
                40      context-switches          #    0.019 M/sec                  
                35      cpu-migrations            #    0.016 M/sec                  
               127      page-faults               #    0.060 M/sec                  
   <not supported>      cycles                   
   <not supported>      stalled-cycles-frontend  
   <not supported>      stalled-cycles-backend   
   <not supported>      instructions             
   <not supported>      branches                 
   <not supported>      branch-misses            

       0.001506969 seconds time elapsed

MODO = sem I/O e alloc. memoria

 Performance counter stats for './mandelbrot_pth -0.8 -0.7 0.05 0.15 16 32 sem':

          2.153250      task-clock (msec)         #    1.446 CPUs utilized          
                43      context-switches          #    0.020 M/sec                  
                42      cpu-migrations            #    0.020 M/sec                  
               131      page-faults               #    0.061 M/sec                  
   <not supported>      cycles                   
   <not supported>      stalled-cycles-frontend  
   <not supported>      stalled-cycles-backend   
   <not supported>      instructions             
   <not supported>      branches                 
   <not supported>      branch-misses            

       0.001489277 seconds time elapsed

MODO = sem I/O e alloc. memoria

 Performance counter stats for './mandelbrot_pth -0.8 -0.7 0.05 0.15 32 32 sem':

          3.473204      task-clock (msec)         #    2.163 CPUs utilized          
                39      context-switches          #    0.011 M/sec                  
                36      cpu-migrations            #    0.010 M/sec                  
               128      page-faults               #    0.037 M/sec                  
   <not supported>      cycles                   
   <not supported>      stalled-cycles-frontend  
   <not supported>      stalled-cycles-backend   
   <not supported>      instructions             
   <not supported>      branches                 
   <not supported>      branch-misses            

       0.001605438 seconds time elapsed

MODO = sem I/O e alloc. memoria

 Performance counter stats for './mandelbrot_pth -0.8 -0.7 0.05 0.15 32 32 sem':

          3.322147      task-clock (msec)         #    2.149 CPUs utilized          
                66      context-switches          #    0.020 M/sec                  
                37      cpu-migrations            #    0.011 M/sec                  
               130      page-faults               #    0.039 M/sec                  
   <not supported>      cycles                   
   <not supported>      stalled-cycles-frontend  
   <not supported>      stalled-cycles-backend   
   <not supported>      instructions             
   <not supported>      branches                 
   <not supported>      branch-misses            

       0.001545869 seconds time elapsed

MODO = sem I/O e alloc. memoria

 Performance counter stats for './mandelbrot_pth -0.8 -0.7 0.05 0.15 32 32 sem':

          3.293956      task-clock (msec)         #    2.336 CPUs utilized          
                30      context-switches          #    0.009 M/sec                  
                35      cpu-migrations            #    0.011 M/sec                  
               130      page-faults               #    0.039 M/sec                  
   <not supported>      cycles                   
   <not supported>      stalled-cycles-frontend  
   <not supported>      stalled-cycles-backend   
   <not supported>      instructions             
   <not supported>      branches                 
   <not supported>      branch-misses            

       0.001410051 seconds time elapsed

MODO = sem I/O e alloc. memoria

 Performance counter stats for './mandelbrot_pth -0.8 -0.7 0.05 0.15 32 32 sem':

          3.433530      task-clock (msec)         #    1.981 CPUs utilized          
                53      context-switches          #    0.015 M/sec                  
                35      cpu-migrations            #    0.010 M/sec                  
               126      page-faults               #    0.037 M/sec                  
   <not supported>      cycles                   
   <not supported>      stalled-cycles-frontend  
   <not supported>      stalled-cycles-backend   
   <not supported>      instructions             
   <not supported>      branches                 
   <not supported>      branch-misses            

       0.001733582 seconds time elapsed

MODO = sem I/O e alloc. memoria

 Performance counter stats for './mandelbrot_pth -0.8 -0.7 0.05 0.15 32 32 sem':

          3.432636      task-clock (msec)         #    2.263 CPUs utilized          
                43      context-switches          #    0.013 M/sec                  
                34      cpu-migrations            #    0.010 M/sec                  
               129      page-faults               #    0.038 M/sec                  
   <not supported>      cycles                   
   <not supported>      stalled-cycles-frontend  
   <not supported>      stalled-cycles-backend   
   <not supported>      instructions             
   <not supported>      branches                 
   <not supported>      branch-misses            

       0.001517016 seconds time elapsed

MODO = sem I/O e alloc. memoria

 Performance counter stats for './mandelbrot_pth -0.8 -0.7 0.05 0.15 32 32 sem':

          3.302915      task-clock (msec)         #    2.121 CPUs utilized          
                53      context-switches          #    0.016 M/sec                  
                35      cpu-migrations            #    0.011 M/sec                  
               127      page-faults               #    0.038 M/sec                  
   <not supported>      cycles                   
   <not supported>      stalled-cycles-frontend  
   <not supported>      stalled-cycles-backend   
   <not supported>      instructions             
   <not supported>      branches                 
   <not supported>      branch-misses            

       0.001556948 seconds time elapsed

MODO = sem I/O e alloc. memoria

 Performance counter stats for './mandelbrot_pth -0.8 -0.7 0.05 0.15 32 32 sem':

          3.467011      task-clock (msec)         #    2.153 CPUs utilized          
                59      context-switches          #    0.017 M/sec                  
                36      cpu-migrations            #    0.010 M/sec                  
               130      page-faults               #    0.037 M/sec                  
   <not supported>      cycles                   
   <not supported>      stalled-cycles-frontend  
   <not supported>      stalled-cycles-backend   
   <not supported>      instructions             
   <not supported>      branches                 
   <not supported>      branch-misses            

       0.001610574 seconds time elapsed

MODO = sem I/O e alloc. memoria

 Performance counter stats for './mandelbrot_pth -0.8 -0.7 0.05 0.15 32 32 sem':

          3.954550      task-clock (msec)         #    2.023 CPUs utilized          
                36      context-switches          #    0.009 M/sec                  
                32      cpu-migrations            #    0.008 M/sec                  
               127      page-faults               #    0.032 M/sec                  
   <not supported>      cycles                   
   <not supported>      stalled-cycles-frontend  
   <not supported>      stalled-cycles-backend   
   <not supported>      instructions             
   <not supported>      branches                 
   <not supported>      branch-misses            

       0.001954866 seconds time elapsed

MODO = sem I/O e alloc. memoria

 Performance counter stats for './mandelbrot_pth -0.8 -0.7 0.05 0.15 32 32 sem':

          3.527665      task-clock (msec)         #    2.055 CPUs utilized          
                38      context-switches          #    0.011 M/sec                  
                33      cpu-migrations            #    0.009 M/sec                  
               126      page-faults               #    0.036 M/sec                  
   <not supported>      cycles                   
   <not supported>      stalled-cycles-frontend  
   <not supported>      stalled-cycles-backend   
   <not supported>      instructions             
   <not supported>      branches                 
   <not supported>      branch-misses            

       0.001716841 seconds time elapsed

MODO = sem I/O e alloc. memoria

 Performance counter stats for './mandelbrot_pth -0.8 -0.7 0.05 0.15 32 32 sem':

          3.502200      task-clock (msec)         #    2.104 CPUs utilized          
                32      context-switches          #    0.009 M/sec                  
                34      cpu-migrations            #    0.010 M/sec                  
               130      page-faults               #    0.037 M/sec                  
   <not supported>      cycles                   
   <not supported>      stalled-cycles-frontend  
   <not supported>      stalled-cycles-backend   
   <not supported>      instructions             
   <not supported>      branches                 
   <not supported>      branch-misses            

       0.001664619 seconds time elapsed

MODO = sem I/O e alloc. memoria

 Performance counter stats for './mandelbrot_pth -0.8 -0.7 0.05 0.15 64 32 sem':

          8.896687      task-clock (msec)         #    4.465 CPUs utilized          
               113      context-switches          #    0.013 M/sec                  
                40      cpu-migrations            #    0.004 M/sec                  
               128      page-faults               #    0.014 M/sec                  
   <not supported>      cycles                   
   <not supported>      stalled-cycles-frontend  
   <not supported>      stalled-cycles-backend   
   <not supported>      instructions             
   <not supported>      branches                 
   <not supported>      branch-misses            

       0.001992547 seconds time elapsed

MODO = sem I/O e alloc. memoria

 Performance counter stats for './mandelbrot_pth -0.8 -0.7 0.05 0.15 64 32 sem':

          8.844952      task-clock (msec)         #    3.783 CPUs utilized          
                98      context-switches          #    0.011 M/sec                  
                54      cpu-migrations            #    0.006 M/sec                  
               127      page-faults               #    0.014 M/sec                  
   <not supported>      cycles                   
   <not supported>      stalled-cycles-frontend  
   <not supported>      stalled-cycles-backend   
   <not supported>      instructions             
   <not supported>      branches                 
   <not supported>      branch-misses            

       0.002338016 seconds time elapsed

MODO = sem I/O e alloc. memoria

 Performance counter stats for './mandelbrot_pth -0.8 -0.7 0.05 0.15 64 32 sem':

          8.732700      task-clock (msec)         #    4.021 CPUs utilized          
               116      context-switches          #    0.013 M/sec                  
                35      cpu-migrations            #    0.004 M/sec                  
               129      page-faults               #    0.015 M/sec                  
   <not supported>      cycles                   
   <not supported>      stalled-cycles-frontend  
   <not supported>      stalled-cycles-backend   
   <not supported>      instructions             
   <not supported>      branches                 
   <not supported>      branch-misses            

       0.002171522 seconds time elapsed

MODO = sem I/O e alloc. memoria

 Performance counter stats for './mandelbrot_pth -0.8 -0.7 0.05 0.15 64 32 sem':

          8.987210      task-clock (msec)         #    4.335 CPUs utilized          
                84      context-switches          #    0.009 M/sec                  
                42      cpu-migrations            #    0.005 M/sec                  
               129      page-faults               #    0.014 M/sec                  
   <not supported>      cycles                   
   <not supported>      stalled-cycles-frontend  
   <not supported>      stalled-cycles-backend   
   <not supported>      instructions             
   <not supported>      branches                 
   <not supported>      branch-misses            

       0.002073402 seconds time elapsed

MODO = sem I/O e alloc. memoria

 Performance counter stats for './mandelbrot_pth -0.8 -0.7 0.05 0.15 64 32 sem':

          8.699542      task-clock (msec)         #    4.489 CPUs utilized          
                76      context-switches          #    0.009 M/sec                  
                34      cpu-migrations            #    0.004 M/sec                  
               126      page-faults               #    0.014 M/sec                  
   <not supported>      cycles                   
   <not supported>      stalled-cycles-frontend  
   <not supported>      stalled-cycles-backend   
   <not supported>      instructions             
   <not supported>      branches                 
   <not supported>      branch-misses            

       0.001937879 seconds time elapsed

MODO = sem I/O e alloc. memoria

 Performance counter stats for './mandelbrot_pth -0.8 -0.7 0.05 0.15 64 32 sem':

          8.668024      task-clock (msec)         #    4.559 CPUs utilized          
                88      context-switches          #    0.010 M/sec                  
                36      cpu-migrations            #    0.004 M/sec                  
               131      page-faults               #    0.015 M/sec                  
   <not supported>      cycles                   
   <not supported>      stalled-cycles-frontend  
   <not supported>      stalled-cycles-backend   
   <not supported>      instructions             
   <not supported>      branches                 
   <not supported>      branch-misses            

       0.001901439 seconds time elapsed

MODO = sem I/O e alloc. memoria

 Performance counter stats for './mandelbrot_pth -0.8 -0.7 0.05 0.15 64 32 sem':

          9.529169      task-clock (msec)         #    3.469 CPUs utilized          
                96      context-switches          #    0.010 M/sec                  
                45      cpu-migrations            #    0.005 M/sec                  
               126      page-faults               #    0.013 M/sec                  
   <not supported>      cycles                   
   <not supported>      stalled-cycles-frontend  
   <not supported>      stalled-cycles-backend   
   <not supported>      instructions             
   <not supported>      branches                 
   <not supported>      branch-misses            

       0.002746612 seconds time elapsed

MODO = sem I/O e alloc. memoria

 Performance counter stats for './mandelbrot_pth -0.8 -0.7 0.05 0.15 64 32 sem':

          9.080622      task-clock (msec)         #    4.628 CPUs utilized          
               105      context-switches          #    0.012 M/sec                  
                38      cpu-migrations            #    0.004 M/sec                  
               125      page-faults               #    0.014 M/sec                  
   <not supported>      cycles                   
   <not supported>      stalled-cycles-frontend  
   <not supported>      stalled-cycles-backend   
   <not supported>      instructions             
   <not supported>      branches                 
   <not supported>      branch-misses            

       0.001961993 seconds time elapsed

MODO = sem I/O e alloc. memoria

 Performance counter stats for './mandelbrot_pth -0.8 -0.7 0.05 0.15 64 32 sem':

          8.446454      task-clock (msec)         #    4.014 CPUs utilized          
                79      context-switches          #    0.009 M/sec                  
                31      cpu-migrations            #    0.004 M/sec                  
               130      page-faults               #    0.015 M/sec                  
   <not supported>      cycles                   
   <not supported>      stalled-cycles-frontend  
   <not supported>      stalled-cycles-backend   
   <not supported>      instructions             
   <not supported>      branches                 
   <not supported>      branch-misses            

       0.002104399 seconds time elapsed

MODO = sem I/O e alloc. memoria

 Performance counter stats for './mandelbrot_pth -0.8 -0.7 0.05 0.15 64 32 sem':

          8.669951      task-clock (msec)         #    3.791 CPUs utilized          
               114      context-switches          #    0.013 M/sec                  
                44      cpu-migrations            #    0.005 M/sec                  
               131      page-faults               #    0.015 M/sec                  
   <not supported>      cycles                   
   <not supported>      stalled-cycles-frontend  
   <not supported>      stalled-cycles-backend   
   <not supported>      instructions             
   <not supported>      branches                 
   <not supported>      branch-misses            

       0.002286803 seconds time elapsed

MODO = sem I/O e alloc. memoria

 Performance counter stats for './mandelbrot_pth -0.8 -0.7 0.05 0.15 128 32 sem':

         28.561181      task-clock (msec)         #    4.785 CPUs utilized          
                16      context-switches          #    0.560 K/sec                  
                28      cpu-migrations            #    0.980 K/sec                  
               129      page-faults               #    0.005 M/sec                  
   <not supported>      cycles                   
   <not supported>      stalled-cycles-frontend  
   <not supported>      stalled-cycles-backend   
   <not supported>      instructions             
   <not supported>      branches                 
   <not supported>      branch-misses            

       0.005968929 seconds time elapsed

MODO = sem I/O e alloc. memoria

 Performance counter stats for './mandelbrot_pth -0.8 -0.7 0.05 0.15 128 32 sem':

         28.938263      task-clock (msec)         #    6.201 CPUs utilized          
                20      context-switches          #    0.691 K/sec                  
                31      cpu-migrations            #    0.001 M/sec                  
               129      page-faults               #    0.004 M/sec                  
   <not supported>      cycles                   
   <not supported>      stalled-cycles-frontend  
   <not supported>      stalled-cycles-backend   
   <not supported>      instructions             
   <not supported>      branches                 
   <not supported>      branch-misses            

       0.004666836 seconds time elapsed

MODO = sem I/O e alloc. memoria

 Performance counter stats for './mandelbrot_pth -0.8 -0.7 0.05 0.15 128 32 sem':

         28.855662      task-clock (msec)         #    6.331 CPUs utilized          
                29      context-switches          #    0.001 M/sec                  
                29      cpu-migrations            #    0.001 M/sec                  
               129      page-faults               #    0.004 M/sec                  
   <not supported>      cycles                   
   <not supported>      stalled-cycles-frontend  
   <not supported>      stalled-cycles-backend   
   <not supported>      instructions             
   <not supported>      branches                 
   <not supported>      branch-misses            

       0.004557736 seconds time elapsed

MODO = sem I/O e alloc. memoria

 Performance counter stats for './mandelbrot_pth -0.8 -0.7 0.05 0.15 128 32 sem':

         28.761394      task-clock (msec)         #    6.279 CPUs utilized          
                18      context-switches          #    0.626 K/sec                  
                29      cpu-migrations            #    0.001 M/sec                  
               130      page-faults               #    0.005 M/sec                  
   <not supported>      cycles                   
   <not supported>      stalled-cycles-frontend  
   <not supported>      stalled-cycles-backend   
   <not supported>      instructions             
   <not supported>      branches                 
   <not supported>      branch-misses            

       0.004580783 seconds time elapsed

MODO = sem I/O e alloc. memoria

 Performance counter stats for './mandelbrot_pth -0.8 -0.7 0.05 0.15 128 32 sem':

         28.933568      task-clock (msec)         #    6.245 CPUs utilized          
                29      context-switches          #    0.001 M/sec                  
                29      cpu-migrations            #    0.001 M/sec                  
               126      page-faults               #    0.004 M/sec                  
   <not supported>      cycles                   
   <not supported>      stalled-cycles-frontend  
   <not supported>      stalled-cycles-backend   
   <not supported>      instructions             
   <not supported>      branches                 
   <not supported>      branch-misses            

       0.004633285 seconds time elapsed

MODO = sem I/O e alloc. memoria

 Performance counter stats for './mandelbrot_pth -0.8 -0.7 0.05 0.15 128 32 sem':

         28.876691      task-clock (msec)         #    6.267 CPUs utilized          
                20      context-switches          #    0.693 K/sec                  
                29      cpu-migrations            #    0.001 M/sec                  
               130      page-faults               #    0.005 M/sec                  
   <not supported>      cycles                   
   <not supported>      stalled-cycles-frontend  
   <not supported>      stalled-cycles-backend   
   <not supported>      instructions             
   <not supported>      branches                 
   <not supported>      branch-misses            

       0.004607868 seconds time elapsed

MODO = sem I/O e alloc. memoria

 Performance counter stats for './mandelbrot_pth -0.8 -0.7 0.05 0.15 128 32 sem':

         28.812749      task-clock (msec)         #    6.308 CPUs utilized          
                28      context-switches          #    0.972 K/sec                  
                29      cpu-migrations            #    0.001 M/sec                  
               130      page-faults               #    0.005 M/sec                  
   <not supported>      cycles                   
   <not supported>      stalled-cycles-frontend  
   <not supported>      stalled-cycles-backend   
   <not supported>      instructions             
   <not supported>      branches                 
   <not supported>      branch-misses            

       0.004567654 seconds time elapsed

MODO = sem I/O e alloc. memoria

 Performance counter stats for './mandelbrot_pth -0.8 -0.7 0.05 0.15 128 32 sem':

         29.035894      task-clock (msec)         #    5.882 CPUs utilized          
                13      context-switches          #    0.448 K/sec                  
                29      cpu-migrations            #    0.999 K/sec                  
               126      page-faults               #    0.004 M/sec                  
   <not supported>      cycles                   
   <not supported>      stalled-cycles-frontend  
   <not supported>      stalled-cycles-backend   
   <not supported>      instructions             
   <not supported>      branches                 
   <not supported>      branch-misses            

       0.004936412 seconds time elapsed

MODO = sem I/O e alloc. memoria

 Performance counter stats for './mandelbrot_pth -0.8 -0.7 0.05 0.15 128 32 sem':

         28.765727      task-clock (msec)         #    6.345 CPUs utilized          
                22      context-switches          #    0.765 K/sec                  
                29      cpu-migrations            #    0.001 M/sec                  
               129      page-faults               #    0.004 M/sec                  
   <not supported>      cycles                   
   <not supported>      stalled-cycles-frontend  
   <not supported>      stalled-cycles-backend   
   <not supported>      instructions             
   <not supported>      branches                 
   <not supported>      branch-misses            

       0.004533367 seconds time elapsed

MODO = sem I/O e alloc. memoria

 Performance counter stats for './mandelbrot_pth -0.8 -0.7 0.05 0.15 128 32 sem':

         28.729975      task-clock (msec)         #    6.256 CPUs utilized          
                28      context-switches          #    0.975 K/sec                  
                29      cpu-migrations            #    0.001 M/sec                  
               130      page-faults               #    0.005 M/sec                  
   <not supported>      cycles                   
   <not supported>      stalled-cycles-frontend  
   <not supported>      stalled-cycles-backend   
   <not supported>      instructions             
   <not supported>      branches                 
   <not supported>      branch-misses            

       0.004592260 seconds time elapsed

MODO = sem I/O e alloc. memoria

 Performance counter stats for './mandelbrot_pth -0.8 -0.7 0.05 0.15 256 32 sem':

        110.837649      task-clock (msec)         #    7.439 CPUs utilized          
                32      context-switches          #    0.289 K/sec                  
                29      cpu-migrations            #    0.262 K/sec                  
               127      page-faults               #    0.001 M/sec                  
   <not supported>      cycles                   
   <not supported>      stalled-cycles-frontend  
   <not supported>      stalled-cycles-backend   
   <not supported>      instructions             
   <not supported>      branches                 
   <not supported>      branch-misses            

       0.014899107 seconds time elapsed

MODO = sem I/O e alloc. memoria

 Performance counter stats for './mandelbrot_pth -0.8 -0.7 0.05 0.15 256 32 sem':

        110.888758      task-clock (msec)         #    7.405 CPUs utilized          
                31      context-switches          #    0.280 K/sec                  
                30      cpu-migrations            #    0.271 K/sec                  
               129      page-faults               #    0.001 M/sec                  
   <not supported>      cycles                   
   <not supported>      stalled-cycles-frontend  
   <not supported>      stalled-cycles-backend   
   <not supported>      instructions             
   <not supported>      branches                 
   <not supported>      branch-misses            

       0.014974471 seconds time elapsed

MODO = sem I/O e alloc. memoria

 Performance counter stats for './mandelbrot_pth -0.8 -0.7 0.05 0.15 256 32 sem':

        111.024375      task-clock (msec)         #    7.516 CPUs utilized          
                39      context-switches          #    0.351 K/sec                  
                29      cpu-migrations            #    0.261 K/sec                  
               126      page-faults               #    0.001 M/sec                  
   <not supported>      cycles                   
   <not supported>      stalled-cycles-frontend  
   <not supported>      stalled-cycles-backend   
   <not supported>      instructions             
   <not supported>      branches                 
   <not supported>      branch-misses            

       0.014772402 seconds time elapsed

MODO = sem I/O e alloc. memoria

 Performance counter stats for './mandelbrot_pth -0.8 -0.7 0.05 0.15 256 32 sem':

        109.975485      task-clock (msec)         #    6.279 CPUs utilized          
                19      context-switches          #    0.173 K/sec                  
                28      cpu-migrations            #    0.255 K/sec                  
               129      page-faults               #    0.001 M/sec                  
   <not supported>      cycles                   
   <not supported>      stalled-cycles-frontend  
   <not supported>      stalled-cycles-backend   
   <not supported>      instructions             
   <not supported>      branches                 
   <not supported>      branch-misses            

       0.017513888 seconds time elapsed

MODO = sem I/O e alloc. memoria

 Performance counter stats for './mandelbrot_pth -0.8 -0.7 0.05 0.15 256 32 sem':

        111.017636      task-clock (msec)         #    7.397 CPUs utilized          
                34      context-switches          #    0.306 K/sec                  
                29      cpu-migrations            #    0.261 K/sec                  
               127      page-faults               #    0.001 M/sec                  
   <not supported>      cycles                   
   <not supported>      stalled-cycles-frontend  
   <not supported>      stalled-cycles-backend   
   <not supported>      instructions             
   <not supported>      branches                 
   <not supported>      branch-misses            

       0.015009025 seconds time elapsed

MODO = sem I/O e alloc. memoria

 Performance counter stats for './mandelbrot_pth -0.8 -0.7 0.05 0.15 256 32 sem':

        107.781088      task-clock (msec)         #    6.082 CPUs utilized          
                16      context-switches          #    0.148 K/sec                  
                28      cpu-migrations            #    0.260 K/sec                  
               129      page-faults               #    0.001 M/sec                  
   <not supported>      cycles                   
   <not supported>      stalled-cycles-frontend  
   <not supported>      stalled-cycles-backend   
   <not supported>      instructions             
   <not supported>      branches                 
   <not supported>      branch-misses            

       0.017722527 seconds time elapsed

MODO = sem I/O e alloc. memoria

 Performance counter stats for './mandelbrot_pth -0.8 -0.7 0.05 0.15 256 32 sem':

        111.097085      task-clock (msec)         #    7.478 CPUs utilized          
                29      context-switches          #    0.261 K/sec                  
                29      cpu-migrations            #    0.261 K/sec                  
               128      page-faults               #    0.001 M/sec                  
   <not supported>      cycles                   
   <not supported>      stalled-cycles-frontend  
   <not supported>      stalled-cycles-backend   
   <not supported>      instructions             
   <not supported>      branches                 
   <not supported>      branch-misses            

       0.014856789 seconds time elapsed

MODO = sem I/O e alloc. memoria

 Performance counter stats for './mandelbrot_pth -0.8 -0.7 0.05 0.15 256 32 sem':

        111.003754      task-clock (msec)         #    7.497 CPUs utilized          
                36      context-switches          #    0.324 K/sec                  
                29      cpu-migrations            #    0.261 K/sec                  
               130      page-faults               #    0.001 M/sec                  
   <not supported>      cycles                   
   <not supported>      stalled-cycles-frontend  
   <not supported>      stalled-cycles-backend   
   <not supported>      instructions             
   <not supported>      branches                 
   <not supported>      branch-misses            

       0.014806554 seconds time elapsed

MODO = sem I/O e alloc. memoria

 Performance counter stats for './mandelbrot_pth -0.8 -0.7 0.05 0.15 256 32 sem':

        110.957219      task-clock (msec)         #    7.499 CPUs utilized          
                33      context-switches          #    0.297 K/sec                  
                29      cpu-migrations            #    0.261 K/sec                  
               129      page-faults               #    0.001 M/sec                  
   <not supported>      cycles                   
   <not supported>      stalled-cycles-frontend  
   <not supported>      stalled-cycles-backend   
   <not supported>      instructions             
   <not supported>      branches                 
   <not supported>      branch-misses            

       0.014795996 seconds time elapsed

MODO = sem I/O e alloc. memoria

 Performance counter stats for './mandelbrot_pth -0.8 -0.7 0.05 0.15 256 32 sem':

        111.026152      task-clock (msec)         #    7.512 CPUs utilized          
                36      context-switches          #    0.324 K/sec                  
                29      cpu-migrations            #    0.261 K/sec                  
               129      page-faults               #    0.001 M/sec                  
   <not supported>      cycles                   
   <not supported>      stalled-cycles-frontend  
   <not supported>      stalled-cycles-backend   
   <not supported>      instructions             
   <not supported>      branches                 
   <not supported>      branch-misses            

       0.014780099 seconds time elapsed

MODO = sem I/O e alloc. memoria

 Performance counter stats for './mandelbrot_pth -0.8 -0.7 0.05 0.15 512 32 sem':

        437.698894      task-clock (msec)         #    7.541 CPUs utilized          
                52      context-switches          #    0.119 K/sec                  
                30      cpu-migrations            #    0.069 K/sec                  
               128      page-faults               #    0.292 K/sec                  
   <not supported>      cycles                   
   <not supported>      stalled-cycles-frontend  
   <not supported>      stalled-cycles-backend   
   <not supported>      instructions             
   <not supported>      branches                 
   <not supported>      branch-misses            

       0.058039734 seconds time elapsed

MODO = sem I/O e alloc. memoria

 Performance counter stats for './mandelbrot_pth -0.8 -0.7 0.05 0.15 512 32 sem':

        439.936202      task-clock (msec)         #    7.819 CPUs utilized          
                74      context-switches          #    0.168 K/sec                  
                32      cpu-migrations            #    0.073 K/sec                  
               130      page-faults               #    0.295 K/sec                  
   <not supported>      cycles                   
   <not supported>      stalled-cycles-frontend  
   <not supported>      stalled-cycles-backend   
   <not supported>      instructions             
   <not supported>      branches                 
   <not supported>      branch-misses            

       0.056263897 seconds time elapsed

MODO = sem I/O e alloc. memoria

 Performance counter stats for './mandelbrot_pth -0.8 -0.7 0.05 0.15 512 32 sem':

        439.233597      task-clock (msec)         #    7.823 CPUs utilized          
                60      context-switches          #    0.137 K/sec                  
                30      cpu-migrations            #    0.068 K/sec                  
               129      page-faults               #    0.294 K/sec                  
   <not supported>      cycles                   
   <not supported>      stalled-cycles-frontend  
   <not supported>      stalled-cycles-backend   
   <not supported>      instructions             
   <not supported>      branches                 
   <not supported>      branch-misses            

       0.056145284 seconds time elapsed

MODO = sem I/O e alloc. memoria

 Performance counter stats for './mandelbrot_pth -0.8 -0.7 0.05 0.15 512 32 sem':

        439.786735      task-clock (msec)         #    7.803 CPUs utilized          
                80      context-switches          #    0.182 K/sec                  
                35      cpu-migrations            #    0.080 K/sec                  
               125      page-faults               #    0.284 K/sec                  
   <not supported>      cycles                   
   <not supported>      stalled-cycles-frontend  
   <not supported>      stalled-cycles-backend   
   <not supported>      instructions             
   <not supported>      branches                 
   <not supported>      branch-misses            

       0.056359538 seconds time elapsed

MODO = sem I/O e alloc. memoria

 Performance counter stats for './mandelbrot_pth -0.8 -0.7 0.05 0.15 512 32 sem':

        438.644212      task-clock (msec)         #    7.791 CPUs utilized          
                54      context-switches          #    0.123 K/sec                  
                31      cpu-migrations            #    0.071 K/sec                  
               130      page-faults               #    0.296 K/sec                  
   <not supported>      cycles                   
   <not supported>      stalled-cycles-frontend  
   <not supported>      stalled-cycles-backend   
   <not supported>      instructions             
   <not supported>      branches                 
   <not supported>      branch-misses            

       0.056301347 seconds time elapsed

MODO = sem I/O e alloc. memoria

 Performance counter stats for './mandelbrot_pth -0.8 -0.7 0.05 0.15 512 32 sem':

        439.439633      task-clock (msec)         #    7.810 CPUs utilized          
                88      context-switches          #    0.200 K/sec                  
                37      cpu-migrations            #    0.084 K/sec                  
               129      page-faults               #    0.294 K/sec                  
   <not supported>      cycles                   
   <not supported>      stalled-cycles-frontend  
   <not supported>      stalled-cycles-backend   
   <not supported>      instructions             
   <not supported>      branches                 
   <not supported>      branch-misses            

       0.056269235 seconds time elapsed

MODO = sem I/O e alloc. memoria

 Performance counter stats for './mandelbrot_pth -0.8 -0.7 0.05 0.15 512 32 sem':

        439.237764      task-clock (msec)         #    7.785 CPUs utilized          
                59      context-switches          #    0.134 K/sec                  
                30      cpu-migrations            #    0.068 K/sec                  
               127      page-faults               #    0.289 K/sec                  
   <not supported>      cycles                   
   <not supported>      stalled-cycles-frontend  
   <not supported>      stalled-cycles-backend   
   <not supported>      instructions             
   <not supported>      branches                 
   <not supported>      branch-misses            

       0.056422379 seconds time elapsed

MODO = sem I/O e alloc. memoria

 Performance counter stats for './mandelbrot_pth -0.8 -0.7 0.05 0.15 512 32 sem':

        439.082544      task-clock (msec)         #    7.800 CPUs utilized          
                59      context-switches          #    0.134 K/sec                  
                30      cpu-migrations            #    0.068 K/sec                  
               129      page-faults               #    0.294 K/sec                  
   <not supported>      cycles                   
   <not supported>      stalled-cycles-frontend  
   <not supported>      stalled-cycles-backend   
   <not supported>      instructions             
   <not supported>      branches                 
   <not supported>      branch-misses            

       0.056289724 seconds time elapsed

MODO = sem I/O e alloc. memoria

 Performance counter stats for './mandelbrot_pth -0.8 -0.7 0.05 0.15 512 32 sem':

        438.140063      task-clock (msec)         #    7.278 CPUs utilized          
                54      context-switches          #    0.123 K/sec                  
                30      cpu-migrations            #    0.068 K/sec                  
               128      page-faults               #    0.292 K/sec                  
   <not supported>      cycles                   
   <not supported>      stalled-cycles-frontend  
   <not supported>      stalled-cycles-backend   
   <not supported>      instructions             
   <not supported>      branches                 
   <not supported>      branch-misses            

       0.060204514 seconds time elapsed

MODO = sem I/O e alloc. memoria

 Performance counter stats for './mandelbrot_pth -0.8 -0.7 0.05 0.15 512 32 sem':

        438.843113      task-clock (msec)         #    7.788 CPUs utilized          
                56      context-switches          #    0.128 K/sec                  
                31      cpu-migrations            #    0.071 K/sec                  
               130      page-faults               #    0.296 K/sec                  
   <not supported>      cycles                   
   <not supported>      stalled-cycles-frontend  
   <not supported>      stalled-cycles-backend   
   <not supported>      instructions             
   <not supported>      branches                 
   <not supported>      branch-misses            

       0.056349664 seconds time elapsed

MODO = sem I/O e alloc. memoria

 Performance counter stats for './mandelbrot_pth -0.8 -0.7 0.05 0.15 1024 32 sem':

       1749.309513      task-clock (msec)         #    7.814 CPUs utilized          
               237      context-switches          #    0.135 K/sec                  
                31      cpu-migrations            #    0.018 K/sec                  
               127      page-faults               #    0.073 K/sec                  
   <not supported>      cycles                   
   <not supported>      stalled-cycles-frontend  
   <not supported>      stalled-cycles-backend   
   <not supported>      instructions             
   <not supported>      branches                 
   <not supported>      branch-misses            

       0.223859903 seconds time elapsed

MODO = sem I/O e alloc. memoria

 Performance counter stats for './mandelbrot_pth -0.8 -0.7 0.05 0.15 1024 32 sem':

       1777.057527      task-clock (msec)         #    7.739 CPUs utilized          
               230      context-switches          #    0.129 K/sec                  
                29      cpu-migrations            #    0.016 K/sec                  
               129      page-faults               #    0.073 K/sec                  
   <not supported>      cycles                   
   <not supported>      stalled-cycles-frontend  
   <not supported>      stalled-cycles-backend   
   <not supported>      instructions             
   <not supported>      branches                 
   <not supported>      branch-misses            

       0.229622754 seconds time elapsed

MODO = sem I/O e alloc. memoria

 Performance counter stats for './mandelbrot_pth -0.8 -0.7 0.05 0.15 1024 32 sem':

       1752.161340      task-clock (msec)         #    7.879 CPUs utilized          
               225      context-switches          #    0.128 K/sec                  
                28      cpu-migrations            #    0.016 K/sec                  
               128      page-faults               #    0.073 K/sec                  
   <not supported>      cycles                   
   <not supported>      stalled-cycles-frontend  
   <not supported>      stalled-cycles-backend   
   <not supported>      instructions             
   <not supported>      branches                 
   <not supported>      branch-misses            

       0.222376475 seconds time elapsed

MODO = sem I/O e alloc. memoria

 Performance counter stats for './mandelbrot_pth -0.8 -0.7 0.05 0.15 1024 32 sem':

       1750.639377      task-clock (msec)         #    7.910 CPUs utilized          
               227      context-switches          #    0.130 K/sec                  
                29      cpu-migrations            #    0.017 K/sec                  
               127      page-faults               #    0.073 K/sec                  
   <not supported>      cycles                   
   <not supported>      stalled-cycles-frontend  
   <not supported>      stalled-cycles-backend   
   <not supported>      instructions             
   <not supported>      branches                 
   <not supported>      branch-misses            

       0.221312514 seconds time elapsed

MODO = sem I/O e alloc. memoria

 Performance counter stats for './mandelbrot_pth -0.8 -0.7 0.05 0.15 1024 32 sem':

       1751.101304      task-clock (msec)         #    7.898 CPUs utilized          
               228      context-switches          #    0.130 K/sec                  
                34      cpu-migrations            #    0.019 K/sec                  
               130      page-faults               #    0.074 K/sec                  
   <not supported>      cycles                   
   <not supported>      stalled-cycles-frontend  
   <not supported>      stalled-cycles-backend   
   <not supported>      instructions             
   <not supported>      branches                 
   <not supported>      branch-misses            

       0.221713291 seconds time elapsed

MODO = sem I/O e alloc. memoria

 Performance counter stats for './mandelbrot_pth -0.8 -0.7 0.05 0.15 1024 32 sem':

       1756.838149      task-clock (msec)         #    7.933 CPUs utilized          
               234      context-switches          #    0.133 K/sec                  
                30      cpu-migrations            #    0.017 K/sec                  
               127      page-faults               #    0.072 K/sec                  
   <not supported>      cycles                   
   <not supported>      stalled-cycles-frontend  
   <not supported>      stalled-cycles-backend   
   <not supported>      instructions             
   <not supported>      branches                 
   <not supported>      branch-misses            

       0.221448422 seconds time elapsed

MODO = sem I/O e alloc. memoria

 Performance counter stats for './mandelbrot_pth -0.8 -0.7 0.05 0.15 1024 32 sem':

       1749.025638      task-clock (msec)         #    7.811 CPUs utilized          
               226      context-switches          #    0.129 K/sec                  
                29      cpu-migrations            #    0.017 K/sec                  
               126      page-faults               #    0.072 K/sec                  
   <not supported>      cycles                   
   <not supported>      stalled-cycles-frontend  
   <not supported>      stalled-cycles-backend   
   <not supported>      instructions             
   <not supported>      branches                 
   <not supported>      branch-misses            

       0.223912015 seconds time elapsed

MODO = sem I/O e alloc. memoria

 Performance counter stats for './mandelbrot_pth -0.8 -0.7 0.05 0.15 1024 32 sem':

       1750.089190      task-clock (msec)         #    7.909 CPUs utilized          
               239      context-switches          #    0.137 K/sec                  
                30      cpu-migrations            #    0.017 K/sec                  
               126      page-faults               #    0.072 K/sec                  
   <not supported>      cycles                   
   <not supported>      stalled-cycles-frontend  
   <not supported>      stalled-cycles-backend   
   <not supported>      instructions             
   <not supported>      branches                 
   <not supported>      branch-misses            

       0.221283935 seconds time elapsed

MODO = sem I/O e alloc. memoria

 Performance counter stats for './mandelbrot_pth -0.8 -0.7 0.05 0.15 1024 32 sem':

       1761.690281      task-clock (msec)         #    7.858 CPUs utilized          
               225      context-switches          #    0.128 K/sec                  
                29      cpu-migrations            #    0.016 K/sec                  
               130      page-faults               #    0.074 K/sec                  
   <not supported>      cycles                   
   <not supported>      stalled-cycles-frontend  
   <not supported>      stalled-cycles-backend   
   <not supported>      instructions             
   <not supported>      branches                 
   <not supported>      branch-misses            

       0.224184584 seconds time elapsed

MODO = sem I/O e alloc. memoria

 Performance counter stats for './mandelbrot_pth -0.8 -0.7 0.05 0.15 1024 32 sem':

       1755.742650      task-clock (msec)         #    7.829 CPUs utilized          
               226      context-switches          #    0.129 K/sec                  
                33      cpu-migrations            #    0.019 K/sec                  
               129      page-faults               #    0.073 K/sec                  
   <not supported>      cycles                   
   <not supported>      stalled-cycles-frontend  
   <not supported>      stalled-cycles-backend   
   <not supported>      instructions             
   <not supported>      branches                 
   <not supported>      branch-misses            

       0.224263592 seconds time elapsed

MODO = sem I/O e alloc. memoria

 Performance counter stats for './mandelbrot_pth -0.8 -0.7 0.05 0.15 2048 32 sem':

       7010.623652      task-clock (msec)         #    7.950 CPUs utilized          
               891      context-switches          #    0.127 K/sec                  
                31      cpu-migrations            #    0.004 K/sec                  
               126      page-faults               #    0.018 K/sec                  
   <not supported>      cycles                   
   <not supported>      stalled-cycles-frontend  
   <not supported>      stalled-cycles-backend   
   <not supported>      instructions             
   <not supported>      branches                 
   <not supported>      branch-misses            

       0.881791312 seconds time elapsed

MODO = sem I/O e alloc. memoria

 Performance counter stats for './mandelbrot_pth -0.8 -0.7 0.05 0.15 2048 32 sem':

       7000.531388      task-clock (msec)         #    7.963 CPUs utilized          
               884      context-switches          #    0.126 K/sec                  
                31      cpu-migrations            #    0.004 K/sec                  
               127      page-faults               #    0.018 K/sec                  
   <not supported>      cycles                   
   <not supported>      stalled-cycles-frontend  
   <not supported>      stalled-cycles-backend   
   <not supported>      instructions             
   <not supported>      branches                 
   <not supported>      branch-misses            

       0.879180956 seconds time elapsed

MODO = sem I/O e alloc. memoria

 Performance counter stats for './mandelbrot_pth -0.8 -0.7 0.05 0.15 2048 32 sem':

       7001.539748      task-clock (msec)         #    7.962 CPUs utilized          
               894      context-switches          #    0.128 K/sec                  
                32      cpu-migrations            #    0.005 K/sec                  
               127      page-faults               #    0.018 K/sec                  
   <not supported>      cycles                   
   <not supported>      stalled-cycles-frontend  
   <not supported>      stalled-cycles-backend   
   <not supported>      instructions             
   <not supported>      branches                 
   <not supported>      branch-misses            

       0.879353877 seconds time elapsed

MODO = sem I/O e alloc. memoria

 Performance counter stats for './mandelbrot_pth -0.8 -0.7 0.05 0.15 2048 32 sem':

       7018.013821      task-clock (msec)         #    7.968 CPUs utilized          
               897      context-switches          #    0.128 K/sec                  
                30      cpu-migrations            #    0.004 K/sec                  
               129      page-faults               #    0.018 K/sec                  
   <not supported>      cycles                   
   <not supported>      stalled-cycles-frontend  
   <not supported>      stalled-cycles-backend   
   <not supported>      instructions             
   <not supported>      branches                 
   <not supported>      branch-misses            

       0.880744356 seconds time elapsed

MODO = sem I/O e alloc. memoria

 Performance counter stats for './mandelbrot_pth -0.8 -0.7 0.05 0.15 2048 32 sem':

       7005.938036      task-clock (msec)         #    7.958 CPUs utilized          
               888      context-switches          #    0.127 K/sec                  
                31      cpu-migrations            #    0.004 K/sec                  
               129      page-faults               #    0.018 K/sec                  
   <not supported>      cycles                   
   <not supported>      stalled-cycles-frontend  
   <not supported>      stalled-cycles-backend   
   <not supported>      instructions             
   <not supported>      branches                 
   <not supported>      branch-misses            

       0.880371922 seconds time elapsed

MODO = sem I/O e alloc. memoria

 Performance counter stats for './mandelbrot_pth -0.8 -0.7 0.05 0.15 2048 32 sem':

       7005.942331      task-clock (msec)         #    7.947 CPUs utilized          
               889      context-switches          #    0.127 K/sec                  
                31      cpu-migrations            #    0.004 K/sec                  
               126      page-faults               #    0.018 K/sec                  
   <not supported>      cycles                   
   <not supported>      stalled-cycles-frontend  
   <not supported>      stalled-cycles-backend   
   <not supported>      instructions             
   <not supported>      branches                 
   <not supported>      branch-misses            

       0.881575367 seconds time elapsed

MODO = sem I/O e alloc. memoria

 Performance counter stats for './mandelbrot_pth -0.8 -0.7 0.05 0.15 2048 32 sem':

       7012.679765      task-clock (msec)         #    7.963 CPUs utilized          
               895      context-switches          #    0.128 K/sec                  
                31      cpu-migrations            #    0.004 K/sec                  
               129      page-faults               #    0.018 K/sec                  
   <not supported>      cycles                   
   <not supported>      stalled-cycles-frontend  
   <not supported>      stalled-cycles-backend   
   <not supported>      instructions             
   <not supported>      branches                 
   <not supported>      branch-misses            

       0.880707153 seconds time elapsed

MODO = sem I/O e alloc. memoria

 Performance counter stats for './mandelbrot_pth -0.8 -0.7 0.05 0.15 2048 32 sem':

       7002.248986      task-clock (msec)         #    7.963 CPUs utilized          
               886      context-switches          #    0.127 K/sec                  
                31      cpu-migrations            #    0.004 K/sec                  
               129      page-faults               #    0.018 K/sec                  
   <not supported>      cycles                   
   <not supported>      stalled-cycles-frontend  
   <not supported>      stalled-cycles-backend   
   <not supported>      instructions             
   <not supported>      branches                 
   <not supported>      branch-misses            

       0.879296074 seconds time elapsed

MODO = sem I/O e alloc. memoria

 Performance counter stats for './mandelbrot_pth -0.8 -0.7 0.05 0.15 2048 32 sem':

       7027.232869      task-clock (msec)         #    7.957 CPUs utilized          
               887      context-switches          #    0.126 K/sec                  
                32      cpu-migrations            #    0.005 K/sec                  
               126      page-faults               #    0.018 K/sec                  
   <not supported>      cycles                   
   <not supported>      stalled-cycles-frontend  
   <not supported>      stalled-cycles-backend   
   <not supported>      instructions             
   <not supported>      branches                 
   <not supported>      branch-misses            

       0.883170896 seconds time elapsed

MODO = sem I/O e alloc. memoria

 Performance counter stats for './mandelbrot_pth -0.8 -0.7 0.05 0.15 2048 32 sem':

       7018.686500      task-clock (msec)         #    7.942 CPUs utilized          
               896      context-switches          #    0.128 K/sec                  
                32      cpu-migrations            #    0.005 K/sec                  
               127      page-faults               #    0.018 K/sec                  
   <not supported>      cycles                   
   <not supported>      stalled-cycles-frontend  
   <not supported>      stalled-cycles-backend   
   <not supported>      instructions             
   <not supported>      branches                 
   <not supported>      branch-misses            

       0.883717952 seconds time elapsed

MODO = sem I/O e alloc. memoria

 Performance counter stats for './mandelbrot_pth -0.8 -0.7 0.05 0.15 4096 32 sem':

      28028.320050      task-clock (msec)         #    7.979 CPUs utilized          
             3,544      context-switches          #    0.126 K/sec                  
                32      cpu-migrations            #    0.001 K/sec                  
               129      page-faults               #    0.005 K/sec                  
   <not supported>      cycles                   
   <not supported>      stalled-cycles-frontend  
   <not supported>      stalled-cycles-backend   
   <not supported>      instructions             
   <not supported>      branches                 
   <not supported>      branch-misses            

       3.512584966 seconds time elapsed

MODO = sem I/O e alloc. memoria

 Performance counter stats for './mandelbrot_pth -0.8 -0.7 0.05 0.15 4096 32 sem':

      28022.353197      task-clock (msec)         #    7.988 CPUs utilized          
             3,530      context-switches          #    0.126 K/sec                  
                30      cpu-migrations            #    0.001 K/sec                  
               131      page-faults               #    0.005 K/sec                  
   <not supported>      cycles                   
   <not supported>      stalled-cycles-frontend  
   <not supported>      stalled-cycles-backend   
   <not supported>      instructions             
   <not supported>      branches                 
   <not supported>      branch-misses            

       3.507982136 seconds time elapsed

MODO = sem I/O e alloc. memoria

 Performance counter stats for './mandelbrot_pth -0.8 -0.7 0.05 0.15 4096 32 sem':

      28014.614931      task-clock (msec)         #    7.989 CPUs utilized          
             3,516      context-switches          #    0.126 K/sec                  
                31      cpu-migrations            #    0.001 K/sec                  
               129      page-faults               #    0.005 K/sec                  
   <not supported>      cycles                   
   <not supported>      stalled-cycles-frontend  
   <not supported>      stalled-cycles-backend   
   <not supported>      instructions             
   <not supported>      branches                 
   <not supported>      branch-misses            

       3.506513048 seconds time elapsed

MODO = sem I/O e alloc. memoria

 Performance counter stats for './mandelbrot_pth -0.8 -0.7 0.05 0.15 4096 32 sem':

      28034.283815      task-clock (msec)         #    7.993 CPUs utilized          
             3,530      context-switches          #    0.126 K/sec                  
                30      cpu-migrations            #    0.001 K/sec                  
               129      page-faults               #    0.005 K/sec                  
   <not supported>      cycles                   
   <not supported>      stalled-cycles-frontend  
   <not supported>      stalled-cycles-backend   
   <not supported>      instructions             
   <not supported>      branches                 
   <not supported>      branch-misses            

       3.507343047 seconds time elapsed

MODO = sem I/O e alloc. memoria

 Performance counter stats for './mandelbrot_pth -0.8 -0.7 0.05 0.15 4096 32 sem':

      28037.257086      task-clock (msec)         #    7.982 CPUs utilized          
             3,539      context-switches          #    0.126 K/sec                  
                30      cpu-migrations            #    0.001 K/sec                  
               126      page-faults               #    0.004 K/sec                  
   <not supported>      cycles                   
   <not supported>      stalled-cycles-frontend  
   <not supported>      stalled-cycles-backend   
   <not supported>      instructions             
   <not supported>      branches                 
   <not supported>      branch-misses            

       3.512355869 seconds time elapsed

MODO = sem I/O e alloc. memoria

 Performance counter stats for './mandelbrot_pth -0.8 -0.7 0.05 0.15 4096 32 sem':

      28025.241606      task-clock (msec)         #    7.992 CPUs utilized          
             3,516      context-switches          #    0.125 K/sec                  
                33      cpu-migrations            #    0.001 K/sec                  
               129      page-faults               #    0.005 K/sec                  
   <not supported>      cycles                   
   <not supported>      stalled-cycles-frontend  
   <not supported>      stalled-cycles-backend   
   <not supported>      instructions             
   <not supported>      branches                 
   <not supported>      branch-misses            

       3.506485511 seconds time elapsed

MODO = sem I/O e alloc. memoria

 Performance counter stats for './mandelbrot_pth -0.8 -0.7 0.05 0.15 4096 32 sem':

      28025.967319      task-clock (msec)         #    7.986 CPUs utilized          
             3,529      context-switches          #    0.126 K/sec                  
                34      cpu-migrations            #    0.001 K/sec                  
               129      page-faults               #    0.005 K/sec                  
   <not supported>      cycles                   
   <not supported>      stalled-cycles-frontend  
   <not supported>      stalled-cycles-backend   
   <not supported>      instructions             
   <not supported>      branches                 
   <not supported>      branch-misses            

       3.509192900 seconds time elapsed

MODO = sem I/O e alloc. memoria

 Performance counter stats for './mandelbrot_pth -0.8 -0.7 0.05 0.15 4096 32 sem':

      28022.475317      task-clock (msec)         #    7.988 CPUs utilized          
             3,526      context-switches          #    0.126 K/sec                  
                33      cpu-migrations            #    0.001 K/sec                  
               126      page-faults               #    0.004 K/sec                  
   <not supported>      cycles                   
   <not supported>      stalled-cycles-frontend  
   <not supported>      stalled-cycles-backend   
   <not supported>      instructions             
   <not supported>      branches                 
   <not supported>      branch-misses            

       3.507945678 seconds time elapsed

MODO = sem I/O e alloc. memoria

 Performance counter stats for './mandelbrot_pth -0.8 -0.7 0.05 0.15 4096 32 sem':

      28025.580738      task-clock (msec)         #    7.987 CPUs utilized          
             3,533      context-switches          #    0.126 K/sec                  
                32      cpu-migrations            #    0.001 K/sec                  
               126      page-faults               #    0.004 K/sec                  
   <not supported>      cycles                   
   <not supported>      stalled-cycles-frontend  
   <not supported>      stalled-cycles-backend   
   <not supported>      instructions             
   <not supported>      branches                 
   <not supported>      branch-misses            

       3.508805268 seconds time elapsed

MODO = sem I/O e alloc. memoria

 Performance counter stats for './mandelbrot_pth -0.8 -0.7 0.05 0.15 4096 32 sem':

      28015.421747      task-clock (msec)         #    7.988 CPUs utilized          
             3,523      context-switches          #    0.126 K/sec                  
                34      cpu-migrations            #    0.001 K/sec                  
               129      page-faults               #    0.005 K/sec                  
   <not supported>      cycles                   
   <not supported>      stalled-cycles-frontend  
   <not supported>      stalled-cycles-backend   
   <not supported>      instructions             
   <not supported>      branches                 
   <not supported>      branch-misses            

       3.507363557 seconds time elapsed

MODO = sem I/O e alloc. memoria

 Performance counter stats for './mandelbrot_pth -0.8 -0.7 0.05 0.15 8192 32 sem':

     112042.775271      task-clock (msec)         #    7.992 CPUs utilized          
            14,041      context-switches          #    0.125 K/sec                  
                35      cpu-migrations            #    0.000 K/sec                  
               129      page-faults               #    0.001 K/sec                  
   <not supported>      cycles                   
   <not supported>      stalled-cycles-frontend  
   <not supported>      stalled-cycles-backend   
   <not supported>      instructions             
   <not supported>      branches                 
   <not supported>      branch-misses            

      14.018632500 seconds time elapsed

MODO = sem I/O e alloc. memoria

 Performance counter stats for './mandelbrot_pth -0.8 -0.7 0.05 0.15 8192 32 sem':

     112136.693528      task-clock (msec)         #    7.995 CPUs utilized          
            14,057      context-switches          #    0.125 K/sec                  
                37      cpu-migrations            #    0.000 K/sec                  
               129      page-faults               #    0.001 K/sec                  
   <not supported>      cycles                   
   <not supported>      stalled-cycles-frontend  
   <not supported>      stalled-cycles-backend   
   <not supported>      instructions             
   <not supported>      branches                 
   <not supported>      branch-misses            

      14.025179068 seconds time elapsed

MODO = sem I/O e alloc. memoria

 Performance counter stats for './mandelbrot_pth -0.8 -0.7 0.05 0.15 8192 32 sem':

     112062.876499      task-clock (msec)         #    7.989 CPUs utilized          
            14,071      context-switches          #    0.126 K/sec                  
                32      cpu-migrations            #    0.000 K/sec                  
               127      page-faults               #    0.001 K/sec                  
   <not supported>      cycles                   
   <not supported>      stalled-cycles-frontend  
   <not supported>      stalled-cycles-backend   
   <not supported>      instructions             
   <not supported>      branches                 
   <not supported>      branch-misses            

      14.026320294 seconds time elapsed

MODO = sem I/O e alloc. memoria

 Performance counter stats for './mandelbrot_pth -0.8 -0.7 0.05 0.15 8192 32 sem':

     112060.595562      task-clock (msec)         #    7.997 CPUs utilized          
            14,061      context-switches          #    0.125 K/sec                  
                33      cpu-migrations            #    0.000 K/sec                  
               129      page-faults               #    0.001 K/sec                  
   <not supported>      cycles                   
   <not supported>      stalled-cycles-frontend  
   <not supported>      stalled-cycles-backend   
   <not supported>      instructions             
   <not supported>      branches                 
   <not supported>      branch-misses            

      14.012623531 seconds time elapsed

MODO = sem I/O e alloc. memoria

 Performance counter stats for './mandelbrot_pth -0.8 -0.7 0.05 0.15 8192 32 sem':

     112092.066413      task-clock (msec)         #    7.997 CPUs utilized          
            14,058      context-switches          #    0.125 K/sec                  
                29      cpu-migrations            #    0.000 K/sec                  
               127      page-faults               #    0.001 K/sec                  
   <not supported>      cycles                   
   <not supported>      stalled-cycles-frontend  
   <not supported>      stalled-cycles-backend   
   <not supported>      instructions             
   <not supported>      branches                 
   <not supported>      branch-misses            

      14.016507667 seconds time elapsed

MODO = sem I/O e alloc. memoria

 Performance counter stats for './mandelbrot_pth -0.8 -0.7 0.05 0.15 8192 32 sem':

     112050.734941      task-clock (msec)         #    7.995 CPUs utilized          
            14,055      context-switches          #    0.125 K/sec                  
                35      cpu-migrations            #    0.000 K/sec                  
               126      page-faults               #    0.001 K/sec                  
   <not supported>      cycles                   
   <not supported>      stalled-cycles-frontend  
   <not supported>      stalled-cycles-backend   
   <not supported>      instructions             
   <not supported>      branches                 
   <not supported>      branch-misses            

      14.015180557 seconds time elapsed

MODO = sem I/O e alloc. memoria

 Performance counter stats for './mandelbrot_pth -0.8 -0.7 0.05 0.15 8192 32 sem':

     112055.395302      task-clock (msec)         #    7.990 CPUs utilized          
            14,060      context-switches          #    0.125 K/sec                  
                33      cpu-migrations            #    0.000 K/sec                  
               126      page-faults               #    0.001 K/sec                  
   <not supported>      cycles                   
   <not supported>      stalled-cycles-frontend  
   <not supported>      stalled-cycles-backend   
   <not supported>      instructions             
   <not supported>      branches                 
   <not supported>      branch-misses            

      14.024194541 seconds time elapsed

MODO = sem I/O e alloc. memoria

 Performance counter stats for './mandelbrot_pth -0.8 -0.7 0.05 0.15 8192 32 sem':

     112111.389522      task-clock (msec)         #    7.990 CPUs utilized          
            14,045      context-switches          #    0.125 K/sec                  
                36      cpu-migrations            #    0.000 K/sec                  
               126      page-faults               #    0.001 K/sec                  
   <not supported>      cycles                   
   <not supported>      stalled-cycles-frontend  
   <not supported>      stalled-cycles-backend   
   <not supported>      instructions             
   <not supported>      branches                 
   <not supported>      branch-misses            

      14.032131446 seconds time elapsed

MODO = sem I/O e alloc. memoria

 Performance counter stats for './mandelbrot_pth -0.8 -0.7 0.05 0.15 8192 32 sem':

     112098.864979      task-clock (msec)         #    7.996 CPUs utilized          
            14,085      context-switches          #    0.126 K/sec                  
                35      cpu-migrations            #    0.000 K/sec                  
               128      page-faults               #    0.001 K/sec                  
   <not supported>      cycles                   
   <not supported>      stalled-cycles-frontend  
   <not supported>      stalled-cycles-backend   
   <not supported>      instructions             
   <not supported>      branches                 
   <not supported>      branch-misses            

      14.019296050 seconds time elapsed

MODO = sem I/O e alloc. memoria

 Performance counter stats for './mandelbrot_pth -0.8 -0.7 0.05 0.15 8192 32 sem':

     112176.394807      task-clock (msec)         #    7.971 CPUs utilized          
            14,060      context-switches          #    0.125 K/sec                  
                35      cpu-migrations            #    0.000 K/sec                  
               130      page-faults               #    0.001 K/sec                  
   <not supported>      cycles                   
   <not supported>      stalled-cycles-frontend  
   <not supported>      stalled-cycles-backend   
   <not supported>      instructions             
   <not supported>      branches                 
   <not supported>      branch-misses            

      14.072512525 seconds time elapsed

