MODO = sem I/O e alloc. memoria

 Performance counter stats for './mandelbrot_pth -0.8 -0.7 0.05 0.15 16 4 sem':

          1.049722      task-clock (msec)         #    1.128 CPUs utilized          
                 6      context-switches          #    0.006 M/sec                  
                 4      cpu-migrations            #    0.004 M/sec                  
                69      page-faults               #    0.066 M/sec                  
   <not supported>      cycles                   
   <not supported>      stalled-cycles-frontend  
   <not supported>      stalled-cycles-backend   
   <not supported>      instructions             
   <not supported>      branches                 
   <not supported>      branch-misses            

       0.000930269 seconds time elapsed

MODO = sem I/O e alloc. memoria

 Performance counter stats for './mandelbrot_pth -0.8 -0.7 0.05 0.15 16 4 sem':

          1.150316      task-clock (msec)         #    1.218 CPUs utilized          
                 6      context-switches          #    0.005 M/sec                  
                 4      cpu-migrations            #    0.003 M/sec                  
                71      page-faults               #    0.062 M/sec                  
   <not supported>      cycles                   
   <not supported>      stalled-cycles-frontend  
   <not supported>      stalled-cycles-backend   
   <not supported>      instructions             
   <not supported>      branches                 
   <not supported>      branch-misses            

       0.000944044 seconds time elapsed

MODO = sem I/O e alloc. memoria

 Performance counter stats for './mandelbrot_pth -0.8 -0.7 0.05 0.15 16 4 sem':

          1.022778      task-clock (msec)         #    1.113 CPUs utilized          
                 6      context-switches          #    0.006 M/sec                  
                 4      cpu-migrations            #    0.004 M/sec                  
                71      page-faults               #    0.069 M/sec                  
   <not supported>      cycles                   
   <not supported>      stalled-cycles-frontend  
   <not supported>      stalled-cycles-backend   
   <not supported>      instructions             
   <not supported>      branches                 
   <not supported>      branch-misses            

       0.000918765 seconds time elapsed

MODO = sem I/O e alloc. memoria

 Performance counter stats for './mandelbrot_pth -0.8 -0.7 0.05 0.15 16 4 sem':

          0.979473      task-clock (msec)         #    1.149 CPUs utilized          
                 5      context-switches          #    0.005 M/sec                  
                 4      cpu-migrations            #    0.004 M/sec                  
                71      page-faults               #    0.072 M/sec                  
   <not supported>      cycles                   
   <not supported>      stalled-cycles-frontend  
   <not supported>      stalled-cycles-backend   
   <not supported>      instructions             
   <not supported>      branches                 
   <not supported>      branch-misses            

       0.000852674 seconds time elapsed

MODO = sem I/O e alloc. memoria

 Performance counter stats for './mandelbrot_pth -0.8 -0.7 0.05 0.15 16 4 sem':

          1.147416      task-clock (msec)         #    1.100 CPUs utilized          
                 4      context-switches          #    0.003 M/sec                  
                 5      cpu-migrations            #    0.004 M/sec                  
                68      page-faults               #    0.059 M/sec                  
   <not supported>      cycles                   
   <not supported>      stalled-cycles-frontend  
   <not supported>      stalled-cycles-backend   
   <not supported>      instructions             
   <not supported>      branches                 
   <not supported>      branch-misses            

       0.001043414 seconds time elapsed

MODO = sem I/O e alloc. memoria

 Performance counter stats for './mandelbrot_pth -0.8 -0.7 0.05 0.15 16 4 sem':

          1.000335      task-clock (msec)         #    1.159 CPUs utilized          
                 6      context-switches          #    0.006 M/sec                  
                 4      cpu-migrations            #    0.004 M/sec                  
                70      page-faults               #    0.070 M/sec                  
   <not supported>      cycles                   
   <not supported>      stalled-cycles-frontend  
   <not supported>      stalled-cycles-backend   
   <not supported>      instructions             
   <not supported>      branches                 
   <not supported>      branch-misses            

       0.000863009 seconds time elapsed

MODO = sem I/O e alloc. memoria

 Performance counter stats for './mandelbrot_pth -0.8 -0.7 0.05 0.15 16 4 sem':

          1.153165      task-clock (msec)         #    1.080 CPUs utilized          
                 5      context-switches          #    0.004 M/sec                  
                 5      cpu-migrations            #    0.004 M/sec                  
                71      page-faults               #    0.062 M/sec                  
   <not supported>      cycles                   
   <not supported>      stalled-cycles-frontend  
   <not supported>      stalled-cycles-backend   
   <not supported>      instructions             
   <not supported>      branches                 
   <not supported>      branch-misses            

       0.001068026 seconds time elapsed

MODO = sem I/O e alloc. memoria

 Performance counter stats for './mandelbrot_pth -0.8 -0.7 0.05 0.15 16 4 sem':

          1.014431      task-clock (msec)         #    1.122 CPUs utilized          
                 6      context-switches          #    0.006 M/sec                  
                 4      cpu-migrations            #    0.004 M/sec                  
                71      page-faults               #    0.070 M/sec                  
   <not supported>      cycles                   
   <not supported>      stalled-cycles-frontend  
   <not supported>      stalled-cycles-backend   
   <not supported>      instructions             
   <not supported>      branches                 
   <not supported>      branch-misses            

       0.000904076 seconds time elapsed

MODO = sem I/O e alloc. memoria

 Performance counter stats for './mandelbrot_pth -0.8 -0.7 0.05 0.15 16 4 sem':

          1.026307      task-clock (msec)         #    1.159 CPUs utilized          
                 6      context-switches          #    0.006 M/sec                  
                 4      cpu-migrations            #    0.004 M/sec                  
                71      page-faults               #    0.069 M/sec                  
   <not supported>      cycles                   
   <not supported>      stalled-cycles-frontend  
   <not supported>      stalled-cycles-backend   
   <not supported>      instructions             
   <not supported>      branches                 
   <not supported>      branch-misses            

       0.000885613 seconds time elapsed

MODO = sem I/O e alloc. memoria

 Performance counter stats for './mandelbrot_pth -0.8 -0.7 0.05 0.15 16 4 sem':

          1.060531      task-clock (msec)         #    1.135 CPUs utilized          
                 5      context-switches          #    0.005 M/sec                  
                 4      cpu-migrations            #    0.004 M/sec                  
                68      page-faults               #    0.064 M/sec                  
   <not supported>      cycles                   
   <not supported>      stalled-cycles-frontend  
   <not supported>      stalled-cycles-backend   
   <not supported>      instructions             
   <not supported>      branches                 
   <not supported>      branch-misses            

       0.000934389 seconds time elapsed

MODO = sem I/O e alloc. memoria

 Performance counter stats for './mandelbrot_pth -0.8 -0.7 0.05 0.15 32 4 sem':

          2.168288      task-clock (msec)         #    1.792 CPUs utilized          
                 4      context-switches          #    0.002 M/sec                  
                 5      cpu-migrations            #    0.002 M/sec                  
                69      page-faults               #    0.032 M/sec                  
   <not supported>      cycles                   
   <not supported>      stalled-cycles-frontend  
   <not supported>      stalled-cycles-backend   
   <not supported>      instructions             
   <not supported>      branches                 
   <not supported>      branch-misses            

       0.001210195 seconds time elapsed

MODO = sem I/O e alloc. memoria

 Performance counter stats for './mandelbrot_pth -0.8 -0.7 0.05 0.15 32 4 sem':

          2.112213      task-clock (msec)         #    1.818 CPUs utilized          
                 4      context-switches          #    0.002 M/sec                  
                 4      cpu-migrations            #    0.002 M/sec                  
                69      page-faults               #    0.033 M/sec                  
   <not supported>      cycles                   
   <not supported>      stalled-cycles-frontend  
   <not supported>      stalled-cycles-backend   
   <not supported>      instructions             
   <not supported>      branches                 
   <not supported>      branch-misses            

       0.001161696 seconds time elapsed

MODO = sem I/O e alloc. memoria

 Performance counter stats for './mandelbrot_pth -0.8 -0.7 0.05 0.15 32 4 sem':

          2.126871      task-clock (msec)         #    1.839 CPUs utilized          
                 4      context-switches          #    0.002 M/sec                  
                 4      cpu-migrations            #    0.002 M/sec                  
                69      page-faults               #    0.032 M/sec                  
   <not supported>      cycles                   
   <not supported>      stalled-cycles-frontend  
   <not supported>      stalled-cycles-backend   
   <not supported>      instructions             
   <not supported>      branches                 
   <not supported>      branch-misses            

       0.001156496 seconds time elapsed

MODO = sem I/O e alloc. memoria

 Performance counter stats for './mandelbrot_pth -0.8 -0.7 0.05 0.15 32 4 sem':

          2.149334      task-clock (msec)         #    1.784 CPUs utilized          
                 4      context-switches          #    0.002 M/sec                  
                 4      cpu-migrations            #    0.002 M/sec                  
                68      page-faults               #    0.032 M/sec                  
   <not supported>      cycles                   
   <not supported>      stalled-cycles-frontend  
   <not supported>      stalled-cycles-backend   
   <not supported>      instructions             
   <not supported>      branches                 
   <not supported>      branch-misses            

       0.001204722 seconds time elapsed

MODO = sem I/O e alloc. memoria

 Performance counter stats for './mandelbrot_pth -0.8 -0.7 0.05 0.15 32 4 sem':

          2.163018      task-clock (msec)         #    1.762 CPUs utilized          
                 4      context-switches          #    0.002 M/sec                  
                 5      cpu-migrations            #    0.002 M/sec                  
                71      page-faults               #    0.033 M/sec                  
   <not supported>      cycles                   
   <not supported>      stalled-cycles-frontend  
   <not supported>      stalled-cycles-backend   
   <not supported>      instructions             
   <not supported>      branches                 
   <not supported>      branch-misses            

       0.001227252 seconds time elapsed

MODO = sem I/O e alloc. memoria

 Performance counter stats for './mandelbrot_pth -0.8 -0.7 0.05 0.15 32 4 sem':

          2.115770      task-clock (msec)         #    1.820 CPUs utilized          
                 4      context-switches          #    0.002 M/sec                  
                 4      cpu-migrations            #    0.002 M/sec                  
                71      page-faults               #    0.034 M/sec                  
   <not supported>      cycles                   
   <not supported>      stalled-cycles-frontend  
   <not supported>      stalled-cycles-backend   
   <not supported>      instructions             
   <not supported>      branches                 
   <not supported>      branch-misses            

       0.001162298 seconds time elapsed

MODO = sem I/O e alloc. memoria

 Performance counter stats for './mandelbrot_pth -0.8 -0.7 0.05 0.15 32 4 sem':

          2.138073      task-clock (msec)         #    1.773 CPUs utilized          
                 4      context-switches          #    0.002 M/sec                  
                 4      cpu-migrations            #    0.002 M/sec                  
                70      page-faults               #    0.033 M/sec                  
   <not supported>      cycles                   
   <not supported>      stalled-cycles-frontend  
   <not supported>      stalled-cycles-backend   
   <not supported>      instructions             
   <not supported>      branches                 
   <not supported>      branch-misses            

       0.001205971 seconds time elapsed

MODO = sem I/O e alloc. memoria

 Performance counter stats for './mandelbrot_pth -0.8 -0.7 0.05 0.15 32 4 sem':

          2.268734      task-clock (msec)         #    1.963 CPUs utilized          
                 7      context-switches          #    0.003 M/sec                  
                 4      cpu-migrations            #    0.002 M/sec                  
                71      page-faults               #    0.031 M/sec                  
   <not supported>      cycles                   
   <not supported>      stalled-cycles-frontend  
   <not supported>      stalled-cycles-backend   
   <not supported>      instructions             
   <not supported>      branches                 
   <not supported>      branch-misses            

       0.001155562 seconds time elapsed

MODO = sem I/O e alloc. memoria

 Performance counter stats for './mandelbrot_pth -0.8 -0.7 0.05 0.15 32 4 sem':

          2.253274      task-clock (msec)         #    1.936 CPUs utilized          
                 8      context-switches          #    0.004 M/sec                  
                 4      cpu-migrations            #    0.002 M/sec                  
                68      page-faults               #    0.030 M/sec                  
   <not supported>      cycles                   
   <not supported>      stalled-cycles-frontend  
   <not supported>      stalled-cycles-backend   
   <not supported>      instructions             
   <not supported>      branches                 
   <not supported>      branch-misses            

       0.001164073 seconds time elapsed

MODO = sem I/O e alloc. memoria

 Performance counter stats for './mandelbrot_pth -0.8 -0.7 0.05 0.15 32 4 sem':

          2.087556      task-clock (msec)         #    1.818 CPUs utilized          
                 6      context-switches          #    0.003 M/sec                  
                 4      cpu-migrations            #    0.002 M/sec                  
                71      page-faults               #    0.034 M/sec                  
   <not supported>      cycles                   
   <not supported>      stalled-cycles-frontend  
   <not supported>      stalled-cycles-backend   
   <not supported>      instructions             
   <not supported>      branches                 
   <not supported>      branch-misses            

       0.001148024 seconds time elapsed

MODO = sem I/O e alloc. memoria

 Performance counter stats for './mandelbrot_pth -0.8 -0.7 0.05 0.15 64 4 sem':

          6.423944      task-clock (msec)         #    2.904 CPUs utilized          
                 5      context-switches          #    0.778 K/sec                  
                 4      cpu-migrations            #    0.623 K/sec                  
                70      page-faults               #    0.011 M/sec                  
   <not supported>      cycles                   
   <not supported>      stalled-cycles-frontend  
   <not supported>      stalled-cycles-backend   
   <not supported>      instructions             
   <not supported>      branches                 
   <not supported>      branch-misses            

       0.002212087 seconds time elapsed

MODO = sem I/O e alloc. memoria

 Performance counter stats for './mandelbrot_pth -0.8 -0.7 0.05 0.15 64 4 sem':

          6.406594      task-clock (msec)         #    2.915 CPUs utilized          
                 5      context-switches          #    0.780 K/sec                  
                 4      cpu-migrations            #    0.624 K/sec                  
                70      page-faults               #    0.011 M/sec                  
   <not supported>      cycles                   
   <not supported>      stalled-cycles-frontend  
   <not supported>      stalled-cycles-backend   
   <not supported>      instructions             
   <not supported>      branches                 
   <not supported>      branch-misses            

       0.002197552 seconds time elapsed

MODO = sem I/O e alloc. memoria

 Performance counter stats for './mandelbrot_pth -0.8 -0.7 0.05 0.15 64 4 sem':

          6.625771      task-clock (msec)         #    2.902 CPUs utilized          
                 3      context-switches          #    0.453 K/sec                  
                 4      cpu-migrations            #    0.604 K/sec                  
                67      page-faults               #    0.010 M/sec                  
   <not supported>      cycles                   
   <not supported>      stalled-cycles-frontend  
   <not supported>      stalled-cycles-backend   
   <not supported>      instructions             
   <not supported>      branches                 
   <not supported>      branch-misses            

       0.002282850 seconds time elapsed

MODO = sem I/O e alloc. memoria

 Performance counter stats for './mandelbrot_pth -0.8 -0.7 0.05 0.15 64 4 sem':

          6.349247      task-clock (msec)         #    2.877 CPUs utilized          
                 6      context-switches          #    0.945 K/sec                  
                 4      cpu-migrations            #    0.630 K/sec                  
                71      page-faults               #    0.011 M/sec                  
   <not supported>      cycles                   
   <not supported>      stalled-cycles-frontend  
   <not supported>      stalled-cycles-backend   
   <not supported>      instructions             
   <not supported>      branches                 
   <not supported>      branch-misses            

       0.002206850 seconds time elapsed

MODO = sem I/O e alloc. memoria

 Performance counter stats for './mandelbrot_pth -0.8 -0.7 0.05 0.15 64 4 sem':

          6.398759      task-clock (msec)         #    2.914 CPUs utilized          
                 5      context-switches          #    0.781 K/sec                  
                 4      cpu-migrations            #    0.625 K/sec                  
                71      page-faults               #    0.011 M/sec                  
   <not supported>      cycles                   
   <not supported>      stalled-cycles-frontend  
   <not supported>      stalled-cycles-backend   
   <not supported>      instructions             
   <not supported>      branches                 
   <not supported>      branch-misses            

       0.002196096 seconds time elapsed

MODO = sem I/O e alloc. memoria

 Performance counter stats for './mandelbrot_pth -0.8 -0.7 0.05 0.15 64 4 sem':

          6.444705      task-clock (msec)         #    2.819 CPUs utilized          
                 5      context-switches          #    0.776 K/sec                  
                 4      cpu-migrations            #    0.621 K/sec                  
                71      page-faults               #    0.011 M/sec                  
   <not supported>      cycles                   
   <not supported>      stalled-cycles-frontend  
   <not supported>      stalled-cycles-backend   
   <not supported>      instructions             
   <not supported>      branches                 
   <not supported>      branch-misses            

       0.002285839 seconds time elapsed

MODO = sem I/O e alloc. memoria

 Performance counter stats for './mandelbrot_pth -0.8 -0.7 0.05 0.15 64 4 sem':

          6.365453      task-clock (msec)         #    2.894 CPUs utilized          
                 5      context-switches          #    0.785 K/sec                  
                 4      cpu-migrations            #    0.628 K/sec                  
                71      page-faults               #    0.011 M/sec                  
   <not supported>      cycles                   
   <not supported>      stalled-cycles-frontend  
   <not supported>      stalled-cycles-backend   
   <not supported>      instructions             
   <not supported>      branches                 
   <not supported>      branch-misses            

       0.002199160 seconds time elapsed

MODO = sem I/O e alloc. memoria

 Performance counter stats for './mandelbrot_pth -0.8 -0.7 0.05 0.15 64 4 sem':

          6.406080      task-clock (msec)         #    2.840 CPUs utilized          
                 6      context-switches          #    0.937 K/sec                  
                 4      cpu-migrations            #    0.624 K/sec                  
                70      page-faults               #    0.011 M/sec                  
   <not supported>      cycles                   
   <not supported>      stalled-cycles-frontend  
   <not supported>      stalled-cycles-backend   
   <not supported>      instructions             
   <not supported>      branches                 
   <not supported>      branch-misses            

       0.002255458 seconds time elapsed

MODO = sem I/O e alloc. memoria

 Performance counter stats for './mandelbrot_pth -0.8 -0.7 0.05 0.15 64 4 sem':

          6.357009      task-clock (msec)         #    2.879 CPUs utilized          
                 5      context-switches          #    0.787 K/sec                  
                 6      cpu-migrations            #    0.944 K/sec                  
                71      page-faults               #    0.011 M/sec                  
   <not supported>      cycles                   
   <not supported>      stalled-cycles-frontend  
   <not supported>      stalled-cycles-backend   
   <not supported>      instructions             
   <not supported>      branches                 
   <not supported>      branch-misses            

       0.002208058 seconds time elapsed

MODO = sem I/O e alloc. memoria

 Performance counter stats for './mandelbrot_pth -0.8 -0.7 0.05 0.15 64 4 sem':

          6.322863      task-clock (msec)         #    2.908 CPUs utilized          
                 4      context-switches          #    0.633 K/sec                  
                 4      cpu-migrations            #    0.633 K/sec                  
                68      page-faults               #    0.011 M/sec                  
   <not supported>      cycles                   
   <not supported>      stalled-cycles-frontend  
   <not supported>      stalled-cycles-backend   
   <not supported>      instructions             
   <not supported>      branches                 
   <not supported>      branch-misses            

       0.002174433 seconds time elapsed

MODO = sem I/O e alloc. memoria

 Performance counter stats for './mandelbrot_pth -0.8 -0.7 0.05 0.15 128 4 sem':

         23.490230      task-clock (msec)         #    3.612 CPUs utilized          
                 4      context-switches          #    0.170 K/sec                  
                 4      cpu-migrations            #    0.170 K/sec                  
                72      page-faults               #    0.003 M/sec                  
   <not supported>      cycles                   
   <not supported>      stalled-cycles-frontend  
   <not supported>      stalled-cycles-backend   
   <not supported>      instructions             
   <not supported>      branches                 
   <not supported>      branch-misses            

       0.006503626 seconds time elapsed

MODO = sem I/O e alloc. memoria

 Performance counter stats for './mandelbrot_pth -0.8 -0.7 0.05 0.15 128 4 sem':

         23.476817      task-clock (msec)         #    3.611 CPUs utilized          
                 4      context-switches          #    0.170 K/sec                  
                 4      cpu-migrations            #    0.170 K/sec                  
                69      page-faults               #    0.003 M/sec                  
   <not supported>      cycles                   
   <not supported>      stalled-cycles-frontend  
   <not supported>      stalled-cycles-backend   
   <not supported>      instructions             
   <not supported>      branches                 
   <not supported>      branch-misses            

       0.006501137 seconds time elapsed

MODO = sem I/O e alloc. memoria

 Performance counter stats for './mandelbrot_pth -0.8 -0.7 0.05 0.15 128 4 sem':

         23.371724      task-clock (msec)         #    3.623 CPUs utilized          
                 4      context-switches          #    0.171 K/sec                  
                 4      cpu-migrations            #    0.171 K/sec                  
                71      page-faults               #    0.003 M/sec                  
   <not supported>      cycles                   
   <not supported>      stalled-cycles-frontend  
   <not supported>      stalled-cycles-backend   
   <not supported>      instructions             
   <not supported>      branches                 
   <not supported>      branch-misses            

       0.006450964 seconds time elapsed

MODO = sem I/O e alloc. memoria

 Performance counter stats for './mandelbrot_pth -0.8 -0.7 0.05 0.15 128 4 sem':

         23.900528      task-clock (msec)         #    3.595 CPUs utilized          
                 4      context-switches          #    0.167 K/sec                  
                 4      cpu-migrations            #    0.167 K/sec                  
                70      page-faults               #    0.003 M/sec                  
   <not supported>      cycles                   
   <not supported>      stalled-cycles-frontend  
   <not supported>      stalled-cycles-backend   
   <not supported>      instructions             
   <not supported>      branches                 
   <not supported>      branch-misses            

       0.006647408 seconds time elapsed

MODO = sem I/O e alloc. memoria

 Performance counter stats for './mandelbrot_pth -0.8 -0.7 0.05 0.15 128 4 sem':

         23.388608      task-clock (msec)         #    3.607 CPUs utilized          
                 4      context-switches          #    0.171 K/sec                  
                 4      cpu-migrations            #    0.171 K/sec                  
                72      page-faults               #    0.003 M/sec                  
   <not supported>      cycles                   
   <not supported>      stalled-cycles-frontend  
   <not supported>      stalled-cycles-backend   
   <not supported>      instructions             
   <not supported>      branches                 
   <not supported>      branch-misses            

       0.006483456 seconds time elapsed

MODO = sem I/O e alloc. memoria

 Performance counter stats for './mandelbrot_pth -0.8 -0.7 0.05 0.15 128 4 sem':

         23.444555      task-clock (msec)         #    3.612 CPUs utilized          
                 4      context-switches          #    0.171 K/sec                  
                 4      cpu-migrations            #    0.171 K/sec                  
                69      page-faults               #    0.003 M/sec                  
   <not supported>      cycles                   
   <not supported>      stalled-cycles-frontend  
   <not supported>      stalled-cycles-backend   
   <not supported>      instructions             
   <not supported>      branches                 
   <not supported>      branch-misses            

       0.006490101 seconds time elapsed

MODO = sem I/O e alloc. memoria

 Performance counter stats for './mandelbrot_pth -0.8 -0.7 0.05 0.15 128 4 sem':

         23.480567      task-clock (msec)         #    3.603 CPUs utilized          
                 4      context-switches          #    0.170 K/sec                  
                 4      cpu-migrations            #    0.170 K/sec                  
                70      page-faults               #    0.003 M/sec                  
   <not supported>      cycles                   
   <not supported>      stalled-cycles-frontend  
   <not supported>      stalled-cycles-backend   
   <not supported>      instructions             
   <not supported>      branches                 
   <not supported>      branch-misses            

       0.006516816 seconds time elapsed

MODO = sem I/O e alloc. memoria

 Performance counter stats for './mandelbrot_pth -0.8 -0.7 0.05 0.15 128 4 sem':

         23.512514      task-clock (msec)         #    3.620 CPUs utilized          
                 5      context-switches          #    0.213 K/sec                  
                 4      cpu-migrations            #    0.170 K/sec                  
                70      page-faults               #    0.003 M/sec                  
   <not supported>      cycles                   
   <not supported>      stalled-cycles-frontend  
   <not supported>      stalled-cycles-backend   
   <not supported>      instructions             
   <not supported>      branches                 
   <not supported>      branch-misses            

       0.006495678 seconds time elapsed

MODO = sem I/O e alloc. memoria

 Performance counter stats for './mandelbrot_pth -0.8 -0.7 0.05 0.15 128 4 sem':

         23.431088      task-clock (msec)         #    3.604 CPUs utilized          
                 4      context-switches          #    0.171 K/sec                  
                 4      cpu-migrations            #    0.171 K/sec                  
                68      page-faults               #    0.003 M/sec                  
   <not supported>      cycles                   
   <not supported>      stalled-cycles-frontend  
   <not supported>      stalled-cycles-backend   
   <not supported>      instructions             
   <not supported>      branches                 
   <not supported>      branch-misses            

       0.006500972 seconds time elapsed

MODO = sem I/O e alloc. memoria

 Performance counter stats for './mandelbrot_pth -0.8 -0.7 0.05 0.15 128 4 sem':

         23.474630      task-clock (msec)         #    3.637 CPUs utilized          
                 4      context-switches          #    0.170 K/sec                  
                 4      cpu-migrations            #    0.170 K/sec                  
                70      page-faults               #    0.003 M/sec                  
   <not supported>      cycles                   
   <not supported>      stalled-cycles-frontend  
   <not supported>      stalled-cycles-backend   
   <not supported>      instructions             
   <not supported>      branches                 
   <not supported>      branch-misses            

       0.006453527 seconds time elapsed

MODO = sem I/O e alloc. memoria

 Performance counter stats for './mandelbrot_pth -0.8 -0.7 0.05 0.15 256 4 sem':

         91.628354      task-clock (msec)         #    3.896 CPUs utilized          
                 4      context-switches          #    0.044 K/sec                  
                 4      cpu-migrations            #    0.044 K/sec                  
                70      page-faults               #    0.764 K/sec                  
   <not supported>      cycles                   
   <not supported>      stalled-cycles-frontend  
   <not supported>      stalled-cycles-backend   
   <not supported>      instructions             
   <not supported>      branches                 
   <not supported>      branch-misses            

       0.023516672 seconds time elapsed

MODO = sem I/O e alloc. memoria

 Performance counter stats for './mandelbrot_pth -0.8 -0.7 0.05 0.15 256 4 sem':

         91.678566      task-clock (msec)         #    3.892 CPUs utilized          
                 4      context-switches          #    0.044 K/sec                  
                 4      cpu-migrations            #    0.044 K/sec                  
                71      page-faults               #    0.774 K/sec                  
   <not supported>      cycles                   
   <not supported>      stalled-cycles-frontend  
   <not supported>      stalled-cycles-backend   
   <not supported>      instructions             
   <not supported>      branches                 
   <not supported>      branch-misses            

       0.023558113 seconds time elapsed

MODO = sem I/O e alloc. memoria

 Performance counter stats for './mandelbrot_pth -0.8 -0.7 0.05 0.15 256 4 sem':

         92.127354      task-clock (msec)         #    3.894 CPUs utilized          
                 6      context-switches          #    0.065 K/sec                  
                 4      cpu-migrations            #    0.043 K/sec                  
                70      page-faults               #    0.760 K/sec                  
   <not supported>      cycles                   
   <not supported>      stalled-cycles-frontend  
   <not supported>      stalled-cycles-backend   
   <not supported>      instructions             
   <not supported>      branches                 
   <not supported>      branch-misses            

       0.023657706 seconds time elapsed

MODO = sem I/O e alloc. memoria

 Performance counter stats for './mandelbrot_pth -0.8 -0.7 0.05 0.15 256 4 sem':

         91.853264      task-clock (msec)         #    3.898 CPUs utilized          
                11      context-switches          #    0.120 K/sec                  
                 4      cpu-migrations            #    0.044 K/sec                  
                71      page-faults               #    0.773 K/sec                  
   <not supported>      cycles                   
   <not supported>      stalled-cycles-frontend  
   <not supported>      stalled-cycles-backend   
   <not supported>      instructions             
   <not supported>      branches                 
   <not supported>      branch-misses            

       0.023561244 seconds time elapsed

MODO = sem I/O e alloc. memoria

 Performance counter stats for './mandelbrot_pth -0.8 -0.7 0.05 0.15 256 4 sem':

         91.714300      task-clock (msec)         #    3.895 CPUs utilized          
                 5      context-switches          #    0.055 K/sec                  
                 5      cpu-migrations            #    0.055 K/sec                  
                70      page-faults               #    0.763 K/sec                  
   <not supported>      cycles                   
   <not supported>      stalled-cycles-frontend  
   <not supported>      stalled-cycles-backend   
   <not supported>      instructions             
   <not supported>      branches                 
   <not supported>      branch-misses            

       0.023548735 seconds time elapsed

MODO = sem I/O e alloc. memoria

 Performance counter stats for './mandelbrot_pth -0.8 -0.7 0.05 0.15 256 4 sem':

         91.580840      task-clock (msec)         #    3.902 CPUs utilized          
                 4      context-switches          #    0.044 K/sec                  
                 4      cpu-migrations            #    0.044 K/sec                  
                67      page-faults               #    0.732 K/sec                  
   <not supported>      cycles                   
   <not supported>      stalled-cycles-frontend  
   <not supported>      stalled-cycles-backend   
   <not supported>      instructions             
   <not supported>      branches                 
   <not supported>      branch-misses            

       0.023471553 seconds time elapsed

MODO = sem I/O e alloc. memoria

 Performance counter stats for './mandelbrot_pth -0.8 -0.7 0.05 0.15 256 4 sem':

         91.668730      task-clock (msec)         #    3.898 CPUs utilized          
                 5      context-switches          #    0.055 K/sec                  
                 4      cpu-migrations            #    0.044 K/sec                  
                71      page-faults               #    0.775 K/sec                  
   <not supported>      cycles                   
   <not supported>      stalled-cycles-frontend  
   <not supported>      stalled-cycles-backend   
   <not supported>      instructions             
   <not supported>      branches                 
   <not supported>      branch-misses            

       0.023514227 seconds time elapsed

MODO = sem I/O e alloc. memoria

 Performance counter stats for './mandelbrot_pth -0.8 -0.7 0.05 0.15 256 4 sem':

         91.913693      task-clock (msec)         #    3.884 CPUs utilized          
                 5      context-switches          #    0.054 K/sec                  
                 4      cpu-migrations            #    0.044 K/sec                  
                71      page-faults               #    0.772 K/sec                  
   <not supported>      cycles                   
   <not supported>      stalled-cycles-frontend  
   <not supported>      stalled-cycles-backend   
   <not supported>      instructions             
   <not supported>      branches                 
   <not supported>      branch-misses            

       0.023665170 seconds time elapsed

MODO = sem I/O e alloc. memoria

 Performance counter stats for './mandelbrot_pth -0.8 -0.7 0.05 0.15 256 4 sem':

         91.757750      task-clock (msec)         #    3.895 CPUs utilized          
                 4      context-switches          #    0.044 K/sec                  
                 4      cpu-migrations            #    0.044 K/sec                  
                71      page-faults               #    0.774 K/sec                  
   <not supported>      cycles                   
   <not supported>      stalled-cycles-frontend  
   <not supported>      stalled-cycles-backend   
   <not supported>      instructions             
   <not supported>      branches                 
   <not supported>      branch-misses            

       0.023555251 seconds time elapsed

MODO = sem I/O e alloc. memoria

 Performance counter stats for './mandelbrot_pth -0.8 -0.7 0.05 0.15 256 4 sem':

         91.782265      task-clock (msec)         #    3.889 CPUs utilized          
                 4      context-switches          #    0.044 K/sec                  
                 4      cpu-migrations            #    0.044 K/sec                  
                70      page-faults               #    0.763 K/sec                  
   <not supported>      cycles                   
   <not supported>      stalled-cycles-frontend  
   <not supported>      stalled-cycles-backend   
   <not supported>      instructions             
   <not supported>      branches                 
   <not supported>      branch-misses            

       0.023597619 seconds time elapsed

MODO = sem I/O e alloc. memoria

 Performance counter stats for './mandelbrot_pth -0.8 -0.7 0.05 0.15 512 4 sem':

        364.643184      task-clock (msec)         #    3.969 CPUs utilized          
                 9      context-switches          #    0.025 K/sec                  
                 4      cpu-migrations            #    0.011 K/sec                  
                68      page-faults               #    0.186 K/sec                  
   <not supported>      cycles                   
   <not supported>      stalled-cycles-frontend  
   <not supported>      stalled-cycles-backend   
   <not supported>      instructions             
   <not supported>      branches                 
   <not supported>      branch-misses            

       0.091874710 seconds time elapsed

MODO = sem I/O e alloc. memoria

 Performance counter stats for './mandelbrot_pth -0.8 -0.7 0.05 0.15 512 4 sem':

        364.808069      task-clock (msec)         #    3.969 CPUs utilized          
                 5      context-switches          #    0.014 K/sec                  
                 4      cpu-migrations            #    0.011 K/sec                  
                70      page-faults               #    0.192 K/sec                  
   <not supported>      cycles                   
   <not supported>      stalled-cycles-frontend  
   <not supported>      stalled-cycles-backend   
   <not supported>      instructions             
   <not supported>      branches                 
   <not supported>      branch-misses            

       0.091917307 seconds time elapsed

MODO = sem I/O e alloc. memoria

 Performance counter stats for './mandelbrot_pth -0.8 -0.7 0.05 0.15 512 4 sem':

        364.490567      task-clock (msec)         #    3.969 CPUs utilized          
                 3      context-switches          #    0.008 K/sec                  
                 4      cpu-migrations            #    0.011 K/sec                  
                70      page-faults               #    0.192 K/sec                  
   <not supported>      cycles                   
   <not supported>      stalled-cycles-frontend  
   <not supported>      stalled-cycles-backend   
   <not supported>      instructions             
   <not supported>      branches                 
   <not supported>      branch-misses            

       0.091835442 seconds time elapsed

MODO = sem I/O e alloc. memoria

 Performance counter stats for './mandelbrot_pth -0.8 -0.7 0.05 0.15 512 4 sem':

        364.486541      task-clock (msec)         #    3.968 CPUs utilized          
                 7      context-switches          #    0.019 K/sec                  
                 4      cpu-migrations            #    0.011 K/sec                  
                71      page-faults               #    0.195 K/sec                  
   <not supported>      cycles                   
   <not supported>      stalled-cycles-frontend  
   <not supported>      stalled-cycles-backend   
   <not supported>      instructions             
   <not supported>      branches                 
   <not supported>      branch-misses            

       0.091863548 seconds time elapsed

MODO = sem I/O e alloc. memoria

 Performance counter stats for './mandelbrot_pth -0.8 -0.7 0.05 0.15 512 4 sem':

        364.839501      task-clock (msec)         #    3.964 CPUs utilized          
                 4      context-switches          #    0.011 K/sec                  
                 4      cpu-migrations            #    0.011 K/sec                  
                69      page-faults               #    0.189 K/sec                  
   <not supported>      cycles                   
   <not supported>      stalled-cycles-frontend  
   <not supported>      stalled-cycles-backend   
   <not supported>      instructions             
   <not supported>      branches                 
   <not supported>      branch-misses            

       0.092045935 seconds time elapsed

MODO = sem I/O e alloc. memoria

 Performance counter stats for './mandelbrot_pth -0.8 -0.7 0.05 0.15 512 4 sem':

        364.667621      task-clock (msec)         #    3.969 CPUs utilized          
                 4      context-switches          #    0.011 K/sec                  
                 4      cpu-migrations            #    0.011 K/sec                  
                69      page-faults               #    0.189 K/sec                  
   <not supported>      cycles                   
   <not supported>      stalled-cycles-frontend  
   <not supported>      stalled-cycles-backend   
   <not supported>      instructions             
   <not supported>      branches                 
   <not supported>      branch-misses            

       0.091879985 seconds time elapsed

MODO = sem I/O e alloc. memoria

 Performance counter stats for './mandelbrot_pth -0.8 -0.7 0.05 0.15 512 4 sem':

        364.668350      task-clock (msec)         #    3.964 CPUs utilized          
                 3      context-switches          #    0.008 K/sec                  
                 4      cpu-migrations            #    0.011 K/sec                  
                71      page-faults               #    0.195 K/sec                  
   <not supported>      cycles                   
   <not supported>      stalled-cycles-frontend  
   <not supported>      stalled-cycles-backend   
   <not supported>      instructions             
   <not supported>      branches                 
   <not supported>      branch-misses            

       0.092006498 seconds time elapsed

MODO = sem I/O e alloc. memoria

 Performance counter stats for './mandelbrot_pth -0.8 -0.7 0.05 0.15 512 4 sem':

        364.224187      task-clock (msec)         #    3.970 CPUs utilized          
                 5      context-switches          #    0.014 K/sec                  
                 5      cpu-migrations            #    0.014 K/sec                  
                68      page-faults               #    0.187 K/sec                  
   <not supported>      cycles                   
   <not supported>      stalled-cycles-frontend  
   <not supported>      stalled-cycles-backend   
   <not supported>      instructions             
   <not supported>      branches                 
   <not supported>      branch-misses            

       0.091750364 seconds time elapsed

MODO = sem I/O e alloc. memoria

 Performance counter stats for './mandelbrot_pth -0.8 -0.7 0.05 0.15 512 4 sem':

        366.766969      task-clock (msec)         #    3.954 CPUs utilized          
                 5      context-switches          #    0.014 K/sec                  
                 4      cpu-migrations            #    0.011 K/sec                  
                71      page-faults               #    0.194 K/sec                  
   <not supported>      cycles                   
   <not supported>      stalled-cycles-frontend  
   <not supported>      stalled-cycles-backend   
   <not supported>      instructions             
   <not supported>      branches                 
   <not supported>      branch-misses            

       0.092761715 seconds time elapsed

MODO = sem I/O e alloc. memoria

 Performance counter stats for './mandelbrot_pth -0.8 -0.7 0.05 0.15 512 4 sem':

        364.091080      task-clock (msec)         #    3.969 CPUs utilized          
                 4      context-switches          #    0.011 K/sec                  
                 4      cpu-migrations            #    0.011 K/sec                  
                71      page-faults               #    0.195 K/sec                  
   <not supported>      cycles                   
   <not supported>      stalled-cycles-frontend  
   <not supported>      stalled-cycles-backend   
   <not supported>      instructions             
   <not supported>      branches                 
   <not supported>      branch-misses            

       0.091743361 seconds time elapsed

MODO = sem I/O e alloc. memoria

 Performance counter stats for './mandelbrot_pth -0.8 -0.7 0.05 0.15 1024 4 sem':

       1461.306166      task-clock (msec)         #    3.958 CPUs utilized          
                10      context-switches          #    0.007 K/sec                  
                 5      cpu-migrations            #    0.003 K/sec                  
                70      page-faults               #    0.048 K/sec                  
   <not supported>      cycles                   
   <not supported>      stalled-cycles-frontend  
   <not supported>      stalled-cycles-backend   
   <not supported>      instructions             
   <not supported>      branches                 
   <not supported>      branch-misses            

       0.369233881 seconds time elapsed

MODO = sem I/O e alloc. memoria

 Performance counter stats for './mandelbrot_pth -0.8 -0.7 0.05 0.15 1024 4 sem':

       1457.281843      task-clock (msec)         #    3.978 CPUs utilized          
                 3      context-switches          #    0.002 K/sec                  
                 4      cpu-migrations            #    0.003 K/sec                  
                70      page-faults               #    0.048 K/sec                  
   <not supported>      cycles                   
   <not supported>      stalled-cycles-frontend  
   <not supported>      stalled-cycles-backend   
   <not supported>      instructions             
   <not supported>      branches                 
   <not supported>      branch-misses            

       0.366380786 seconds time elapsed

MODO = sem I/O e alloc. memoria

 Performance counter stats for './mandelbrot_pth -0.8 -0.7 0.05 0.15 1024 4 sem':

       1455.548912      task-clock (msec)         #    3.983 CPUs utilized          
                 2      context-switches          #    0.001 K/sec                  
                 4      cpu-migrations            #    0.003 K/sec                  
                71      page-faults               #    0.049 K/sec                  
   <not supported>      cycles                   
   <not supported>      stalled-cycles-frontend  
   <not supported>      stalled-cycles-backend   
   <not supported>      instructions             
   <not supported>      branches                 
   <not supported>      branch-misses            

       0.365465259 seconds time elapsed

MODO = sem I/O e alloc. memoria

 Performance counter stats for './mandelbrot_pth -0.8 -0.7 0.05 0.15 1024 4 sem':

       1455.457923      task-clock (msec)         #    3.987 CPUs utilized          
                 6      context-switches          #    0.004 K/sec                  
                 4      cpu-migrations            #    0.003 K/sec                  
                70      page-faults               #    0.048 K/sec                  
   <not supported>      cycles                   
   <not supported>      stalled-cycles-frontend  
   <not supported>      stalled-cycles-backend   
   <not supported>      instructions             
   <not supported>      branches                 
   <not supported>      branch-misses            

       0.365022585 seconds time elapsed

MODO = sem I/O e alloc. memoria

 Performance counter stats for './mandelbrot_pth -0.8 -0.7 0.05 0.15 1024 4 sem':

       1484.891167      task-clock (msec)         #    3.783 CPUs utilized          
                 7      context-switches          #    0.005 K/sec                  
                 4      cpu-migrations            #    0.003 K/sec                  
                70      page-faults               #    0.047 K/sec                  
   <not supported>      cycles                   
   <not supported>      stalled-cycles-frontend  
   <not supported>      stalled-cycles-backend   
   <not supported>      instructions             
   <not supported>      branches                 
   <not supported>      branch-misses            

       0.392484453 seconds time elapsed

MODO = sem I/O e alloc. memoria

 Performance counter stats for './mandelbrot_pth -0.8 -0.7 0.05 0.15 1024 4 sem':

       1454.107051      task-clock (msec)         #    3.982 CPUs utilized          
                 8      context-switches          #    0.006 K/sec                  
                 4      cpu-migrations            #    0.003 K/sec                  
                71      page-faults               #    0.049 K/sec                  
   <not supported>      cycles                   
   <not supported>      stalled-cycles-frontend  
   <not supported>      stalled-cycles-backend   
   <not supported>      instructions             
   <not supported>      branches                 
   <not supported>      branch-misses            

       0.365189996 seconds time elapsed

MODO = sem I/O e alloc. memoria

 Performance counter stats for './mandelbrot_pth -0.8 -0.7 0.05 0.15 1024 4 sem':

       1454.945069      task-clock (msec)         #    3.984 CPUs utilized          
                10      context-switches          #    0.007 K/sec                  
                 5      cpu-migrations            #    0.003 K/sec                  
                70      page-faults               #    0.048 K/sec                  
   <not supported>      cycles                   
   <not supported>      stalled-cycles-frontend  
   <not supported>      stalled-cycles-backend   
   <not supported>      instructions             
   <not supported>      branches                 
   <not supported>      branch-misses            

       0.365193504 seconds time elapsed

MODO = sem I/O e alloc. memoria

 Performance counter stats for './mandelbrot_pth -0.8 -0.7 0.05 0.15 1024 4 sem':

       1454.970838      task-clock (msec)         #    3.990 CPUs utilized          
                 9      context-switches          #    0.006 K/sec                  
                 5      cpu-migrations            #    0.003 K/sec                  
                72      page-faults               #    0.049 K/sec                  
   <not supported>      cycles                   
   <not supported>      stalled-cycles-frontend  
   <not supported>      stalled-cycles-backend   
   <not supported>      instructions             
   <not supported>      branches                 
   <not supported>      branch-misses            

       0.364666523 seconds time elapsed

MODO = sem I/O e alloc. memoria

 Performance counter stats for './mandelbrot_pth -0.8 -0.7 0.05 0.15 1024 4 sem':

       1463.917325      task-clock (msec)         #    3.906 CPUs utilized          
                 8      context-switches          #    0.005 K/sec                  
                 5      cpu-migrations            #    0.003 K/sec                  
                68      page-faults               #    0.046 K/sec                  
   <not supported>      cycles                   
   <not supported>      stalled-cycles-frontend  
   <not supported>      stalled-cycles-backend   
   <not supported>      instructions             
   <not supported>      branches                 
   <not supported>      branch-misses            

       0.374810245 seconds time elapsed

MODO = sem I/O e alloc. memoria

 Performance counter stats for './mandelbrot_pth -0.8 -0.7 0.05 0.15 1024 4 sem':

       1454.813747      task-clock (msec)         #    3.987 CPUs utilized          
                 3      context-switches          #    0.002 K/sec                  
                 5      cpu-migrations            #    0.003 K/sec                  
                68      page-faults               #    0.047 K/sec                  
   <not supported>      cycles                   
   <not supported>      stalled-cycles-frontend  
   <not supported>      stalled-cycles-backend   
   <not supported>      instructions             
   <not supported>      branches                 
   <not supported>      branch-misses            

       0.364907758 seconds time elapsed

MODO = sem I/O e alloc. memoria

 Performance counter stats for './mandelbrot_pth -0.8 -0.7 0.05 0.15 2048 4 sem':

       5818.533460      task-clock (msec)         #    3.991 CPUs utilized          
                20      context-switches          #    0.003 K/sec                  
                 4      cpu-migrations            #    0.001 K/sec                  
                68      page-faults               #    0.012 K/sec                  
   <not supported>      cycles                   
   <not supported>      stalled-cycles-frontend  
   <not supported>      stalled-cycles-backend   
   <not supported>      instructions             
   <not supported>      branches                 
   <not supported>      branch-misses            

       1.457804751 seconds time elapsed

MODO = sem I/O e alloc. memoria

 Performance counter stats for './mandelbrot_pth -0.8 -0.7 0.05 0.15 2048 4 sem':

       5828.448702      task-clock (msec)         #    3.981 CPUs utilized          
                17      context-switches          #    0.003 K/sec                  
                 4      cpu-migrations            #    0.001 K/sec                  
                71      page-faults               #    0.012 K/sec                  
   <not supported>      cycles                   
   <not supported>      stalled-cycles-frontend  
   <not supported>      stalled-cycles-backend   
   <not supported>      instructions             
   <not supported>      branches                 
   <not supported>      branch-misses            

       1.464211065 seconds time elapsed

MODO = sem I/O e alloc. memoria

 Performance counter stats for './mandelbrot_pth -0.8 -0.7 0.05 0.15 2048 4 sem':

       5831.749646      task-clock (msec)         #    3.992 CPUs utilized          
                17      context-switches          #    0.003 K/sec                  
                 5      cpu-migrations            #    0.001 K/sec                  
                68      page-faults               #    0.012 K/sec                  
   <not supported>      cycles                   
   <not supported>      stalled-cycles-frontend  
   <not supported>      stalled-cycles-backend   
   <not supported>      instructions             
   <not supported>      branches                 
   <not supported>      branch-misses            

       1.460744527 seconds time elapsed

MODO = sem I/O e alloc. memoria

 Performance counter stats for './mandelbrot_pth -0.8 -0.7 0.05 0.15 2048 4 sem':

       5832.022074      task-clock (msec)         #    3.974 CPUs utilized          
                 9      context-switches          #    0.002 K/sec                  
                 5      cpu-migrations            #    0.001 K/sec                  
                69      page-faults               #    0.012 K/sec                  
   <not supported>      cycles                   
   <not supported>      stalled-cycles-frontend  
   <not supported>      stalled-cycles-backend   
   <not supported>      instructions             
   <not supported>      branches                 
   <not supported>      branch-misses            

       1.467539057 seconds time elapsed

MODO = sem I/O e alloc. memoria

 Performance counter stats for './mandelbrot_pth -0.8 -0.7 0.05 0.15 2048 4 sem':

       5871.130109      task-clock (msec)         #    3.946 CPUs utilized          
                18      context-switches          #    0.003 K/sec                  
                 5      cpu-migrations            #    0.001 K/sec                  
                68      page-faults               #    0.012 K/sec                  
   <not supported>      cycles                   
   <not supported>      stalled-cycles-frontend  
   <not supported>      stalled-cycles-backend   
   <not supported>      instructions             
   <not supported>      branches                 
   <not supported>      branch-misses            

       1.487787091 seconds time elapsed

MODO = sem I/O e alloc. memoria

 Performance counter stats for './mandelbrot_pth -0.8 -0.7 0.05 0.15 2048 4 sem':

       5832.855093      task-clock (msec)         #    3.968 CPUs utilized          
                13      context-switches          #    0.002 K/sec                  
                 4      cpu-migrations            #    0.001 K/sec                  
                71      page-faults               #    0.012 K/sec                  
   <not supported>      cycles                   
   <not supported>      stalled-cycles-frontend  
   <not supported>      stalled-cycles-backend   
   <not supported>      instructions             
   <not supported>      branches                 
   <not supported>      branch-misses            

       1.470136090 seconds time elapsed

MODO = sem I/O e alloc. memoria

 Performance counter stats for './mandelbrot_pth -0.8 -0.7 0.05 0.15 2048 4 sem':

       5839.189632      task-clock (msec)         #    3.954 CPUs utilized          
                17      context-switches          #    0.003 K/sec                  
                 4      cpu-migrations            #    0.001 K/sec                  
                71      page-faults               #    0.012 K/sec                  
   <not supported>      cycles                   
   <not supported>      stalled-cycles-frontend  
   <not supported>      stalled-cycles-backend   
   <not supported>      instructions             
   <not supported>      branches                 
   <not supported>      branch-misses            

       1.476672625 seconds time elapsed

MODO = sem I/O e alloc. memoria

 Performance counter stats for './mandelbrot_pth -0.8 -0.7 0.05 0.15 2048 4 sem':

       5842.584810      task-clock (msec)         #    3.951 CPUs utilized          
                15      context-switches          #    0.003 K/sec                  
                 4      cpu-migrations            #    0.001 K/sec                  
                71      page-faults               #    0.012 K/sec                  
   <not supported>      cycles                   
   <not supported>      stalled-cycles-frontend  
   <not supported>      stalled-cycles-backend   
   <not supported>      instructions             
   <not supported>      branches                 
   <not supported>      branch-misses            

       1.478723349 seconds time elapsed

MODO = sem I/O e alloc. memoria

 Performance counter stats for './mandelbrot_pth -0.8 -0.7 0.05 0.15 2048 4 sem':

       5869.102353      task-clock (msec)         #    3.909 CPUs utilized          
                21      context-switches          #    0.004 K/sec                  
                 5      cpu-migrations            #    0.001 K/sec                  
                71      page-faults               #    0.012 K/sec                  
   <not supported>      cycles                   
   <not supported>      stalled-cycles-frontend  
   <not supported>      stalled-cycles-backend   
   <not supported>      instructions             
   <not supported>      branches                 
   <not supported>      branch-misses            

       1.501564434 seconds time elapsed

MODO = sem I/O e alloc. memoria

 Performance counter stats for './mandelbrot_pth -0.8 -0.7 0.05 0.15 2048 4 sem':

       5836.267942      task-clock (msec)         #    3.972 CPUs utilized          
                18      context-switches          #    0.003 K/sec                  
                 4      cpu-migrations            #    0.001 K/sec                  
                70      page-faults               #    0.012 K/sec                  
   <not supported>      cycles                   
   <not supported>      stalled-cycles-frontend  
   <not supported>      stalled-cycles-backend   
   <not supported>      instructions             
   <not supported>      branches                 
   <not supported>      branch-misses            

       1.469410071 seconds time elapsed

MODO = sem I/O e alloc. memoria

 Performance counter stats for './mandelbrot_pth -0.8 -0.7 0.05 0.15 4096 4 sem':

      23568.703653      task-clock (msec)         #    3.873 CPUs utilized          
                47      context-switches          #    0.002 K/sec                  
                 6      cpu-migrations            #    0.000 K/sec                  
                71      page-faults               #    0.003 K/sec                  
   <not supported>      cycles                   
   <not supported>      stalled-cycles-frontend  
   <not supported>      stalled-cycles-backend   
   <not supported>      instructions             
   <not supported>      branches                 
   <not supported>      branch-misses            

       6.085716728 seconds time elapsed

MODO = sem I/O e alloc. memoria

 Performance counter stats for './mandelbrot_pth -0.8 -0.7 0.05 0.15 4096 4 sem':

      23408.586810      task-clock (msec)         #    3.957 CPUs utilized          
                53      context-switches          #    0.002 K/sec                  
                 4      cpu-migrations            #    0.000 K/sec                  
                71      page-faults               #    0.003 K/sec                  
   <not supported>      cycles                   
   <not supported>      stalled-cycles-frontend  
   <not supported>      stalled-cycles-backend   
   <not supported>      instructions             
   <not supported>      branches                 
   <not supported>      branch-misses            

       5.915188379 seconds time elapsed

MODO = sem I/O e alloc. memoria

 Performance counter stats for './mandelbrot_pth -0.8 -0.7 0.05 0.15 4096 4 sem':

      23517.667784      task-clock (msec)         #    3.880 CPUs utilized          
                50      context-switches          #    0.002 K/sec                  
                 5      cpu-migrations            #    0.000 K/sec                  
                68      page-faults               #    0.003 K/sec                  
   <not supported>      cycles                   
   <not supported>      stalled-cycles-frontend  
   <not supported>      stalled-cycles-backend   
   <not supported>      instructions             
   <not supported>      branches                 
   <not supported>      branch-misses            

       6.060477353 seconds time elapsed

MODO = sem I/O e alloc. memoria

 Performance counter stats for './mandelbrot_pth -0.8 -0.7 0.05 0.15 4096 4 sem':

      23288.241158      task-clock (msec)         #    3.990 CPUs utilized          
                52      context-switches          #    0.002 K/sec                  
                 5      cpu-migrations            #    0.000 K/sec                  
                71      page-faults               #    0.003 K/sec                  
   <not supported>      cycles                   
   <not supported>      stalled-cycles-frontend  
   <not supported>      stalled-cycles-backend   
   <not supported>      instructions             
   <not supported>      branches                 
   <not supported>      branch-misses            

       5.835983896 seconds time elapsed

MODO = sem I/O e alloc. memoria

 Performance counter stats for './mandelbrot_pth -0.8 -0.7 0.05 0.15 4096 4 sem':

      23272.414771      task-clock (msec)         #    3.996 CPUs utilized          
                49      context-switches          #    0.002 K/sec                  
                 5      cpu-migrations            #    0.000 K/sec                  
                70      page-faults               #    0.003 K/sec                  
   <not supported>      cycles                   
   <not supported>      stalled-cycles-frontend  
   <not supported>      stalled-cycles-backend   
   <not supported>      instructions             
   <not supported>      branches                 
   <not supported>      branch-misses            

       5.823466666 seconds time elapsed

MODO = sem I/O e alloc. memoria

 Performance counter stats for './mandelbrot_pth -0.8 -0.7 0.05 0.15 4096 4 sem':

      23346.231912      task-clock (msec)         #    3.952 CPUs utilized          
                51      context-switches          #    0.002 K/sec                  
                 5      cpu-migrations            #    0.000 K/sec                  
                71      page-faults               #    0.003 K/sec                  
   <not supported>      cycles                   
   <not supported>      stalled-cycles-frontend  
   <not supported>      stalled-cycles-backend   
   <not supported>      instructions             
   <not supported>      branches                 
   <not supported>      branch-misses            

       5.906945259 seconds time elapsed

MODO = sem I/O e alloc. memoria

 Performance counter stats for './mandelbrot_pth -0.8 -0.7 0.05 0.15 4096 4 sem':

      23262.874533      task-clock (msec)         #    3.991 CPUs utilized          
                48      context-switches          #    0.002 K/sec                  
                 5      cpu-migrations            #    0.000 K/sec                  
                71      page-faults               #    0.003 K/sec                  
   <not supported>      cycles                   
   <not supported>      stalled-cycles-frontend  
   <not supported>      stalled-cycles-backend   
   <not supported>      instructions             
   <not supported>      branches                 
   <not supported>      branch-misses            

       5.829351703 seconds time elapsed

MODO = sem I/O e alloc. memoria

 Performance counter stats for './mandelbrot_pth -0.8 -0.7 0.05 0.15 4096 4 sem':

      23405.341528      task-clock (msec)         #    3.953 CPUs utilized          
                49      context-switches          #    0.002 K/sec                  
                 4      cpu-migrations            #    0.000 K/sec                  
                71      page-faults               #    0.003 K/sec                  
   <not supported>      cycles                   
   <not supported>      stalled-cycles-frontend  
   <not supported>      stalled-cycles-backend   
   <not supported>      instructions             
   <not supported>      branches                 
   <not supported>      branch-misses            

       5.921246420 seconds time elapsed

MODO = sem I/O e alloc. memoria

 Performance counter stats for './mandelbrot_pth -0.8 -0.7 0.05 0.15 4096 4 sem':

      23314.706120      task-clock (msec)         #    3.988 CPUs utilized          
                52      context-switches          #    0.002 K/sec                  
                 4      cpu-migrations            #    0.000 K/sec                  
                70      page-faults               #    0.003 K/sec                  
   <not supported>      cycles                   
   <not supported>      stalled-cycles-frontend  
   <not supported>      stalled-cycles-backend   
   <not supported>      instructions             
   <not supported>      branches                 
   <not supported>      branch-misses            

       5.846165531 seconds time elapsed

MODO = sem I/O e alloc. memoria

 Performance counter stats for './mandelbrot_pth -0.8 -0.7 0.05 0.15 4096 4 sem':

      23491.138202      task-clock (msec)         #    3.934 CPUs utilized          
                49      context-switches          #    0.002 K/sec                  
                 4      cpu-migrations            #    0.000 K/sec                  
                71      page-faults               #    0.003 K/sec                  
   <not supported>      cycles                   
   <not supported>      stalled-cycles-frontend  
   <not supported>      stalled-cycles-backend   
   <not supported>      instructions             
   <not supported>      branches                 
   <not supported>      branch-misses            

       5.971661462 seconds time elapsed

MODO = sem I/O e alloc. memoria

 Performance counter stats for './mandelbrot_pth -0.8 -0.7 0.05 0.15 8192 4 sem':

      93243.688089      task-clock (msec)         #    3.992 CPUs utilized          
               186      context-switches          #    0.002 K/sec                  
                 4      cpu-migrations            #    0.000 K/sec                  
                69      page-faults               #    0.001 K/sec                  
   <not supported>      cycles                   
   <not supported>      stalled-cycles-frontend  
   <not supported>      stalled-cycles-backend   
   <not supported>      instructions             
   <not supported>      branches                 
   <not supported>      branch-misses            

      23.359889851 seconds time elapsed

MODO = sem I/O e alloc. memoria

 Performance counter stats for './mandelbrot_pth -0.8 -0.7 0.05 0.15 8192 4 sem':

      93270.462871      task-clock (msec)         #    3.994 CPUs utilized          
               187      context-switches          #    0.002 K/sec                  
                 4      cpu-migrations            #    0.000 K/sec                  
                71      page-faults               #    0.001 K/sec                  
   <not supported>      cycles                   
   <not supported>      stalled-cycles-frontend  
   <not supported>      stalled-cycles-backend   
   <not supported>      instructions             
   <not supported>      branches                 
   <not supported>      branch-misses            

      23.351243081 seconds time elapsed

MODO = sem I/O e alloc. memoria

 Performance counter stats for './mandelbrot_pth -0.8 -0.7 0.05 0.15 8192 4 sem':

      93444.686496      task-clock (msec)         #    3.978 CPUs utilized          
               193      context-switches          #    0.002 K/sec                  
                 7      cpu-migrations            #    0.000 K/sec                  
                71      page-faults               #    0.001 K/sec                  
   <not supported>      cycles                   
   <not supported>      stalled-cycles-frontend  
   <not supported>      stalled-cycles-backend   
   <not supported>      instructions             
   <not supported>      branches                 
   <not supported>      branch-misses            

      23.488801122 seconds time elapsed

MODO = sem I/O e alloc. memoria

 Performance counter stats for './mandelbrot_pth -0.8 -0.7 0.05 0.15 8192 4 sem':

      93295.133260      task-clock (msec)         #    3.995 CPUs utilized          
               193      context-switches          #    0.002 K/sec                  
                 7      cpu-migrations            #    0.000 K/sec                  
                69      page-faults               #    0.001 K/sec                  
   <not supported>      cycles                   
   <not supported>      stalled-cycles-frontend  
   <not supported>      stalled-cycles-backend   
   <not supported>      instructions             
   <not supported>      branches                 
   <not supported>      branch-misses            

      23.350985902 seconds time elapsed

MODO = sem I/O e alloc. memoria

 Performance counter stats for './mandelbrot_pth -0.8 -0.7 0.05 0.15 8192 4 sem':

      93053.946313      task-clock (msec)         #    3.985 CPUs utilized          
               196      context-switches          #    0.002 K/sec                  
                 4      cpu-migrations            #    0.000 K/sec                  
                71      page-faults               #    0.001 K/sec                  
   <not supported>      cycles                   
   <not supported>      stalled-cycles-frontend  
   <not supported>      stalled-cycles-backend   
   <not supported>      instructions             
   <not supported>      branches                 
   <not supported>      branch-misses            

      23.348692505 seconds time elapsed

MODO = sem I/O e alloc. memoria

 Performance counter stats for './mandelbrot_pth -0.8 -0.7 0.05 0.15 8192 4 sem':

      93161.339445      task-clock (msec)         #    3.979 CPUs utilized          
               179      context-switches          #    0.002 K/sec                  
                 5      cpu-migrations            #    0.000 K/sec                  
                69      page-faults               #    0.001 K/sec                  
   <not supported>      cycles                   
   <not supported>      stalled-cycles-frontend  
   <not supported>      stalled-cycles-backend   
   <not supported>      instructions             
   <not supported>      branches                 
   <not supported>      branch-misses            

      23.411619374 seconds time elapsed

MODO = sem I/O e alloc. memoria

 Performance counter stats for './mandelbrot_pth -0.8 -0.7 0.05 0.15 8192 4 sem':

      93472.308928      task-clock (msec)         #    3.988 CPUs utilized          
               185      context-switches          #    0.002 K/sec                  
                 4      cpu-migrations            #    0.000 K/sec                  
                69      page-faults               #    0.001 K/sec                  
   <not supported>      cycles                   
   <not supported>      stalled-cycles-frontend  
   <not supported>      stalled-cycles-backend   
   <not supported>      instructions             
   <not supported>      branches                 
   <not supported>      branch-misses            

      23.436051107 seconds time elapsed

MODO = sem I/O e alloc. memoria

 Performance counter stats for './mandelbrot_pth -0.8 -0.7 0.05 0.15 8192 4 sem':

      93940.395782      task-clock (msec)         #    3.980 CPUs utilized          
               193      context-switches          #    0.002 K/sec                  
                 5      cpu-migrations            #    0.000 K/sec                  
                68      page-faults               #    0.001 K/sec                  
   <not supported>      cycles                   
   <not supported>      stalled-cycles-frontend  
   <not supported>      stalled-cycles-backend   
   <not supported>      instructions             
   <not supported>      branches                 
   <not supported>      branch-misses            

      23.600526902 seconds time elapsed

MODO = sem I/O e alloc. memoria

 Performance counter stats for './mandelbrot_pth -0.8 -0.7 0.05 0.15 8192 4 sem':

      93521.834789      task-clock (msec)         #    3.990 CPUs utilized          
               188      context-switches          #    0.002 K/sec                  
                 4      cpu-migrations            #    0.000 K/sec                  
                70      page-faults               #    0.001 K/sec                  
   <not supported>      cycles                   
   <not supported>      stalled-cycles-frontend  
   <not supported>      stalled-cycles-backend   
   <not supported>      instructions             
   <not supported>      branches                 
   <not supported>      branch-misses            

      23.436178335 seconds time elapsed

MODO = sem I/O e alloc. memoria

 Performance counter stats for './mandelbrot_pth -0.8 -0.7 0.05 0.15 8192 4 sem':

      93137.839283      task-clock (msec)         #    3.994 CPUs utilized          
               184      context-switches          #    0.002 K/sec                  
                 4      cpu-migrations            #    0.000 K/sec                  
                71      page-faults               #    0.001 K/sec                  
   <not supported>      cycles                   
   <not supported>      stalled-cycles-frontend  
   <not supported>      stalled-cycles-backend   
   <not supported>      instructions             
   <not supported>      branches                 
   <not supported>      branch-misses            

      23.321241018 seconds time elapsed

