MODO = sem I/O e alloc. memoria

 Performance counter stats for './mandelbrot_pth -0.188 -0.012 0.554 0.754 16 16 sem':

          1.743783      task-clock (msec)         #    1.423 CPUs utilized          
                29      context-switches          #    0.017 M/sec                  
                17      cpu-migrations            #    0.010 M/sec                  
                94      page-faults               #    0.054 M/sec                  
   <not supported>      cycles                   
   <not supported>      stalled-cycles-frontend  
   <not supported>      stalled-cycles-backend   
   <not supported>      instructions             
   <not supported>      branches                 
   <not supported>      branch-misses            

       0.001225062 seconds time elapsed

MODO = sem I/O e alloc. memoria

 Performance counter stats for './mandelbrot_pth -0.188 -0.012 0.554 0.754 16 16 sem':

          2.011498      task-clock (msec)         #    1.414 CPUs utilized          
                40      context-switches          #    0.020 M/sec                  
                17      cpu-migrations            #    0.008 M/sec                  
                96      page-faults               #    0.048 M/sec                  
   <not supported>      cycles                   
   <not supported>      stalled-cycles-frontend  
   <not supported>      stalled-cycles-backend   
   <not supported>      instructions             
   <not supported>      branches                 
   <not supported>      branch-misses            

       0.001422339 seconds time elapsed

MODO = sem I/O e alloc. memoria

 Performance counter stats for './mandelbrot_pth -0.188 -0.012 0.554 0.754 16 16 sem':

          2.104322      task-clock (msec)         #    1.322 CPUs utilized          
                44      context-switches          #    0.021 M/sec                  
                18      cpu-migrations            #    0.009 M/sec                  
                94      page-faults               #    0.045 M/sec                  
   <not supported>      cycles                   
   <not supported>      stalled-cycles-frontend  
   <not supported>      stalled-cycles-backend   
   <not supported>      instructions             
   <not supported>      branches                 
   <not supported>      branch-misses            

       0.001592366 seconds time elapsed

MODO = sem I/O e alloc. memoria

 Performance counter stats for './mandelbrot_pth -0.188 -0.012 0.554 0.754 16 16 sem':

          2.106476      task-clock (msec)         #    1.246 CPUs utilized          
                30      context-switches          #    0.014 M/sec                  
                19      cpu-migrations            #    0.009 M/sec                  
                96      page-faults               #    0.046 M/sec                  
   <not supported>      cycles                   
   <not supported>      stalled-cycles-frontend  
   <not supported>      stalled-cycles-backend   
   <not supported>      instructions             
   <not supported>      branches                 
   <not supported>      branch-misses            

       0.001690841 seconds time elapsed

MODO = sem I/O e alloc. memoria

 Performance counter stats for './mandelbrot_pth -0.188 -0.012 0.554 0.754 16 16 sem':

          2.067206      task-clock (msec)         #    1.456 CPUs utilized          
                26      context-switches          #    0.013 M/sec                  
                18      cpu-migrations            #    0.009 M/sec                  
                95      page-faults               #    0.046 M/sec                  
   <not supported>      cycles                   
   <not supported>      stalled-cycles-frontend  
   <not supported>      stalled-cycles-backend   
   <not supported>      instructions             
   <not supported>      branches                 
   <not supported>      branch-misses            

       0.001419937 seconds time elapsed

MODO = sem I/O e alloc. memoria

 Performance counter stats for './mandelbrot_pth -0.188 -0.012 0.554 0.754 16 16 sem':

          1.744596      task-clock (msec)         #    1.372 CPUs utilized          
                23      context-switches          #    0.013 M/sec                  
                18      cpu-migrations            #    0.010 M/sec                  
                96      page-faults               #    0.055 M/sec                  
   <not supported>      cycles                   
   <not supported>      stalled-cycles-frontend  
   <not supported>      stalled-cycles-backend   
   <not supported>      instructions             
   <not supported>      branches                 
   <not supported>      branch-misses            

       0.001271655 seconds time elapsed

MODO = sem I/O e alloc. memoria

 Performance counter stats for './mandelbrot_pth -0.188 -0.012 0.554 0.754 16 16 sem':

          1.790534      task-clock (msec)         #    1.379 CPUs utilized          
                20      context-switches          #    0.011 M/sec                  
                19      cpu-migrations            #    0.011 M/sec                  
                95      page-faults               #    0.053 M/sec                  
   <not supported>      cycles                   
   <not supported>      stalled-cycles-frontend  
   <not supported>      stalled-cycles-backend   
   <not supported>      instructions             
   <not supported>      branches                 
   <not supported>      branch-misses            

       0.001298449 seconds time elapsed

MODO = sem I/O e alloc. memoria

 Performance counter stats for './mandelbrot_pth -0.188 -0.012 0.554 0.754 16 16 sem':

          1.916728      task-clock (msec)         #    1.416 CPUs utilized          
                31      context-switches          #    0.016 M/sec                  
                21      cpu-migrations            #    0.011 M/sec                  
                96      page-faults               #    0.050 M/sec                  
   <not supported>      cycles                   
   <not supported>      stalled-cycles-frontend  
   <not supported>      stalled-cycles-backend   
   <not supported>      instructions             
   <not supported>      branches                 
   <not supported>      branch-misses            

       0.001353755 seconds time elapsed

MODO = sem I/O e alloc. memoria

 Performance counter stats for './mandelbrot_pth -0.188 -0.012 0.554 0.754 16 16 sem':

          1.885504      task-clock (msec)         #    1.335 CPUs utilized          
                36      context-switches          #    0.019 M/sec                  
                18      cpu-migrations            #    0.010 M/sec                  
                96      page-faults               #    0.051 M/sec                  
   <not supported>      cycles                   
   <not supported>      stalled-cycles-frontend  
   <not supported>      stalled-cycles-backend   
   <not supported>      instructions             
   <not supported>      branches                 
   <not supported>      branch-misses            

       0.001412567 seconds time elapsed

MODO = sem I/O e alloc. memoria

 Performance counter stats for './mandelbrot_pth -0.188 -0.012 0.554 0.754 16 16 sem':

          1.720770      task-clock (msec)         #    1.398 CPUs utilized          
                20      context-switches          #    0.012 M/sec                  
                18      cpu-migrations            #    0.010 M/sec                  
                96      page-faults               #    0.056 M/sec                  
   <not supported>      cycles                   
   <not supported>      stalled-cycles-frontend  
   <not supported>      stalled-cycles-backend   
   <not supported>      instructions             
   <not supported>      branches                 
   <not supported>      branch-misses            

       0.001230679 seconds time elapsed

MODO = sem I/O e alloc. memoria

 Performance counter stats for './mandelbrot_pth -0.188 -0.012 0.554 0.754 32 16 sem':

          3.478656      task-clock (msec)         #    2.434 CPUs utilized          
                38      context-switches          #    0.011 M/sec                  
                24      cpu-migrations            #    0.007 M/sec                  
                96      page-faults               #    0.028 M/sec                  
   <not supported>      cycles                   
   <not supported>      stalled-cycles-frontend  
   <not supported>      stalled-cycles-backend   
   <not supported>      instructions             
   <not supported>      branches                 
   <not supported>      branch-misses            

       0.001428973 seconds time elapsed

MODO = sem I/O e alloc. memoria

 Performance counter stats for './mandelbrot_pth -0.188 -0.012 0.554 0.754 32 16 sem':

          3.214723      task-clock (msec)         #    2.459 CPUs utilized          
                33      context-switches          #    0.010 M/sec                  
                20      cpu-migrations            #    0.006 M/sec                  
                97      page-faults               #    0.030 M/sec                  
   <not supported>      cycles                   
   <not supported>      stalled-cycles-frontend  
   <not supported>      stalled-cycles-backend   
   <not supported>      instructions             
   <not supported>      branches                 
   <not supported>      branch-misses            

       0.001307189 seconds time elapsed

MODO = sem I/O e alloc. memoria

 Performance counter stats for './mandelbrot_pth -0.188 -0.012 0.554 0.754 32 16 sem':

          3.477244      task-clock (msec)         #    1.976 CPUs utilized          
                46      context-switches          #    0.013 M/sec                  
                17      cpu-migrations            #    0.005 M/sec                  
                97      page-faults               #    0.028 M/sec                  
   <not supported>      cycles                   
   <not supported>      stalled-cycles-frontend  
   <not supported>      stalled-cycles-backend   
   <not supported>      instructions             
   <not supported>      branches                 
   <not supported>      branch-misses            

       0.001759625 seconds time elapsed

MODO = sem I/O e alloc. memoria

 Performance counter stats for './mandelbrot_pth -0.188 -0.012 0.554 0.754 32 16 sem':

          3.380694      task-clock (msec)         #    2.509 CPUs utilized          
                47      context-switches          #    0.014 M/sec                  
                21      cpu-migrations            #    0.006 M/sec                  
                93      page-faults               #    0.028 M/sec                  
   <not supported>      cycles                   
   <not supported>      stalled-cycles-frontend  
   <not supported>      stalled-cycles-backend   
   <not supported>      instructions             
   <not supported>      branches                 
   <not supported>      branch-misses            

       0.001347361 seconds time elapsed

MODO = sem I/O e alloc. memoria

 Performance counter stats for './mandelbrot_pth -0.188 -0.012 0.554 0.754 32 16 sem':

          3.528454      task-clock (msec)         #    2.541 CPUs utilized          
                63      context-switches          #    0.018 M/sec                  
                22      cpu-migrations            #    0.006 M/sec                  
                97      page-faults               #    0.027 M/sec                  
   <not supported>      cycles                   
   <not supported>      stalled-cycles-frontend  
   <not supported>      stalled-cycles-backend   
   <not supported>      instructions             
   <not supported>      branches                 
   <not supported>      branch-misses            

       0.001388623 seconds time elapsed

MODO = sem I/O e alloc. memoria

 Performance counter stats for './mandelbrot_pth -0.188 -0.012 0.554 0.754 32 16 sem':

          3.614100      task-clock (msec)         #    2.404 CPUs utilized          
                31      context-switches          #    0.009 M/sec                  
                20      cpu-migrations            #    0.006 M/sec                  
                97      page-faults               #    0.027 M/sec                  
   <not supported>      cycles                   
   <not supported>      stalled-cycles-frontend  
   <not supported>      stalled-cycles-backend   
   <not supported>      instructions             
   <not supported>      branches                 
   <not supported>      branch-misses            

       0.001503276 seconds time elapsed

MODO = sem I/O e alloc. memoria

 Performance counter stats for './mandelbrot_pth -0.188 -0.012 0.554 0.754 32 16 sem':

          3.636641      task-clock (msec)         #    2.409 CPUs utilized          
                44      context-switches          #    0.012 M/sec                  
                20      cpu-migrations            #    0.005 M/sec                  
                93      page-faults               #    0.026 M/sec                  
   <not supported>      cycles                   
   <not supported>      stalled-cycles-frontend  
   <not supported>      stalled-cycles-backend   
   <not supported>      instructions             
   <not supported>      branches                 
   <not supported>      branch-misses            

       0.001509596 seconds time elapsed

MODO = sem I/O e alloc. memoria

 Performance counter stats for './mandelbrot_pth -0.188 -0.012 0.554 0.754 32 16 sem':

          3.431873      task-clock (msec)         #    2.474 CPUs utilized          
                38      context-switches          #    0.011 M/sec                  
                19      cpu-migrations            #    0.006 M/sec                  
                95      page-faults               #    0.028 M/sec                  
   <not supported>      cycles                   
   <not supported>      stalled-cycles-frontend  
   <not supported>      stalled-cycles-backend   
   <not supported>      instructions             
   <not supported>      branches                 
   <not supported>      branch-misses            

       0.001387349 seconds time elapsed

MODO = sem I/O e alloc. memoria

 Performance counter stats for './mandelbrot_pth -0.188 -0.012 0.554 0.754 32 16 sem':

          3.624747      task-clock (msec)         #    1.899 CPUs utilized          
                53      context-switches          #    0.015 M/sec                  
                28      cpu-migrations            #    0.008 M/sec                  
                93      page-faults               #    0.026 M/sec                  
   <not supported>      cycles                   
   <not supported>      stalled-cycles-frontend  
   <not supported>      stalled-cycles-backend   
   <not supported>      instructions             
   <not supported>      branches                 
   <not supported>      branch-misses            

       0.001909101 seconds time elapsed

MODO = sem I/O e alloc. memoria

 Performance counter stats for './mandelbrot_pth -0.188 -0.012 0.554 0.754 32 16 sem':

          3.600271      task-clock (msec)         #    2.371 CPUs utilized          
                37      context-switches          #    0.010 M/sec                  
                21      cpu-migrations            #    0.006 M/sec                  
                97      page-faults               #    0.027 M/sec                  
   <not supported>      cycles                   
   <not supported>      stalled-cycles-frontend  
   <not supported>      stalled-cycles-backend   
   <not supported>      instructions             
   <not supported>      branches                 
   <not supported>      branch-misses            

       0.001518200 seconds time elapsed

MODO = sem I/O e alloc. memoria

 Performance counter stats for './mandelbrot_pth -0.188 -0.012 0.554 0.754 64 16 sem':

          9.468295      task-clock (msec)         #    3.767 CPUs utilized          
                17      context-switches          #    0.002 M/sec                  
                15      cpu-migrations            #    0.002 M/sec                  
                97      page-faults               #    0.010 M/sec                  
   <not supported>      cycles                   
   <not supported>      stalled-cycles-frontend  
   <not supported>      stalled-cycles-backend   
   <not supported>      instructions             
   <not supported>      branches                 
   <not supported>      branch-misses            

       0.002513528 seconds time elapsed

MODO = sem I/O e alloc. memoria

 Performance counter stats for './mandelbrot_pth -0.188 -0.012 0.554 0.754 64 16 sem':

          8.815511      task-clock (msec)         #    3.591 CPUs utilized          
                20      context-switches          #    0.002 M/sec                  
                16      cpu-migrations            #    0.002 M/sec                  
                93      page-faults               #    0.011 M/sec                  
   <not supported>      cycles                   
   <not supported>      stalled-cycles-frontend  
   <not supported>      stalled-cycles-backend   
   <not supported>      instructions             
   <not supported>      branches                 
   <not supported>      branch-misses            

       0.002455104 seconds time elapsed

MODO = sem I/O e alloc. memoria

 Performance counter stats for './mandelbrot_pth -0.188 -0.012 0.554 0.754 64 16 sem':

          9.159365      task-clock (msec)         #    4.235 CPUs utilized          
                28      context-switches          #    0.003 M/sec                  
                16      cpu-migrations            #    0.002 M/sec                  
                97      page-faults               #    0.011 M/sec                  
   <not supported>      cycles                   
   <not supported>      stalled-cycles-frontend  
   <not supported>      stalled-cycles-backend   
   <not supported>      instructions             
   <not supported>      branches                 
   <not supported>      branch-misses            

       0.002163020 seconds time elapsed

MODO = sem I/O e alloc. memoria

 Performance counter stats for './mandelbrot_pth -0.188 -0.012 0.554 0.754 64 16 sem':

          8.987136      task-clock (msec)         #    4.399 CPUs utilized          
                23      context-switches          #    0.003 M/sec                  
                18      cpu-migrations            #    0.002 M/sec                  
                96      page-faults               #    0.011 M/sec                  
   <not supported>      cycles                   
   <not supported>      stalled-cycles-frontend  
   <not supported>      stalled-cycles-backend   
   <not supported>      instructions             
   <not supported>      branches                 
   <not supported>      branch-misses            

       0.002043143 seconds time elapsed

MODO = sem I/O e alloc. memoria

 Performance counter stats for './mandelbrot_pth -0.188 -0.012 0.554 0.754 64 16 sem':

          9.166157      task-clock (msec)         #    4.452 CPUs utilized          
                17      context-switches          #    0.002 M/sec                  
                16      cpu-migrations            #    0.002 M/sec                  
                97      page-faults               #    0.011 M/sec                  
   <not supported>      cycles                   
   <not supported>      stalled-cycles-frontend  
   <not supported>      stalled-cycles-backend   
   <not supported>      instructions             
   <not supported>      branches                 
   <not supported>      branch-misses            

       0.002059037 seconds time elapsed

MODO = sem I/O e alloc. memoria

 Performance counter stats for './mandelbrot_pth -0.188 -0.012 0.554 0.754 64 16 sem':

          9.151480      task-clock (msec)         #    4.559 CPUs utilized          
                36      context-switches          #    0.004 M/sec                  
                16      cpu-migrations            #    0.002 M/sec                  
                93      page-faults               #    0.010 M/sec                  
   <not supported>      cycles                   
   <not supported>      stalled-cycles-frontend  
   <not supported>      stalled-cycles-backend   
   <not supported>      instructions             
   <not supported>      branches                 
   <not supported>      branch-misses            

       0.002007124 seconds time elapsed

MODO = sem I/O e alloc. memoria

 Performance counter stats for './mandelbrot_pth -0.188 -0.012 0.554 0.754 64 16 sem':

          9.027001      task-clock (msec)         #    4.592 CPUs utilized          
                26      context-switches          #    0.003 M/sec                  
                17      cpu-migrations            #    0.002 M/sec                  
                94      page-faults               #    0.010 M/sec                  
   <not supported>      cycles                   
   <not supported>      stalled-cycles-frontend  
   <not supported>      stalled-cycles-backend   
   <not supported>      instructions             
   <not supported>      branches                 
   <not supported>      branch-misses            

       0.001965843 seconds time elapsed

MODO = sem I/O e alloc. memoria

 Performance counter stats for './mandelbrot_pth -0.188 -0.012 0.554 0.754 64 16 sem':

          8.954745      task-clock (msec)         #    4.640 CPUs utilized          
                18      context-switches          #    0.002 M/sec                  
                17      cpu-migrations            #    0.002 M/sec                  
                93      page-faults               #    0.010 M/sec                  
   <not supported>      cycles                   
   <not supported>      stalled-cycles-frontend  
   <not supported>      stalled-cycles-backend   
   <not supported>      instructions             
   <not supported>      branches                 
   <not supported>      branch-misses            

       0.001929749 seconds time elapsed

MODO = sem I/O e alloc. memoria

 Performance counter stats for './mandelbrot_pth -0.188 -0.012 0.554 0.754 64 16 sem':

          8.952173      task-clock (msec)         #    4.413 CPUs utilized          
                25      context-switches          #    0.003 M/sec                  
                16      cpu-migrations            #    0.002 M/sec                  
                96      page-faults               #    0.011 M/sec                  
   <not supported>      cycles                   
   <not supported>      stalled-cycles-frontend  
   <not supported>      stalled-cycles-backend   
   <not supported>      instructions             
   <not supported>      branches                 
   <not supported>      branch-misses            

       0.002028501 seconds time elapsed

MODO = sem I/O e alloc. memoria

 Performance counter stats for './mandelbrot_pth -0.188 -0.012 0.554 0.754 64 16 sem':

          9.141310      task-clock (msec)         #    4.569 CPUs utilized          
                19      context-switches          #    0.002 M/sec                  
                15      cpu-migrations            #    0.002 M/sec                  
                94      page-faults               #    0.010 M/sec                  
   <not supported>      cycles                   
   <not supported>      stalled-cycles-frontend  
   <not supported>      stalled-cycles-backend   
   <not supported>      instructions             
   <not supported>      branches                 
   <not supported>      branch-misses            

       0.002000525 seconds time elapsed

MODO = sem I/O e alloc. memoria

 Performance counter stats for './mandelbrot_pth -0.188 -0.012 0.554 0.754 128 16 sem':

         32.489889      task-clock (msec)         #    6.653 CPUs utilized          
                21      context-switches          #    0.646 K/sec                  
                16      cpu-migrations            #    0.492 K/sec                  
                95      page-faults               #    0.003 M/sec                  
   <not supported>      cycles                   
   <not supported>      stalled-cycles-frontend  
   <not supported>      stalled-cycles-backend   
   <not supported>      instructions             
   <not supported>      branches                 
   <not supported>      branch-misses            

       0.004883224 seconds time elapsed

MODO = sem I/O e alloc. memoria

 Performance counter stats for './mandelbrot_pth -0.188 -0.012 0.554 0.754 128 16 sem':

         32.599315      task-clock (msec)         #    6.599 CPUs utilized          
                20      context-switches          #    0.614 K/sec                  
                17      cpu-migrations            #    0.521 K/sec                  
                96      page-faults               #    0.003 M/sec                  
   <not supported>      cycles                   
   <not supported>      stalled-cycles-frontend  
   <not supported>      stalled-cycles-backend   
   <not supported>      instructions             
   <not supported>      branches                 
   <not supported>      branch-misses            

       0.004939962 seconds time elapsed

MODO = sem I/O e alloc. memoria

 Performance counter stats for './mandelbrot_pth -0.188 -0.012 0.554 0.754 128 16 sem':

         32.688355      task-clock (msec)         #    6.512 CPUs utilized          
                28      context-switches          #    0.857 K/sec                  
                18      cpu-migrations            #    0.551 K/sec                  
                93      page-faults               #    0.003 M/sec                  
   <not supported>      cycles                   
   <not supported>      stalled-cycles-frontend  
   <not supported>      stalled-cycles-backend   
   <not supported>      instructions             
   <not supported>      branches                 
   <not supported>      branch-misses            

       0.005019491 seconds time elapsed

MODO = sem I/O e alloc. memoria

 Performance counter stats for './mandelbrot_pth -0.188 -0.012 0.554 0.754 128 16 sem':

         32.793465      task-clock (msec)         #    6.263 CPUs utilized          
                33      context-switches          #    0.001 M/sec                  
                17      cpu-migrations            #    0.518 K/sec                  
                94      page-faults               #    0.003 M/sec                  
   <not supported>      cycles                   
   <not supported>      stalled-cycles-frontend  
   <not supported>      stalled-cycles-backend   
   <not supported>      instructions             
   <not supported>      branches                 
   <not supported>      branch-misses            

       0.005235701 seconds time elapsed

MODO = sem I/O e alloc. memoria

 Performance counter stats for './mandelbrot_pth -0.188 -0.012 0.554 0.754 128 16 sem':

         32.577431      task-clock (msec)         #    6.583 CPUs utilized          
                19      context-switches          #    0.583 K/sec                  
                16      cpu-migrations            #    0.491 K/sec                  
                96      page-faults               #    0.003 M/sec                  
   <not supported>      cycles                   
   <not supported>      stalled-cycles-frontend  
   <not supported>      stalled-cycles-backend   
   <not supported>      instructions             
   <not supported>      branches                 
   <not supported>      branch-misses            

       0.004948922 seconds time elapsed

MODO = sem I/O e alloc. memoria

 Performance counter stats for './mandelbrot_pth -0.188 -0.012 0.554 0.754 128 16 sem':

         32.536952      task-clock (msec)         #    6.635 CPUs utilized          
                24      context-switches          #    0.738 K/sec                  
                16      cpu-migrations            #    0.492 K/sec                  
                93      page-faults               #    0.003 M/sec                  
   <not supported>      cycles                   
   <not supported>      stalled-cycles-frontend  
   <not supported>      stalled-cycles-backend   
   <not supported>      instructions             
   <not supported>      branches                 
   <not supported>      branch-misses            

       0.004904078 seconds time elapsed

MODO = sem I/O e alloc. memoria

 Performance counter stats for './mandelbrot_pth -0.188 -0.012 0.554 0.754 128 16 sem':

         32.588777      task-clock (msec)         #    6.559 CPUs utilized          
                24      context-switches          #    0.736 K/sec                  
                16      cpu-migrations            #    0.491 K/sec                  
                93      page-faults               #    0.003 M/sec                  
   <not supported>      cycles                   
   <not supported>      stalled-cycles-frontend  
   <not supported>      stalled-cycles-backend   
   <not supported>      instructions             
   <not supported>      branches                 
   <not supported>      branch-misses            

       0.004968884 seconds time elapsed

MODO = sem I/O e alloc. memoria

 Performance counter stats for './mandelbrot_pth -0.188 -0.012 0.554 0.754 128 16 sem':

         32.687200      task-clock (msec)         #    6.514 CPUs utilized          
                35      context-switches          #    0.001 M/sec                  
                17      cpu-migrations            #    0.520 K/sec                  
                98      page-faults               #    0.003 M/sec                  
   <not supported>      cycles                   
   <not supported>      stalled-cycles-frontend  
   <not supported>      stalled-cycles-backend   
   <not supported>      instructions             
   <not supported>      branches                 
   <not supported>      branch-misses            

       0.005017827 seconds time elapsed

MODO = sem I/O e alloc. memoria

 Performance counter stats for './mandelbrot_pth -0.188 -0.012 0.554 0.754 128 16 sem':

         31.170681      task-clock (msec)         #    4.716 CPUs utilized          
                12      context-switches          #    0.385 K/sec                  
                14      cpu-migrations            #    0.449 K/sec                  
                95      page-faults               #    0.003 M/sec                  
   <not supported>      cycles                   
   <not supported>      stalled-cycles-frontend  
   <not supported>      stalled-cycles-backend   
   <not supported>      instructions             
   <not supported>      branches                 
   <not supported>      branch-misses            

       0.006609829 seconds time elapsed

MODO = sem I/O e alloc. memoria

 Performance counter stats for './mandelbrot_pth -0.188 -0.012 0.554 0.754 128 16 sem':

         33.361665      task-clock (msec)         #    4.941 CPUs utilized          
                19      context-switches          #    0.570 K/sec                  
                16      cpu-migrations            #    0.480 K/sec                  
                96      page-faults               #    0.003 M/sec                  
   <not supported>      cycles                   
   <not supported>      stalled-cycles-frontend  
   <not supported>      stalled-cycles-backend   
   <not supported>      instructions             
   <not supported>      branches                 
   <not supported>      branch-misses            

       0.006751331 seconds time elapsed

MODO = sem I/O e alloc. memoria

 Performance counter stats for './mandelbrot_pth -0.188 -0.012 0.554 0.754 256 16 sem':

        126.028442      task-clock (msec)         #    7.501 CPUs utilized          
                21      context-switches          #    0.167 K/sec                  
                15      cpu-migrations            #    0.119 K/sec                  
                96      page-faults               #    0.762 K/sec                  
   <not supported>      cycles                   
   <not supported>      stalled-cycles-frontend  
   <not supported>      stalled-cycles-backend   
   <not supported>      instructions             
   <not supported>      branches                 
   <not supported>      branch-misses            

       0.016800677 seconds time elapsed

MODO = sem I/O e alloc. memoria

 Performance counter stats for './mandelbrot_pth -0.188 -0.012 0.554 0.754 256 16 sem':

        126.358453      task-clock (msec)         #    7.504 CPUs utilized          
                20      context-switches          #    0.158 K/sec                  
                15      cpu-migrations            #    0.119 K/sec                  
                93      page-faults               #    0.736 K/sec                  
   <not supported>      cycles                   
   <not supported>      stalled-cycles-frontend  
   <not supported>      stalled-cycles-backend   
   <not supported>      instructions             
   <not supported>      branches                 
   <not supported>      branch-misses            

       0.016838118 seconds time elapsed

MODO = sem I/O e alloc. memoria

 Performance counter stats for './mandelbrot_pth -0.188 -0.012 0.554 0.754 256 16 sem':

        126.869159      task-clock (msec)         #    7.401 CPUs utilized          
                19      context-switches          #    0.150 K/sec                  
                15      cpu-migrations            #    0.118 K/sec                  
                93      page-faults               #    0.733 K/sec                  
   <not supported>      cycles                   
   <not supported>      stalled-cycles-frontend  
   <not supported>      stalled-cycles-backend   
   <not supported>      instructions             
   <not supported>      branches                 
   <not supported>      branch-misses            

       0.017141162 seconds time elapsed

MODO = sem I/O e alloc. memoria

 Performance counter stats for './mandelbrot_pth -0.188 -0.012 0.554 0.754 256 16 sem':

        126.093015      task-clock (msec)         #    7.491 CPUs utilized          
                16      context-switches          #    0.127 K/sec                  
                15      cpu-migrations            #    0.119 K/sec                  
                95      page-faults               #    0.753 K/sec                  
   <not supported>      cycles                   
   <not supported>      stalled-cycles-frontend  
   <not supported>      stalled-cycles-backend   
   <not supported>      instructions             
   <not supported>      branches                 
   <not supported>      branch-misses            

       0.016832205 seconds time elapsed

MODO = sem I/O e alloc. memoria

 Performance counter stats for './mandelbrot_pth -0.188 -0.012 0.554 0.754 256 16 sem':

        127.670322      task-clock (msec)         #    5.793 CPUs utilized          
                14      context-switches          #    0.110 K/sec                  
                14      cpu-migrations            #    0.110 K/sec                  
                94      page-faults               #    0.736 K/sec                  
   <not supported>      cycles                   
   <not supported>      stalled-cycles-frontend  
   <not supported>      stalled-cycles-backend   
   <not supported>      instructions             
   <not supported>      branches                 
   <not supported>      branch-misses            

       0.022039032 seconds time elapsed

MODO = sem I/O e alloc. memoria

 Performance counter stats for './mandelbrot_pth -0.188 -0.012 0.554 0.754 256 16 sem':

        126.242345      task-clock (msec)         #    7.538 CPUs utilized          
                18      context-switches          #    0.143 K/sec                  
                15      cpu-migrations            #    0.119 K/sec                  
                97      page-faults               #    0.768 K/sec                  
   <not supported>      cycles                   
   <not supported>      stalled-cycles-frontend  
   <not supported>      stalled-cycles-backend   
   <not supported>      instructions             
   <not supported>      branches                 
   <not supported>      branch-misses            

       0.016746944 seconds time elapsed

MODO = sem I/O e alloc. memoria

 Performance counter stats for './mandelbrot_pth -0.188 -0.012 0.554 0.754 256 16 sem':

        124.059216      task-clock (msec)         #    5.767 CPUs utilized          
                13      context-switches          #    0.105 K/sec                  
                16      cpu-migrations            #    0.129 K/sec                  
                96      page-faults               #    0.774 K/sec                  
   <not supported>      cycles                   
   <not supported>      stalled-cycles-frontend  
   <not supported>      stalled-cycles-backend   
   <not supported>      instructions             
   <not supported>      branches                 
   <not supported>      branch-misses            

       0.021511517 seconds time elapsed

MODO = sem I/O e alloc. memoria

 Performance counter stats for './mandelbrot_pth -0.188 -0.012 0.554 0.754 256 16 sem':

        125.128697      task-clock (msec)         #    6.612 CPUs utilized          
                14      context-switches          #    0.112 K/sec                  
                16      cpu-migrations            #    0.128 K/sec                  
                95      page-faults               #    0.759 K/sec                  
   <not supported>      cycles                   
   <not supported>      stalled-cycles-frontend  
   <not supported>      stalled-cycles-backend   
   <not supported>      instructions             
   <not supported>      branches                 
   <not supported>      branch-misses            

       0.018924000 seconds time elapsed

MODO = sem I/O e alloc. memoria

 Performance counter stats for './mandelbrot_pth -0.188 -0.012 0.554 0.754 256 16 sem':

        125.374828      task-clock (msec)         #    5.953 CPUs utilized          
                16      context-switches          #    0.128 K/sec                  
                14      cpu-migrations            #    0.112 K/sec                  
                94      page-faults               #    0.750 K/sec                  
   <not supported>      cycles                   
   <not supported>      stalled-cycles-frontend  
   <not supported>      stalled-cycles-backend   
   <not supported>      instructions             
   <not supported>      branches                 
   <not supported>      branch-misses            

       0.021060031 seconds time elapsed

MODO = sem I/O e alloc. memoria

 Performance counter stats for './mandelbrot_pth -0.188 -0.012 0.554 0.754 256 16 sem':

        126.128893      task-clock (msec)         #    7.468 CPUs utilized          
                22      context-switches          #    0.174 K/sec                  
                15      cpu-migrations            #    0.119 K/sec                  
                96      page-faults               #    0.761 K/sec                  
   <not supported>      cycles                   
   <not supported>      stalled-cycles-frontend  
   <not supported>      stalled-cycles-backend   
   <not supported>      instructions             
   <not supported>      branches                 
   <not supported>      branch-misses            

       0.016888396 seconds time elapsed

MODO = sem I/O e alloc. memoria

 Performance counter stats for './mandelbrot_pth -0.188 -0.012 0.554 0.754 512 16 sem':

        502.565547      task-clock (msec)         #    7.686 CPUs utilized          
                53      context-switches          #    0.105 K/sec                  
                15      cpu-migrations            #    0.030 K/sec                  
                96      page-faults               #    0.191 K/sec                  
   <not supported>      cycles                   
   <not supported>      stalled-cycles-frontend  
   <not supported>      stalled-cycles-backend   
   <not supported>      instructions             
   <not supported>      branches                 
   <not supported>      branch-misses            

       0.065386054 seconds time elapsed

MODO = sem I/O e alloc. memoria

 Performance counter stats for './mandelbrot_pth -0.188 -0.012 0.554 0.754 512 16 sem':

        500.754705      task-clock (msec)         #    6.944 CPUs utilized          
                49      context-switches          #    0.098 K/sec                  
                14      cpu-migrations            #    0.028 K/sec                  
                97      page-faults               #    0.194 K/sec                  
   <not supported>      cycles                   
   <not supported>      stalled-cycles-frontend  
   <not supported>      stalled-cycles-backend   
   <not supported>      instructions             
   <not supported>      branches                 
   <not supported>      branch-misses            

       0.072108905 seconds time elapsed

MODO = sem I/O e alloc. memoria

 Performance counter stats for './mandelbrot_pth -0.188 -0.012 0.554 0.754 512 16 sem':

        546.764408      task-clock (msec)         #    6.742 CPUs utilized          
                56      context-switches          #    0.102 K/sec                  
                16      cpu-migrations            #    0.029 K/sec                  
                97      page-faults               #    0.177 K/sec                  
   <not supported>      cycles                   
   <not supported>      stalled-cycles-frontend  
   <not supported>      stalled-cycles-backend   
   <not supported>      instructions             
   <not supported>      branches                 
   <not supported>      branch-misses            

       0.081092565 seconds time elapsed

MODO = sem I/O e alloc. memoria

 Performance counter stats for './mandelbrot_pth -0.188 -0.012 0.554 0.754 512 16 sem':

        500.584208      task-clock (msec)         #    7.772 CPUs utilized          
                50      context-switches          #    0.100 K/sec                  
                15      cpu-migrations            #    0.030 K/sec                  
                96      page-faults               #    0.192 K/sec                  
   <not supported>      cycles                   
   <not supported>      stalled-cycles-frontend  
   <not supported>      stalled-cycles-backend   
   <not supported>      instructions             
   <not supported>      branches                 
   <not supported>      branch-misses            

       0.064406964 seconds time elapsed

MODO = sem I/O e alloc. memoria

 Performance counter stats for './mandelbrot_pth -0.188 -0.012 0.554 0.754 512 16 sem':

        502.222536      task-clock (msec)         #    7.854 CPUs utilized          
                56      context-switches          #    0.112 K/sec                  
                15      cpu-migrations            #    0.030 K/sec                  
                93      page-faults               #    0.185 K/sec                  
   <not supported>      cycles                   
   <not supported>      stalled-cycles-frontend  
   <not supported>      stalled-cycles-backend   
   <not supported>      instructions             
   <not supported>      branches                 
   <not supported>      branch-misses            

       0.063941286 seconds time elapsed

MODO = sem I/O e alloc. memoria

 Performance counter stats for './mandelbrot_pth -0.188 -0.012 0.554 0.754 512 16 sem':

        498.048825      task-clock (msec)         #    7.094 CPUs utilized          
                46      context-switches          #    0.092 K/sec                  
                16      cpu-migrations            #    0.032 K/sec                  
                96      page-faults               #    0.193 K/sec                  
   <not supported>      cycles                   
   <not supported>      stalled-cycles-frontend  
   <not supported>      stalled-cycles-backend   
   <not supported>      instructions             
   <not supported>      branches                 
   <not supported>      branch-misses            

       0.070207385 seconds time elapsed

MODO = sem I/O e alloc. memoria

 Performance counter stats for './mandelbrot_pth -0.188 -0.012 0.554 0.754 512 16 sem':

        546.386673      task-clock (msec)         #    6.894 CPUs utilized          
                52      context-switches          #    0.095 K/sec                  
                19      cpu-migrations            #    0.035 K/sec                  
                96      page-faults               #    0.176 K/sec                  
   <not supported>      cycles                   
   <not supported>      stalled-cycles-frontend  
   <not supported>      stalled-cycles-backend   
   <not supported>      instructions             
   <not supported>      branches                 
   <not supported>      branch-misses            

       0.079261140 seconds time elapsed

MODO = sem I/O e alloc. memoria

 Performance counter stats for './mandelbrot_pth -0.188 -0.012 0.554 0.754 512 16 sem':

        550.203787      task-clock (msec)         #    6.739 CPUs utilized          
                49      context-switches          #    0.089 K/sec                  
                18      cpu-migrations            #    0.033 K/sec                  
                94      page-faults               #    0.171 K/sec                  
   <not supported>      cycles                   
   <not supported>      stalled-cycles-frontend  
   <not supported>      stalled-cycles-backend   
   <not supported>      instructions             
   <not supported>      branches                 
   <not supported>      branch-misses            

       0.081650740 seconds time elapsed

MODO = sem I/O e alloc. memoria

 Performance counter stats for './mandelbrot_pth -0.188 -0.012 0.554 0.754 512 16 sem':

        504.877852      task-clock (msec)         #    7.730 CPUs utilized          
                55      context-switches          #    0.109 K/sec                  
                15      cpu-migrations            #    0.030 K/sec                  
                96      page-faults               #    0.190 K/sec                  
   <not supported>      cycles                   
   <not supported>      stalled-cycles-frontend  
   <not supported>      stalled-cycles-backend   
   <not supported>      instructions             
   <not supported>      branches                 
   <not supported>      branch-misses            

       0.065313488 seconds time elapsed

MODO = sem I/O e alloc. memoria

 Performance counter stats for './mandelbrot_pth -0.188 -0.012 0.554 0.754 512 16 sem':

        500.557538      task-clock (msec)         #    7.827 CPUs utilized          
                50      context-switches          #    0.100 K/sec                  
                15      cpu-migrations            #    0.030 K/sec                  
                96      page-faults               #    0.192 K/sec                  
   <not supported>      cycles                   
   <not supported>      stalled-cycles-frontend  
   <not supported>      stalled-cycles-backend   
   <not supported>      instructions             
   <not supported>      branches                 
   <not supported>      branch-misses            

       0.063952592 seconds time elapsed

MODO = sem I/O e alloc. memoria

 Performance counter stats for './mandelbrot_pth -0.188 -0.012 0.554 0.754 1024 16 sem':

       2000.809553      task-clock (msec)         #    7.935 CPUs utilized          
               147      context-switches          #    0.073 K/sec                  
                17      cpu-migrations            #    0.008 K/sec                  
                96      page-faults               #    0.048 K/sec                  
   <not supported>      cycles                   
   <not supported>      stalled-cycles-frontend  
   <not supported>      stalled-cycles-backend   
   <not supported>      instructions             
   <not supported>      branches                 
   <not supported>      branch-misses            

       0.252158702 seconds time elapsed

MODO = sem I/O e alloc. memoria

 Performance counter stats for './mandelbrot_pth -0.188 -0.012 0.554 0.754 1024 16 sem':

       1994.608759      task-clock (msec)         #    7.907 CPUs utilized          
               143      context-switches          #    0.072 K/sec                  
                16      cpu-migrations            #    0.008 K/sec                  
                94      page-faults               #    0.047 K/sec                  
   <not supported>      cycles                   
   <not supported>      stalled-cycles-frontend  
   <not supported>      stalled-cycles-backend   
   <not supported>      instructions             
   <not supported>      branches                 
   <not supported>      branch-misses            

       0.252271436 seconds time elapsed

MODO = sem I/O e alloc. memoria

 Performance counter stats for './mandelbrot_pth -0.188 -0.012 0.554 0.754 1024 16 sem':

       2091.127129      task-clock (msec)         #    7.372 CPUs utilized          
               156      context-switches          #    0.075 K/sec                  
                20      cpu-migrations            #    0.010 K/sec                  
                93      page-faults               #    0.044 K/sec                  
   <not supported>      cycles                   
   <not supported>      stalled-cycles-frontend  
   <not supported>      stalled-cycles-backend   
   <not supported>      instructions             
   <not supported>      branches                 
   <not supported>      branch-misses            

       0.283652160 seconds time elapsed

MODO = sem I/O e alloc. memoria

 Performance counter stats for './mandelbrot_pth -0.188 -0.012 0.554 0.754 1024 16 sem':

       2000.246276      task-clock (msec)         #    7.920 CPUs utilized          
               165      context-switches          #    0.082 K/sec                  
                15      cpu-migrations            #    0.007 K/sec                  
                96      page-faults               #    0.048 K/sec                  
   <not supported>      cycles                   
   <not supported>      stalled-cycles-frontend  
   <not supported>      stalled-cycles-backend   
   <not supported>      instructions             
   <not supported>      branches                 
   <not supported>      branch-misses            

       0.252542658 seconds time elapsed

MODO = sem I/O e alloc. memoria

 Performance counter stats for './mandelbrot_pth -0.188 -0.012 0.554 0.754 1024 16 sem':

       2007.278460      task-clock (msec)         #    7.890 CPUs utilized          
               149      context-switches          #    0.074 K/sec                  
                17      cpu-migrations            #    0.008 K/sec                  
                96      page-faults               #    0.048 K/sec                  
   <not supported>      cycles                   
   <not supported>      stalled-cycles-frontend  
   <not supported>      stalled-cycles-backend   
   <not supported>      instructions             
   <not supported>      branches                 
   <not supported>      branch-misses            

       0.254418312 seconds time elapsed

MODO = sem I/O e alloc. memoria

 Performance counter stats for './mandelbrot_pth -0.188 -0.012 0.554 0.754 1024 16 sem':

       2039.923474      task-clock (msec)         #    7.643 CPUs utilized          
               151      context-switches          #    0.074 K/sec                  
                17      cpu-migrations            #    0.008 K/sec                  
                95      page-faults               #    0.047 K/sec                  
   <not supported>      cycles                   
   <not supported>      stalled-cycles-frontend  
   <not supported>      stalled-cycles-backend   
   <not supported>      instructions             
   <not supported>      branches                 
   <not supported>      branch-misses            

       0.266895595 seconds time elapsed

MODO = sem I/O e alloc. memoria

 Performance counter stats for './mandelbrot_pth -0.188 -0.012 0.554 0.754 1024 16 sem':

       1998.151741      task-clock (msec)         #    7.930 CPUs utilized          
               149      context-switches          #    0.075 K/sec                  
                16      cpu-migrations            #    0.008 K/sec                  
                96      page-faults               #    0.048 K/sec                  
   <not supported>      cycles                   
   <not supported>      stalled-cycles-frontend  
   <not supported>      stalled-cycles-backend   
   <not supported>      instructions             
   <not supported>      branches                 
   <not supported>      branch-misses            

       0.251977437 seconds time elapsed

MODO = sem I/O e alloc. memoria

 Performance counter stats for './mandelbrot_pth -0.188 -0.012 0.554 0.754 1024 16 sem':

       1996.579684      task-clock (msec)         #    7.921 CPUs utilized          
               160      context-switches          #    0.080 K/sec                  
                15      cpu-migrations            #    0.008 K/sec                  
                94      page-faults               #    0.047 K/sec                  
   <not supported>      cycles                   
   <not supported>      stalled-cycles-frontend  
   <not supported>      stalled-cycles-backend   
   <not supported>      instructions             
   <not supported>      branches                 
   <not supported>      branch-misses            

       0.252065884 seconds time elapsed

MODO = sem I/O e alloc. memoria

 Performance counter stats for './mandelbrot_pth -0.188 -0.012 0.554 0.754 1024 16 sem':

       2004.982594      task-clock (msec)         #    7.885 CPUs utilized          
               157      context-switches          #    0.078 K/sec                  
                16      cpu-migrations            #    0.008 K/sec                  
                96      page-faults               #    0.048 K/sec                  
   <not supported>      cycles                   
   <not supported>      stalled-cycles-frontend  
   <not supported>      stalled-cycles-backend   
   <not supported>      instructions             
   <not supported>      branches                 
   <not supported>      branch-misses            

       0.254265550 seconds time elapsed

MODO = sem I/O e alloc. memoria

 Performance counter stats for './mandelbrot_pth -0.188 -0.012 0.554 0.754 1024 16 sem':

       2192.620994      task-clock (msec)         #    7.318 CPUs utilized          
               147      context-switches          #    0.067 K/sec                  
                16      cpu-migrations            #    0.007 K/sec                  
                96      page-faults               #    0.044 K/sec                  
   <not supported>      cycles                   
   <not supported>      stalled-cycles-frontend  
   <not supported>      stalled-cycles-backend   
   <not supported>      instructions             
   <not supported>      branches                 
   <not supported>      branch-misses            

       0.299607173 seconds time elapsed

MODO = sem I/O e alloc. memoria

 Performance counter stats for './mandelbrot_pth -0.188 -0.012 0.554 0.754 2048 16 sem':

       7989.724283      task-clock (msec)         #    7.927 CPUs utilized          
               532      context-switches          #    0.067 K/sec                  
                16      cpu-migrations            #    0.002 K/sec                  
                96      page-faults               #    0.012 K/sec                  
   <not supported>      cycles                   
   <not supported>      stalled-cycles-frontend  
   <not supported>      stalled-cycles-backend   
   <not supported>      instructions             
   <not supported>      branches                 
   <not supported>      branch-misses            

       1.007878505 seconds time elapsed

MODO = sem I/O e alloc. memoria

 Performance counter stats for './mandelbrot_pth -0.188 -0.012 0.554 0.754 2048 16 sem':

       8776.148681      task-clock (msec)         #    7.359 CPUs utilized          
               498      context-switches          #    0.057 K/sec                  
                14      cpu-migrations            #    0.002 K/sec                  
                93      page-faults               #    0.011 K/sec                  
   <not supported>      cycles                   
   <not supported>      stalled-cycles-frontend  
   <not supported>      stalled-cycles-backend   
   <not supported>      instructions             
   <not supported>      branches                 
   <not supported>      branch-misses            

       1.192584016 seconds time elapsed

MODO = sem I/O e alloc. memoria

 Performance counter stats for './mandelbrot_pth -0.188 -0.012 0.554 0.754 2048 16 sem':

       7992.186890      task-clock (msec)         #    7.942 CPUs utilized          
               535      context-switches          #    0.067 K/sec                  
                16      cpu-migrations            #    0.002 K/sec                  
                93      page-faults               #    0.012 K/sec                  
   <not supported>      cycles                   
   <not supported>      stalled-cycles-frontend  
   <not supported>      stalled-cycles-backend   
   <not supported>      instructions             
   <not supported>      branches                 
   <not supported>      branch-misses            

       1.006315337 seconds time elapsed

MODO = sem I/O e alloc. memoria

 Performance counter stats for './mandelbrot_pth -0.188 -0.012 0.554 0.754 2048 16 sem':

       8785.436056      task-clock (msec)         #    7.638 CPUs utilized          
               512      context-switches          #    0.058 K/sec                  
                17      cpu-migrations            #    0.002 K/sec                  
                96      page-faults               #    0.011 K/sec                  
   <not supported>      cycles                   
   <not supported>      stalled-cycles-frontend  
   <not supported>      stalled-cycles-backend   
   <not supported>      instructions             
   <not supported>      branches                 
   <not supported>      branch-misses            

       1.150202424 seconds time elapsed

MODO = sem I/O e alloc. memoria

 Performance counter stats for './mandelbrot_pth -0.188 -0.012 0.554 0.754 2048 16 sem':

       7996.022129      task-clock (msec)         #    7.940 CPUs utilized          
               551      context-switches          #    0.069 K/sec                  
                16      cpu-migrations            #    0.002 K/sec                  
                96      page-faults               #    0.012 K/sec                  
   <not supported>      cycles                   
   <not supported>      stalled-cycles-frontend  
   <not supported>      stalled-cycles-backend   
   <not supported>      instructions             
   <not supported>      branches                 
   <not supported>      branch-misses            

       1.007101024 seconds time elapsed

MODO = sem I/O e alloc. memoria

 Performance counter stats for './mandelbrot_pth -0.188 -0.012 0.554 0.754 2048 16 sem':

       7986.020313      task-clock (msec)         #    7.944 CPUs utilized          
               529      context-switches          #    0.066 K/sec                  
                16      cpu-migrations            #    0.002 K/sec                  
                94      page-faults               #    0.012 K/sec                  
   <not supported>      cycles                   
   <not supported>      stalled-cycles-frontend  
   <not supported>      stalled-cycles-backend   
   <not supported>      instructions             
   <not supported>      branches                 
   <not supported>      branch-misses            

       1.005314806 seconds time elapsed

MODO = sem I/O e alloc. memoria

 Performance counter stats for './mandelbrot_pth -0.188 -0.012 0.554 0.754 2048 16 sem':

       7988.402305      task-clock (msec)         #    7.928 CPUs utilized          
               548      context-switches          #    0.069 K/sec                  
                17      cpu-migrations            #    0.002 K/sec                  
                96      page-faults               #    0.012 K/sec                  
   <not supported>      cycles                   
   <not supported>      stalled-cycles-frontend  
   <not supported>      stalled-cycles-backend   
   <not supported>      instructions             
   <not supported>      branches                 
   <not supported>      branch-misses            

       1.007602306 seconds time elapsed

MODO = sem I/O e alloc. memoria

 Performance counter stats for './mandelbrot_pth -0.188 -0.012 0.554 0.754 2048 16 sem':

       8810.428852      task-clock (msec)         #    7.487 CPUs utilized          
               504      context-switches          #    0.057 K/sec                  
                19      cpu-migrations            #    0.002 K/sec                  
                98      page-faults               #    0.011 K/sec                  
   <not supported>      cycles                   
   <not supported>      stalled-cycles-frontend  
   <not supported>      stalled-cycles-backend   
   <not supported>      instructions             
   <not supported>      branches                 
   <not supported>      branch-misses            

       1.176791818 seconds time elapsed

MODO = sem I/O e alloc. memoria

 Performance counter stats for './mandelbrot_pth -0.188 -0.012 0.554 0.754 2048 16 sem':

       7996.578134      task-clock (msec)         #    7.966 CPUs utilized          
               531      context-switches          #    0.066 K/sec                  
                18      cpu-migrations            #    0.002 K/sec                  
                96      page-faults               #    0.012 K/sec                  
   <not supported>      cycles                   
   <not supported>      stalled-cycles-frontend  
   <not supported>      stalled-cycles-backend   
   <not supported>      instructions             
   <not supported>      branches                 
   <not supported>      branch-misses            

       1.003863497 seconds time elapsed

MODO = sem I/O e alloc. memoria

 Performance counter stats for './mandelbrot_pth -0.188 -0.012 0.554 0.754 2048 16 sem':

       7985.581669      task-clock (msec)         #    7.956 CPUs utilized          
               532      context-switches          #    0.067 K/sec                  
                17      cpu-migrations            #    0.002 K/sec                  
                93      page-faults               #    0.012 K/sec                  
   <not supported>      cycles                   
   <not supported>      stalled-cycles-frontend  
   <not supported>      stalled-cycles-backend   
   <not supported>      instructions             
   <not supported>      branches                 
   <not supported>      branch-misses            

       1.003658538 seconds time elapsed

MODO = sem I/O e alloc. memoria

 Performance counter stats for './mandelbrot_pth -0.188 -0.012 0.554 0.754 4096 16 sem':

      31946.447793      task-clock (msec)         #    7.973 CPUs utilized          
             2,057      context-switches          #    0.064 K/sec                  
                18      cpu-migrations            #    0.001 K/sec                  
                93      page-faults               #    0.003 K/sec                  
   <not supported>      cycles                   
   <not supported>      stalled-cycles-frontend  
   <not supported>      stalled-cycles-backend   
   <not supported>      instructions             
   <not supported>      branches                 
   <not supported>      branch-misses            

       4.007054069 seconds time elapsed

MODO = sem I/O e alloc. memoria

 Performance counter stats for './mandelbrot_pth -0.188 -0.012 0.554 0.754 4096 16 sem':

      31962.977353      task-clock (msec)         #    7.987 CPUs utilized          
             2,047      context-switches          #    0.064 K/sec                  
                18      cpu-migrations            #    0.001 K/sec                  
                94      page-faults               #    0.003 K/sec                  
   <not supported>      cycles                   
   <not supported>      stalled-cycles-frontend  
   <not supported>      stalled-cycles-backend   
   <not supported>      instructions             
   <not supported>      branches                 
   <not supported>      branch-misses            

       4.002009038 seconds time elapsed

MODO = sem I/O e alloc. memoria

 Performance counter stats for './mandelbrot_pth -0.188 -0.012 0.554 0.754 4096 16 sem':

      31942.868975      task-clock (msec)         #    7.982 CPUs utilized          
             2,050      context-switches          #    0.064 K/sec                  
                19      cpu-migrations            #    0.001 K/sec                  
                94      page-faults               #    0.003 K/sec                  
   <not supported>      cycles                   
   <not supported>      stalled-cycles-frontend  
   <not supported>      stalled-cycles-backend   
   <not supported>      instructions             
   <not supported>      branches                 
   <not supported>      branch-misses            

       4.001863037 seconds time elapsed

MODO = sem I/O e alloc. memoria

 Performance counter stats for './mandelbrot_pth -0.188 -0.012 0.554 0.754 4096 16 sem':

      32703.386552      task-clock (msec)         #    7.839 CPUs utilized          
             2,005      context-switches          #    0.061 K/sec                  
                21      cpu-migrations            #    0.001 K/sec                  
                94      page-faults               #    0.003 K/sec                  
   <not supported>      cycles                   
   <not supported>      stalled-cycles-frontend  
   <not supported>      stalled-cycles-backend   
   <not supported>      instructions             
   <not supported>      branches                 
   <not supported>      branch-misses            

       4.172076826 seconds time elapsed

MODO = sem I/O e alloc. memoria

 Performance counter stats for './mandelbrot_pth -0.188 -0.012 0.554 0.754 4096 16 sem':

      31952.339490      task-clock (msec)         #    7.994 CPUs utilized          
             2,058      context-switches          #    0.064 K/sec                  
                17      cpu-migrations            #    0.001 K/sec                  
                95      page-faults               #    0.003 K/sec                  
   <not supported>      cycles                   
   <not supported>      stalled-cycles-frontend  
   <not supported>      stalled-cycles-backend   
   <not supported>      instructions             
   <not supported>      branches                 
   <not supported>      branch-misses            

       3.997041326 seconds time elapsed

MODO = sem I/O e alloc. memoria

 Performance counter stats for './mandelbrot_pth -0.188 -0.012 0.554 0.754 4096 16 sem':

      31947.171519      task-clock (msec)         #    7.986 CPUs utilized          
             2,078      context-switches          #    0.065 K/sec                  
                17      cpu-migrations            #    0.001 K/sec                  
                97      page-faults               #    0.003 K/sec                  
   <not supported>      cycles                   
   <not supported>      stalled-cycles-frontend  
   <not supported>      stalled-cycles-backend   
   <not supported>      instructions             
   <not supported>      branches                 
   <not supported>      branch-misses            

       4.000391291 seconds time elapsed

MODO = sem I/O e alloc. memoria

 Performance counter stats for './mandelbrot_pth -0.188 -0.012 0.554 0.754 4096 16 sem':

      31966.309280      task-clock (msec)         #    7.986 CPUs utilized          
             2,057      context-switches          #    0.064 K/sec                  
                17      cpu-migrations            #    0.001 K/sec                  
                96      page-faults               #    0.003 K/sec                  
   <not supported>      cycles                   
   <not supported>      stalled-cycles-frontend  
   <not supported>      stalled-cycles-backend   
   <not supported>      instructions             
   <not supported>      branches                 
   <not supported>      branch-misses            

       4.002875798 seconds time elapsed

MODO = sem I/O e alloc. memoria

 Performance counter stats for './mandelbrot_pth -0.188 -0.012 0.554 0.754 4096 16 sem':

      31943.332931      task-clock (msec)         #    7.966 CPUs utilized          
             2,052      context-switches          #    0.064 K/sec                  
                17      cpu-migrations            #    0.001 K/sec                  
                93      page-faults               #    0.003 K/sec                  
   <not supported>      cycles                   
   <not supported>      stalled-cycles-frontend  
   <not supported>      stalled-cycles-backend   
   <not supported>      instructions             
   <not supported>      branches                 
   <not supported>      branch-misses            

       4.010090502 seconds time elapsed

MODO = sem I/O e alloc. memoria

 Performance counter stats for './mandelbrot_pth -0.188 -0.012 0.554 0.754 4096 16 sem':

      35098.765072      task-clock (msec)         #    7.647 CPUs utilized          
             1,831      context-switches          #    0.052 K/sec                  
                31      cpu-migrations            #    0.001 K/sec                  
                96      page-faults               #    0.003 K/sec                  
   <not supported>      cycles                   
   <not supported>      stalled-cycles-frontend  
   <not supported>      stalled-cycles-backend   
   <not supported>      instructions             
   <not supported>      branches                 
   <not supported>      branch-misses            

       4.590116993 seconds time elapsed

MODO = sem I/O e alloc. memoria

 Performance counter stats for './mandelbrot_pth -0.188 -0.012 0.554 0.754 4096 16 sem':

      31947.962459      task-clock (msec)         #    7.992 CPUs utilized          
             2,056      context-switches          #    0.064 K/sec                  
                17      cpu-migrations            #    0.001 K/sec                  
                96      page-faults               #    0.003 K/sec                  
   <not supported>      cycles                   
   <not supported>      stalled-cycles-frontend  
   <not supported>      stalled-cycles-backend   
   <not supported>      instructions             
   <not supported>      branches                 
   <not supported>      branch-misses            

       3.997600400 seconds time elapsed

MODO = sem I/O e alloc. memoria

 Performance counter stats for './mandelbrot_pth -0.188 -0.012 0.554 0.754 8192 16 sem':

     127826.378659      task-clock (msec)         #    7.992 CPUs utilized          
             8,084      context-switches          #    0.063 K/sec                  
                17      cpu-migrations            #    0.000 K/sec                  
                97      page-faults               #    0.001 K/sec                  
   <not supported>      cycles                   
   <not supported>      stalled-cycles-frontend  
   <not supported>      stalled-cycles-backend   
   <not supported>      instructions             
   <not supported>      branches                 
   <not supported>      branch-misses            

      15.995078372 seconds time elapsed

MODO = sem I/O e alloc. memoria

 Performance counter stats for './mandelbrot_pth -0.188 -0.012 0.554 0.754 8192 16 sem':

     127839.837358      task-clock (msec)         #    7.994 CPUs utilized          
             8,133      context-switches          #    0.064 K/sec                  
                18      cpu-migrations            #    0.000 K/sec                  
                93      page-faults               #    0.001 K/sec                  
   <not supported>      cycles                   
   <not supported>      stalled-cycles-frontend  
   <not supported>      stalled-cycles-backend   
   <not supported>      instructions             
   <not supported>      branches                 
   <not supported>      branch-misses            

      15.991309232 seconds time elapsed

MODO = sem I/O e alloc. memoria

 Performance counter stats for './mandelbrot_pth -0.188 -0.012 0.554 0.754 8192 16 sem':

     129895.144239      task-clock (msec)         #    7.939 CPUs utilized          
             8,047      context-switches          #    0.062 K/sec                  
                32      cpu-migrations            #    0.000 K/sec                  
                92      page-faults               #    0.001 K/sec                  
   <not supported>      cycles                   
   <not supported>      stalled-cycles-frontend  
   <not supported>      stalled-cycles-backend   
   <not supported>      instructions             
   <not supported>      branches                 
   <not supported>      branch-misses            

      16.361484892 seconds time elapsed

MODO = sem I/O e alloc. memoria

 Performance counter stats for './mandelbrot_pth -0.188 -0.012 0.554 0.754 8192 16 sem':

     128236.496396      task-clock (msec)         #    7.937 CPUs utilized          
             8,138      context-switches          #    0.063 K/sec                  
                19      cpu-migrations            #    0.000 K/sec                  
                94      page-faults               #    0.001 K/sec                  
   <not supported>      cycles                   
   <not supported>      stalled-cycles-frontend  
   <not supported>      stalled-cycles-backend   
   <not supported>      instructions             
   <not supported>      branches                 
   <not supported>      branch-misses            

      16.157019555 seconds time elapsed

MODO = sem I/O e alloc. memoria

 Performance counter stats for './mandelbrot_pth -0.188 -0.012 0.554 0.754 8192 16 sem':

     127791.454550      task-clock (msec)         #    7.985 CPUs utilized          
             8,116      context-switches          #    0.064 K/sec                  
                16      cpu-migrations            #    0.000 K/sec                  
                94      page-faults               #    0.001 K/sec                  
   <not supported>      cycles                   
   <not supported>      stalled-cycles-frontend  
   <not supported>      stalled-cycles-backend   
   <not supported>      instructions             
   <not supported>      branches                 
   <not supported>      branch-misses            

      16.004668780 seconds time elapsed

MODO = sem I/O e alloc. memoria

 Performance counter stats for './mandelbrot_pth -0.188 -0.012 0.554 0.754 8192 16 sem':

     131213.317807      task-clock (msec)         #    7.892 CPUs utilized          
             8,029      context-switches          #    0.061 K/sec                  
                26      cpu-migrations            #    0.000 K/sec                  
                96      page-faults               #    0.001 K/sec                  
   <not supported>      cycles                   
   <not supported>      stalled-cycles-frontend  
   <not supported>      stalled-cycles-backend   
   <not supported>      instructions             
   <not supported>      branches                 
   <not supported>      branch-misses            

      16.626410636 seconds time elapsed

MODO = sem I/O e alloc. memoria

 Performance counter stats for './mandelbrot_pth -0.188 -0.012 0.554 0.754 8192 16 sem':

     127854.344899      task-clock (msec)         #    7.981 CPUs utilized          
             8,165      context-switches          #    0.064 K/sec                  
                21      cpu-migrations            #    0.000 K/sec                  
                93      page-faults               #    0.001 K/sec                  
   <not supported>      cycles                   
   <not supported>      stalled-cycles-frontend  
   <not supported>      stalled-cycles-backend   
   <not supported>      instructions             
   <not supported>      branches                 
   <not supported>      branch-misses            

      16.019897161 seconds time elapsed

MODO = sem I/O e alloc. memoria

 Performance counter stats for './mandelbrot_pth -0.188 -0.012 0.554 0.754 8192 16 sem':

     127939.930369      task-clock (msec)         #    7.984 CPUs utilized          
             8,111      context-switches          #    0.063 K/sec                  
                16      cpu-migrations            #    0.000 K/sec                  
                93      page-faults               #    0.001 K/sec                  
   <not supported>      cycles                   
   <not supported>      stalled-cycles-frontend  
   <not supported>      stalled-cycles-backend   
   <not supported>      instructions             
   <not supported>      branches                 
   <not supported>      branch-misses            

      16.025124124 seconds time elapsed

MODO = sem I/O e alloc. memoria

 Performance counter stats for './mandelbrot_pth -0.188 -0.012 0.554 0.754 8192 16 sem':

     127833.386678      task-clock (msec)         #    7.995 CPUs utilized          
             8,131      context-switches          #    0.064 K/sec                  
                19      cpu-migrations            #    0.000 K/sec                  
                95      page-faults               #    0.001 K/sec                  
   <not supported>      cycles                   
   <not supported>      stalled-cycles-frontend  
   <not supported>      stalled-cycles-backend   
   <not supported>      instructions             
   <not supported>      branches                 
   <not supported>      branch-misses            

      15.988666162 seconds time elapsed

MODO = sem I/O e alloc. memoria

 Performance counter stats for './mandelbrot_pth -0.188 -0.012 0.554 0.754 8192 16 sem':

     127885.038582      task-clock (msec)         #    7.995 CPUs utilized          
             8,141      context-switches          #    0.064 K/sec                  
                19      cpu-migrations            #    0.000 K/sec                  
                95      page-faults               #    0.001 K/sec                  
   <not supported>      cycles                   
   <not supported>      stalled-cycles-frontend  
   <not supported>      stalled-cycles-backend   
   <not supported>      instructions             
   <not supported>      branches                 
   <not supported>      branch-misses            

      15.995748976 seconds time elapsed

