MODO = sem I/O e alloc. memoria

 Performance counter stats for './mandelbrot_pth -0.188 -0.012 0.554 0.754 16 4 sem':

          1.556461      task-clock (msec)         #    1.030 CPUs utilized          
                 7      context-switches          #    0.004 M/sec                  
                 4      cpu-migrations            #    0.003 M/sec                  
                71      page-faults               #    0.046 M/sec                  
   <not supported>      cycles                   
   <not supported>      stalled-cycles-frontend  
   <not supported>      stalled-cycles-backend   
   <not supported>      instructions             
   <not supported>      branches                 
   <not supported>      branch-misses            

       0.001510721 seconds time elapsed

MODO = sem I/O e alloc. memoria

 Performance counter stats for './mandelbrot_pth -0.188 -0.012 0.554 0.754 16 4 sem':

          1.598443      task-clock (msec)         #    1.086 CPUs utilized          
                 6      context-switches          #    0.004 M/sec                  
                 4      cpu-migrations            #    0.003 M/sec                  
                71      page-faults               #    0.044 M/sec                  
   <not supported>      cycles                   
   <not supported>      stalled-cycles-frontend  
   <not supported>      stalled-cycles-backend   
   <not supported>      instructions             
   <not supported>      branches                 
   <not supported>      branch-misses            

       0.001472188 seconds time elapsed

MODO = sem I/O e alloc. memoria

 Performance counter stats for './mandelbrot_pth -0.188 -0.012 0.554 0.754 16 4 sem':

          1.413971      task-clock (msec)         #    1.100 CPUs utilized          
                 5      context-switches          #    0.004 M/sec                  
                 4      cpu-migrations            #    0.003 M/sec                  
                71      page-faults               #    0.050 M/sec                  
   <not supported>      cycles                   
   <not supported>      stalled-cycles-frontend  
   <not supported>      stalled-cycles-backend   
   <not supported>      instructions             
   <not supported>      branches                 
   <not supported>      branch-misses            

       0.001285731 seconds time elapsed

MODO = sem I/O e alloc. memoria

 Performance counter stats for './mandelbrot_pth -0.188 -0.012 0.554 0.754 16 4 sem':

          1.348280      task-clock (msec)         #    1.086 CPUs utilized          
                 7      context-switches          #    0.005 M/sec                  
                 4      cpu-migrations            #    0.003 M/sec                  
                70      page-faults               #    0.052 M/sec                  
   <not supported>      cycles                   
   <not supported>      stalled-cycles-frontend  
   <not supported>      stalled-cycles-backend   
   <not supported>      instructions             
   <not supported>      branches                 
   <not supported>      branch-misses            

       0.001241700 seconds time elapsed

MODO = sem I/O e alloc. memoria

 Performance counter stats for './mandelbrot_pth -0.188 -0.012 0.554 0.754 16 4 sem':

          1.363800      task-clock (msec)         #    1.116 CPUs utilized          
                 6      context-switches          #    0.004 M/sec                  
                 4      cpu-migrations            #    0.003 M/sec                  
                71      page-faults               #    0.052 M/sec                  
   <not supported>      cycles                   
   <not supported>      stalled-cycles-frontend  
   <not supported>      stalled-cycles-backend   
   <not supported>      instructions             
   <not supported>      branches                 
   <not supported>      branch-misses            

       0.001221619 seconds time elapsed

MODO = sem I/O e alloc. memoria

 Performance counter stats for './mandelbrot_pth -0.188 -0.012 0.554 0.754 16 4 sem':

          1.197610      task-clock (msec)         #    1.167 CPUs utilized          
                 4      context-switches          #    0.003 M/sec                  
                 4      cpu-migrations            #    0.003 M/sec                  
                69      page-faults               #    0.058 M/sec                  
   <not supported>      cycles                   
   <not supported>      stalled-cycles-frontend  
   <not supported>      stalled-cycles-backend   
   <not supported>      instructions             
   <not supported>      branches                 
   <not supported>      branch-misses            

       0.001026379 seconds time elapsed

MODO = sem I/O e alloc. memoria

 Performance counter stats for './mandelbrot_pth -0.188 -0.012 0.554 0.754 16 4 sem':

          1.147650      task-clock (msec)         #    1.022 CPUs utilized          
                 7      context-switches          #    0.006 M/sec                  
                 4      cpu-migrations            #    0.003 M/sec                  
                71      page-faults               #    0.062 M/sec                  
   <not supported>      cycles                   
   <not supported>      stalled-cycles-frontend  
   <not supported>      stalled-cycles-backend   
   <not supported>      instructions             
   <not supported>      branches                 
   <not supported>      branch-misses            

       0.001123110 seconds time elapsed

MODO = sem I/O e alloc. memoria

 Performance counter stats for './mandelbrot_pth -0.188 -0.012 0.554 0.754 16 4 sem':

          1.514911      task-clock (msec)         #    1.076 CPUs utilized          
                 5      context-switches          #    0.003 M/sec                  
                 4      cpu-migrations            #    0.003 M/sec                  
                71      page-faults               #    0.047 M/sec                  
   <not supported>      cycles                   
   <not supported>      stalled-cycles-frontend  
   <not supported>      stalled-cycles-backend   
   <not supported>      instructions             
   <not supported>      branches                 
   <not supported>      branch-misses            

       0.001408050 seconds time elapsed

MODO = sem I/O e alloc. memoria

 Performance counter stats for './mandelbrot_pth -0.188 -0.012 0.554 0.754 16 4 sem':

          1.321011      task-clock (msec)         #    1.192 CPUs utilized          
                 8      context-switches          #    0.006 M/sec                  
                 4      cpu-migrations            #    0.003 M/sec                  
                71      page-faults               #    0.054 M/sec                  
   <not supported>      cycles                   
   <not supported>      stalled-cycles-frontend  
   <not supported>      stalled-cycles-backend   
   <not supported>      instructions             
   <not supported>      branches                 
   <not supported>      branch-misses            

       0.001108377 seconds time elapsed

MODO = sem I/O e alloc. memoria

 Performance counter stats for './mandelbrot_pth -0.188 -0.012 0.554 0.754 16 4 sem':

          1.225075      task-clock (msec)         #    1.168 CPUs utilized          
                 6      context-switches          #    0.005 M/sec                  
                 4      cpu-migrations            #    0.003 M/sec                  
                69      page-faults               #    0.056 M/sec                  
   <not supported>      cycles                   
   <not supported>      stalled-cycles-frontend  
   <not supported>      stalled-cycles-backend   
   <not supported>      instructions             
   <not supported>      branches                 
   <not supported>      branch-misses            

       0.001048649 seconds time elapsed

MODO = sem I/O e alloc. memoria

 Performance counter stats for './mandelbrot_pth -0.188 -0.012 0.554 0.754 32 4 sem':

          2.597409      task-clock (msec)         #    1.914 CPUs utilized          
                 4      context-switches          #    0.002 M/sec                  
                 4      cpu-migrations            #    0.002 M/sec                  
                69      page-faults               #    0.027 M/sec                  
   <not supported>      cycles                   
   <not supported>      stalled-cycles-frontend  
   <not supported>      stalled-cycles-backend   
   <not supported>      instructions             
   <not supported>      branches                 
   <not supported>      branch-misses            

       0.001357025 seconds time elapsed

MODO = sem I/O e alloc. memoria

 Performance counter stats for './mandelbrot_pth -0.188 -0.012 0.554 0.754 32 4 sem':

          2.459680      task-clock (msec)         #    1.882 CPUs utilized          
                 6      context-switches          #    0.002 M/sec                  
                 4      cpu-migrations            #    0.002 M/sec                  
                71      page-faults               #    0.029 M/sec                  
   <not supported>      cycles                   
   <not supported>      stalled-cycles-frontend  
   <not supported>      stalled-cycles-backend   
   <not supported>      instructions             
   <not supported>      branches                 
   <not supported>      branch-misses            

       0.001306831 seconds time elapsed

MODO = sem I/O e alloc. memoria

 Performance counter stats for './mandelbrot_pth -0.188 -0.012 0.554 0.754 32 4 sem':

          2.373828      task-clock (msec)         #    1.902 CPUs utilized          
                 4      context-switches          #    0.002 M/sec                  
                 4      cpu-migrations            #    0.002 M/sec                  
                69      page-faults               #    0.029 M/sec                  
   <not supported>      cycles                   
   <not supported>      stalled-cycles-frontend  
   <not supported>      stalled-cycles-backend   
   <not supported>      instructions             
   <not supported>      branches                 
   <not supported>      branch-misses            

       0.001248264 seconds time elapsed

MODO = sem I/O e alloc. memoria

 Performance counter stats for './mandelbrot_pth -0.188 -0.012 0.554 0.754 32 4 sem':

          2.400427      task-clock (msec)         #    1.925 CPUs utilized          
                 4      context-switches          #    0.002 M/sec                  
                 4      cpu-migrations            #    0.002 M/sec                  
                71      page-faults               #    0.030 M/sec                  
   <not supported>      cycles                   
   <not supported>      stalled-cycles-frontend  
   <not supported>      stalled-cycles-backend   
   <not supported>      instructions             
   <not supported>      branches                 
   <not supported>      branch-misses            

       0.001247279 seconds time elapsed

MODO = sem I/O e alloc. memoria

 Performance counter stats for './mandelbrot_pth -0.188 -0.012 0.554 0.754 32 4 sem':

          2.524729      task-clock (msec)         #    1.786 CPUs utilized          
                 6      context-switches          #    0.002 M/sec                  
                 4      cpu-migrations            #    0.002 M/sec                  
                70      page-faults               #    0.028 M/sec                  
   <not supported>      cycles                   
   <not supported>      stalled-cycles-frontend  
   <not supported>      stalled-cycles-backend   
   <not supported>      instructions             
   <not supported>      branches                 
   <not supported>      branch-misses            

       0.001413758 seconds time elapsed

MODO = sem I/O e alloc. memoria

 Performance counter stats for './mandelbrot_pth -0.188 -0.012 0.554 0.754 32 4 sem':

          2.376718      task-clock (msec)         #    1.933 CPUs utilized          
                 4      context-switches          #    0.002 M/sec                  
                 4      cpu-migrations            #    0.002 M/sec                  
                71      page-faults               #    0.030 M/sec                  
   <not supported>      cycles                   
   <not supported>      stalled-cycles-frontend  
   <not supported>      stalled-cycles-backend   
   <not supported>      instructions             
   <not supported>      branches                 
   <not supported>      branch-misses            

       0.001229571 seconds time elapsed

MODO = sem I/O e alloc. memoria

 Performance counter stats for './mandelbrot_pth -0.188 -0.012 0.554 0.754 32 4 sem':

          2.462870      task-clock (msec)         #    1.911 CPUs utilized          
                 4      context-switches          #    0.002 M/sec                  
                 4      cpu-migrations            #    0.002 M/sec                  
                71      page-faults               #    0.029 M/sec                  
   <not supported>      cycles                   
   <not supported>      stalled-cycles-frontend  
   <not supported>      stalled-cycles-backend   
   <not supported>      instructions             
   <not supported>      branches                 
   <not supported>      branch-misses            

       0.001288852 seconds time elapsed

MODO = sem I/O e alloc. memoria

 Performance counter stats for './mandelbrot_pth -0.188 -0.012 0.554 0.754 32 4 sem':

          2.489200      task-clock (msec)         #    1.808 CPUs utilized          
                 4      context-switches          #    0.002 M/sec                  
                 6      cpu-migrations            #    0.002 M/sec                  
                71      page-faults               #    0.029 M/sec                  
   <not supported>      cycles                   
   <not supported>      stalled-cycles-frontend  
   <not supported>      stalled-cycles-backend   
   <not supported>      instructions             
   <not supported>      branches                 
   <not supported>      branch-misses            

       0.001376914 seconds time elapsed

MODO = sem I/O e alloc. memoria

 Performance counter stats for './mandelbrot_pth -0.188 -0.012 0.554 0.754 32 4 sem':

          2.363496      task-clock (msec)         #    1.965 CPUs utilized          
                 6      context-switches          #    0.003 M/sec                  
                 6      cpu-migrations            #    0.003 M/sec                  
                69      page-faults               #    0.029 M/sec                  
   <not supported>      cycles                   
   <not supported>      stalled-cycles-frontend  
   <not supported>      stalled-cycles-backend   
   <not supported>      instructions             
   <not supported>      branches                 
   <not supported>      branch-misses            

       0.001202955 seconds time elapsed

MODO = sem I/O e alloc. memoria

 Performance counter stats for './mandelbrot_pth -0.188 -0.012 0.554 0.754 32 4 sem':

          2.595894      task-clock (msec)         #    1.804 CPUs utilized          
                 4      context-switches          #    0.002 M/sec                  
                 4      cpu-migrations            #    0.002 M/sec                  
                71      page-faults               #    0.027 M/sec                  
   <not supported>      cycles                   
   <not supported>      stalled-cycles-frontend  
   <not supported>      stalled-cycles-backend   
   <not supported>      instructions             
   <not supported>      branches                 
   <not supported>      branch-misses            

       0.001438888 seconds time elapsed

MODO = sem I/O e alloc. memoria

 Performance counter stats for './mandelbrot_pth -0.188 -0.012 0.554 0.754 64 4 sem':

          7.417985      task-clock (msec)         #    2.953 CPUs utilized          
                 5      context-switches          #    0.674 K/sec                  
                 4      cpu-migrations            #    0.539 K/sec                  
                71      page-faults               #    0.010 M/sec                  
   <not supported>      cycles                   
   <not supported>      stalled-cycles-frontend  
   <not supported>      stalled-cycles-backend   
   <not supported>      instructions             
   <not supported>      branches                 
   <not supported>      branch-misses            

       0.002512287 seconds time elapsed

MODO = sem I/O e alloc. memoria

 Performance counter stats for './mandelbrot_pth -0.188 -0.012 0.554 0.754 64 4 sem':

          7.359629      task-clock (msec)         #    2.788 CPUs utilized          
                 5      context-switches          #    0.679 K/sec                  
                 4      cpu-migrations            #    0.544 K/sec                  
                71      page-faults               #    0.010 M/sec                  
   <not supported>      cycles                   
   <not supported>      stalled-cycles-frontend  
   <not supported>      stalled-cycles-backend   
   <not supported>      instructions             
   <not supported>      branches                 
   <not supported>      branch-misses            

       0.002639980 seconds time elapsed

MODO = sem I/O e alloc. memoria

 Performance counter stats for './mandelbrot_pth -0.188 -0.012 0.554 0.754 64 4 sem':

          7.557718      task-clock (msec)         #    2.889 CPUs utilized          
                 5      context-switches          #    0.662 K/sec                  
                 4      cpu-migrations            #    0.529 K/sec                  
                70      page-faults               #    0.009 M/sec                  
   <not supported>      cycles                   
   <not supported>      stalled-cycles-frontend  
   <not supported>      stalled-cycles-backend   
   <not supported>      instructions             
   <not supported>      branches                 
   <not supported>      branch-misses            

       0.002616449 seconds time elapsed

MODO = sem I/O e alloc. memoria

 Performance counter stats for './mandelbrot_pth -0.188 -0.012 0.554 0.754 64 4 sem':

          7.461910      task-clock (msec)         #    2.722 CPUs utilized          
                 6      context-switches          #    0.804 K/sec                  
                 4      cpu-migrations            #    0.536 K/sec                  
                71      page-faults               #    0.010 M/sec                  
   <not supported>      cycles                   
   <not supported>      stalled-cycles-frontend  
   <not supported>      stalled-cycles-backend   
   <not supported>      instructions             
   <not supported>      branches                 
   <not supported>      branch-misses            

       0.002741395 seconds time elapsed

MODO = sem I/O e alloc. memoria

 Performance counter stats for './mandelbrot_pth -0.188 -0.012 0.554 0.754 64 4 sem':

          7.458639      task-clock (msec)         #    2.924 CPUs utilized          
                 4      context-switches          #    0.536 K/sec                  
                 4      cpu-migrations            #    0.536 K/sec                  
                69      page-faults               #    0.009 M/sec                  
   <not supported>      cycles                   
   <not supported>      stalled-cycles-frontend  
   <not supported>      stalled-cycles-backend   
   <not supported>      instructions             
   <not supported>      branches                 
   <not supported>      branch-misses            

       0.002550651 seconds time elapsed

MODO = sem I/O e alloc. memoria

 Performance counter stats for './mandelbrot_pth -0.188 -0.012 0.554 0.754 64 4 sem':

          7.578321      task-clock (msec)         #    2.978 CPUs utilized          
                 4      context-switches          #    0.528 K/sec                  
                 4      cpu-migrations            #    0.528 K/sec                  
                68      page-faults               #    0.009 M/sec                  
   <not supported>      cycles                   
   <not supported>      stalled-cycles-frontend  
   <not supported>      stalled-cycles-backend   
   <not supported>      instructions             
   <not supported>      branches                 
   <not supported>      branch-misses            

       0.002544778 seconds time elapsed

MODO = sem I/O e alloc. memoria

 Performance counter stats for './mandelbrot_pth -0.188 -0.012 0.554 0.754 64 4 sem':

          7.257778      task-clock (msec)         #    2.965 CPUs utilized          
                 5      context-switches          #    0.689 K/sec                  
                 4      cpu-migrations            #    0.551 K/sec                  
                68      page-faults               #    0.009 M/sec                  
   <not supported>      cycles                   
   <not supported>      stalled-cycles-frontend  
   <not supported>      stalled-cycles-backend   
   <not supported>      instructions             
   <not supported>      branches                 
   <not supported>      branch-misses            

       0.002448127 seconds time elapsed

MODO = sem I/O e alloc. memoria

 Performance counter stats for './mandelbrot_pth -0.188 -0.012 0.554 0.754 64 4 sem':

          7.444921      task-clock (msec)         #    2.834 CPUs utilized          
                 5      context-switches          #    0.672 K/sec                  
                 4      cpu-migrations            #    0.537 K/sec                  
                70      page-faults               #    0.009 M/sec                  
   <not supported>      cycles                   
   <not supported>      stalled-cycles-frontend  
   <not supported>      stalled-cycles-backend   
   <not supported>      instructions             
   <not supported>      branches                 
   <not supported>      branch-misses            

       0.002627409 seconds time elapsed

MODO = sem I/O e alloc. memoria

 Performance counter stats for './mandelbrot_pth -0.188 -0.012 0.554 0.754 64 4 sem':

          7.469147      task-clock (msec)         #    2.925 CPUs utilized          
                 3      context-switches          #    0.402 K/sec                  
                 4      cpu-migrations            #    0.536 K/sec                  
                68      page-faults               #    0.009 M/sec                  
   <not supported>      cycles                   
   <not supported>      stalled-cycles-frontend  
   <not supported>      stalled-cycles-backend   
   <not supported>      instructions             
   <not supported>      branches                 
   <not supported>      branch-misses            

       0.002553665 seconds time elapsed

MODO = sem I/O e alloc. memoria

 Performance counter stats for './mandelbrot_pth -0.188 -0.012 0.554 0.754 64 4 sem':

          7.420879      task-clock (msec)         #    2.737 CPUs utilized          
                 5      context-switches          #    0.674 K/sec                  
                 4      cpu-migrations            #    0.539 K/sec                  
                71      page-faults               #    0.010 M/sec                  
   <not supported>      cycles                   
   <not supported>      stalled-cycles-frontend  
   <not supported>      stalled-cycles-backend   
   <not supported>      instructions             
   <not supported>      branches                 
   <not supported>      branch-misses            

       0.002711546 seconds time elapsed

MODO = sem I/O e alloc. memoria

 Performance counter stats for './mandelbrot_pth -0.188 -0.012 0.554 0.754 128 4 sem':

         27.361149      task-clock (msec)         #    3.569 CPUs utilized          
                 4      context-switches          #    0.146 K/sec                  
                 4      cpu-migrations            #    0.146 K/sec                  
                71      page-faults               #    0.003 M/sec                  
   <not supported>      cycles                   
   <not supported>      stalled-cycles-frontend  
   <not supported>      stalled-cycles-backend   
   <not supported>      instructions             
   <not supported>      branches                 
   <not supported>      branch-misses            

       0.007666166 seconds time elapsed

MODO = sem I/O e alloc. memoria

 Performance counter stats for './mandelbrot_pth -0.188 -0.012 0.554 0.754 128 4 sem':

         27.455257      task-clock (msec)         #    3.573 CPUs utilized          
                 4      context-switches          #    0.146 K/sec                  
                 4      cpu-migrations            #    0.146 K/sec                  
                69      page-faults               #    0.003 M/sec                  
   <not supported>      cycles                   
   <not supported>      stalled-cycles-frontend  
   <not supported>      stalled-cycles-backend   
   <not supported>      instructions             
   <not supported>      branches                 
   <not supported>      branch-misses            

       0.007684529 seconds time elapsed

MODO = sem I/O e alloc. memoria

 Performance counter stats for './mandelbrot_pth -0.188 -0.012 0.554 0.754 128 4 sem':

         27.222765      task-clock (msec)         #    3.602 CPUs utilized          
                 5      context-switches          #    0.184 K/sec                  
                 4      cpu-migrations            #    0.147 K/sec                  
                71      page-faults               #    0.003 M/sec                  
   <not supported>      cycles                   
   <not supported>      stalled-cycles-frontend  
   <not supported>      stalled-cycles-backend   
   <not supported>      instructions             
   <not supported>      branches                 
   <not supported>      branch-misses            

       0.007557704 seconds time elapsed

MODO = sem I/O e alloc. memoria

 Performance counter stats for './mandelbrot_pth -0.188 -0.012 0.554 0.754 128 4 sem':

         27.339236      task-clock (msec)         #    3.534 CPUs utilized          
                 6      context-switches          #    0.219 K/sec                  
                 4      cpu-migrations            #    0.146 K/sec                  
                68      page-faults               #    0.002 M/sec                  
   <not supported>      cycles                   
   <not supported>      stalled-cycles-frontend  
   <not supported>      stalled-cycles-backend   
   <not supported>      instructions             
   <not supported>      branches                 
   <not supported>      branch-misses            

       0.007736505 seconds time elapsed

MODO = sem I/O e alloc. memoria

 Performance counter stats for './mandelbrot_pth -0.188 -0.012 0.554 0.754 128 4 sem':

         27.320109      task-clock (msec)         #    3.534 CPUs utilized          
                 6      context-switches          #    0.220 K/sec                  
                 4      cpu-migrations            #    0.146 K/sec                  
                71      page-faults               #    0.003 M/sec                  
   <not supported>      cycles                   
   <not supported>      stalled-cycles-frontend  
   <not supported>      stalled-cycles-backend   
   <not supported>      instructions             
   <not supported>      branches                 
   <not supported>      branch-misses            

       0.007731001 seconds time elapsed

MODO = sem I/O e alloc. memoria

 Performance counter stats for './mandelbrot_pth -0.188 -0.012 0.554 0.754 128 4 sem':

         27.211201      task-clock (msec)         #    3.552 CPUs utilized          
                 7      context-switches          #    0.257 K/sec                  
                 4      cpu-migrations            #    0.147 K/sec                  
                71      page-faults               #    0.003 M/sec                  
   <not supported>      cycles                   
   <not supported>      stalled-cycles-frontend  
   <not supported>      stalled-cycles-backend   
   <not supported>      instructions             
   <not supported>      branches                 
   <not supported>      branch-misses            

       0.007659881 seconds time elapsed

MODO = sem I/O e alloc. memoria

 Performance counter stats for './mandelbrot_pth -0.188 -0.012 0.554 0.754 128 4 sem':

         27.273628      task-clock (msec)         #    3.553 CPUs utilized          
                 7      context-switches          #    0.257 K/sec                  
                 4      cpu-migrations            #    0.147 K/sec                  
                70      page-faults               #    0.003 M/sec                  
   <not supported>      cycles                   
   <not supported>      stalled-cycles-frontend  
   <not supported>      stalled-cycles-backend   
   <not supported>      instructions             
   <not supported>      branches                 
   <not supported>      branch-misses            

       0.007675825 seconds time elapsed

MODO = sem I/O e alloc. memoria

 Performance counter stats for './mandelbrot_pth -0.188 -0.012 0.554 0.754 128 4 sem':

         27.052288      task-clock (msec)         #    3.589 CPUs utilized          
                 6      context-switches          #    0.222 K/sec                  
                 4      cpu-migrations            #    0.148 K/sec                  
                72      page-faults               #    0.003 M/sec                  
   <not supported>      cycles                   
   <not supported>      stalled-cycles-frontend  
   <not supported>      stalled-cycles-backend   
   <not supported>      instructions             
   <not supported>      branches                 
   <not supported>      branch-misses            

       0.007537196 seconds time elapsed

MODO = sem I/O e alloc. memoria

 Performance counter stats for './mandelbrot_pth -0.188 -0.012 0.554 0.754 128 4 sem':

         27.047967      task-clock (msec)         #    3.635 CPUs utilized          
                 3      context-switches          #    0.111 K/sec                  
                 6      cpu-migrations            #    0.222 K/sec                  
                71      page-faults               #    0.003 M/sec                  
   <not supported>      cycles                   
   <not supported>      stalled-cycles-frontend  
   <not supported>      stalled-cycles-backend   
   <not supported>      instructions             
   <not supported>      branches                 
   <not supported>      branch-misses            

       0.007441678 seconds time elapsed

MODO = sem I/O e alloc. memoria

 Performance counter stats for './mandelbrot_pth -0.188 -0.012 0.554 0.754 128 4 sem':

         27.046093      task-clock (msec)         #    3.622 CPUs utilized          
                 5      context-switches          #    0.185 K/sec                  
                 4      cpu-migrations            #    0.148 K/sec                  
                69      page-faults               #    0.003 M/sec                  
   <not supported>      cycles                   
   <not supported>      stalled-cycles-frontend  
   <not supported>      stalled-cycles-backend   
   <not supported>      instructions             
   <not supported>      branches                 
   <not supported>      branch-misses            

       0.007468153 seconds time elapsed

MODO = sem I/O e alloc. memoria

 Performance counter stats for './mandelbrot_pth -0.188 -0.012 0.554 0.754 256 4 sem':

        105.213511      task-clock (msec)         #    3.867 CPUs utilized          
                 4      context-switches          #    0.038 K/sec                  
                 4      cpu-migrations            #    0.038 K/sec                  
                71      page-faults               #    0.675 K/sec                  
   <not supported>      cycles                   
   <not supported>      stalled-cycles-frontend  
   <not supported>      stalled-cycles-backend   
   <not supported>      instructions             
   <not supported>      branches                 
   <not supported>      branch-misses            

       0.027211211 seconds time elapsed

MODO = sem I/O e alloc. memoria

 Performance counter stats for './mandelbrot_pth -0.188 -0.012 0.554 0.754 256 4 sem':

        105.036150      task-clock (msec)         #    3.874 CPUs utilized          
                 4      context-switches          #    0.038 K/sec                  
                 4      cpu-migrations            #    0.038 K/sec                  
                72      page-faults               #    0.685 K/sec                  
   <not supported>      cycles                   
   <not supported>      stalled-cycles-frontend  
   <not supported>      stalled-cycles-backend   
   <not supported>      instructions             
   <not supported>      branches                 
   <not supported>      branch-misses            

       0.027116085 seconds time elapsed

MODO = sem I/O e alloc. memoria

 Performance counter stats for './mandelbrot_pth -0.188 -0.012 0.554 0.754 256 4 sem':

        106.649915      task-clock (msec)         #    3.843 CPUs utilized          
                 4      context-switches          #    0.038 K/sec                  
                 4      cpu-migrations            #    0.038 K/sec                  
                71      page-faults               #    0.666 K/sec                  
   <not supported>      cycles                   
   <not supported>      stalled-cycles-frontend  
   <not supported>      stalled-cycles-backend   
   <not supported>      instructions             
   <not supported>      branches                 
   <not supported>      branch-misses            

       0.027751038 seconds time elapsed

MODO = sem I/O e alloc. memoria

 Performance counter stats for './mandelbrot_pth -0.188 -0.012 0.554 0.754 256 4 sem':

        104.915158      task-clock (msec)         #    3.885 CPUs utilized          
                 6      context-switches          #    0.057 K/sec                  
                 4      cpu-migrations            #    0.038 K/sec                  
                69      page-faults               #    0.658 K/sec                  
   <not supported>      cycles                   
   <not supported>      stalled-cycles-frontend  
   <not supported>      stalled-cycles-backend   
   <not supported>      instructions             
   <not supported>      branches                 
   <not supported>      branch-misses            

       0.027005724 seconds time elapsed

MODO = sem I/O e alloc. memoria

 Performance counter stats for './mandelbrot_pth -0.188 -0.012 0.554 0.754 256 4 sem':

        105.902470      task-clock (msec)         #    3.881 CPUs utilized          
                 6      context-switches          #    0.057 K/sec                  
                 4      cpu-migrations            #    0.038 K/sec                  
                70      page-faults               #    0.661 K/sec                  
   <not supported>      cycles                   
   <not supported>      stalled-cycles-frontend  
   <not supported>      stalled-cycles-backend   
   <not supported>      instructions             
   <not supported>      branches                 
   <not supported>      branch-misses            

       0.027290806 seconds time elapsed

MODO = sem I/O e alloc. memoria

 Performance counter stats for './mandelbrot_pth -0.188 -0.012 0.554 0.754 256 4 sem':

        106.021852      task-clock (msec)         #    3.877 CPUs utilized          
                 6      context-switches          #    0.057 K/sec                  
                 4      cpu-migrations            #    0.038 K/sec                  
                69      page-faults               #    0.651 K/sec                  
   <not supported>      cycles                   
   <not supported>      stalled-cycles-frontend  
   <not supported>      stalled-cycles-backend   
   <not supported>      instructions             
   <not supported>      branches                 
   <not supported>      branch-misses            

       0.027344738 seconds time elapsed

MODO = sem I/O e alloc. memoria

 Performance counter stats for './mandelbrot_pth -0.188 -0.012 0.554 0.754 256 4 sem':

        105.593833      task-clock (msec)         #    3.883 CPUs utilized          
                 6      context-switches          #    0.057 K/sec                  
                 4      cpu-migrations            #    0.038 K/sec                  
                71      page-faults               #    0.672 K/sec                  
   <not supported>      cycles                   
   <not supported>      stalled-cycles-frontend  
   <not supported>      stalled-cycles-backend   
   <not supported>      instructions             
   <not supported>      branches                 
   <not supported>      branch-misses            

       0.027193693 seconds time elapsed

MODO = sem I/O e alloc. memoria

 Performance counter stats for './mandelbrot_pth -0.188 -0.012 0.554 0.754 256 4 sem':

        105.505367      task-clock (msec)         #    3.884 CPUs utilized          
                 9      context-switches          #    0.085 K/sec                  
                 4      cpu-migrations            #    0.038 K/sec                  
                71      page-faults               #    0.673 K/sec                  
   <not supported>      cycles                   
   <not supported>      stalled-cycles-frontend  
   <not supported>      stalled-cycles-backend   
   <not supported>      instructions             
   <not supported>      branches                 
   <not supported>      branch-misses            

       0.027166078 seconds time elapsed

MODO = sem I/O e alloc. memoria

 Performance counter stats for './mandelbrot_pth -0.188 -0.012 0.554 0.754 256 4 sem':

        105.602919      task-clock (msec)         #    3.875 CPUs utilized          
                 4      context-switches          #    0.038 K/sec                  
                 4      cpu-migrations            #    0.038 K/sec                  
                70      page-faults               #    0.663 K/sec                  
   <not supported>      cycles                   
   <not supported>      stalled-cycles-frontend  
   <not supported>      stalled-cycles-backend   
   <not supported>      instructions             
   <not supported>      branches                 
   <not supported>      branch-misses            

       0.027253625 seconds time elapsed

MODO = sem I/O e alloc. memoria

 Performance counter stats for './mandelbrot_pth -0.188 -0.012 0.554 0.754 256 4 sem':

        105.410979      task-clock (msec)         #    3.873 CPUs utilized          
                 4      context-switches          #    0.038 K/sec                  
                 4      cpu-migrations            #    0.038 K/sec                  
                71      page-faults               #    0.674 K/sec                  
   <not supported>      cycles                   
   <not supported>      stalled-cycles-frontend  
   <not supported>      stalled-cycles-backend   
   <not supported>      instructions             
   <not supported>      branches                 
   <not supported>      branch-misses            

       0.027217657 seconds time elapsed

MODO = sem I/O e alloc. memoria

 Performance counter stats for './mandelbrot_pth -0.188 -0.012 0.554 0.754 512 4 sem':

        419.278518      task-clock (msec)         #    3.973 CPUs utilized          
                 2      context-switches          #    0.005 K/sec                  
                 4      cpu-migrations            #    0.010 K/sec                  
                71      page-faults               #    0.169 K/sec                  
   <not supported>      cycles                   
   <not supported>      stalled-cycles-frontend  
   <not supported>      stalled-cycles-backend   
   <not supported>      instructions             
   <not supported>      branches                 
   <not supported>      branch-misses            

       0.105537724 seconds time elapsed

MODO = sem I/O e alloc. memoria

 Performance counter stats for './mandelbrot_pth -0.188 -0.012 0.554 0.754 512 4 sem':

        419.783000      task-clock (msec)         #    3.959 CPUs utilized          
                 9      context-switches          #    0.021 K/sec                  
                 4      cpu-migrations            #    0.010 K/sec                  
                70      page-faults               #    0.167 K/sec                  
   <not supported>      cycles                   
   <not supported>      stalled-cycles-frontend  
   <not supported>      stalled-cycles-backend   
   <not supported>      instructions             
   <not supported>      branches                 
   <not supported>      branch-misses            

       0.106020827 seconds time elapsed

MODO = sem I/O e alloc. memoria

 Performance counter stats for './mandelbrot_pth -0.188 -0.012 0.554 0.754 512 4 sem':

        418.462027      task-clock (msec)         #    3.966 CPUs utilized          
                 3      context-switches          #    0.007 K/sec                  
                 5      cpu-migrations            #    0.012 K/sec                  
                68      page-faults               #    0.162 K/sec                  
   <not supported>      cycles                   
   <not supported>      stalled-cycles-frontend  
   <not supported>      stalled-cycles-backend   
   <not supported>      instructions             
   <not supported>      branches                 
   <not supported>      branch-misses            

       0.105523773 seconds time elapsed

MODO = sem I/O e alloc. memoria

 Performance counter stats for './mandelbrot_pth -0.188 -0.012 0.554 0.754 512 4 sem':

        416.794797      task-clock (msec)         #    3.957 CPUs utilized          
                 5      context-switches          #    0.012 K/sec                  
                 4      cpu-migrations            #    0.010 K/sec                  
                70      page-faults               #    0.168 K/sec                  
   <not supported>      cycles                   
   <not supported>      stalled-cycles-frontend  
   <not supported>      stalled-cycles-backend   
   <not supported>      instructions             
   <not supported>      branches                 
   <not supported>      branch-misses            

       0.105319421 seconds time elapsed

MODO = sem I/O e alloc. memoria

 Performance counter stats for './mandelbrot_pth -0.188 -0.012 0.554 0.754 512 4 sem':

        416.525821      task-clock (msec)         #    3.968 CPUs utilized          
                 9      context-switches          #    0.022 K/sec                  
                 4      cpu-migrations            #    0.010 K/sec                  
                71      page-faults               #    0.170 K/sec                  
   <not supported>      cycles                   
   <not supported>      stalled-cycles-frontend  
   <not supported>      stalled-cycles-backend   
   <not supported>      instructions             
   <not supported>      branches                 
   <not supported>      branch-misses            

       0.104981598 seconds time elapsed

MODO = sem I/O e alloc. memoria

 Performance counter stats for './mandelbrot_pth -0.188 -0.012 0.554 0.754 512 4 sem':

        415.839193      task-clock (msec)         #    3.970 CPUs utilized          
                 6      context-switches          #    0.014 K/sec                  
                 4      cpu-migrations            #    0.010 K/sec                  
                71      page-faults               #    0.171 K/sec                  
   <not supported>      cycles                   
   <not supported>      stalled-cycles-frontend  
   <not supported>      stalled-cycles-backend   
   <not supported>      instructions             
   <not supported>      branches                 
   <not supported>      branch-misses            

       0.104756282 seconds time elapsed

MODO = sem I/O e alloc. memoria

 Performance counter stats for './mandelbrot_pth -0.188 -0.012 0.554 0.754 512 4 sem':

        416.243095      task-clock (msec)         #    3.974 CPUs utilized          
                 7      context-switches          #    0.017 K/sec                  
                 4      cpu-migrations            #    0.010 K/sec                  
                71      page-faults               #    0.171 K/sec                  
   <not supported>      cycles                   
   <not supported>      stalled-cycles-frontend  
   <not supported>      stalled-cycles-backend   
   <not supported>      instructions             
   <not supported>      branches                 
   <not supported>      branch-misses            

       0.104742970 seconds time elapsed

MODO = sem I/O e alloc. memoria

 Performance counter stats for './mandelbrot_pth -0.188 -0.012 0.554 0.754 512 4 sem':

        416.060845      task-clock (msec)         #    3.971 CPUs utilized          
                 5      context-switches          #    0.012 K/sec                  
                 5      cpu-migrations            #    0.012 K/sec                  
                72      page-faults               #    0.173 K/sec                  
   <not supported>      cycles                   
   <not supported>      stalled-cycles-frontend  
   <not supported>      stalled-cycles-backend   
   <not supported>      instructions             
   <not supported>      branches                 
   <not supported>      branch-misses            

       0.104767682 seconds time elapsed

MODO = sem I/O e alloc. memoria

 Performance counter stats for './mandelbrot_pth -0.188 -0.012 0.554 0.754 512 4 sem':

        419.447018      task-clock (msec)         #    3.890 CPUs utilized          
                 4      context-switches          #    0.010 K/sec                  
                 4      cpu-migrations            #    0.010 K/sec                  
                71      page-faults               #    0.169 K/sec                  
   <not supported>      cycles                   
   <not supported>      stalled-cycles-frontend  
   <not supported>      stalled-cycles-backend   
   <not supported>      instructions             
   <not supported>      branches                 
   <not supported>      branch-misses            

       0.107824910 seconds time elapsed

MODO = sem I/O e alloc. memoria

 Performance counter stats for './mandelbrot_pth -0.188 -0.012 0.554 0.754 512 4 sem':

        419.109174      task-clock (msec)         #    3.893 CPUs utilized          
                 4      context-switches          #    0.010 K/sec                  
                 4      cpu-migrations            #    0.010 K/sec                  
                71      page-faults               #    0.169 K/sec                  
   <not supported>      cycles                   
   <not supported>      stalled-cycles-frontend  
   <not supported>      stalled-cycles-backend   
   <not supported>      instructions             
   <not supported>      branches                 
   <not supported>      branch-misses            

       0.107652889 seconds time elapsed

MODO = sem I/O e alloc. memoria

 Performance counter stats for './mandelbrot_pth -0.188 -0.012 0.554 0.754 1024 4 sem':

       1678.164913      task-clock (msec)         #    3.891 CPUs utilized          
                 2      context-switches          #    0.001 K/sec                  
                 4      cpu-migrations            #    0.002 K/sec                  
                71      page-faults               #    0.042 K/sec                  
   <not supported>      cycles                   
   <not supported>      stalled-cycles-frontend  
   <not supported>      stalled-cycles-backend   
   <not supported>      instructions             
   <not supported>      branches                 
   <not supported>      branch-misses            

       0.431317038 seconds time elapsed

MODO = sem I/O e alloc. memoria

 Performance counter stats for './mandelbrot_pth -0.188 -0.012 0.554 0.754 1024 4 sem':

       1666.804395      task-clock (msec)         #    3.971 CPUs utilized          
                11      context-switches          #    0.007 K/sec                  
                 6      cpu-migrations            #    0.004 K/sec                  
                71      page-faults               #    0.043 K/sec                  
   <not supported>      cycles                   
   <not supported>      stalled-cycles-frontend  
   <not supported>      stalled-cycles-backend   
   <not supported>      instructions             
   <not supported>      branches                 
   <not supported>      branch-misses            

       0.419695675 seconds time elapsed

MODO = sem I/O e alloc. memoria

 Performance counter stats for './mandelbrot_pth -0.188 -0.012 0.554 0.754 1024 4 sem':

       1661.611144      task-clock (msec)         #    3.988 CPUs utilized          
                 4      context-switches          #    0.002 K/sec                  
                 4      cpu-migrations            #    0.002 K/sec                  
                68      page-faults               #    0.041 K/sec                  
   <not supported>      cycles                   
   <not supported>      stalled-cycles-frontend  
   <not supported>      stalled-cycles-backend   
   <not supported>      instructions             
   <not supported>      branches                 
   <not supported>      branch-misses            

       0.416626487 seconds time elapsed

MODO = sem I/O e alloc. memoria

 Performance counter stats for './mandelbrot_pth -0.188 -0.012 0.554 0.754 1024 4 sem':

       1661.769586      task-clock (msec)         #    3.987 CPUs utilized          
                 3      context-switches          #    0.002 K/sec                  
                 4      cpu-migrations            #    0.002 K/sec                  
                68      page-faults               #    0.041 K/sec                  
   <not supported>      cycles                   
   <not supported>      stalled-cycles-frontend  
   <not supported>      stalled-cycles-backend   
   <not supported>      instructions             
   <not supported>      branches                 
   <not supported>      branch-misses            

       0.416786163 seconds time elapsed

MODO = sem I/O e alloc. memoria

 Performance counter stats for './mandelbrot_pth -0.188 -0.012 0.554 0.754 1024 4 sem':

       1660.641531      task-clock (msec)         #    3.991 CPUs utilized          
                 3      context-switches          #    0.002 K/sec                  
                 4      cpu-migrations            #    0.002 K/sec                  
                68      page-faults               #    0.041 K/sec                  
   <not supported>      cycles                   
   <not supported>      stalled-cycles-frontend  
   <not supported>      stalled-cycles-backend   
   <not supported>      instructions             
   <not supported>      branches                 
   <not supported>      branch-misses            

       0.416070021 seconds time elapsed

MODO = sem I/O e alloc. memoria

 Performance counter stats for './mandelbrot_pth -0.188 -0.012 0.554 0.754 1024 4 sem':

       1670.145223      task-clock (msec)         #    3.946 CPUs utilized          
                 8      context-switches          #    0.005 K/sec                  
                 4      cpu-migrations            #    0.002 K/sec                  
                69      page-faults               #    0.041 K/sec                  
   <not supported>      cycles                   
   <not supported>      stalled-cycles-frontend  
   <not supported>      stalled-cycles-backend   
   <not supported>      instructions             
   <not supported>      branches                 
   <not supported>      branch-misses            

       0.423278998 seconds time elapsed

MODO = sem I/O e alloc. memoria

 Performance counter stats for './mandelbrot_pth -0.188 -0.012 0.554 0.754 1024 4 sem':

       1677.154059      task-clock (msec)         #    3.977 CPUs utilized          
                 8      context-switches          #    0.005 K/sec                  
                 4      cpu-migrations            #    0.002 K/sec                  
                71      page-faults               #    0.042 K/sec                  
   <not supported>      cycles                   
   <not supported>      stalled-cycles-frontend  
   <not supported>      stalled-cycles-backend   
   <not supported>      instructions             
   <not supported>      branches                 
   <not supported>      branch-misses            

       0.421672670 seconds time elapsed

MODO = sem I/O e alloc. memoria

 Performance counter stats for './mandelbrot_pth -0.188 -0.012 0.554 0.754 1024 4 sem':

       1664.650963      task-clock (msec)         #    3.987 CPUs utilized          
                 2      context-switches          #    0.001 K/sec                  
                 4      cpu-migrations            #    0.002 K/sec                  
                71      page-faults               #    0.043 K/sec                  
   <not supported>      cycles                   
   <not supported>      stalled-cycles-frontend  
   <not supported>      stalled-cycles-backend   
   <not supported>      instructions             
   <not supported>      branches                 
   <not supported>      branch-misses            

       0.417487112 seconds time elapsed

MODO = sem I/O e alloc. memoria

 Performance counter stats for './mandelbrot_pth -0.188 -0.012 0.554 0.754 1024 4 sem':

       1659.274455      task-clock (msec)         #    3.992 CPUs utilized          
                 8      context-switches          #    0.005 K/sec                  
                 5      cpu-migrations            #    0.003 K/sec                  
                71      page-faults               #    0.043 K/sec                  
   <not supported>      cycles                   
   <not supported>      stalled-cycles-frontend  
   <not supported>      stalled-cycles-backend   
   <not supported>      instructions             
   <not supported>      branches                 
   <not supported>      branch-misses            

       0.415645450 seconds time elapsed

MODO = sem I/O e alloc. memoria

 Performance counter stats for './mandelbrot_pth -0.188 -0.012 0.554 0.754 1024 4 sem':

       1659.564073      task-clock (msec)         #    3.990 CPUs utilized          
                 5      context-switches          #    0.003 K/sec                  
                 4      cpu-migrations            #    0.002 K/sec                  
                70      page-faults               #    0.042 K/sec                  
   <not supported>      cycles                   
   <not supported>      stalled-cycles-frontend  
   <not supported>      stalled-cycles-backend   
   <not supported>      instructions             
   <not supported>      branches                 
   <not supported>      branch-misses            

       0.415920020 seconds time elapsed

MODO = sem I/O e alloc. memoria

 Performance counter stats for './mandelbrot_pth -0.188 -0.012 0.554 0.754 2048 4 sem':

       6633.089067      task-clock (msec)         #    3.992 CPUs utilized          
                15      context-switches          #    0.002 K/sec                  
                 4      cpu-migrations            #    0.001 K/sec                  
                71      page-faults               #    0.011 K/sec                  
   <not supported>      cycles                   
   <not supported>      stalled-cycles-frontend  
   <not supported>      stalled-cycles-backend   
   <not supported>      instructions             
   <not supported>      branches                 
   <not supported>      branch-misses            

       1.661547741 seconds time elapsed

MODO = sem I/O e alloc. memoria

 Performance counter stats for './mandelbrot_pth -0.188 -0.012 0.554 0.754 2048 4 sem':

       6763.525172      task-clock (msec)         #    3.773 CPUs utilized          
                16      context-switches          #    0.002 K/sec                  
                 4      cpu-migrations            #    0.001 K/sec                  
                71      page-faults               #    0.010 K/sec                  
   <not supported>      cycles                   
   <not supported>      stalled-cycles-frontend  
   <not supported>      stalled-cycles-backend   
   <not supported>      instructions             
   <not supported>      branches                 
   <not supported>      branch-misses            

       1.792523980 seconds time elapsed

MODO = sem I/O e alloc. memoria

 Performance counter stats for './mandelbrot_pth -0.188 -0.012 0.554 0.754 2048 4 sem':

       6629.043029      task-clock (msec)         #    3.997 CPUs utilized          
                20      context-switches          #    0.003 K/sec                  
                 4      cpu-migrations            #    0.001 K/sec                  
                71      page-faults               #    0.011 K/sec                  
   <not supported>      cycles                   
   <not supported>      stalled-cycles-frontend  
   <not supported>      stalled-cycles-backend   
   <not supported>      instructions             
   <not supported>      branches                 
   <not supported>      branch-misses            

       1.658572857 seconds time elapsed

MODO = sem I/O e alloc. memoria

 Performance counter stats for './mandelbrot_pth -0.188 -0.012 0.554 0.754 2048 4 sem':

       6633.176168      task-clock (msec)         #    3.991 CPUs utilized          
                15      context-switches          #    0.002 K/sec                  
                 5      cpu-migrations            #    0.001 K/sec                  
                72      page-faults               #    0.011 K/sec                  
   <not supported>      cycles                   
   <not supported>      stalled-cycles-frontend  
   <not supported>      stalled-cycles-backend   
   <not supported>      instructions             
   <not supported>      branches                 
   <not supported>      branch-misses            

       1.662176429 seconds time elapsed

MODO = sem I/O e alloc. memoria

 Performance counter stats for './mandelbrot_pth -0.188 -0.012 0.554 0.754 2048 4 sem':

       6627.959697      task-clock (msec)         #    3.997 CPUs utilized          
                12      context-switches          #    0.002 K/sec                  
                 4      cpu-migrations            #    0.001 K/sec                  
                70      page-faults               #    0.011 K/sec                  
   <not supported>      cycles                   
   <not supported>      stalled-cycles-frontend  
   <not supported>      stalled-cycles-backend   
   <not supported>      instructions             
   <not supported>      branches                 
   <not supported>      branch-misses            

       1.658243591 seconds time elapsed

MODO = sem I/O e alloc. memoria

 Performance counter stats for './mandelbrot_pth -0.188 -0.012 0.554 0.754 2048 4 sem':

       6683.990250      task-clock (msec)         #    3.918 CPUs utilized          
                16      context-switches          #    0.002 K/sec                  
                 4      cpu-migrations            #    0.001 K/sec                  
                71      page-faults               #    0.011 K/sec                  
   <not supported>      cycles                   
   <not supported>      stalled-cycles-frontend  
   <not supported>      stalled-cycles-backend   
   <not supported>      instructions             
   <not supported>      branches                 
   <not supported>      branch-misses            

       1.706140613 seconds time elapsed

MODO = sem I/O e alloc. memoria

 Performance counter stats for './mandelbrot_pth -0.188 -0.012 0.554 0.754 2048 4 sem':

       6638.526226      task-clock (msec)         #    3.992 CPUs utilized          
                15      context-switches          #    0.002 K/sec                  
                 5      cpu-migrations            #    0.001 K/sec                  
                71      page-faults               #    0.011 K/sec                  
   <not supported>      cycles                   
   <not supported>      stalled-cycles-frontend  
   <not supported>      stalled-cycles-backend   
   <not supported>      instructions             
   <not supported>      branches                 
   <not supported>      branch-misses            

       1.662762958 seconds time elapsed

MODO = sem I/O e alloc. memoria

 Performance counter stats for './mandelbrot_pth -0.188 -0.012 0.554 0.754 2048 4 sem':

       6672.499931      task-clock (msec)         #    3.936 CPUs utilized          
                15      context-switches          #    0.002 K/sec                  
                 5      cpu-migrations            #    0.001 K/sec                  
                69      page-faults               #    0.010 K/sec                  
   <not supported>      cycles                   
   <not supported>      stalled-cycles-frontend  
   <not supported>      stalled-cycles-backend   
   <not supported>      instructions             
   <not supported>      branches                 
   <not supported>      branch-misses            

       1.695406739 seconds time elapsed

MODO = sem I/O e alloc. memoria

 Performance counter stats for './mandelbrot_pth -0.188 -0.012 0.554 0.754 2048 4 sem':

       6678.085418      task-clock (msec)         #    3.962 CPUs utilized          
                18      context-switches          #    0.003 K/sec                  
                 6      cpu-migrations            #    0.001 K/sec                  
                68      page-faults               #    0.010 K/sec                  
   <not supported>      cycles                   
   <not supported>      stalled-cycles-frontend  
   <not supported>      stalled-cycles-backend   
   <not supported>      instructions             
   <not supported>      branches                 
   <not supported>      branch-misses            

       1.685709605 seconds time elapsed

MODO = sem I/O e alloc. memoria

 Performance counter stats for './mandelbrot_pth -0.188 -0.012 0.554 0.754 2048 4 sem':

       6664.220947      task-clock (msec)         #    3.935 CPUs utilized          
                12      context-switches          #    0.002 K/sec                  
                 4      cpu-migrations            #    0.001 K/sec                  
                69      page-faults               #    0.010 K/sec                  
   <not supported>      cycles                   
   <not supported>      stalled-cycles-frontend  
   <not supported>      stalled-cycles-backend   
   <not supported>      instructions             
   <not supported>      branches                 
   <not supported>      branch-misses            

       1.693555796 seconds time elapsed

MODO = sem I/O e alloc. memoria

 Performance counter stats for './mandelbrot_pth -0.188 -0.012 0.554 0.754 4096 4 sem':

      26496.571096      task-clock (msec)         #    3.999 CPUs utilized          
                45      context-switches          #    0.002 K/sec                  
                 5      cpu-migrations            #    0.000 K/sec                  
                71      page-faults               #    0.003 K/sec                  
   <not supported>      cycles                   
   <not supported>      stalled-cycles-frontend  
   <not supported>      stalled-cycles-backend   
   <not supported>      instructions             
   <not supported>      branches                 
   <not supported>      branch-misses            

       6.626009820 seconds time elapsed

MODO = sem I/O e alloc. memoria

 Performance counter stats for './mandelbrot_pth -0.188 -0.012 0.554 0.754 4096 4 sem':

      26512.925318      task-clock (msec)         #    3.998 CPUs utilized          
                49      context-switches          #    0.002 K/sec                  
                 5      cpu-migrations            #    0.000 K/sec                  
                72      page-faults               #    0.003 K/sec                  
   <not supported>      cycles                   
   <not supported>      stalled-cycles-frontend  
   <not supported>      stalled-cycles-backend   
   <not supported>      instructions             
   <not supported>      branches                 
   <not supported>      branch-misses            

       6.632211245 seconds time elapsed

MODO = sem I/O e alloc. memoria

 Performance counter stats for './mandelbrot_pth -0.188 -0.012 0.554 0.754 4096 4 sem':

      26781.354714      task-clock (msec)         #    3.876 CPUs utilized          
                56      context-switches          #    0.002 K/sec                  
                 5      cpu-migrations            #    0.000 K/sec                  
                68      page-faults               #    0.003 K/sec                  
   <not supported>      cycles                   
   <not supported>      stalled-cycles-frontend  
   <not supported>      stalled-cycles-backend   
   <not supported>      instructions             
   <not supported>      branches                 
   <not supported>      branch-misses            

       6.910305855 seconds time elapsed

MODO = sem I/O e alloc. memoria

 Performance counter stats for './mandelbrot_pth -0.188 -0.012 0.554 0.754 4096 4 sem':

      26499.031992      task-clock (msec)         #    3.999 CPUs utilized          
                54      context-switches          #    0.002 K/sec                  
                 4      cpu-migrations            #    0.000 K/sec                  
                69      page-faults               #    0.003 K/sec                  
   <not supported>      cycles                   
   <not supported>      stalled-cycles-frontend  
   <not supported>      stalled-cycles-backend   
   <not supported>      instructions             
   <not supported>      branches                 
   <not supported>      branch-misses            

       6.625751463 seconds time elapsed

MODO = sem I/O e alloc. memoria

 Performance counter stats for './mandelbrot_pth -0.188 -0.012 0.554 0.754 4096 4 sem':

      26517.143875      task-clock (msec)         #    3.992 CPUs utilized          
                50      context-switches          #    0.002 K/sec                  
                 4      cpu-migrations            #    0.000 K/sec                  
                70      page-faults               #    0.003 K/sec                  
   <not supported>      cycles                   
   <not supported>      stalled-cycles-frontend  
   <not supported>      stalled-cycles-backend   
   <not supported>      instructions             
   <not supported>      branches                 
   <not supported>      branch-misses            

       6.642599519 seconds time elapsed

MODO = sem I/O e alloc. memoria

 Performance counter stats for './mandelbrot_pth -0.188 -0.012 0.554 0.754 4096 4 sem':

      26616.369880      task-clock (msec)         #    3.953 CPUs utilized          
                48      context-switches          #    0.002 K/sec                  
                 4      cpu-migrations            #    0.000 K/sec                  
                69      page-faults               #    0.003 K/sec                  
   <not supported>      cycles                   
   <not supported>      stalled-cycles-frontend  
   <not supported>      stalled-cycles-backend   
   <not supported>      instructions             
   <not supported>      branches                 
   <not supported>      branch-misses            

       6.733759763 seconds time elapsed

MODO = sem I/O e alloc. memoria

 Performance counter stats for './mandelbrot_pth -0.188 -0.012 0.554 0.754 4096 4 sem':

      26509.899502      task-clock (msec)         #    3.999 CPUs utilized          
                47      context-switches          #    0.002 K/sec                  
                 4      cpu-migrations            #    0.000 K/sec                  
                71      page-faults               #    0.003 K/sec                  
   <not supported>      cycles                   
   <not supported>      stalled-cycles-frontend  
   <not supported>      stalled-cycles-backend   
   <not supported>      instructions             
   <not supported>      branches                 
   <not supported>      branch-misses            

       6.629039769 seconds time elapsed

MODO = sem I/O e alloc. memoria

 Performance counter stats for './mandelbrot_pth -0.188 -0.012 0.554 0.754 4096 4 sem':

      26494.838367      task-clock (msec)         #    3.998 CPUs utilized          
                47      context-switches          #    0.002 K/sec                  
                 4      cpu-migrations            #    0.000 K/sec                  
                71      page-faults               #    0.003 K/sec                  
   <not supported>      cycles                   
   <not supported>      stalled-cycles-frontend  
   <not supported>      stalled-cycles-backend   
   <not supported>      instructions             
   <not supported>      branches                 
   <not supported>      branch-misses            

       6.626243832 seconds time elapsed

MODO = sem I/O e alloc. memoria

 Performance counter stats for './mandelbrot_pth -0.188 -0.012 0.554 0.754 4096 4 sem':

      26491.135125      task-clock (msec)         #    3.998 CPUs utilized          
                48      context-switches          #    0.002 K/sec                  
                 5      cpu-migrations            #    0.000 K/sec                  
                71      page-faults               #    0.003 K/sec                  
   <not supported>      cycles                   
   <not supported>      stalled-cycles-frontend  
   <not supported>      stalled-cycles-backend   
   <not supported>      instructions             
   <not supported>      branches                 
   <not supported>      branch-misses            

       6.626732428 seconds time elapsed

MODO = sem I/O e alloc. memoria

 Performance counter stats for './mandelbrot_pth -0.188 -0.012 0.554 0.754 4096 4 sem':

      26503.975658      task-clock (msec)         #    3.997 CPUs utilized          
                58      context-switches          #    0.002 K/sec                  
                 6      cpu-migrations            #    0.000 K/sec                  
                69      page-faults               #    0.003 K/sec                  
   <not supported>      cycles                   
   <not supported>      stalled-cycles-frontend  
   <not supported>      stalled-cycles-backend   
   <not supported>      instructions             
   <not supported>      branches                 
   <not supported>      branch-misses            

       6.631027111 seconds time elapsed

MODO = sem I/O e alloc. memoria

 Performance counter stats for './mandelbrot_pth -0.188 -0.012 0.554 0.754 8192 4 sem':

     106006.619341      task-clock (msec)         #    3.999 CPUs utilized          
               216      context-switches          #    0.002 K/sec                  
                 5      cpu-migrations            #    0.000 K/sec                  
                67      page-faults               #    0.001 K/sec                  
   <not supported>      cycles                   
   <not supported>      stalled-cycles-frontend  
   <not supported>      stalled-cycles-backend   
   <not supported>      instructions             
   <not supported>      branches                 
   <not supported>      branch-misses            

      26.509253691 seconds time elapsed

MODO = sem I/O e alloc. memoria

 Performance counter stats for './mandelbrot_pth -0.188 -0.012 0.554 0.754 8192 4 sem':

     106215.565204      task-clock (msec)         #    3.985 CPUs utilized          
               213      context-switches          #    0.002 K/sec                  
                 5      cpu-migrations            #    0.000 K/sec                  
                71      page-faults               #    0.001 K/sec                  
   <not supported>      cycles                   
   <not supported>      stalled-cycles-frontend  
   <not supported>      stalled-cycles-backend   
   <not supported>      instructions             
   <not supported>      branches                 
   <not supported>      branch-misses            

      26.652352263 seconds time elapsed

MODO = sem I/O e alloc. memoria

 Performance counter stats for './mandelbrot_pth -0.188 -0.012 0.554 0.754 8192 4 sem':

     106281.896460      task-clock (msec)         #    3.976 CPUs utilized          
               212      context-switches          #    0.002 K/sec                  
                 5      cpu-migrations            #    0.000 K/sec                  
                69      page-faults               #    0.001 K/sec                  
   <not supported>      cycles                   
   <not supported>      stalled-cycles-frontend  
   <not supported>      stalled-cycles-backend   
   <not supported>      instructions             
   <not supported>      branches                 
   <not supported>      branch-misses            

      26.729208396 seconds time elapsed

MODO = sem I/O e alloc. memoria

 Performance counter stats for './mandelbrot_pth -0.188 -0.012 0.554 0.754 8192 4 sem':

     106040.620001      task-clock (msec)         #    3.996 CPUs utilized          
               211      context-switches          #    0.002 K/sec                  
                 5      cpu-migrations            #    0.000 K/sec                  
                70      page-faults               #    0.001 K/sec                  
   <not supported>      cycles                   
   <not supported>      stalled-cycles-frontend  
   <not supported>      stalled-cycles-backend   
   <not supported>      instructions             
   <not supported>      branches                 
   <not supported>      branch-misses            

      26.537293795 seconds time elapsed

MODO = sem I/O e alloc. memoria

 Performance counter stats for './mandelbrot_pth -0.188 -0.012 0.554 0.754 8192 4 sem':

     105957.620845      task-clock (msec)         #    3.999 CPUs utilized          
               219      context-switches          #    0.002 K/sec                  
                 4      cpu-migrations            #    0.000 K/sec                  
                71      page-faults               #    0.001 K/sec                  
   <not supported>      cycles                   
   <not supported>      stalled-cycles-frontend  
   <not supported>      stalled-cycles-backend   
   <not supported>      instructions             
   <not supported>      branches                 
   <not supported>      branch-misses            

      26.496364975 seconds time elapsed

MODO = sem I/O e alloc. memoria

 Performance counter stats for './mandelbrot_pth -0.188 -0.012 0.554 0.754 8192 4 sem':

     106002.308134      task-clock (msec)         #    3.999 CPUs utilized          
               212      context-switches          #    0.002 K/sec                  
                 4      cpu-migrations            #    0.000 K/sec                  
                71      page-faults               #    0.001 K/sec                  
   <not supported>      cycles                   
   <not supported>      stalled-cycles-frontend  
   <not supported>      stalled-cycles-backend   
   <not supported>      instructions             
   <not supported>      branches                 
   <not supported>      branch-misses            

      26.508344683 seconds time elapsed

MODO = sem I/O e alloc. memoria

 Performance counter stats for './mandelbrot_pth -0.188 -0.012 0.554 0.754 8192 4 sem':

     106074.954880      task-clock (msec)         #    3.992 CPUs utilized          
               213      context-switches          #    0.002 K/sec                  
                 5      cpu-migrations            #    0.000 K/sec                  
                71      page-faults               #    0.001 K/sec                  
   <not supported>      cycles                   
   <not supported>      stalled-cycles-frontend  
   <not supported>      stalled-cycles-backend   
   <not supported>      instructions             
   <not supported>      branches                 
   <not supported>      branch-misses            

      26.571999131 seconds time elapsed

MODO = sem I/O e alloc. memoria

 Performance counter stats for './mandelbrot_pth -0.188 -0.012 0.554 0.754 8192 4 sem':

     106288.820928      task-clock (msec)         #    3.967 CPUs utilized          
               214      context-switches          #    0.002 K/sec                  
                 5      cpu-migrations            #    0.000 K/sec                  
                71      page-faults               #    0.001 K/sec                  
   <not supported>      cycles                   
   <not supported>      stalled-cycles-frontend  
   <not supported>      stalled-cycles-backend   
   <not supported>      instructions             
   <not supported>      branches                 
   <not supported>      branch-misses            

      26.794435297 seconds time elapsed

MODO = sem I/O e alloc. memoria

 Performance counter stats for './mandelbrot_pth -0.188 -0.012 0.554 0.754 8192 4 sem':

     106007.096111      task-clock (msec)         #    3.995 CPUs utilized          
               208      context-switches          #    0.002 K/sec                  
                 5      cpu-migrations            #    0.000 K/sec                  
                71      page-faults               #    0.001 K/sec                  
   <not supported>      cycles                   
   <not supported>      stalled-cycles-frontend  
   <not supported>      stalled-cycles-backend   
   <not supported>      instructions             
   <not supported>      branches                 
   <not supported>      branch-misses            

      26.536588278 seconds time elapsed

MODO = sem I/O e alloc. memoria

 Performance counter stats for './mandelbrot_pth -0.188 -0.012 0.554 0.754 8192 4 sem':

     106021.614832      task-clock (msec)         #    3.999 CPUs utilized          
               217      context-switches          #    0.002 K/sec                  
                 5      cpu-migrations            #    0.000 K/sec                  
                70      page-faults               #    0.001 K/sec                  
   <not supported>      cycles                   
   <not supported>      stalled-cycles-frontend  
   <not supported>      stalled-cycles-backend   
   <not supported>      instructions             
   <not supported>      branches                 
   <not supported>      branch-misses            

      26.512210128 seconds time elapsed

