MODO = sem I/O e alloc. memoria

 Performance counter stats for './mandelbrot_pth -0.188 -0.012 0.554 0.754 16 32 sem':

          2.103352      task-clock (msec)         #    1.496 CPUs utilized          
                28      context-switches          #    0.013 M/sec                  
                34      cpu-migrations            #    0.016 M/sec                  
               130      page-faults               #    0.062 M/sec                  
   <not supported>      cycles                   
   <not supported>      stalled-cycles-frontend  
   <not supported>      stalled-cycles-backend   
   <not supported>      instructions             
   <not supported>      branches                 
   <not supported>      branch-misses            

       0.001405540 seconds time elapsed

MODO = sem I/O e alloc. memoria

 Performance counter stats for './mandelbrot_pth -0.188 -0.012 0.554 0.754 16 32 sem':

          1.930016      task-clock (msec)         #    1.457 CPUs utilized          
                35      context-switches          #    0.018 M/sec                  
                33      cpu-migrations            #    0.017 M/sec                  
               126      page-faults               #    0.065 M/sec                  
   <not supported>      cycles                   
   <not supported>      stalled-cycles-frontend  
   <not supported>      stalled-cycles-backend   
   <not supported>      instructions             
   <not supported>      branches                 
   <not supported>      branch-misses            

       0.001325016 seconds time elapsed

MODO = sem I/O e alloc. memoria

 Performance counter stats for './mandelbrot_pth -0.188 -0.012 0.554 0.754 16 32 sem':

          2.285585      task-clock (msec)         #    1.478 CPUs utilized          
                36      context-switches          #    0.016 M/sec                  
                36      cpu-migrations            #    0.016 M/sec                  
               129      page-faults               #    0.056 M/sec                  
   <not supported>      cycles                   
   <not supported>      stalled-cycles-frontend  
   <not supported>      stalled-cycles-backend   
   <not supported>      instructions             
   <not supported>      branches                 
   <not supported>      branch-misses            

       0.001546782 seconds time elapsed

MODO = sem I/O e alloc. memoria

 Performance counter stats for './mandelbrot_pth -0.188 -0.012 0.554 0.754 16 32 sem':

          1.965231      task-clock (msec)         #    1.510 CPUs utilized          
                26      context-switches          #    0.013 M/sec                  
                34      cpu-migrations            #    0.017 M/sec                  
               129      page-faults               #    0.066 M/sec                  
   <not supported>      cycles                   
   <not supported>      stalled-cycles-frontend  
   <not supported>      stalled-cycles-backend   
   <not supported>      instructions             
   <not supported>      branches                 
   <not supported>      branch-misses            

       0.001301386 seconds time elapsed

MODO = sem I/O e alloc. memoria

 Performance counter stats for './mandelbrot_pth -0.188 -0.012 0.554 0.754 16 32 sem':

          2.094384      task-clock (msec)         #    1.400 CPUs utilized          
                33      context-switches          #    0.016 M/sec                  
                34      cpu-migrations            #    0.016 M/sec                  
               129      page-faults               #    0.062 M/sec                  
   <not supported>      cycles                   
   <not supported>      stalled-cycles-frontend  
   <not supported>      stalled-cycles-backend   
   <not supported>      instructions             
   <not supported>      branches                 
   <not supported>      branch-misses            

       0.001496326 seconds time elapsed

MODO = sem I/O e alloc. memoria

 Performance counter stats for './mandelbrot_pth -0.188 -0.012 0.554 0.754 16 32 sem':

          2.151155      task-clock (msec)         #    1.510 CPUs utilized          
                35      context-switches          #    0.016 M/sec                  
                35      cpu-migrations            #    0.016 M/sec                  
               127      page-faults               #    0.059 M/sec                  
   <not supported>      cycles                   
   <not supported>      stalled-cycles-frontend  
   <not supported>      stalled-cycles-backend   
   <not supported>      instructions             
   <not supported>      branches                 
   <not supported>      branch-misses            

       0.001424443 seconds time elapsed

MODO = sem I/O e alloc. memoria

 Performance counter stats for './mandelbrot_pth -0.188 -0.012 0.554 0.754 16 32 sem':

          2.293392      task-clock (msec)         #    1.408 CPUs utilized          
                43      context-switches          #    0.019 M/sec                  
                38      cpu-migrations            #    0.017 M/sec                  
               129      page-faults               #    0.056 M/sec                  
   <not supported>      cycles                   
   <not supported>      stalled-cycles-frontend  
   <not supported>      stalled-cycles-backend   
   <not supported>      instructions             
   <not supported>      branches                 
   <not supported>      branch-misses            

       0.001628982 seconds time elapsed

MODO = sem I/O e alloc. memoria

 Performance counter stats for './mandelbrot_pth -0.188 -0.012 0.554 0.754 16 32 sem':

          2.129670      task-clock (msec)         #    1.320 CPUs utilized          
                30      context-switches          #    0.014 M/sec                  
                33      cpu-migrations            #    0.015 M/sec                  
               129      page-faults               #    0.061 M/sec                  
   <not supported>      cycles                   
   <not supported>      stalled-cycles-frontend  
   <not supported>      stalled-cycles-backend   
   <not supported>      instructions             
   <not supported>      branches                 
   <not supported>      branch-misses            

       0.001613296 seconds time elapsed

MODO = sem I/O e alloc. memoria

 Performance counter stats for './mandelbrot_pth -0.188 -0.012 0.554 0.754 16 32 sem':

          2.036303      task-clock (msec)         #    1.503 CPUs utilized          
                26      context-switches          #    0.013 M/sec                  
                35      cpu-migrations            #    0.017 M/sec                  
               126      page-faults               #    0.062 M/sec                  
   <not supported>      cycles                   
   <not supported>      stalled-cycles-frontend  
   <not supported>      stalled-cycles-backend   
   <not supported>      instructions             
   <not supported>      branches                 
   <not supported>      branch-misses            

       0.001354522 seconds time elapsed

MODO = sem I/O e alloc. memoria

 Performance counter stats for './mandelbrot_pth -0.188 -0.012 0.554 0.754 16 32 sem':

          2.089726      task-clock (msec)         #    1.439 CPUs utilized          
                47      context-switches          #    0.022 M/sec                  
                34      cpu-migrations            #    0.016 M/sec                  
               127      page-faults               #    0.061 M/sec                  
   <not supported>      cycles                   
   <not supported>      stalled-cycles-frontend  
   <not supported>      stalled-cycles-backend   
   <not supported>      instructions             
   <not supported>      branches                 
   <not supported>      branch-misses            

       0.001452414 seconds time elapsed

MODO = sem I/O e alloc. memoria

 Performance counter stats for './mandelbrot_pth -0.188 -0.012 0.554 0.754 32 32 sem':

          3.629413      task-clock (msec)         #    2.348 CPUs utilized          
                38      context-switches          #    0.010 M/sec                  
                35      cpu-migrations            #    0.010 M/sec                  
               130      page-faults               #    0.036 M/sec                  
   <not supported>      cycles                   
   <not supported>      stalled-cycles-frontend  
   <not supported>      stalled-cycles-backend   
   <not supported>      instructions             
   <not supported>      branches                 
   <not supported>      branch-misses            

       0.001545836 seconds time elapsed

MODO = sem I/O e alloc. memoria

 Performance counter stats for './mandelbrot_pth -0.188 -0.012 0.554 0.754 32 32 sem':

          3.552501      task-clock (msec)         #    2.296 CPUs utilized          
                44      context-switches          #    0.012 M/sec                  
                34      cpu-migrations            #    0.010 M/sec                  
               129      page-faults               #    0.036 M/sec                  
   <not supported>      cycles                   
   <not supported>      stalled-cycles-frontend  
   <not supported>      stalled-cycles-backend   
   <not supported>      instructions             
   <not supported>      branches                 
   <not supported>      branch-misses            

       0.001547443 seconds time elapsed

MODO = sem I/O e alloc. memoria

 Performance counter stats for './mandelbrot_pth -0.188 -0.012 0.554 0.754 32 32 sem':

          3.635390      task-clock (msec)         #    2.192 CPUs utilized          
                57      context-switches          #    0.016 M/sec                  
                38      cpu-migrations            #    0.010 M/sec                  
               127      page-faults               #    0.035 M/sec                  
   <not supported>      cycles                   
   <not supported>      stalled-cycles-frontend  
   <not supported>      stalled-cycles-backend   
   <not supported>      instructions             
   <not supported>      branches                 
   <not supported>      branch-misses            

       0.001658698 seconds time elapsed

MODO = sem I/O e alloc. memoria

 Performance counter stats for './mandelbrot_pth -0.188 -0.012 0.554 0.754 32 32 sem':

          3.635705      task-clock (msec)         #    2.279 CPUs utilized          
                60      context-switches          #    0.017 M/sec                  
                39      cpu-migrations            #    0.011 M/sec                  
               128      page-faults               #    0.035 M/sec                  
   <not supported>      cycles                   
   <not supported>      stalled-cycles-frontend  
   <not supported>      stalled-cycles-backend   
   <not supported>      instructions             
   <not supported>      branches                 
   <not supported>      branch-misses            

       0.001595090 seconds time elapsed

MODO = sem I/O e alloc. memoria

 Performance counter stats for './mandelbrot_pth -0.188 -0.012 0.554 0.754 32 32 sem':

          3.556101      task-clock (msec)         #    2.254 CPUs utilized          
                41      context-switches          #    0.012 M/sec                  
                34      cpu-migrations            #    0.010 M/sec                  
               126      page-faults               #    0.035 M/sec                  
   <not supported>      cycles                   
   <not supported>      stalled-cycles-frontend  
   <not supported>      stalled-cycles-backend   
   <not supported>      instructions             
   <not supported>      branches                 
   <not supported>      branch-misses            

       0.001577601 seconds time elapsed

MODO = sem I/O e alloc. memoria

 Performance counter stats for './mandelbrot_pth -0.188 -0.012 0.554 0.754 32 32 sem':

          3.518664      task-clock (msec)         #    2.304 CPUs utilized          
                32      context-switches          #    0.009 M/sec                  
                34      cpu-migrations            #    0.010 M/sec                  
               129      page-faults               #    0.037 M/sec                  
   <not supported>      cycles                   
   <not supported>      stalled-cycles-frontend  
   <not supported>      stalled-cycles-backend   
   <not supported>      instructions             
   <not supported>      branches                 
   <not supported>      branch-misses            

       0.001526892 seconds time elapsed

MODO = sem I/O e alloc. memoria

 Performance counter stats for './mandelbrot_pth -0.188 -0.012 0.554 0.754 32 32 sem':

          3.586546      task-clock (msec)         #    2.221 CPUs utilized          
                49      context-switches          #    0.014 M/sec                  
                33      cpu-migrations            #    0.009 M/sec                  
               127      page-faults               #    0.035 M/sec                  
   <not supported>      cycles                   
   <not supported>      stalled-cycles-frontend  
   <not supported>      stalled-cycles-backend   
   <not supported>      instructions             
   <not supported>      branches                 
   <not supported>      branch-misses            

       0.001614599 seconds time elapsed

MODO = sem I/O e alloc. memoria

 Performance counter stats for './mandelbrot_pth -0.188 -0.012 0.554 0.754 32 32 sem':

          3.810856      task-clock (msec)         #    2.143 CPUs utilized          
                36      context-switches          #    0.009 M/sec                  
                37      cpu-migrations            #    0.010 M/sec                  
               129      page-faults               #    0.034 M/sec                  
   <not supported>      cycles                   
   <not supported>      stalled-cycles-frontend  
   <not supported>      stalled-cycles-backend   
   <not supported>      instructions             
   <not supported>      branches                 
   <not supported>      branch-misses            

       0.001778601 seconds time elapsed

MODO = sem I/O e alloc. memoria

 Performance counter stats for './mandelbrot_pth -0.188 -0.012 0.554 0.754 32 32 sem':

          3.643694      task-clock (msec)         #    2.177 CPUs utilized          
                54      context-switches          #    0.015 M/sec                  
                38      cpu-migrations            #    0.010 M/sec                  
               127      page-faults               #    0.035 M/sec                  
   <not supported>      cycles                   
   <not supported>      stalled-cycles-frontend  
   <not supported>      stalled-cycles-backend   
   <not supported>      instructions             
   <not supported>      branches                 
   <not supported>      branch-misses            

       0.001673834 seconds time elapsed

MODO = sem I/O e alloc. memoria

 Performance counter stats for './mandelbrot_pth -0.188 -0.012 0.554 0.754 32 32 sem':

          3.632660      task-clock (msec)         #    2.167 CPUs utilized          
                53      context-switches          #    0.015 M/sec                  
                33      cpu-migrations            #    0.009 M/sec                  
               130      page-faults               #    0.036 M/sec                  
   <not supported>      cycles                   
   <not supported>      stalled-cycles-frontend  
   <not supported>      stalled-cycles-backend   
   <not supported>      instructions             
   <not supported>      branches                 
   <not supported>      branch-misses            

       0.001676434 seconds time elapsed

MODO = sem I/O e alloc. memoria

 Performance counter stats for './mandelbrot_pth -0.188 -0.012 0.554 0.754 64 32 sem':

          9.309268      task-clock (msec)         #    4.599 CPUs utilized          
                60      context-switches          #    0.006 M/sec                  
                30      cpu-migrations            #    0.003 M/sec                  
               126      page-faults               #    0.014 M/sec                  
   <not supported>      cycles                   
   <not supported>      stalled-cycles-frontend  
   <not supported>      stalled-cycles-backend   
   <not supported>      instructions             
   <not supported>      branches                 
   <not supported>      branch-misses            

       0.002023981 seconds time elapsed

MODO = sem I/O e alloc. memoria

 Performance counter stats for './mandelbrot_pth -0.188 -0.012 0.554 0.754 64 32 sem':

          9.596694      task-clock (msec)         #    4.643 CPUs utilized          
                82      context-switches          #    0.009 M/sec                  
                36      cpu-migrations            #    0.004 M/sec                  
               126      page-faults               #    0.013 M/sec                  
   <not supported>      cycles                   
   <not supported>      stalled-cycles-frontend  
   <not supported>      stalled-cycles-backend   
   <not supported>      instructions             
   <not supported>      branches                 
   <not supported>      branch-misses            

       0.002066704 seconds time elapsed

MODO = sem I/O e alloc. memoria

 Performance counter stats for './mandelbrot_pth -0.188 -0.012 0.554 0.754 64 32 sem':

          9.376575      task-clock (msec)         #    4.285 CPUs utilized          
                62      context-switches          #    0.007 M/sec                  
                34      cpu-migrations            #    0.004 M/sec                  
               129      page-faults               #    0.014 M/sec                  
   <not supported>      cycles                   
   <not supported>      stalled-cycles-frontend  
   <not supported>      stalled-cycles-backend   
   <not supported>      instructions             
   <not supported>      branches                 
   <not supported>      branch-misses            

       0.002188014 seconds time elapsed

MODO = sem I/O e alloc. memoria

 Performance counter stats for './mandelbrot_pth -0.188 -0.012 0.554 0.754 64 32 sem':

          9.847366      task-clock (msec)         #    4.639 CPUs utilized          
                86      context-switches          #    0.009 M/sec                  
                33      cpu-migrations            #    0.003 M/sec                  
               127      page-faults               #    0.013 M/sec                  
   <not supported>      cycles                   
   <not supported>      stalled-cycles-frontend  
   <not supported>      stalled-cycles-backend   
   <not supported>      instructions             
   <not supported>      branches                 
   <not supported>      branch-misses            

       0.002122720 seconds time elapsed

MODO = sem I/O e alloc. memoria

 Performance counter stats for './mandelbrot_pth -0.188 -0.012 0.554 0.754 64 32 sem':

          9.704023      task-clock (msec)         #    4.708 CPUs utilized          
                88      context-switches          #    0.009 M/sec                  
                33      cpu-migrations            #    0.003 M/sec                  
               129      page-faults               #    0.013 M/sec                  
   <not supported>      cycles                   
   <not supported>      stalled-cycles-frontend  
   <not supported>      stalled-cycles-backend   
   <not supported>      instructions             
   <not supported>      branches                 
   <not supported>      branch-misses            

       0.002061166 seconds time elapsed

MODO = sem I/O e alloc. memoria

 Performance counter stats for './mandelbrot_pth -0.188 -0.012 0.554 0.754 64 32 sem':

          9.740765      task-clock (msec)         #    4.452 CPUs utilized          
                84      context-switches          #    0.009 M/sec                  
                39      cpu-migrations            #    0.004 M/sec                  
               131      page-faults               #    0.013 M/sec                  
   <not supported>      cycles                   
   <not supported>      stalled-cycles-frontend  
   <not supported>      stalled-cycles-backend   
   <not supported>      instructions             
   <not supported>      branches                 
   <not supported>      branch-misses            

       0.002188049 seconds time elapsed

MODO = sem I/O e alloc. memoria

 Performance counter stats for './mandelbrot_pth -0.188 -0.012 0.554 0.754 64 32 sem':

          9.351839      task-clock (msec)         #    4.079 CPUs utilized          
                49      context-switches          #    0.005 M/sec                  
                32      cpu-migrations            #    0.003 M/sec                  
               126      page-faults               #    0.013 M/sec                  
   <not supported>      cycles                   
   <not supported>      stalled-cycles-frontend  
   <not supported>      stalled-cycles-backend   
   <not supported>      instructions             
   <not supported>      branches                 
   <not supported>      branch-misses            

       0.002292516 seconds time elapsed

MODO = sem I/O e alloc. memoria

 Performance counter stats for './mandelbrot_pth -0.188 -0.012 0.554 0.754 64 32 sem':

          9.629062      task-clock (msec)         #    4.760 CPUs utilized          
                76      context-switches          #    0.008 M/sec                  
                34      cpu-migrations            #    0.004 M/sec                  
               129      page-faults               #    0.013 M/sec                  
   <not supported>      cycles                   
   <not supported>      stalled-cycles-frontend  
   <not supported>      stalled-cycles-backend   
   <not supported>      instructions             
   <not supported>      branches                 
   <not supported>      branch-misses            

       0.002022859 seconds time elapsed

MODO = sem I/O e alloc. memoria

 Performance counter stats for './mandelbrot_pth -0.188 -0.012 0.554 0.754 64 32 sem':

         10.203097      task-clock (msec)         #    4.499 CPUs utilized          
                81      context-switches          #    0.008 M/sec                  
                42      cpu-migrations            #    0.004 M/sec                  
               130      page-faults               #    0.013 M/sec                  
   <not supported>      cycles                   
   <not supported>      stalled-cycles-frontend  
   <not supported>      stalled-cycles-backend   
   <not supported>      instructions             
   <not supported>      branches                 
   <not supported>      branch-misses            

       0.002267625 seconds time elapsed

MODO = sem I/O e alloc. memoria

 Performance counter stats for './mandelbrot_pth -0.188 -0.012 0.554 0.754 64 32 sem':

          9.144487      task-clock (msec)         #    3.563 CPUs utilized          
                34      context-switches          #    0.004 M/sec                  
                30      cpu-migrations            #    0.003 M/sec                  
               127      page-faults               #    0.014 M/sec                  
   <not supported>      cycles                   
   <not supported>      stalled-cycles-frontend  
   <not supported>      stalled-cycles-backend   
   <not supported>      instructions             
   <not supported>      branches                 
   <not supported>      branch-misses            

       0.002566404 seconds time elapsed

MODO = sem I/O e alloc. memoria

 Performance counter stats for './mandelbrot_pth -0.188 -0.012 0.554 0.754 128 32 sem':

         32.671513      task-clock (msec)         #    6.426 CPUs utilized          
                25      context-switches          #    0.765 K/sec                  
                29      cpu-migrations            #    0.888 K/sec                  
               131      page-faults               #    0.004 M/sec                  
   <not supported>      cycles                   
   <not supported>      stalled-cycles-frontend  
   <not supported>      stalled-cycles-backend   
   <not supported>      instructions             
   <not supported>      branches                 
   <not supported>      branch-misses            

       0.005084509 seconds time elapsed

MODO = sem I/O e alloc. memoria

 Performance counter stats for './mandelbrot_pth -0.188 -0.012 0.554 0.754 128 32 sem':

         32.651881      task-clock (msec)         #    6.435 CPUs utilized          
                23      context-switches          #    0.704 K/sec                  
                29      cpu-migrations            #    0.888 K/sec                  
               126      page-faults               #    0.004 M/sec                  
   <not supported>      cycles                   
   <not supported>      stalled-cycles-frontend  
   <not supported>      stalled-cycles-backend   
   <not supported>      instructions             
   <not supported>      branches                 
   <not supported>      branch-misses            

       0.005073891 seconds time elapsed

MODO = sem I/O e alloc. memoria

 Performance counter stats for './mandelbrot_pth -0.188 -0.012 0.554 0.754 128 32 sem':

         32.847749      task-clock (msec)         #    6.065 CPUs utilized          
                32      context-switches          #    0.974 K/sec                  
                29      cpu-migrations            #    0.883 K/sec                  
               129      page-faults               #    0.004 M/sec                  
   <not supported>      cycles                   
   <not supported>      stalled-cycles-frontend  
   <not supported>      stalled-cycles-backend   
   <not supported>      instructions             
   <not supported>      branches                 
   <not supported>      branch-misses            

       0.005416387 seconds time elapsed

MODO = sem I/O e alloc. memoria

 Performance counter stats for './mandelbrot_pth -0.188 -0.012 0.554 0.754 128 32 sem':

         33.164635      task-clock (msec)         #    5.981 CPUs utilized          
                41      context-switches          #    0.001 M/sec                  
                33      cpu-migrations            #    0.995 K/sec                  
               129      page-faults               #    0.004 M/sec                  
   <not supported>      cycles                   
   <not supported>      stalled-cycles-frontend  
   <not supported>      stalled-cycles-backend   
   <not supported>      instructions             
   <not supported>      branches                 
   <not supported>      branch-misses            

       0.005544658 seconds time elapsed

MODO = sem I/O e alloc. memoria

 Performance counter stats for './mandelbrot_pth -0.188 -0.012 0.554 0.754 128 32 sem':

         32.491125      task-clock (msec)         #    6.319 CPUs utilized          
                30      context-switches          #    0.923 K/sec                  
                29      cpu-migrations            #    0.893 K/sec                  
               129      page-faults               #    0.004 M/sec                  
   <not supported>      cycles                   
   <not supported>      stalled-cycles-frontend  
   <not supported>      stalled-cycles-backend   
   <not supported>      instructions             
   <not supported>      branches                 
   <not supported>      branch-misses            

       0.005141813 seconds time elapsed

MODO = sem I/O e alloc. memoria

 Performance counter stats for './mandelbrot_pth -0.188 -0.012 0.554 0.754 128 32 sem':

         32.627630      task-clock (msec)         #    6.368 CPUs utilized          
                28      context-switches          #    0.858 K/sec                  
                29      cpu-migrations            #    0.889 K/sec                  
               127      page-faults               #    0.004 M/sec                  
   <not supported>      cycles                   
   <not supported>      stalled-cycles-frontend  
   <not supported>      stalled-cycles-backend   
   <not supported>      instructions             
   <not supported>      branches                 
   <not supported>      branch-misses            

       0.005123298 seconds time elapsed

MODO = sem I/O e alloc. memoria

 Performance counter stats for './mandelbrot_pth -0.188 -0.012 0.554 0.754 128 32 sem':

         33.312585      task-clock (msec)         #    6.279 CPUs utilized          
                48      context-switches          #    0.001 M/sec                  
                32      cpu-migrations            #    0.961 K/sec                  
               129      page-faults               #    0.004 M/sec                  
   <not supported>      cycles                   
   <not supported>      stalled-cycles-frontend  
   <not supported>      stalled-cycles-backend   
   <not supported>      instructions             
   <not supported>      branches                 
   <not supported>      branch-misses            

       0.005305054 seconds time elapsed

MODO = sem I/O e alloc. memoria

 Performance counter stats for './mandelbrot_pth -0.188 -0.012 0.554 0.754 128 32 sem':

         32.529376      task-clock (msec)         #    6.405 CPUs utilized          
                24      context-switches          #    0.738 K/sec                  
                29      cpu-migrations            #    0.892 K/sec                  
               129      page-faults               #    0.004 M/sec                  
   <not supported>      cycles                   
   <not supported>      stalled-cycles-frontend  
   <not supported>      stalled-cycles-backend   
   <not supported>      instructions             
   <not supported>      branches                 
   <not supported>      branch-misses            

       0.005078493 seconds time elapsed

MODO = sem I/O e alloc. memoria

 Performance counter stats for './mandelbrot_pth -0.188 -0.012 0.554 0.754 128 32 sem':

         32.485538      task-clock (msec)         #    6.496 CPUs utilized          
                27      context-switches          #    0.831 K/sec                  
                29      cpu-migrations            #    0.893 K/sec                  
               129      page-faults               #    0.004 M/sec                  
   <not supported>      cycles                   
   <not supported>      stalled-cycles-frontend  
   <not supported>      stalled-cycles-backend   
   <not supported>      instructions             
   <not supported>      branches                 
   <not supported>      branch-misses            

       0.005000473 seconds time elapsed

MODO = sem I/O e alloc. memoria

 Performance counter stats for './mandelbrot_pth -0.188 -0.012 0.554 0.754 128 32 sem':

         32.640269      task-clock (msec)         #    6.330 CPUs utilized          
                33      context-switches          #    0.001 M/sec                  
                29      cpu-migrations            #    0.888 K/sec                  
               131      page-faults               #    0.004 M/sec                  
   <not supported>      cycles                   
   <not supported>      stalled-cycles-frontend  
   <not supported>      stalled-cycles-backend   
   <not supported>      instructions             
   <not supported>      branches                 
   <not supported>      branch-misses            

       0.005156180 seconds time elapsed

MODO = sem I/O e alloc. memoria

 Performance counter stats for './mandelbrot_pth -0.188 -0.012 0.554 0.754 256 32 sem':

        126.346944      task-clock (msec)         #    7.265 CPUs utilized          
                20      context-switches          #    0.158 K/sec                  
                29      cpu-migrations            #    0.230 K/sec                  
               129      page-faults               #    0.001 M/sec                  
   <not supported>      cycles                   
   <not supported>      stalled-cycles-frontend  
   <not supported>      stalled-cycles-backend   
   <not supported>      instructions             
   <not supported>      branches                 
   <not supported>      branch-misses            

       0.017391598 seconds time elapsed

MODO = sem I/O e alloc. memoria

 Performance counter stats for './mandelbrot_pth -0.188 -0.012 0.554 0.754 256 32 sem':

        125.941788      task-clock (msec)         #    7.449 CPUs utilized          
                22      context-switches          #    0.175 K/sec                  
                29      cpu-migrations            #    0.230 K/sec                  
               130      page-faults               #    0.001 M/sec                  
   <not supported>      cycles                   
   <not supported>      stalled-cycles-frontend  
   <not supported>      stalled-cycles-backend   
   <not supported>      instructions             
   <not supported>      branches                 
   <not supported>      branch-misses            

       0.016906379 seconds time elapsed

MODO = sem I/O e alloc. memoria

 Performance counter stats for './mandelbrot_pth -0.188 -0.012 0.554 0.754 256 32 sem':

        126.019870      task-clock (msec)         #    7.420 CPUs utilized          
                24      context-switches          #    0.190 K/sec                  
                29      cpu-migrations            #    0.230 K/sec                  
               127      page-faults               #    0.001 M/sec                  
   <not supported>      cycles                   
   <not supported>      stalled-cycles-frontend  
   <not supported>      stalled-cycles-backend   
   <not supported>      instructions             
   <not supported>      branches                 
   <not supported>      branch-misses            

       0.016983693 seconds time elapsed

MODO = sem I/O e alloc. memoria

 Performance counter stats for './mandelbrot_pth -0.188 -0.012 0.554 0.754 256 32 sem':

        126.176081      task-clock (msec)         #    7.524 CPUs utilized          
                19      context-switches          #    0.151 K/sec                  
                29      cpu-migrations            #    0.230 K/sec                  
               129      page-faults               #    0.001 M/sec                  
   <not supported>      cycles                   
   <not supported>      stalled-cycles-frontend  
   <not supported>      stalled-cycles-backend   
   <not supported>      instructions             
   <not supported>      branches                 
   <not supported>      branch-misses            

       0.016770273 seconds time elapsed

MODO = sem I/O e alloc. memoria

 Performance counter stats for './mandelbrot_pth -0.188 -0.012 0.554 0.754 256 32 sem':

        123.640546      task-clock (msec)         #    6.301 CPUs utilized          
                15      context-switches          #    0.121 K/sec                  
                28      cpu-migrations            #    0.226 K/sec                  
               126      page-faults               #    0.001 M/sec                  
   <not supported>      cycles                   
   <not supported>      stalled-cycles-frontend  
   <not supported>      stalled-cycles-backend   
   <not supported>      instructions             
   <not supported>      branches                 
   <not supported>      branch-misses            

       0.019623388 seconds time elapsed

MODO = sem I/O e alloc. memoria

 Performance counter stats for './mandelbrot_pth -0.188 -0.012 0.554 0.754 256 32 sem':

        126.058556      task-clock (msec)         #    7.510 CPUs utilized          
                21      context-switches          #    0.167 K/sec                  
                29      cpu-migrations            #    0.230 K/sec                  
               125      page-faults               #    0.992 K/sec                  
   <not supported>      cycles                   
   <not supported>      stalled-cycles-frontend  
   <not supported>      stalled-cycles-backend   
   <not supported>      instructions             
   <not supported>      branches                 
   <not supported>      branch-misses            

       0.016786434 seconds time elapsed

MODO = sem I/O e alloc. memoria

 Performance counter stats for './mandelbrot_pth -0.188 -0.012 0.554 0.754 256 32 sem':

        125.599461      task-clock (msec)         #    7.133 CPUs utilized          
                17      context-switches          #    0.135 K/sec                  
                28      cpu-migrations            #    0.223 K/sec                  
               128      page-faults               #    0.001 M/sec                  
   <not supported>      cycles                   
   <not supported>      stalled-cycles-frontend  
   <not supported>      stalled-cycles-backend   
   <not supported>      instructions             
   <not supported>      branches                 
   <not supported>      branch-misses            

       0.017609036 seconds time elapsed

MODO = sem I/O e alloc. memoria

 Performance counter stats for './mandelbrot_pth -0.188 -0.012 0.554 0.754 256 32 sem':

        126.254884      task-clock (msec)         #    7.493 CPUs utilized          
                33      context-switches          #    0.261 K/sec                  
                32      cpu-migrations            #    0.253 K/sec                  
               129      page-faults               #    0.001 M/sec                  
   <not supported>      cycles                   
   <not supported>      stalled-cycles-frontend  
   <not supported>      stalled-cycles-backend   
   <not supported>      instructions             
   <not supported>      branches                 
   <not supported>      branch-misses            

       0.016850307 seconds time elapsed

MODO = sem I/O e alloc. memoria

 Performance counter stats for './mandelbrot_pth -0.188 -0.012 0.554 0.754 256 32 sem':

        126.292004      task-clock (msec)         #    7.550 CPUs utilized          
                35      context-switches          #    0.277 K/sec                  
                30      cpu-migrations            #    0.238 K/sec                  
               126      page-faults               #    0.998 K/sec                  
   <not supported>      cycles                   
   <not supported>      stalled-cycles-frontend  
   <not supported>      stalled-cycles-backend   
   <not supported>      instructions             
   <not supported>      branches                 
   <not supported>      branch-misses            

       0.016726890 seconds time elapsed

MODO = sem I/O e alloc. memoria

 Performance counter stats for './mandelbrot_pth -0.188 -0.012 0.554 0.754 256 32 sem':

        124.023389      task-clock (msec)         #    6.352 CPUs utilized          
                15      context-switches          #    0.121 K/sec                  
                28      cpu-migrations            #    0.226 K/sec                  
               127      page-faults               #    0.001 M/sec                  
   <not supported>      cycles                   
   <not supported>      stalled-cycles-frontend  
   <not supported>      stalled-cycles-backend   
   <not supported>      instructions             
   <not supported>      branches                 
   <not supported>      branch-misses            

       0.019524683 seconds time elapsed

MODO = sem I/O e alloc. memoria

 Performance counter stats for './mandelbrot_pth -0.188 -0.012 0.554 0.754 512 32 sem':

        499.909755      task-clock (msec)         #    7.793 CPUs utilized          
                61      context-switches          #    0.122 K/sec                  
                29      cpu-migrations            #    0.058 K/sec                  
               126      page-faults               #    0.252 K/sec                  
   <not supported>      cycles                   
   <not supported>      stalled-cycles-frontend  
   <not supported>      stalled-cycles-backend   
   <not supported>      instructions             
   <not supported>      branches                 
   <not supported>      branch-misses            

       0.064152592 seconds time elapsed

MODO = sem I/O e alloc. memoria

 Performance counter stats for './mandelbrot_pth -0.188 -0.012 0.554 0.754 512 32 sem':

        499.148957      task-clock (msec)         #    7.661 CPUs utilized          
                65      context-switches          #    0.130 K/sec                  
                28      cpu-migrations            #    0.056 K/sec                  
               126      page-faults               #    0.252 K/sec                  
   <not supported>      cycles                   
   <not supported>      stalled-cycles-frontend  
   <not supported>      stalled-cycles-backend   
   <not supported>      instructions             
   <not supported>      branches                 
   <not supported>      branch-misses            

       0.065157617 seconds time elapsed

MODO = sem I/O e alloc. memoria

 Performance counter stats for './mandelbrot_pth -0.188 -0.012 0.554 0.754 512 32 sem':

        500.879928      task-clock (msec)         #    7.813 CPUs utilized          
                82      context-switches          #    0.164 K/sec                  
                35      cpu-migrations            #    0.070 K/sec                  
               129      page-faults               #    0.258 K/sec                  
   <not supported>      cycles                   
   <not supported>      stalled-cycles-frontend  
   <not supported>      stalled-cycles-backend   
   <not supported>      instructions             
   <not supported>      branches                 
   <not supported>      branch-misses            

       0.064104529 seconds time elapsed

MODO = sem I/O e alloc. memoria

 Performance counter stats for './mandelbrot_pth -0.188 -0.012 0.554 0.754 512 32 sem':

        499.731555      task-clock (msec)         #    7.204 CPUs utilized          
                58      context-switches          #    0.116 K/sec                  
                28      cpu-migrations            #    0.056 K/sec                  
               127      page-faults               #    0.254 K/sec                  
   <not supported>      cycles                   
   <not supported>      stalled-cycles-frontend  
   <not supported>      stalled-cycles-backend   
   <not supported>      instructions             
   <not supported>      branches                 
   <not supported>      branch-misses            

       0.069369719 seconds time elapsed

MODO = sem I/O e alloc. memoria

 Performance counter stats for './mandelbrot_pth -0.188 -0.012 0.554 0.754 512 32 sem':

        499.559287      task-clock (msec)         #    7.834 CPUs utilized          
                68      context-switches          #    0.136 K/sec                  
                30      cpu-migrations            #    0.060 K/sec                  
               127      page-faults               #    0.254 K/sec                  
   <not supported>      cycles                   
   <not supported>      stalled-cycles-frontend  
   <not supported>      stalled-cycles-backend   
   <not supported>      instructions             
   <not supported>      branches                 
   <not supported>      branch-misses            

       0.063767597 seconds time elapsed

MODO = sem I/O e alloc. memoria

 Performance counter stats for './mandelbrot_pth -0.188 -0.012 0.554 0.754 512 32 sem':

        501.110739      task-clock (msec)         #    7.262 CPUs utilized          
                63      context-switches          #    0.126 K/sec                  
                29      cpu-migrations            #    0.058 K/sec                  
               129      page-faults               #    0.257 K/sec                  
   <not supported>      cycles                   
   <not supported>      stalled-cycles-frontend  
   <not supported>      stalled-cycles-backend   
   <not supported>      instructions             
   <not supported>      branches                 
   <not supported>      branch-misses            

       0.069004818 seconds time elapsed

MODO = sem I/O e alloc. memoria

 Performance counter stats for './mandelbrot_pth -0.188 -0.012 0.554 0.754 512 32 sem':

        498.883203      task-clock (msec)         #    7.384 CPUs utilized          
                69      context-switches          #    0.138 K/sec                  
                30      cpu-migrations            #    0.060 K/sec                  
               129      page-faults               #    0.259 K/sec                  
   <not supported>      cycles                   
   <not supported>      stalled-cycles-frontend  
   <not supported>      stalled-cycles-backend   
   <not supported>      instructions             
   <not supported>      branches                 
   <not supported>      branch-misses            

       0.067558862 seconds time elapsed

MODO = sem I/O e alloc. memoria

 Performance counter stats for './mandelbrot_pth -0.188 -0.012 0.554 0.754 512 32 sem':

        499.607967      task-clock (msec)         #    7.797 CPUs utilized          
                59      context-switches          #    0.118 K/sec                  
                29      cpu-migrations            #    0.058 K/sec                  
               131      page-faults               #    0.262 K/sec                  
   <not supported>      cycles                   
   <not supported>      stalled-cycles-frontend  
   <not supported>      stalled-cycles-backend   
   <not supported>      instructions             
   <not supported>      branches                 
   <not supported>      branch-misses            

       0.064078321 seconds time elapsed

MODO = sem I/O e alloc. memoria

 Performance counter stats for './mandelbrot_pth -0.188 -0.012 0.554 0.754 512 32 sem':

        501.706043      task-clock (msec)         #    7.791 CPUs utilized          
                77      context-switches          #    0.153 K/sec                  
                30      cpu-migrations            #    0.060 K/sec                  
               129      page-faults               #    0.257 K/sec                  
   <not supported>      cycles                   
   <not supported>      stalled-cycles-frontend  
   <not supported>      stalled-cycles-backend   
   <not supported>      instructions             
   <not supported>      branches                 
   <not supported>      branch-misses            

       0.064397771 seconds time elapsed

MODO = sem I/O e alloc. memoria

 Performance counter stats for './mandelbrot_pth -0.188 -0.012 0.554 0.754 512 32 sem':

        499.698291      task-clock (msec)         #    7.763 CPUs utilized          
                63      context-switches          #    0.126 K/sec                  
                29      cpu-migrations            #    0.058 K/sec                  
               129      page-faults               #    0.258 K/sec                  
   <not supported>      cycles                   
   <not supported>      stalled-cycles-frontend  
   <not supported>      stalled-cycles-backend   
   <not supported>      instructions             
   <not supported>      branches                 
   <not supported>      branch-misses            

       0.064370949 seconds time elapsed

MODO = sem I/O e alloc. memoria

 Performance counter stats for './mandelbrot_pth -0.188 -0.012 0.554 0.754 1024 32 sem':

       1992.353684      task-clock (msec)         #    7.905 CPUs utilized          
               260      context-switches          #    0.130 K/sec                  
                31      cpu-migrations            #    0.016 K/sec                  
               130      page-faults               #    0.065 K/sec                  
   <not supported>      cycles                   
   <not supported>      stalled-cycles-frontend  
   <not supported>      stalled-cycles-backend   
   <not supported>      instructions             
   <not supported>      branches                 
   <not supported>      branch-misses            

       0.252031824 seconds time elapsed

MODO = sem I/O e alloc. memoria

 Performance counter stats for './mandelbrot_pth -0.188 -0.012 0.554 0.754 1024 32 sem':

       1994.831842      task-clock (msec)         #    7.916 CPUs utilized          
               265      context-switches          #    0.133 K/sec                  
                33      cpu-migrations            #    0.017 K/sec                  
               127      page-faults               #    0.064 K/sec                  
   <not supported>      cycles                   
   <not supported>      stalled-cycles-frontend  
   <not supported>      stalled-cycles-backend   
   <not supported>      instructions             
   <not supported>      branches                 
   <not supported>      branch-misses            

       0.251995346 seconds time elapsed

MODO = sem I/O e alloc. memoria

 Performance counter stats for './mandelbrot_pth -0.188 -0.012 0.554 0.754 1024 32 sem':

       1992.924505      task-clock (msec)         #    7.900 CPUs utilized          
               269      context-switches          #    0.135 K/sec                  
                29      cpu-migrations            #    0.015 K/sec                  
               130      page-faults               #    0.065 K/sec                  
   <not supported>      cycles                   
   <not supported>      stalled-cycles-frontend  
   <not supported>      stalled-cycles-backend   
   <not supported>      instructions             
   <not supported>      branches                 
   <not supported>      branch-misses            

       0.252253370 seconds time elapsed

MODO = sem I/O e alloc. memoria

 Performance counter stats for './mandelbrot_pth -0.188 -0.012 0.554 0.754 1024 32 sem':

       1995.928832      task-clock (msec)         #    7.914 CPUs utilized          
               275      context-switches          #    0.138 K/sec                  
                32      cpu-migrations            #    0.016 K/sec                  
               126      page-faults               #    0.063 K/sec                  
   <not supported>      cycles                   
   <not supported>      stalled-cycles-frontend  
   <not supported>      stalled-cycles-backend   
   <not supported>      instructions             
   <not supported>      branches                 
   <not supported>      branch-misses            

       0.252197161 seconds time elapsed

MODO = sem I/O e alloc. memoria

 Performance counter stats for './mandelbrot_pth -0.188 -0.012 0.554 0.754 1024 32 sem':

       1991.702754      task-clock (msec)         #    7.912 CPUs utilized          
               261      context-switches          #    0.131 K/sec                  
                29      cpu-migrations            #    0.015 K/sec                  
               129      page-faults               #    0.065 K/sec                  
   <not supported>      cycles                   
   <not supported>      stalled-cycles-frontend  
   <not supported>      stalled-cycles-backend   
   <not supported>      instructions             
   <not supported>      branches                 
   <not supported>      branch-misses            

       0.251716479 seconds time elapsed

MODO = sem I/O e alloc. memoria

 Performance counter stats for './mandelbrot_pth -0.188 -0.012 0.554 0.754 1024 32 sem':

       1993.815465      task-clock (msec)         #    7.893 CPUs utilized          
               274      context-switches          #    0.137 K/sec                  
                29      cpu-migrations            #    0.015 K/sec                  
               131      page-faults               #    0.066 K/sec                  
   <not supported>      cycles                   
   <not supported>      stalled-cycles-frontend  
   <not supported>      stalled-cycles-backend   
   <not supported>      instructions             
   <not supported>      branches                 
   <not supported>      branch-misses            

       0.252593174 seconds time elapsed

MODO = sem I/O e alloc. memoria

 Performance counter stats for './mandelbrot_pth -0.188 -0.012 0.554 0.754 1024 32 sem':

       1994.300680      task-clock (msec)         #    7.859 CPUs utilized          
               256      context-switches          #    0.128 K/sec                  
                31      cpu-migrations            #    0.016 K/sec                  
               129      page-faults               #    0.065 K/sec                  
   <not supported>      cycles                   
   <not supported>      stalled-cycles-frontend  
   <not supported>      stalled-cycles-backend   
   <not supported>      instructions             
   <not supported>      branches                 
   <not supported>      branch-misses            

       0.253744513 seconds time elapsed

MODO = sem I/O e alloc. memoria

 Performance counter stats for './mandelbrot_pth -0.188 -0.012 0.554 0.754 1024 32 sem':

       1994.733577      task-clock (msec)         #    7.894 CPUs utilized          
               266      context-switches          #    0.133 K/sec                  
                30      cpu-migrations            #    0.015 K/sec                  
               127      page-faults               #    0.064 K/sec                  
   <not supported>      cycles                   
   <not supported>      stalled-cycles-frontend  
   <not supported>      stalled-cycles-backend   
   <not supported>      instructions             
   <not supported>      branches                 
   <not supported>      branch-misses            

       0.252689428 seconds time elapsed

MODO = sem I/O e alloc. memoria

 Performance counter stats for './mandelbrot_pth -0.188 -0.012 0.554 0.754 1024 32 sem':

       1993.429207      task-clock (msec)         #    7.923 CPUs utilized          
               268      context-switches          #    0.134 K/sec                  
                29      cpu-migrations            #    0.015 K/sec                  
               127      page-faults               #    0.064 K/sec                  
   <not supported>      cycles                   
   <not supported>      stalled-cycles-frontend  
   <not supported>      stalled-cycles-backend   
   <not supported>      instructions             
   <not supported>      branches                 
   <not supported>      branch-misses            

       0.251610026 seconds time elapsed

MODO = sem I/O e alloc. memoria

 Performance counter stats for './mandelbrot_pth -0.188 -0.012 0.554 0.754 1024 32 sem':

       1992.767943      task-clock (msec)         #    7.907 CPUs utilized          
               268      context-switches          #    0.134 K/sec                  
                31      cpu-migrations            #    0.016 K/sec                  
               129      page-faults               #    0.065 K/sec                  
   <not supported>      cycles                   
   <not supported>      stalled-cycles-frontend  
   <not supported>      stalled-cycles-backend   
   <not supported>      instructions             
   <not supported>      branches                 
   <not supported>      branch-misses            

       0.252040159 seconds time elapsed

MODO = sem I/O e alloc. memoria

 Performance counter stats for './mandelbrot_pth -0.188 -0.012 0.554 0.754 2048 32 sem':

       7978.779025      task-clock (msec)         #    7.970 CPUs utilized          
             1,010      context-switches          #    0.127 K/sec                  
                31      cpu-migrations            #    0.004 K/sec                  
               129      page-faults               #    0.016 K/sec                  
   <not supported>      cycles                   
   <not supported>      stalled-cycles-frontend  
   <not supported>      stalled-cycles-backend   
   <not supported>      instructions             
   <not supported>      branches                 
   <not supported>      branch-misses            

       1.001126200 seconds time elapsed

MODO = sem I/O e alloc. memoria

 Performance counter stats for './mandelbrot_pth -0.188 -0.012 0.554 0.754 2048 32 sem':

       7981.557891      task-clock (msec)         #    7.973 CPUs utilized          
             1,014      context-switches          #    0.127 K/sec                  
                29      cpu-migrations            #    0.004 K/sec                  
               129      page-faults               #    0.016 K/sec                  
   <not supported>      cycles                   
   <not supported>      stalled-cycles-frontend  
   <not supported>      stalled-cycles-backend   
   <not supported>      instructions             
   <not supported>      branches                 
   <not supported>      branch-misses            

       1.001078236 seconds time elapsed

MODO = sem I/O e alloc. memoria

 Performance counter stats for './mandelbrot_pth -0.188 -0.012 0.554 0.754 2048 32 sem':

       7973.571727      task-clock (msec)         #    7.951 CPUs utilized          
             1,012      context-switches          #    0.127 K/sec                  
                30      cpu-migrations            #    0.004 K/sec                  
               130      page-faults               #    0.016 K/sec                  
   <not supported>      cycles                   
   <not supported>      stalled-cycles-frontend  
   <not supported>      stalled-cycles-backend   
   <not supported>      instructions             
   <not supported>      branches                 
   <not supported>      branch-misses            

       1.002835623 seconds time elapsed

MODO = sem I/O e alloc. memoria

 Performance counter stats for './mandelbrot_pth -0.188 -0.012 0.554 0.754 2048 32 sem':

       7981.023407      task-clock (msec)         #    7.949 CPUs utilized          
             1,009      context-switches          #    0.126 K/sec                  
                29      cpu-migrations            #    0.004 K/sec                  
               129      page-faults               #    0.016 K/sec                  
   <not supported>      cycles                   
   <not supported>      stalled-cycles-frontend  
   <not supported>      stalled-cycles-backend   
   <not supported>      instructions             
   <not supported>      branches                 
   <not supported>      branch-misses            

       1.003975259 seconds time elapsed

MODO = sem I/O e alloc. memoria

 Performance counter stats for './mandelbrot_pth -0.188 -0.012 0.554 0.754 2048 32 sem':

       7976.175444      task-clock (msec)         #    7.973 CPUs utilized          
             1,017      context-switches          #    0.128 K/sec                  
                31      cpu-migrations            #    0.004 K/sec                  
               129      page-faults               #    0.016 K/sec                  
   <not supported>      cycles                   
   <not supported>      stalled-cycles-frontend  
   <not supported>      stalled-cycles-backend   
   <not supported>      instructions             
   <not supported>      branches                 
   <not supported>      branch-misses            

       1.000437388 seconds time elapsed

MODO = sem I/O e alloc. memoria

 Performance counter stats for './mandelbrot_pth -0.188 -0.012 0.554 0.754 2048 32 sem':

       7973.239555      task-clock (msec)         #    7.972 CPUs utilized          
             1,021      context-switches          #    0.128 K/sec                  
                29      cpu-migrations            #    0.004 K/sec                  
               126      page-faults               #    0.016 K/sec                  
   <not supported>      cycles                   
   <not supported>      stalled-cycles-frontend  
   <not supported>      stalled-cycles-backend   
   <not supported>      instructions             
   <not supported>      branches                 
   <not supported>      branch-misses            

       1.000180367 seconds time elapsed

MODO = sem I/O e alloc. memoria

 Performance counter stats for './mandelbrot_pth -0.188 -0.012 0.554 0.754 2048 32 sem':

       7976.591827      task-clock (msec)         #    7.980 CPUs utilized          
             1,046      context-switches          #    0.131 K/sec                  
                32      cpu-migrations            #    0.004 K/sec                  
               127      page-faults               #    0.016 K/sec                  
   <not supported>      cycles                   
   <not supported>      stalled-cycles-frontend  
   <not supported>      stalled-cycles-backend   
   <not supported>      instructions             
   <not supported>      branches                 
   <not supported>      branch-misses            

       0.999552362 seconds time elapsed

MODO = sem I/O e alloc. memoria

 Performance counter stats for './mandelbrot_pth -0.188 -0.012 0.554 0.754 2048 32 sem':

       7974.469790      task-clock (msec)         #    7.974 CPUs utilized          
             1,011      context-switches          #    0.127 K/sec                  
                30      cpu-migrations            #    0.004 K/sec                  
               126      page-faults               #    0.016 K/sec                  
   <not supported>      cycles                   
   <not supported>      stalled-cycles-frontend  
   <not supported>      stalled-cycles-backend   
   <not supported>      instructions             
   <not supported>      branches                 
   <not supported>      branch-misses            

       1.000039734 seconds time elapsed

MODO = sem I/O e alloc. memoria

 Performance counter stats for './mandelbrot_pth -0.188 -0.012 0.554 0.754 2048 32 sem':

       7975.224476      task-clock (msec)         #    7.957 CPUs utilized          
             1,007      context-switches          #    0.126 K/sec                  
                32      cpu-migrations            #    0.004 K/sec                  
               127      page-faults               #    0.016 K/sec                  
   <not supported>      cycles                   
   <not supported>      stalled-cycles-frontend  
   <not supported>      stalled-cycles-backend   
   <not supported>      instructions             
   <not supported>      branches                 
   <not supported>      branch-misses            

       1.002281889 seconds time elapsed

MODO = sem I/O e alloc. memoria

 Performance counter stats for './mandelbrot_pth -0.188 -0.012 0.554 0.754 2048 32 sem':

       7982.503348      task-clock (msec)         #    7.955 CPUs utilized          
             1,029      context-switches          #    0.129 K/sec                  
                33      cpu-migrations            #    0.004 K/sec                  
               126      page-faults               #    0.016 K/sec                  
   <not supported>      cycles                   
   <not supported>      stalled-cycles-frontend  
   <not supported>      stalled-cycles-backend   
   <not supported>      instructions             
   <not supported>      branches                 
   <not supported>      branch-misses            

       1.003495101 seconds time elapsed

MODO = sem I/O e alloc. memoria

 Performance counter stats for './mandelbrot_pth -0.188 -0.012 0.554 0.754 4096 32 sem':

      31911.718894      task-clock (msec)         #    7.989 CPUs utilized          
             4,013      context-switches          #    0.126 K/sec                  
                31      cpu-migrations            #    0.001 K/sec                  
               130      page-faults               #    0.004 K/sec                  
   <not supported>      cycles                   
   <not supported>      stalled-cycles-frontend  
   <not supported>      stalled-cycles-backend   
   <not supported>      instructions             
   <not supported>      branches                 
   <not supported>      branch-misses            

       3.994333406 seconds time elapsed

MODO = sem I/O e alloc. memoria

 Performance counter stats for './mandelbrot_pth -0.188 -0.012 0.554 0.754 4096 32 sem':

      31910.640528      task-clock (msec)         #    7.995 CPUs utilized          
             4,021      context-switches          #    0.126 K/sec                  
                29      cpu-migrations            #    0.001 K/sec                  
               126      page-faults               #    0.004 K/sec                  
   <not supported>      cycles                   
   <not supported>      stalled-cycles-frontend  
   <not supported>      stalled-cycles-backend   
   <not supported>      instructions             
   <not supported>      branches                 
   <not supported>      branch-misses            

       3.991450002 seconds time elapsed

MODO = sem I/O e alloc. memoria

 Performance counter stats for './mandelbrot_pth -0.188 -0.012 0.554 0.754 4096 32 sem':

      31905.894396      task-clock (msec)         #    7.986 CPUs utilized          
             4,020      context-switches          #    0.126 K/sec                  
                32      cpu-migrations            #    0.001 K/sec                  
               129      page-faults               #    0.004 K/sec                  
   <not supported>      cycles                   
   <not supported>      stalled-cycles-frontend  
   <not supported>      stalled-cycles-backend   
   <not supported>      instructions             
   <not supported>      branches                 
   <not supported>      branch-misses            

       3.995150015 seconds time elapsed

MODO = sem I/O e alloc. memoria

 Performance counter stats for './mandelbrot_pth -0.188 -0.012 0.554 0.754 4096 32 sem':

      31918.359003      task-clock (msec)         #    7.993 CPUs utilized          
             4,005      context-switches          #    0.125 K/sec                  
                33      cpu-migrations            #    0.001 K/sec                  
               130      page-faults               #    0.004 K/sec                  
   <not supported>      cycles                   
   <not supported>      stalled-cycles-frontend  
   <not supported>      stalled-cycles-backend   
   <not supported>      instructions             
   <not supported>      branches                 
   <not supported>      branch-misses            

       3.993251154 seconds time elapsed

MODO = sem I/O e alloc. memoria

 Performance counter stats for './mandelbrot_pth -0.188 -0.012 0.554 0.754 4096 32 sem':

      31901.633458      task-clock (msec)         #    7.982 CPUs utilized          
             4,034      context-switches          #    0.126 K/sec                  
                34      cpu-migrations            #    0.001 K/sec                  
               129      page-faults               #    0.004 K/sec                  
   <not supported>      cycles                   
   <not supported>      stalled-cycles-frontend  
   <not supported>      stalled-cycles-backend   
   <not supported>      instructions             
   <not supported>      branches                 
   <not supported>      branch-misses            

       3.996608746 seconds time elapsed

MODO = sem I/O e alloc. memoria

 Performance counter stats for './mandelbrot_pth -0.188 -0.012 0.554 0.754 4096 32 sem':

      31965.955290      task-clock (msec)         #    7.978 CPUs utilized          
             4,020      context-switches          #    0.126 K/sec                  
                31      cpu-migrations            #    0.001 K/sec                  
               129      page-faults               #    0.004 K/sec                  
   <not supported>      cycles                   
   <not supported>      stalled-cycles-frontend  
   <not supported>      stalled-cycles-backend   
   <not supported>      instructions             
   <not supported>      branches                 
   <not supported>      branch-misses            

       4.006563450 seconds time elapsed

MODO = sem I/O e alloc. memoria

 Performance counter stats for './mandelbrot_pth -0.188 -0.012 0.554 0.754 4096 32 sem':

      31910.540612      task-clock (msec)         #    7.995 CPUs utilized          
             4,017      context-switches          #    0.126 K/sec                  
                32      cpu-migrations            #    0.001 K/sec                  
               129      page-faults               #    0.004 K/sec                  
   <not supported>      cycles                   
   <not supported>      stalled-cycles-frontend  
   <not supported>      stalled-cycles-backend   
   <not supported>      instructions             
   <not supported>      branches                 
   <not supported>      branch-misses            

       3.991355023 seconds time elapsed

MODO = sem I/O e alloc. memoria

 Performance counter stats for './mandelbrot_pth -0.188 -0.012 0.554 0.754 4096 32 sem':

      31911.957915      task-clock (msec)         #    7.985 CPUs utilized          
             4,020      context-switches          #    0.126 K/sec                  
                32      cpu-migrations            #    0.001 K/sec                  
               126      page-faults               #    0.004 K/sec                  
   <not supported>      cycles                   
   <not supported>      stalled-cycles-frontend  
   <not supported>      stalled-cycles-backend   
   <not supported>      instructions             
   <not supported>      branches                 
   <not supported>      branch-misses            

       3.996557397 seconds time elapsed

MODO = sem I/O e alloc. memoria

 Performance counter stats for './mandelbrot_pth -0.188 -0.012 0.554 0.754 4096 32 sem':

      31912.665641      task-clock (msec)         #    7.991 CPUs utilized          
             4,011      context-switches          #    0.126 K/sec                  
                30      cpu-migrations            #    0.001 K/sec                  
               129      page-faults               #    0.004 K/sec                  
   <not supported>      cycles                   
   <not supported>      stalled-cycles-frontend  
   <not supported>      stalled-cycles-backend   
   <not supported>      instructions             
   <not supported>      branches                 
   <not supported>      branch-misses            

       3.993342686 seconds time elapsed

MODO = sem I/O e alloc. memoria

 Performance counter stats for './mandelbrot_pth -0.188 -0.012 0.554 0.754 4096 32 sem':

      31908.881490      task-clock (msec)         #    7.985 CPUs utilized          
             4,005      context-switches          #    0.126 K/sec                  
                32      cpu-migrations            #    0.001 K/sec                  
               129      page-faults               #    0.004 K/sec                  
   <not supported>      cycles                   
   <not supported>      stalled-cycles-frontend  
   <not supported>      stalled-cycles-backend   
   <not supported>      instructions             
   <not supported>      branches                 
   <not supported>      branch-misses            

       3.996047146 seconds time elapsed

MODO = sem I/O e alloc. memoria

 Performance counter stats for './mandelbrot_pth -0.188 -0.012 0.554 0.754 8192 32 sem':

     127638.240280      task-clock (msec)         #    7.995 CPUs utilized          
            16,007      context-switches          #    0.125 K/sec                  
                37      cpu-migrations            #    0.000 K/sec                  
               127      page-faults               #    0.001 K/sec                  
   <not supported>      cycles                   
   <not supported>      stalled-cycles-frontend  
   <not supported>      stalled-cycles-backend   
   <not supported>      instructions             
   <not supported>      branches                 
   <not supported>      branch-misses            

      15.965609394 seconds time elapsed

MODO = sem I/O e alloc. memoria

 Performance counter stats for './mandelbrot_pth -0.188 -0.012 0.554 0.754 8192 32 sem':

     127616.412545      task-clock (msec)         #    7.992 CPUs utilized          
            15,997      context-switches          #    0.125 K/sec                  
                34      cpu-migrations            #    0.000 K/sec                  
               126      page-faults               #    0.001 K/sec                  
   <not supported>      cycles                   
   <not supported>      stalled-cycles-frontend  
   <not supported>      stalled-cycles-backend   
   <not supported>      instructions             
   <not supported>      branches                 
   <not supported>      branch-misses            

      15.967309711 seconds time elapsed

MODO = sem I/O e alloc. memoria

 Performance counter stats for './mandelbrot_pth -0.188 -0.012 0.554 0.754 8192 32 sem':

     127590.233881      task-clock (msec)         #    7.992 CPUs utilized          
            15,986      context-switches          #    0.125 K/sec                  
                31      cpu-migrations            #    0.000 K/sec                  
               129      page-faults               #    0.001 K/sec                  
   <not supported>      cycles                   
   <not supported>      stalled-cycles-frontend  
   <not supported>      stalled-cycles-backend   
   <not supported>      instructions             
   <not supported>      branches                 
   <not supported>      branch-misses            

      15.965496635 seconds time elapsed

MODO = sem I/O e alloc. memoria

 Performance counter stats for './mandelbrot_pth -0.188 -0.012 0.554 0.754 8192 32 sem':

     127643.187343      task-clock (msec)         #    7.996 CPUs utilized          
            16,011      context-switches          #    0.125 K/sec                  
                36      cpu-migrations            #    0.000 K/sec                  
               131      page-faults               #    0.001 K/sec                  
   <not supported>      cycles                   
   <not supported>      stalled-cycles-frontend  
   <not supported>      stalled-cycles-backend   
   <not supported>      instructions             
   <not supported>      branches                 
   <not supported>      branch-misses            

      15.962842050 seconds time elapsed

MODO = sem I/O e alloc. memoria

 Performance counter stats for './mandelbrot_pth -0.188 -0.012 0.554 0.754 8192 32 sem':

     127581.686547      task-clock (msec)         #    7.999 CPUs utilized          
            15,983      context-switches          #    0.125 K/sec                  
                30      cpu-migrations            #    0.000 K/sec                  
               126      page-faults               #    0.001 K/sec                  
   <not supported>      cycles                   
   <not supported>      stalled-cycles-frontend  
   <not supported>      stalled-cycles-backend   
   <not supported>      instructions             
   <not supported>      branches                 
   <not supported>      branch-misses            

      15.950391240 seconds time elapsed

MODO = sem I/O e alloc. memoria

 Performance counter stats for './mandelbrot_pth -0.188 -0.012 0.554 0.754 8192 32 sem':

     127604.316389      task-clock (msec)         #    7.995 CPUs utilized          
            16,013      context-switches          #    0.125 K/sec                  
                37      cpu-migrations            #    0.000 K/sec                  
               129      page-faults               #    0.001 K/sec                  
   <not supported>      cycles                   
   <not supported>      stalled-cycles-frontend  
   <not supported>      stalled-cycles-backend   
   <not supported>      instructions             
   <not supported>      branches                 
   <not supported>      branch-misses            

      15.959587687 seconds time elapsed

MODO = sem I/O e alloc. memoria

 Performance counter stats for './mandelbrot_pth -0.188 -0.012 0.554 0.754 8192 32 sem':

     127656.089866      task-clock (msec)         #    7.990 CPUs utilized          
            16,031      context-switches          #    0.126 K/sec                  
                38      cpu-migrations            #    0.000 K/sec                  
               127      page-faults               #    0.001 K/sec                  
   <not supported>      cycles                   
   <not supported>      stalled-cycles-frontend  
   <not supported>      stalled-cycles-backend   
   <not supported>      instructions             
   <not supported>      branches                 
   <not supported>      branch-misses            

      15.977674339 seconds time elapsed

MODO = sem I/O e alloc. memoria

 Performance counter stats for './mandelbrot_pth -0.188 -0.012 0.554 0.754 8192 32 sem':

     127601.341619      task-clock (msec)         #    7.998 CPUs utilized          
            16,015      context-switches          #    0.126 K/sec                  
                34      cpu-migrations            #    0.000 K/sec                  
               127      page-faults               #    0.001 K/sec                  
   <not supported>      cycles                   
   <not supported>      stalled-cycles-frontend  
   <not supported>      stalled-cycles-backend   
   <not supported>      instructions             
   <not supported>      branches                 
   <not supported>      branch-misses            

      15.954917035 seconds time elapsed

MODO = sem I/O e alloc. memoria

 Performance counter stats for './mandelbrot_pth -0.188 -0.012 0.554 0.754 8192 32 sem':

     127605.917651      task-clock (msec)         #    7.995 CPUs utilized          
            15,986      context-switches          #    0.125 K/sec                  
                34      cpu-migrations            #    0.000 K/sec                  
               127      page-faults               #    0.001 K/sec                  
   <not supported>      cycles                   
   <not supported>      stalled-cycles-frontend  
   <not supported>      stalled-cycles-backend   
   <not supported>      instructions             
   <not supported>      branches                 
   <not supported>      branch-misses            

      15.960524833 seconds time elapsed

MODO = sem I/O e alloc. memoria

 Performance counter stats for './mandelbrot_pth -0.188 -0.012 0.554 0.754 8192 32 sem':

     127651.454042      task-clock (msec)         #    7.992 CPUs utilized          
            15,996      context-switches          #    0.125 K/sec                  
                33      cpu-migrations            #    0.000 K/sec                  
               126      page-faults               #    0.001 K/sec                  
   <not supported>      cycles                   
   <not supported>      stalled-cycles-frontend  
   <not supported>      stalled-cycles-backend   
   <not supported>      instructions             
   <not supported>      branches                 
   <not supported>      branch-misses            

      15.971976280 seconds time elapsed

