MODO = sem I/O e alloc. memoria

 Performance counter stats for './mandelbrot_omp 0.175 0.375 -0.1 0.1 16 4 sem':

          1.125507      task-clock (msec)         #    1.182 CPUs utilized          
                 0      context-switches          #    0.000 K/sec                  
                 3      cpu-migrations            #    0.003 M/sec                  
                67      page-faults               #    0.060 M/sec                  
   <not supported>      cycles                   
   <not supported>      stalled-cycles-frontend  
   <not supported>      stalled-cycles-backend   
   <not supported>      instructions             
   <not supported>      branches                 
   <not supported>      branch-misses            

       0.000951905 seconds time elapsed

MODO = sem I/O e alloc. memoria

 Performance counter stats for './mandelbrot_omp 0.175 0.375 -0.1 0.1 16 4 sem':

          1.033663      task-clock (msec)         #    1.157 CPUs utilized          
                 0      context-switches          #    0.000 K/sec                  
                 3      cpu-migrations            #    0.003 M/sec                  
                67      page-faults               #    0.065 M/sec                  
   <not supported>      cycles                   
   <not supported>      stalled-cycles-frontend  
   <not supported>      stalled-cycles-backend   
   <not supported>      instructions             
   <not supported>      branches                 
   <not supported>      branch-misses            

       0.000893563 seconds time elapsed

MODO = sem I/O e alloc. memoria

 Performance counter stats for './mandelbrot_omp 0.175 0.375 -0.1 0.1 16 4 sem':

          1.095641      task-clock (msec)         #    1.182 CPUs utilized          
                 0      context-switches          #    0.000 K/sec                  
                 3      cpu-migrations            #    0.003 M/sec                  
                66      page-faults               #    0.060 M/sec                  
   <not supported>      cycles                   
   <not supported>      stalled-cycles-frontend  
   <not supported>      stalled-cycles-backend   
   <not supported>      instructions             
   <not supported>      branches                 
   <not supported>      branch-misses            

       0.000927218 seconds time elapsed

MODO = sem I/O e alloc. memoria

 Performance counter stats for './mandelbrot_omp 0.175 0.375 -0.1 0.1 16 4 sem':

          1.074776      task-clock (msec)         #    1.207 CPUs utilized          
                 0      context-switches          #    0.000 K/sec                  
                 3      cpu-migrations            #    0.003 M/sec                  
                67      page-faults               #    0.062 M/sec                  
   <not supported>      cycles                   
   <not supported>      stalled-cycles-frontend  
   <not supported>      stalled-cycles-backend   
   <not supported>      instructions             
   <not supported>      branches                 
   <not supported>      branch-misses            

       0.000890266 seconds time elapsed

MODO = sem I/O e alloc. memoria

 Performance counter stats for './mandelbrot_omp 0.175 0.375 -0.1 0.1 16 4 sem':

          1.047877      task-clock (msec)         #    1.204 CPUs utilized          
                 0      context-switches          #    0.000 K/sec                  
                 3      cpu-migrations            #    0.003 M/sec                  
                67      page-faults               #    0.064 M/sec                  
   <not supported>      cycles                   
   <not supported>      stalled-cycles-frontend  
   <not supported>      stalled-cycles-backend   
   <not supported>      instructions             
   <not supported>      branches                 
   <not supported>      branch-misses            

       0.000870513 seconds time elapsed

MODO = sem I/O e alloc. memoria

 Performance counter stats for './mandelbrot_omp 0.175 0.375 -0.1 0.1 16 4 sem':

          1.055567      task-clock (msec)         #    1.150 CPUs utilized          
                 0      context-switches          #    0.000 K/sec                  
                 3      cpu-migrations            #    0.003 M/sec                  
                67      page-faults               #    0.063 M/sec                  
   <not supported>      cycles                   
   <not supported>      stalled-cycles-frontend  
   <not supported>      stalled-cycles-backend   
   <not supported>      instructions             
   <not supported>      branches                 
   <not supported>      branch-misses            

       0.000917906 seconds time elapsed

MODO = sem I/O e alloc. memoria

 Performance counter stats for './mandelbrot_omp 0.175 0.375 -0.1 0.1 16 4 sem':

          1.081108      task-clock (msec)         #    1.169 CPUs utilized          
                 0      context-switches          #    0.000 K/sec                  
                 3      cpu-migrations            #    0.003 M/sec                  
                67      page-faults               #    0.062 M/sec                  
   <not supported>      cycles                   
   <not supported>      stalled-cycles-frontend  
   <not supported>      stalled-cycles-backend   
   <not supported>      instructions             
   <not supported>      branches                 
   <not supported>      branch-misses            

       0.000924812 seconds time elapsed

MODO = sem I/O e alloc. memoria

 Performance counter stats for './mandelbrot_omp 0.175 0.375 -0.1 0.1 16 4 sem':

          1.108727      task-clock (msec)         #    1.145 CPUs utilized          
                 0      context-switches          #    0.000 K/sec                  
                 3      cpu-migrations            #    0.003 M/sec                  
                67      page-faults               #    0.060 M/sec                  
   <not supported>      cycles                   
   <not supported>      stalled-cycles-frontend  
   <not supported>      stalled-cycles-backend   
   <not supported>      instructions             
   <not supported>      branches                 
   <not supported>      branch-misses            

       0.000968493 seconds time elapsed

MODO = sem I/O e alloc. memoria

 Performance counter stats for './mandelbrot_omp 0.175 0.375 -0.1 0.1 16 4 sem':

          1.294730      task-clock (msec)         #    1.196 CPUs utilized          
                 0      context-switches          #    0.000 K/sec                  
                 3      cpu-migrations            #    0.002 M/sec                  
                68      page-faults               #    0.053 M/sec                  
   <not supported>      cycles                   
   <not supported>      stalled-cycles-frontend  
   <not supported>      stalled-cycles-backend   
   <not supported>      instructions             
   <not supported>      branches                 
   <not supported>      branch-misses            

       0.001082354 seconds time elapsed

MODO = sem I/O e alloc. memoria

 Performance counter stats for './mandelbrot_omp 0.175 0.375 -0.1 0.1 16 4 sem':

          1.167755      task-clock (msec)         #    1.207 CPUs utilized          
                 0      context-switches          #    0.000 K/sec                  
                 3      cpu-migrations            #    0.003 M/sec                  
                67      page-faults               #    0.057 M/sec                  
   <not supported>      cycles                   
   <not supported>      stalled-cycles-frontend  
   <not supported>      stalled-cycles-backend   
   <not supported>      instructions             
   <not supported>      branches                 
   <not supported>      branch-misses            

       0.000967356 seconds time elapsed

MODO = sem I/O e alloc. memoria

 Performance counter stats for './mandelbrot_omp 0.175 0.375 -0.1 0.1 32 4 sem':

          2.292987      task-clock (msec)         #    1.868 CPUs utilized          
                 0      context-switches          #    0.000 K/sec                  
                 3      cpu-migrations            #    0.001 M/sec                  
                66      page-faults               #    0.029 M/sec                  
   <not supported>      cycles                   
   <not supported>      stalled-cycles-frontend  
   <not supported>      stalled-cycles-backend   
   <not supported>      instructions             
   <not supported>      branches                 
   <not supported>      branch-misses            

       0.001227824 seconds time elapsed

MODO = sem I/O e alloc. memoria

 Performance counter stats for './mandelbrot_omp 0.175 0.375 -0.1 0.1 32 4 sem':

          2.311298      task-clock (msec)         #    1.844 CPUs utilized          
                 0      context-switches          #    0.000 K/sec                  
                 3      cpu-migrations            #    0.001 M/sec                  
                67      page-faults               #    0.029 M/sec                  
   <not supported>      cycles                   
   <not supported>      stalled-cycles-frontend  
   <not supported>      stalled-cycles-backend   
   <not supported>      instructions             
   <not supported>      branches                 
   <not supported>      branch-misses            

       0.001253511 seconds time elapsed

MODO = sem I/O e alloc. memoria

 Performance counter stats for './mandelbrot_omp 0.175 0.375 -0.1 0.1 32 4 sem':

          2.158337      task-clock (msec)         #    1.781 CPUs utilized          
                 0      context-switches          #    0.000 K/sec                  
                 3      cpu-migrations            #    0.001 M/sec                  
                67      page-faults               #    0.031 M/sec                  
   <not supported>      cycles                   
   <not supported>      stalled-cycles-frontend  
   <not supported>      stalled-cycles-backend   
   <not supported>      instructions             
   <not supported>      branches                 
   <not supported>      branch-misses            

       0.001211624 seconds time elapsed

MODO = sem I/O e alloc. memoria

 Performance counter stats for './mandelbrot_omp 0.175 0.375 -0.1 0.1 32 4 sem':

          2.223887      task-clock (msec)         #    1.780 CPUs utilized          
                 0      context-switches          #    0.000 K/sec                  
                 3      cpu-migrations            #    0.001 M/sec                  
                68      page-faults               #    0.031 M/sec                  
   <not supported>      cycles                   
   <not supported>      stalled-cycles-frontend  
   <not supported>      stalled-cycles-backend   
   <not supported>      instructions             
   <not supported>      branches                 
   <not supported>      branch-misses            

       0.001249612 seconds time elapsed

MODO = sem I/O e alloc. memoria

 Performance counter stats for './mandelbrot_omp 0.175 0.375 -0.1 0.1 32 4 sem':

          2.195035      task-clock (msec)         #    1.707 CPUs utilized          
                 0      context-switches          #    0.000 K/sec                  
                 3      cpu-migrations            #    0.001 M/sec                  
                67      page-faults               #    0.031 M/sec                  
   <not supported>      cycles                   
   <not supported>      stalled-cycles-frontend  
   <not supported>      stalled-cycles-backend   
   <not supported>      instructions             
   <not supported>      branches                 
   <not supported>      branch-misses            

       0.001285992 seconds time elapsed

MODO = sem I/O e alloc. memoria

 Performance counter stats for './mandelbrot_omp 0.175 0.375 -0.1 0.1 32 4 sem':

          2.279245      task-clock (msec)         #    1.882 CPUs utilized          
                 0      context-switches          #    0.000 K/sec                  
                 3      cpu-migrations            #    0.001 M/sec                  
                67      page-faults               #    0.029 M/sec                  
   <not supported>      cycles                   
   <not supported>      stalled-cycles-frontend  
   <not supported>      stalled-cycles-backend   
   <not supported>      instructions             
   <not supported>      branches                 
   <not supported>      branch-misses            

       0.001211277 seconds time elapsed

MODO = sem I/O e alloc. memoria

 Performance counter stats for './mandelbrot_omp 0.175 0.375 -0.1 0.1 32 4 sem':

          2.246445      task-clock (msec)         #    1.834 CPUs utilized          
                 0      context-switches          #    0.000 K/sec                  
                 3      cpu-migrations            #    0.001 M/sec                  
                68      page-faults               #    0.030 M/sec                  
   <not supported>      cycles                   
   <not supported>      stalled-cycles-frontend  
   <not supported>      stalled-cycles-backend   
   <not supported>      instructions             
   <not supported>      branches                 
   <not supported>      branch-misses            

       0.001224639 seconds time elapsed

MODO = sem I/O e alloc. memoria

 Performance counter stats for './mandelbrot_omp 0.175 0.375 -0.1 0.1 32 4 sem':

          2.264857      task-clock (msec)         #    1.813 CPUs utilized          
                 0      context-switches          #    0.000 K/sec                  
                 3      cpu-migrations            #    0.001 M/sec                  
                68      page-faults               #    0.030 M/sec                  
   <not supported>      cycles                   
   <not supported>      stalled-cycles-frontend  
   <not supported>      stalled-cycles-backend   
   <not supported>      instructions             
   <not supported>      branches                 
   <not supported>      branch-misses            

       0.001249127 seconds time elapsed

MODO = sem I/O e alloc. memoria

 Performance counter stats for './mandelbrot_omp 0.175 0.375 -0.1 0.1 32 4 sem':

          2.164340      task-clock (msec)         #    1.821 CPUs utilized          
                 0      context-switches          #    0.000 K/sec                  
                 3      cpu-migrations            #    0.001 M/sec                  
                67      page-faults               #    0.031 M/sec                  
   <not supported>      cycles                   
   <not supported>      stalled-cycles-frontend  
   <not supported>      stalled-cycles-backend   
   <not supported>      instructions             
   <not supported>      branches                 
   <not supported>      branch-misses            

       0.001188724 seconds time elapsed

MODO = sem I/O e alloc. memoria

 Performance counter stats for './mandelbrot_omp 0.175 0.375 -0.1 0.1 32 4 sem':

          2.034757      task-clock (msec)         #    1.915 CPUs utilized          
                 0      context-switches          #    0.000 K/sec                  
                 3      cpu-migrations            #    0.001 M/sec                  
                68      page-faults               #    0.033 M/sec                  
   <not supported>      cycles                   
   <not supported>      stalled-cycles-frontend  
   <not supported>      stalled-cycles-backend   
   <not supported>      instructions             
   <not supported>      branches                 
   <not supported>      branch-misses            

       0.001062690 seconds time elapsed

MODO = sem I/O e alloc. memoria

 Performance counter stats for './mandelbrot_omp 0.175 0.375 -0.1 0.1 64 4 sem':

          6.750951      task-clock (msec)         #    2.494 CPUs utilized          
                 0      context-switches          #    0.000 K/sec                  
                 3      cpu-migrations            #    0.444 K/sec                  
                67      page-faults               #    0.010 M/sec                  
   <not supported>      cycles                   
   <not supported>      stalled-cycles-frontend  
   <not supported>      stalled-cycles-backend   
   <not supported>      instructions             
   <not supported>      branches                 
   <not supported>      branch-misses            

       0.002706776 seconds time elapsed

MODO = sem I/O e alloc. memoria

 Performance counter stats for './mandelbrot_omp 0.175 0.375 -0.1 0.1 64 4 sem':

          7.049337      task-clock (msec)         #    2.656 CPUs utilized          
                 0      context-switches          #    0.000 K/sec                  
                 3      cpu-migrations            #    0.426 K/sec                  
                67      page-faults               #    0.010 M/sec                  
   <not supported>      cycles                   
   <not supported>      stalled-cycles-frontend  
   <not supported>      stalled-cycles-backend   
   <not supported>      instructions             
   <not supported>      branches                 
   <not supported>      branch-misses            

       0.002654346 seconds time elapsed

MODO = sem I/O e alloc. memoria

 Performance counter stats for './mandelbrot_omp 0.175 0.375 -0.1 0.1 64 4 sem':

          6.811428      task-clock (msec)         #    2.575 CPUs utilized          
                 1      context-switches          #    0.147 K/sec                  
                 3      cpu-migrations            #    0.440 K/sec                  
                67      page-faults               #    0.010 M/sec                  
   <not supported>      cycles                   
   <not supported>      stalled-cycles-frontend  
   <not supported>      stalled-cycles-backend   
   <not supported>      instructions             
   <not supported>      branches                 
   <not supported>      branch-misses            

       0.002645510 seconds time elapsed

MODO = sem I/O e alloc. memoria

 Performance counter stats for './mandelbrot_omp 0.175 0.375 -0.1 0.1 64 4 sem':

          6.814099      task-clock (msec)         #    2.636 CPUs utilized          
                 0      context-switches          #    0.000 K/sec                  
                 3      cpu-migrations            #    0.440 K/sec                  
                67      page-faults               #    0.010 M/sec                  
   <not supported>      cycles                   
   <not supported>      stalled-cycles-frontend  
   <not supported>      stalled-cycles-backend   
   <not supported>      instructions             
   <not supported>      branches                 
   <not supported>      branch-misses            

       0.002584625 seconds time elapsed

MODO = sem I/O e alloc. memoria

 Performance counter stats for './mandelbrot_omp 0.175 0.375 -0.1 0.1 64 4 sem':

          6.956330      task-clock (msec)         #    2.690 CPUs utilized          
                 0      context-switches          #    0.000 K/sec                  
                 3      cpu-migrations            #    0.431 K/sec                  
                65      page-faults               #    0.009 M/sec                  
   <not supported>      cycles                   
   <not supported>      stalled-cycles-frontend  
   <not supported>      stalled-cycles-backend   
   <not supported>      instructions             
   <not supported>      branches                 
   <not supported>      branch-misses            

       0.002585516 seconds time elapsed

MODO = sem I/O e alloc. memoria

 Performance counter stats for './mandelbrot_omp 0.175 0.375 -0.1 0.1 64 4 sem':

          6.192547      task-clock (msec)         #    2.265 CPUs utilized          
                 0      context-switches          #    0.000 K/sec                  
                 3      cpu-migrations            #    0.484 K/sec                  
                67      page-faults               #    0.011 M/sec                  
   <not supported>      cycles                   
   <not supported>      stalled-cycles-frontend  
   <not supported>      stalled-cycles-backend   
   <not supported>      instructions             
   <not supported>      branches                 
   <not supported>      branch-misses            

       0.002734363 seconds time elapsed

MODO = sem I/O e alloc. memoria

 Performance counter stats for './mandelbrot_omp 0.175 0.375 -0.1 0.1 64 4 sem':

          6.060572      task-clock (msec)         #    2.944 CPUs utilized          
                 0      context-switches          #    0.000 K/sec                  
                 3      cpu-migrations            #    0.495 K/sec                  
                68      page-faults               #    0.011 M/sec                  
   <not supported>      cycles                   
   <not supported>      stalled-cycles-frontend  
   <not supported>      stalled-cycles-backend   
   <not supported>      instructions             
   <not supported>      branches                 
   <not supported>      branch-misses            

       0.002058923 seconds time elapsed

MODO = sem I/O e alloc. memoria

 Performance counter stats for './mandelbrot_omp 0.175 0.375 -0.1 0.1 64 4 sem':

          6.203065      task-clock (msec)         #    2.960 CPUs utilized          
                 0      context-switches          #    0.000 K/sec                  
                 3      cpu-migrations            #    0.484 K/sec                  
                67      page-faults               #    0.011 M/sec                  
   <not supported>      cycles                   
   <not supported>      stalled-cycles-frontend  
   <not supported>      stalled-cycles-backend   
   <not supported>      instructions             
   <not supported>      branches                 
   <not supported>      branch-misses            

       0.002095389 seconds time elapsed

MODO = sem I/O e alloc. memoria

 Performance counter stats for './mandelbrot_omp 0.175 0.375 -0.1 0.1 64 4 sem':

          6.131666      task-clock (msec)         #    2.967 CPUs utilized          
                 0      context-switches          #    0.000 K/sec                  
                 3      cpu-migrations            #    0.489 K/sec                  
                65      page-faults               #    0.011 M/sec                  
   <not supported>      cycles                   
   <not supported>      stalled-cycles-frontend  
   <not supported>      stalled-cycles-backend   
   <not supported>      instructions             
   <not supported>      branches                 
   <not supported>      branch-misses            

       0.002066569 seconds time elapsed

MODO = sem I/O e alloc. memoria

 Performance counter stats for './mandelbrot_omp 0.175 0.375 -0.1 0.1 64 4 sem':

          6.117872      task-clock (msec)         #    2.976 CPUs utilized          
                 0      context-switches          #    0.000 K/sec                  
                 3      cpu-migrations            #    0.490 K/sec                  
                67      page-faults               #    0.011 M/sec                  
   <not supported>      cycles                   
   <not supported>      stalled-cycles-frontend  
   <not supported>      stalled-cycles-backend   
   <not supported>      instructions             
   <not supported>      branches                 
   <not supported>      branch-misses            

       0.002055491 seconds time elapsed

MODO = sem I/O e alloc. memoria

 Performance counter stats for './mandelbrot_omp 0.175 0.375 -0.1 0.1 128 4 sem':

         22.572468      task-clock (msec)         #    3.653 CPUs utilized          
                 0      context-switches          #    0.000 K/sec                  
                 3      cpu-migrations            #    0.133 K/sec                  
                67      page-faults               #    0.003 M/sec                  
   <not supported>      cycles                   
   <not supported>      stalled-cycles-frontend  
   <not supported>      stalled-cycles-backend   
   <not supported>      instructions             
   <not supported>      branches                 
   <not supported>      branch-misses            

       0.006179446 seconds time elapsed

MODO = sem I/O e alloc. memoria

 Performance counter stats for './mandelbrot_omp 0.175 0.375 -0.1 0.1 128 4 sem':

         23.930469      task-clock (msec)         #    3.600 CPUs utilized          
                 0      context-switches          #    0.000 K/sec                  
                 3      cpu-migrations            #    0.125 K/sec                  
                68      page-faults               #    0.003 M/sec                  
   <not supported>      cycles                   
   <not supported>      stalled-cycles-frontend  
   <not supported>      stalled-cycles-backend   
   <not supported>      instructions             
   <not supported>      branches                 
   <not supported>      branch-misses            

       0.006647402 seconds time elapsed

MODO = sem I/O e alloc. memoria

 Performance counter stats for './mandelbrot_omp 0.175 0.375 -0.1 0.1 128 4 sem':

         23.474329      task-clock (msec)         #    3.617 CPUs utilized          
                 0      context-switches          #    0.000 K/sec                  
                 3      cpu-migrations            #    0.128 K/sec                  
                68      page-faults               #    0.003 M/sec                  
   <not supported>      cycles                   
   <not supported>      stalled-cycles-frontend  
   <not supported>      stalled-cycles-backend   
   <not supported>      instructions             
   <not supported>      branches                 
   <not supported>      branch-misses            

       0.006489165 seconds time elapsed

MODO = sem I/O e alloc. memoria

 Performance counter stats for './mandelbrot_omp 0.175 0.375 -0.1 0.1 128 4 sem':

         23.865911      task-clock (msec)         #    3.643 CPUs utilized          
                 0      context-switches          #    0.000 K/sec                  
                 3      cpu-migrations            #    0.126 K/sec                  
                68      page-faults               #    0.003 M/sec                  
   <not supported>      cycles                   
   <not supported>      stalled-cycles-frontend  
   <not supported>      stalled-cycles-backend   
   <not supported>      instructions             
   <not supported>      branches                 
   <not supported>      branch-misses            

       0.006550972 seconds time elapsed

MODO = sem I/O e alloc. memoria

 Performance counter stats for './mandelbrot_omp 0.175 0.375 -0.1 0.1 128 4 sem':

         23.774637      task-clock (msec)         #    3.624 CPUs utilized          
                 0      context-switches          #    0.000 K/sec                  
                 3      cpu-migrations            #    0.126 K/sec                  
                68      page-faults               #    0.003 M/sec                  
   <not supported>      cycles                   
   <not supported>      stalled-cycles-frontend  
   <not supported>      stalled-cycles-backend   
   <not supported>      instructions             
   <not supported>      branches                 
   <not supported>      branch-misses            

       0.006559491 seconds time elapsed

MODO = sem I/O e alloc. memoria

 Performance counter stats for './mandelbrot_omp 0.175 0.375 -0.1 0.1 128 4 sem':

         23.155859      task-clock (msec)         #    3.616 CPUs utilized          
                 1      context-switches          #    0.043 K/sec                  
                 3      cpu-migrations            #    0.130 K/sec                  
                68      page-faults               #    0.003 M/sec                  
   <not supported>      cycles                   
   <not supported>      stalled-cycles-frontend  
   <not supported>      stalled-cycles-backend   
   <not supported>      instructions             
   <not supported>      branches                 
   <not supported>      branch-misses            

       0.006404106 seconds time elapsed

MODO = sem I/O e alloc. memoria

 Performance counter stats for './mandelbrot_omp 0.175 0.375 -0.1 0.1 128 4 sem':

         23.625274      task-clock (msec)         #    3.591 CPUs utilized          
                 1      context-switches          #    0.042 K/sec                  
                 3      cpu-migrations            #    0.127 K/sec                  
                67      page-faults               #    0.003 M/sec                  
   <not supported>      cycles                   
   <not supported>      stalled-cycles-frontend  
   <not supported>      stalled-cycles-backend   
   <not supported>      instructions             
   <not supported>      branches                 
   <not supported>      branch-misses            

       0.006578534 seconds time elapsed

MODO = sem I/O e alloc. memoria

 Performance counter stats for './mandelbrot_omp 0.175 0.375 -0.1 0.1 128 4 sem':

         23.362823      task-clock (msec)         #    3.627 CPUs utilized          
                 1      context-switches          #    0.043 K/sec                  
                 3      cpu-migrations            #    0.128 K/sec                  
                68      page-faults               #    0.003 M/sec                  
   <not supported>      cycles                   
   <not supported>      stalled-cycles-frontend  
   <not supported>      stalled-cycles-backend   
   <not supported>      instructions             
   <not supported>      branches                 
   <not supported>      branch-misses            

       0.006440810 seconds time elapsed

MODO = sem I/O e alloc. memoria

 Performance counter stats for './mandelbrot_omp 0.175 0.375 -0.1 0.1 128 4 sem':

         23.311951      task-clock (msec)         #    3.608 CPUs utilized          
                 0      context-switches          #    0.000 K/sec                  
                 3      cpu-migrations            #    0.129 K/sec                  
                67      page-faults               #    0.003 M/sec                  
   <not supported>      cycles                   
   <not supported>      stalled-cycles-frontend  
   <not supported>      stalled-cycles-backend   
   <not supported>      instructions             
   <not supported>      branches                 
   <not supported>      branch-misses            

       0.006461997 seconds time elapsed

MODO = sem I/O e alloc. memoria

 Performance counter stats for './mandelbrot_omp 0.175 0.375 -0.1 0.1 128 4 sem':

         23.757543      task-clock (msec)         #    3.482 CPUs utilized          
                 0      context-switches          #    0.000 K/sec                  
                 3      cpu-migrations            #    0.126 K/sec                  
                68      page-faults               #    0.003 M/sec                  
   <not supported>      cycles                   
   <not supported>      stalled-cycles-frontend  
   <not supported>      stalled-cycles-backend   
   <not supported>      instructions             
   <not supported>      branches                 
   <not supported>      branch-misses            

       0.006823491 seconds time elapsed

MODO = sem I/O e alloc. memoria

 Performance counter stats for './mandelbrot_omp 0.175 0.375 -0.1 0.1 256 4 sem':

         89.921891      task-clock (msec)         #    3.847 CPUs utilized          
                 2      context-switches          #    0.022 K/sec                  
                 3      cpu-migrations            #    0.033 K/sec                  
                67      page-faults               #    0.745 K/sec                  
   <not supported>      cycles                   
   <not supported>      stalled-cycles-frontend  
   <not supported>      stalled-cycles-backend   
   <not supported>      instructions             
   <not supported>      branches                 
   <not supported>      branch-misses            

       0.023373695 seconds time elapsed

MODO = sem I/O e alloc. memoria

 Performance counter stats for './mandelbrot_omp 0.175 0.375 -0.1 0.1 256 4 sem':

         89.951236      task-clock (msec)         #    3.838 CPUs utilized          
                 2      context-switches          #    0.022 K/sec                  
                 3      cpu-migrations            #    0.033 K/sec                  
                67      page-faults               #    0.745 K/sec                  
   <not supported>      cycles                   
   <not supported>      stalled-cycles-frontend  
   <not supported>      stalled-cycles-backend   
   <not supported>      instructions             
   <not supported>      branches                 
   <not supported>      branch-misses            

       0.023436896 seconds time elapsed

MODO = sem I/O e alloc. memoria

 Performance counter stats for './mandelbrot_omp 0.175 0.375 -0.1 0.1 256 4 sem':

         90.518053      task-clock (msec)         #    3.844 CPUs utilized          
                 2      context-switches          #    0.022 K/sec                  
                 3      cpu-migrations            #    0.033 K/sec                  
                67      page-faults               #    0.740 K/sec                  
   <not supported>      cycles                   
   <not supported>      stalled-cycles-frontend  
   <not supported>      stalled-cycles-backend   
   <not supported>      instructions             
   <not supported>      branches                 
   <not supported>      branch-misses            

       0.023549149 seconds time elapsed

MODO = sem I/O e alloc. memoria

 Performance counter stats for './mandelbrot_omp 0.175 0.375 -0.1 0.1 256 4 sem':

         89.629975      task-clock (msec)         #    3.854 CPUs utilized          
                 5      context-switches          #    0.056 K/sec                  
                 3      cpu-migrations            #    0.033 K/sec                  
                67      page-faults               #    0.748 K/sec                  
   <not supported>      cycles                   
   <not supported>      stalled-cycles-frontend  
   <not supported>      stalled-cycles-backend   
   <not supported>      instructions             
   <not supported>      branches                 
   <not supported>      branch-misses            

       0.023258335 seconds time elapsed

MODO = sem I/O e alloc. memoria

 Performance counter stats for './mandelbrot_omp 0.175 0.375 -0.1 0.1 256 4 sem':

         89.816086      task-clock (msec)         #    3.847 CPUs utilized          
                 1      context-switches          #    0.011 K/sec                  
                 3      cpu-migrations            #    0.033 K/sec                  
                67      page-faults               #    0.746 K/sec                  
   <not supported>      cycles                   
   <not supported>      stalled-cycles-frontend  
   <not supported>      stalled-cycles-backend   
   <not supported>      instructions             
   <not supported>      branches                 
   <not supported>      branch-misses            

       0.023348379 seconds time elapsed

MODO = sem I/O e alloc. memoria

 Performance counter stats for './mandelbrot_omp 0.175 0.375 -0.1 0.1 256 4 sem':

         89.249762      task-clock (msec)         #    3.838 CPUs utilized          
                 1      context-switches          #    0.011 K/sec                  
                 3      cpu-migrations            #    0.034 K/sec                  
                67      page-faults               #    0.751 K/sec                  
   <not supported>      cycles                   
   <not supported>      stalled-cycles-frontend  
   <not supported>      stalled-cycles-backend   
   <not supported>      instructions             
   <not supported>      branches                 
   <not supported>      branch-misses            

       0.023252522 seconds time elapsed

MODO = sem I/O e alloc. memoria

 Performance counter stats for './mandelbrot_omp 0.175 0.375 -0.1 0.1 256 4 sem':

         89.356358      task-clock (msec)         #    3.857 CPUs utilized          
                 1      context-switches          #    0.011 K/sec                  
                 3      cpu-migrations            #    0.034 K/sec                  
                67      page-faults               #    0.750 K/sec                  
   <not supported>      cycles                   
   <not supported>      stalled-cycles-frontend  
   <not supported>      stalled-cycles-backend   
   <not supported>      instructions             
   <not supported>      branches                 
   <not supported>      branch-misses            

       0.023165226 seconds time elapsed

MODO = sem I/O e alloc. memoria

 Performance counter stats for './mandelbrot_omp 0.175 0.375 -0.1 0.1 256 4 sem':

         87.754578      task-clock (msec)         #    3.833 CPUs utilized          
                 1      context-switches          #    0.011 K/sec                  
                 3      cpu-migrations            #    0.034 K/sec                  
                65      page-faults               #    0.741 K/sec                  
   <not supported>      cycles                   
   <not supported>      stalled-cycles-frontend  
   <not supported>      stalled-cycles-backend   
   <not supported>      instructions             
   <not supported>      branches                 
   <not supported>      branch-misses            

       0.022897420 seconds time elapsed

MODO = sem I/O e alloc. memoria

 Performance counter stats for './mandelbrot_omp 0.175 0.375 -0.1 0.1 256 4 sem':

         89.917025      task-clock (msec)         #    3.851 CPUs utilized          
                 0      context-switches          #    0.000 K/sec                  
                 3      cpu-migrations            #    0.033 K/sec                  
                67      page-faults               #    0.745 K/sec                  
   <not supported>      cycles                   
   <not supported>      stalled-cycles-frontend  
   <not supported>      stalled-cycles-backend   
   <not supported>      instructions             
   <not supported>      branches                 
   <not supported>      branch-misses            

       0.023346332 seconds time elapsed

MODO = sem I/O e alloc. memoria

 Performance counter stats for './mandelbrot_omp 0.175 0.375 -0.1 0.1 256 4 sem':

         95.858096      task-clock (msec)         #    3.603 CPUs utilized          
                 5      context-switches          #    0.052 K/sec                  
                 3      cpu-migrations            #    0.031 K/sec                  
                68      page-faults               #    0.709 K/sec                  
   <not supported>      cycles                   
   <not supported>      stalled-cycles-frontend  
   <not supported>      stalled-cycles-backend   
   <not supported>      instructions             
   <not supported>      branches                 
   <not supported>      branch-misses            

       0.026605933 seconds time elapsed

MODO = sem I/O e alloc. memoria

 Performance counter stats for './mandelbrot_omp 0.175 0.375 -0.1 0.1 512 4 sem':

        353.128172      task-clock (msec)         #    3.875 CPUs utilized          
                 6      context-switches          #    0.017 K/sec                  
                 3      cpu-migrations            #    0.008 K/sec                  
                68      page-faults               #    0.193 K/sec                  
   <not supported>      cycles                   
   <not supported>      stalled-cycles-frontend  
   <not supported>      stalled-cycles-backend   
   <not supported>      instructions             
   <not supported>      branches                 
   <not supported>      branch-misses            

       0.091140238 seconds time elapsed

MODO = sem I/O e alloc. memoria

 Performance counter stats for './mandelbrot_omp 0.175 0.375 -0.1 0.1 512 4 sem':

        357.499084      task-clock (msec)         #    3.859 CPUs utilized          
                 3      context-switches          #    0.008 K/sec                  
                 4      cpu-migrations            #    0.011 K/sec                  
                66      page-faults               #    0.185 K/sec                  
   <not supported>      cycles                   
   <not supported>      stalled-cycles-frontend  
   <not supported>      stalled-cycles-backend   
   <not supported>      instructions             
   <not supported>      branches                 
   <not supported>      branch-misses            

       0.092633136 seconds time elapsed

MODO = sem I/O e alloc. memoria

 Performance counter stats for './mandelbrot_omp 0.175 0.375 -0.1 0.1 512 4 sem':

        345.128715      task-clock (msec)         #    3.969 CPUs utilized          
                 0      context-switches          #    0.000 K/sec                  
                 3      cpu-migrations            #    0.009 K/sec                  
                68      page-faults               #    0.197 K/sec                  
   <not supported>      cycles                   
   <not supported>      stalled-cycles-frontend  
   <not supported>      stalled-cycles-backend   
   <not supported>      instructions             
   <not supported>      branches                 
   <not supported>      branch-misses            

       0.086958794 seconds time elapsed

MODO = sem I/O e alloc. memoria

 Performance counter stats for './mandelbrot_omp 0.175 0.375 -0.1 0.1 512 4 sem':

        344.726801      task-clock (msec)         #    3.971 CPUs utilized          
                 0      context-switches          #    0.000 K/sec                  
                 3      cpu-migrations            #    0.009 K/sec                  
                66      page-faults               #    0.191 K/sec                  
   <not supported>      cycles                   
   <not supported>      stalled-cycles-frontend  
   <not supported>      stalled-cycles-backend   
   <not supported>      instructions             
   <not supported>      branches                 
   <not supported>      branch-misses            

       0.086820963 seconds time elapsed

MODO = sem I/O e alloc. memoria

 Performance counter stats for './mandelbrot_omp 0.175 0.375 -0.1 0.1 512 4 sem':

        345.402349      task-clock (msec)         #    3.969 CPUs utilized          
                 0      context-switches          #    0.000 K/sec                  
                 3      cpu-migrations            #    0.009 K/sec                  
                67      page-faults               #    0.194 K/sec                  
   <not supported>      cycles                   
   <not supported>      stalled-cycles-frontend  
   <not supported>      stalled-cycles-backend   
   <not supported>      instructions             
   <not supported>      branches                 
   <not supported>      branch-misses            

       0.087017745 seconds time elapsed

MODO = sem I/O e alloc. memoria

 Performance counter stats for './mandelbrot_omp 0.175 0.375 -0.1 0.1 512 4 sem':

        345.111830      task-clock (msec)         #    3.968 CPUs utilized          
                 3      context-switches          #    0.009 K/sec                  
                 3      cpu-migrations            #    0.009 K/sec                  
                67      page-faults               #    0.194 K/sec                  
   <not supported>      cycles                   
   <not supported>      stalled-cycles-frontend  
   <not supported>      stalled-cycles-backend   
   <not supported>      instructions             
   <not supported>      branches                 
   <not supported>      branch-misses            

       0.086971475 seconds time elapsed

MODO = sem I/O e alloc. memoria

 Performance counter stats for './mandelbrot_omp 0.175 0.375 -0.1 0.1 512 4 sem':

        345.130055      task-clock (msec)         #    3.971 CPUs utilized          
                 1      context-switches          #    0.003 K/sec                  
                 3      cpu-migrations            #    0.009 K/sec                  
                68      page-faults               #    0.197 K/sec                  
   <not supported>      cycles                   
   <not supported>      stalled-cycles-frontend  
   <not supported>      stalled-cycles-backend   
   <not supported>      instructions             
   <not supported>      branches                 
   <not supported>      branch-misses            

       0.086910108 seconds time elapsed

MODO = sem I/O e alloc. memoria

 Performance counter stats for './mandelbrot_omp 0.175 0.375 -0.1 0.1 512 4 sem':

        344.340424      task-clock (msec)         #    3.970 CPUs utilized          
                 0      context-switches          #    0.000 K/sec                  
                 3      cpu-migrations            #    0.009 K/sec                  
                67      page-faults               #    0.195 K/sec                  
   <not supported>      cycles                   
   <not supported>      stalled-cycles-frontend  
   <not supported>      stalled-cycles-backend   
   <not supported>      instructions             
   <not supported>      branches                 
   <not supported>      branch-misses            

       0.086732321 seconds time elapsed

MODO = sem I/O e alloc. memoria

 Performance counter stats for './mandelbrot_omp 0.175 0.375 -0.1 0.1 512 4 sem':

        346.237947      task-clock (msec)         #    3.970 CPUs utilized          
                 0      context-switches          #    0.000 K/sec                  
                 3      cpu-migrations            #    0.009 K/sec                  
                67      page-faults               #    0.194 K/sec                  
   <not supported>      cycles                   
   <not supported>      stalled-cycles-frontend  
   <not supported>      stalled-cycles-backend   
   <not supported>      instructions             
   <not supported>      branches                 
   <not supported>      branch-misses            

       0.087204028 seconds time elapsed

MODO = sem I/O e alloc. memoria

 Performance counter stats for './mandelbrot_omp 0.175 0.375 -0.1 0.1 512 4 sem':

        345.424830      task-clock (msec)         #    3.972 CPUs utilized          
                 0      context-switches          #    0.000 K/sec                  
                 4      cpu-migrations            #    0.012 K/sec                  
                67      page-faults               #    0.194 K/sec                  
   <not supported>      cycles                   
   <not supported>      stalled-cycles-frontend  
   <not supported>      stalled-cycles-backend   
   <not supported>      instructions             
   <not supported>      branches                 
   <not supported>      branch-misses            

       0.086971660 seconds time elapsed

MODO = sem I/O e alloc. memoria

 Performance counter stats for './mandelbrot_omp 0.175 0.375 -0.1 0.1 1024 4 sem':

       1374.432239      task-clock (msec)         #    3.992 CPUs utilized          
                 5      context-switches          #    0.004 K/sec                  
                 4      cpu-migrations            #    0.003 K/sec                  
                67      page-faults               #    0.049 K/sec                  
   <not supported>      cycles                   
   <not supported>      stalled-cycles-frontend  
   <not supported>      stalled-cycles-backend   
   <not supported>      instructions             
   <not supported>      branches                 
   <not supported>      branch-misses            

       0.344291966 seconds time elapsed

MODO = sem I/O e alloc. memoria

 Performance counter stats for './mandelbrot_omp 0.175 0.375 -0.1 0.1 1024 4 sem':

       1375.021918      task-clock (msec)         #    3.993 CPUs utilized          
                 1      context-switches          #    0.001 K/sec                  
                 3      cpu-migrations            #    0.002 K/sec                  
                67      page-faults               #    0.049 K/sec                  
   <not supported>      cycles                   
   <not supported>      stalled-cycles-frontend  
   <not supported>      stalled-cycles-backend   
   <not supported>      instructions             
   <not supported>      branches                 
   <not supported>      branch-misses            

       0.344397203 seconds time elapsed

MODO = sem I/O e alloc. memoria

 Performance counter stats for './mandelbrot_omp 0.175 0.375 -0.1 0.1 1024 4 sem':

       1387.838843      task-clock (msec)         #    3.918 CPUs utilized          
                11      context-switches          #    0.008 K/sec                  
                 3      cpu-migrations            #    0.002 K/sec                  
                65      page-faults               #    0.047 K/sec                  
   <not supported>      cycles                   
   <not supported>      stalled-cycles-frontend  
   <not supported>      stalled-cycles-backend   
   <not supported>      instructions             
   <not supported>      branches                 
   <not supported>      branch-misses            

       0.354255712 seconds time elapsed

MODO = sem I/O e alloc. memoria

 Performance counter stats for './mandelbrot_omp 0.175 0.375 -0.1 0.1 1024 4 sem':

       1374.631203      task-clock (msec)         #    3.992 CPUs utilized          
                 7      context-switches          #    0.005 K/sec                  
                 3      cpu-migrations            #    0.002 K/sec                  
                68      page-faults               #    0.049 K/sec                  
   <not supported>      cycles                   
   <not supported>      stalled-cycles-frontend  
   <not supported>      stalled-cycles-backend   
   <not supported>      instructions             
   <not supported>      branches                 
   <not supported>      branch-misses            

       0.344347288 seconds time elapsed

MODO = sem I/O e alloc. memoria

 Performance counter stats for './mandelbrot_omp 0.175 0.375 -0.1 0.1 1024 4 sem':

       1382.341735      task-clock (msec)         #    3.969 CPUs utilized          
                 5      context-switches          #    0.004 K/sec                  
                 3      cpu-migrations            #    0.002 K/sec                  
                68      page-faults               #    0.049 K/sec                  
   <not supported>      cycles                   
   <not supported>      stalled-cycles-frontend  
   <not supported>      stalled-cycles-backend   
   <not supported>      instructions             
   <not supported>      branches                 
   <not supported>      branch-misses            

       0.348312915 seconds time elapsed

MODO = sem I/O e alloc. memoria

 Performance counter stats for './mandelbrot_omp 0.175 0.375 -0.1 0.1 1024 4 sem':

       1397.020724      task-clock (msec)         #    3.836 CPUs utilized          
                 4      context-switches          #    0.003 K/sec                  
                 3      cpu-migrations            #    0.002 K/sec                  
                67      page-faults               #    0.048 K/sec                  
   <not supported>      cycles                   
   <not supported>      stalled-cycles-frontend  
   <not supported>      stalled-cycles-backend   
   <not supported>      instructions             
   <not supported>      branches                 
   <not supported>      branch-misses            

       0.364209574 seconds time elapsed

MODO = sem I/O e alloc. memoria

 Performance counter stats for './mandelbrot_omp 0.175 0.375 -0.1 0.1 1024 4 sem':

       1373.583737      task-clock (msec)         #    3.993 CPUs utilized          
                 1      context-switches          #    0.001 K/sec                  
                 3      cpu-migrations            #    0.002 K/sec                  
                67      page-faults               #    0.049 K/sec                  
   <not supported>      cycles                   
   <not supported>      stalled-cycles-frontend  
   <not supported>      stalled-cycles-backend   
   <not supported>      instructions             
   <not supported>      branches                 
   <not supported>      branch-misses            

       0.344016524 seconds time elapsed

MODO = sem I/O e alloc. memoria

 Performance counter stats for './mandelbrot_omp 0.175 0.375 -0.1 0.1 1024 4 sem':

       1375.527678      task-clock (msec)         #    3.992 CPUs utilized          
                 7      context-switches          #    0.005 K/sec                  
                 3      cpu-migrations            #    0.002 K/sec                  
                67      page-faults               #    0.049 K/sec                  
   <not supported>      cycles                   
   <not supported>      stalled-cycles-frontend  
   <not supported>      stalled-cycles-backend   
   <not supported>      instructions             
   <not supported>      branches                 
   <not supported>      branch-misses            

       0.344552713 seconds time elapsed

MODO = sem I/O e alloc. memoria

 Performance counter stats for './mandelbrot_omp 0.175 0.375 -0.1 0.1 1024 4 sem':

       1375.471890      task-clock (msec)         #    3.992 CPUs utilized          
                 2      context-switches          #    0.001 K/sec                  
                 3      cpu-migrations            #    0.002 K/sec                  
                66      page-faults               #    0.048 K/sec                  
   <not supported>      cycles                   
   <not supported>      stalled-cycles-frontend  
   <not supported>      stalled-cycles-backend   
   <not supported>      instructions             
   <not supported>      branches                 
   <not supported>      branch-misses            

       0.344528616 seconds time elapsed

MODO = sem I/O e alloc. memoria

 Performance counter stats for './mandelbrot_omp 0.175 0.375 -0.1 0.1 1024 4 sem':

       1372.706025      task-clock (msec)         #    3.993 CPUs utilized          
                 2      context-switches          #    0.001 K/sec                  
                 3      cpu-migrations            #    0.002 K/sec                  
                67      page-faults               #    0.049 K/sec                  
   <not supported>      cycles                   
   <not supported>      stalled-cycles-frontend  
   <not supported>      stalled-cycles-backend   
   <not supported>      instructions             
   <not supported>      branches                 
   <not supported>      branch-misses            

       0.343821014 seconds time elapsed

MODO = sem I/O e alloc. memoria

 Performance counter stats for './mandelbrot_omp 0.175 0.375 -0.1 0.1 2048 4 sem':

       5484.036634      task-clock (msec)         #    3.998 CPUs utilized          
                13      context-switches          #    0.002 K/sec                  
                 5      cpu-migrations            #    0.001 K/sec                  
                67      page-faults               #    0.012 K/sec                  
   <not supported>      cycles                   
   <not supported>      stalled-cycles-frontend  
   <not supported>      stalled-cycles-backend   
   <not supported>      instructions             
   <not supported>      branches                 
   <not supported>      branch-misses            

       1.371719971 seconds time elapsed

MODO = sem I/O e alloc. memoria

 Performance counter stats for './mandelbrot_omp 0.175 0.375 -0.1 0.1 2048 4 sem':

       6203.048137      task-clock (msec)         #    3.657 CPUs utilized          
                15      context-switches          #    0.002 K/sec                  
                 3      cpu-migrations            #    0.000 K/sec                  
                68      page-faults               #    0.011 K/sec                  
   <not supported>      cycles                   
   <not supported>      stalled-cycles-frontend  
   <not supported>      stalled-cycles-backend   
   <not supported>      instructions             
   <not supported>      branches                 
   <not supported>      branch-misses            

       1.696326722 seconds time elapsed

MODO = sem I/O e alloc. memoria

 Performance counter stats for './mandelbrot_omp 0.175 0.375 -0.1 0.1 2048 4 sem':

       5958.488348      task-clock (msec)         #    3.792 CPUs utilized          
                21      context-switches          #    0.004 K/sec                  
                 3      cpu-migrations            #    0.001 K/sec                  
                67      page-faults               #    0.011 K/sec                  
   <not supported>      cycles                   
   <not supported>      stalled-cycles-frontend  
   <not supported>      stalled-cycles-backend   
   <not supported>      instructions             
   <not supported>      branches                 
   <not supported>      branch-misses            

       1.571350912 seconds time elapsed

MODO = sem I/O e alloc. memoria

 Performance counter stats for './mandelbrot_omp 0.175 0.375 -0.1 0.1 2048 4 sem':

       5995.047491      task-clock (msec)         #    3.860 CPUs utilized          
                11      context-switches          #    0.002 K/sec                  
                 3      cpu-migrations            #    0.001 K/sec                  
                67      page-faults               #    0.011 K/sec                  
   <not supported>      cycles                   
   <not supported>      stalled-cycles-frontend  
   <not supported>      stalled-cycles-backend   
   <not supported>      instructions             
   <not supported>      branches                 
   <not supported>      branch-misses            

       1.553010513 seconds time elapsed

MODO = sem I/O e alloc. memoria

 Performance counter stats for './mandelbrot_omp 0.175 0.375 -0.1 0.1 2048 4 sem':

       5736.875967      task-clock (msec)         #    3.918 CPUs utilized          
                12      context-switches          #    0.002 K/sec                  
                 3      cpu-migrations            #    0.001 K/sec                  
                68      page-faults               #    0.012 K/sec                  
   <not supported>      cycles                   
   <not supported>      stalled-cycles-frontend  
   <not supported>      stalled-cycles-backend   
   <not supported>      instructions             
   <not supported>      branches                 
   <not supported>      branch-misses            

       1.464343132 seconds time elapsed

MODO = sem I/O e alloc. memoria

 Performance counter stats for './mandelbrot_omp 0.175 0.375 -0.1 0.1 2048 4 sem':

       5541.337107      task-clock (msec)         #    3.951 CPUs utilized          
                14      context-switches          #    0.003 K/sec                  
                 3      cpu-migrations            #    0.001 K/sec                  
                67      page-faults               #    0.012 K/sec                  
   <not supported>      cycles                   
   <not supported>      stalled-cycles-frontend  
   <not supported>      stalled-cycles-backend   
   <not supported>      instructions             
   <not supported>      branches                 
   <not supported>      branch-misses            

       1.402520243 seconds time elapsed

MODO = sem I/O e alloc. memoria

 Performance counter stats for './mandelbrot_omp 0.175 0.375 -0.1 0.1 2048 4 sem':

       5581.495786      task-clock (msec)         #    3.885 CPUs utilized          
                17      context-switches          #    0.003 K/sec                  
                 3      cpu-migrations            #    0.001 K/sec                  
                68      page-faults               #    0.012 K/sec                  
   <not supported>      cycles                   
   <not supported>      stalled-cycles-frontend  
   <not supported>      stalled-cycles-backend   
   <not supported>      instructions             
   <not supported>      branches                 
   <not supported>      branch-misses            

       1.436510099 seconds time elapsed

MODO = sem I/O e alloc. memoria

 Performance counter stats for './mandelbrot_omp 0.175 0.375 -0.1 0.1 2048 4 sem':

       5521.589333      task-clock (msec)         #    3.935 CPUs utilized          
                11      context-switches          #    0.002 K/sec                  
                 3      cpu-migrations            #    0.001 K/sec                  
                67      page-faults               #    0.012 K/sec                  
   <not supported>      cycles                   
   <not supported>      stalled-cycles-frontend  
   <not supported>      stalled-cycles-backend   
   <not supported>      instructions             
   <not supported>      branches                 
   <not supported>      branch-misses            

       1.403190222 seconds time elapsed

MODO = sem I/O e alloc. memoria

 Performance counter stats for './mandelbrot_omp 0.175 0.375 -0.1 0.1 2048 4 sem':

       5535.413082      task-clock (msec)         #    3.948 CPUs utilized          
                17      context-switches          #    0.003 K/sec                  
                 3      cpu-migrations            #    0.001 K/sec                  
                65      page-faults               #    0.012 K/sec                  
   <not supported>      cycles                   
   <not supported>      stalled-cycles-frontend  
   <not supported>      stalled-cycles-backend   
   <not supported>      instructions             
   <not supported>      branches                 
   <not supported>      branch-misses            

       1.401918576 seconds time elapsed

MODO = sem I/O e alloc. memoria

 Performance counter stats for './mandelbrot_omp 0.175 0.375 -0.1 0.1 2048 4 sem':

       5520.700222      task-clock (msec)         #    3.942 CPUs utilized          
                18      context-switches          #    0.003 K/sec                  
                 3      cpu-migrations            #    0.001 K/sec                  
                67      page-faults               #    0.012 K/sec                  
   <not supported>      cycles                   
   <not supported>      stalled-cycles-frontend  
   <not supported>      stalled-cycles-backend   
   <not supported>      instructions             
   <not supported>      branches                 
   <not supported>      branch-misses            

       1.400549959 seconds time elapsed

MODO = sem I/O e alloc. memoria

 Performance counter stats for './mandelbrot_omp 0.175 0.375 -0.1 0.1 4096 4 sem':

      21952.026556      task-clock (msec)         #    3.996 CPUs utilized          
                49      context-switches          #    0.002 K/sec                  
                 3      cpu-migrations            #    0.000 K/sec                  
                67      page-faults               #    0.003 K/sec                  
   <not supported>      cycles                   
   <not supported>      stalled-cycles-frontend  
   <not supported>      stalled-cycles-backend   
   <not supported>      instructions             
   <not supported>      branches                 
   <not supported>      branch-misses            

       5.493782007 seconds time elapsed

MODO = sem I/O e alloc. memoria

 Performance counter stats for './mandelbrot_omp 0.175 0.375 -0.1 0.1 4096 4 sem':

      24953.091796      task-clock (msec)         #    3.827 CPUs utilized          
                53      context-switches          #    0.002 K/sec                  
                 3      cpu-migrations            #    0.000 K/sec                  
                67      page-faults               #    0.003 K/sec                  
   <not supported>      cycles                   
   <not supported>      stalled-cycles-frontend  
   <not supported>      stalled-cycles-backend   
   <not supported>      instructions             
   <not supported>      branches                 
   <not supported>      branch-misses            

       6.519991324 seconds time elapsed

MODO = sem I/O e alloc. memoria

 Performance counter stats for './mandelbrot_omp 0.175 0.375 -0.1 0.1 4096 4 sem':

      23709.227675      task-clock (msec)         #    3.838 CPUs utilized          
                51      context-switches          #    0.002 K/sec                  
                 3      cpu-migrations            #    0.000 K/sec                  
                68      page-faults               #    0.003 K/sec                  
   <not supported>      cycles                   
   <not supported>      stalled-cycles-frontend  
   <not supported>      stalled-cycles-backend   
   <not supported>      instructions             
   <not supported>      branches                 
   <not supported>      branch-misses            

       6.178206235 seconds time elapsed

MODO = sem I/O e alloc. memoria

 Performance counter stats for './mandelbrot_omp 0.175 0.375 -0.1 0.1 4096 4 sem':

      23739.526687      task-clock (msec)         #    3.844 CPUs utilized          
                50      context-switches          #    0.002 K/sec                  
                 5      cpu-migrations            #    0.000 K/sec                  
                67      page-faults               #    0.003 K/sec                  
   <not supported>      cycles                   
   <not supported>      stalled-cycles-frontend  
   <not supported>      stalled-cycles-backend   
   <not supported>      instructions             
   <not supported>      branches                 
   <not supported>      branch-misses            

       6.175544183 seconds time elapsed

MODO = sem I/O e alloc. memoria

 Performance counter stats for './mandelbrot_omp 0.175 0.375 -0.1 0.1 4096 4 sem':

      25255.024370      task-clock (msec)         #    3.749 CPUs utilized          
                50      context-switches          #    0.002 K/sec                  
                 5      cpu-migrations            #    0.000 K/sec                  
                68      page-faults               #    0.003 K/sec                  
   <not supported>      cycles                   
   <not supported>      stalled-cycles-frontend  
   <not supported>      stalled-cycles-backend   
   <not supported>      instructions             
   <not supported>      branches                 
   <not supported>      branch-misses            

       6.735655398 seconds time elapsed

MODO = sem I/O e alloc. memoria

 Performance counter stats for './mandelbrot_omp 0.175 0.375 -0.1 0.1 4096 4 sem':

      24174.989539      task-clock (msec)         #    3.645 CPUs utilized          
                52      context-switches          #    0.002 K/sec                  
                 3      cpu-migrations            #    0.000 K/sec                  
                67      page-faults               #    0.003 K/sec                  
   <not supported>      cycles                   
   <not supported>      stalled-cycles-frontend  
   <not supported>      stalled-cycles-backend   
   <not supported>      instructions             
   <not supported>      branches                 
   <not supported>      branch-misses            

       6.632591066 seconds time elapsed

MODO = sem I/O e alloc. memoria

 Performance counter stats for './mandelbrot_omp 0.175 0.375 -0.1 0.1 4096 4 sem':

      22518.321164      task-clock (msec)         #    3.952 CPUs utilized          
                43      context-switches          #    0.002 K/sec                  
                 9      cpu-migrations            #    0.000 K/sec                  
                67      page-faults               #    0.003 K/sec                  
   <not supported>      cycles                   
   <not supported>      stalled-cycles-frontend  
   <not supported>      stalled-cycles-backend   
   <not supported>      instructions             
   <not supported>      branches                 
   <not supported>      branch-misses            

       5.698576995 seconds time elapsed

MODO = sem I/O e alloc. memoria

 Performance counter stats for './mandelbrot_omp 0.175 0.375 -0.1 0.1 4096 4 sem':

      22344.622672      task-clock (msec)         #    3.984 CPUs utilized          
                49      context-switches          #    0.002 K/sec                  
                 3      cpu-migrations            #    0.000 K/sec                  
                67      page-faults               #    0.003 K/sec                  
   <not supported>      cycles                   
   <not supported>      stalled-cycles-frontend  
   <not supported>      stalled-cycles-backend   
   <not supported>      instructions             
   <not supported>      branches                 
   <not supported>      branch-misses            

       5.608494940 seconds time elapsed

MODO = sem I/O e alloc. memoria

 Performance counter stats for './mandelbrot_omp 0.175 0.375 -0.1 0.1 4096 4 sem':

      22716.400204      task-clock (msec)         #    3.970 CPUs utilized          
                49      context-switches          #    0.002 K/sec                  
                 3      cpu-migrations            #    0.000 K/sec                  
                68      page-faults               #    0.003 K/sec                  
   <not supported>      cycles                   
   <not supported>      stalled-cycles-frontend  
   <not supported>      stalled-cycles-backend   
   <not supported>      instructions             
   <not supported>      branches                 
   <not supported>      branch-misses            

       5.721835065 seconds time elapsed

MODO = sem I/O e alloc. memoria

 Performance counter stats for './mandelbrot_omp 0.175 0.375 -0.1 0.1 4096 4 sem':

      21956.516302      task-clock (msec)         #    3.990 CPUs utilized          
                50      context-switches          #    0.002 K/sec                  
                 3      cpu-migrations            #    0.000 K/sec                  
                67      page-faults               #    0.003 K/sec                  
   <not supported>      cycles                   
   <not supported>      stalled-cycles-frontend  
   <not supported>      stalled-cycles-backend   
   <not supported>      instructions             
   <not supported>      branches                 
   <not supported>      branch-misses            

       5.502318321 seconds time elapsed

MODO = sem I/O e alloc. memoria

 Performance counter stats for './mandelbrot_omp 0.175 0.375 -0.1 0.1 8192 4 sem':

      97318.378250      task-clock (msec)         #    3.891 CPUs utilized          
               192      context-switches          #    0.002 K/sec                  
                 3      cpu-migrations            #    0.000 K/sec                  
                66      page-faults               #    0.001 K/sec                  
   <not supported>      cycles                   
   <not supported>      stalled-cycles-frontend  
   <not supported>      stalled-cycles-backend   
   <not supported>      instructions             
   <not supported>      branches                 
   <not supported>      branch-misses            

      25.010400260 seconds time elapsed

MODO = sem I/O e alloc. memoria

 Performance counter stats for './mandelbrot_omp 0.175 0.375 -0.1 0.1 8192 4 sem':

      97929.915665      task-clock (msec)         #    3.764 CPUs utilized          
               189      context-switches          #    0.002 K/sec                  
                 4      cpu-migrations            #    0.000 K/sec                  
                67      page-faults               #    0.001 K/sec                  
   <not supported>      cycles                   
   <not supported>      stalled-cycles-frontend  
   <not supported>      stalled-cycles-backend   
   <not supported>      instructions             
   <not supported>      branches                 
   <not supported>      branch-misses            

      26.015480077 seconds time elapsed

MODO = sem I/O e alloc. memoria

 Performance counter stats for './mandelbrot_omp 0.175 0.375 -0.1 0.1 8192 4 sem':

      92807.072138      task-clock (msec)         #    3.926 CPUs utilized          
               186      context-switches          #    0.002 K/sec                  
                 3      cpu-migrations            #    0.000 K/sec                  
                68      page-faults               #    0.001 K/sec                  
   <not supported>      cycles                   
   <not supported>      stalled-cycles-frontend  
   <not supported>      stalled-cycles-backend   
   <not supported>      instructions             
   <not supported>      branches                 
   <not supported>      branch-misses            

      23.638144526 seconds time elapsed

MODO = sem I/O e alloc. memoria

 Performance counter stats for './mandelbrot_omp 0.175 0.375 -0.1 0.1 8192 4 sem':

      94882.296860      task-clock (msec)         #    3.882 CPUs utilized          
               171      context-switches          #    0.002 K/sec                  
                 5      cpu-migrations            #    0.000 K/sec                  
                67      page-faults               #    0.001 K/sec                  
   <not supported>      cycles                   
   <not supported>      stalled-cycles-frontend  
   <not supported>      stalled-cycles-backend   
   <not supported>      instructions             
   <not supported>      branches                 
   <not supported>      branch-misses            

      24.438952177 seconds time elapsed

MODO = sem I/O e alloc. memoria

 Performance counter stats for './mandelbrot_omp 0.175 0.375 -0.1 0.1 8192 4 sem':

      97540.111568      task-clock (msec)         #    3.854 CPUs utilized          
               202      context-switches          #    0.002 K/sec                  
                 3      cpu-migrations            #    0.000 K/sec                  
                68      page-faults               #    0.001 K/sec                  
   <not supported>      cycles                   
   <not supported>      stalled-cycles-frontend  
   <not supported>      stalled-cycles-backend   
   <not supported>      instructions             
   <not supported>      branches                 
   <not supported>      branch-misses            

      25.308628968 seconds time elapsed

MODO = sem I/O e alloc. memoria

 Performance counter stats for './mandelbrot_omp 0.175 0.375 -0.1 0.1 8192 4 sem':

      92582.404805      task-clock (msec)         #    3.902 CPUs utilized          
               190      context-switches          #    0.002 K/sec                  
                 6      cpu-migrations            #    0.000 K/sec                  
                67      page-faults               #    0.001 K/sec                  
   <not supported>      cycles                   
   <not supported>      stalled-cycles-frontend  
   <not supported>      stalled-cycles-backend   
   <not supported>      instructions             
   <not supported>      branches                 
   <not supported>      branch-misses            

      23.725968751 seconds time elapsed

MODO = sem I/O e alloc. memoria

 Performance counter stats for './mandelbrot_omp 0.175 0.375 -0.1 0.1 8192 4 sem':

     105046.675622      task-clock (msec)         #    3.832 CPUs utilized          
               205      context-switches          #    0.002 K/sec                  
                 6      cpu-migrations            #    0.000 K/sec                  
                65      page-faults               #    0.001 K/sec                  
   <not supported>      cycles                   
   <not supported>      stalled-cycles-frontend  
   <not supported>      stalled-cycles-backend   
   <not supported>      instructions             
   <not supported>      branches                 
   <not supported>      branch-misses            

      27.411655820 seconds time elapsed

MODO = sem I/O e alloc. memoria

 Performance counter stats for './mandelbrot_omp 0.175 0.375 -0.1 0.1 8192 4 sem':

      87796.724400      task-clock (msec)         #    3.993 CPUs utilized          
               181      context-switches          #    0.002 K/sec                  
                 4      cpu-migrations            #    0.000 K/sec                  
                67      page-faults               #    0.001 K/sec                  
   <not supported>      cycles                   
   <not supported>      stalled-cycles-frontend  
   <not supported>      stalled-cycles-backend   
   <not supported>      instructions             
   <not supported>      branches                 
   <not supported>      branch-misses            

      21.989046668 seconds time elapsed

MODO = sem I/O e alloc. memoria

 Performance counter stats for './mandelbrot_omp 0.175 0.375 -0.1 0.1 8192 4 sem':

      87713.656904      task-clock (msec)         #    3.998 CPUs utilized          
               181      context-switches          #    0.002 K/sec                  
                 3      cpu-migrations            #    0.000 K/sec                  
                67      page-faults               #    0.001 K/sec                  
   <not supported>      cycles                   
   <not supported>      stalled-cycles-frontend  
   <not supported>      stalled-cycles-backend   
   <not supported>      instructions             
   <not supported>      branches                 
   <not supported>      branch-misses            

      21.938776256 seconds time elapsed

MODO = sem I/O e alloc. memoria

 Performance counter stats for './mandelbrot_omp 0.175 0.375 -0.1 0.1 8192 4 sem':

      87819.807932      task-clock (msec)         #    3.990 CPUs utilized          
               174      context-switches          #    0.002 K/sec                  
                 3      cpu-migrations            #    0.000 K/sec                  
                67      page-faults               #    0.001 K/sec                  
   <not supported>      cycles                   
   <not supported>      stalled-cycles-frontend  
   <not supported>      stalled-cycles-backend   
   <not supported>      instructions             
   <not supported>      branches                 
   <not supported>      branch-misses            

      22.011249449 seconds time elapsed

