MODO = sem I/O e alloc. memoria

 Performance counter stats for './mandelbrot_omp -2.5 1.5 -2.0 2.0 16 1 sem':

          0.461526      task-clock (msec)         #    0.647 CPUs utilized          
                 0      context-switches          #    0.000 K/sec                  
                 0      cpu-migrations            #    0.000 K/sec                  
                62      page-faults               #    0.134 M/sec                  
   <not supported>      cycles                   
   <not supported>      stalled-cycles-frontend  
   <not supported>      stalled-cycles-backend   
   <not supported>      instructions             
   <not supported>      branches                 
   <not supported>      branch-misses            

       0.000713526 seconds time elapsed

MODO = sem I/O e alloc. memoria

 Performance counter stats for './mandelbrot_omp -2.5 1.5 -2.0 2.0 16 1 sem':

          0.414536      task-clock (msec)         #    0.619 CPUs utilized          
                 0      context-switches          #    0.000 K/sec                  
                 0      cpu-migrations            #    0.000 K/sec                  
                60      page-faults               #    0.145 M/sec                  
   <not supported>      cycles                   
   <not supported>      stalled-cycles-frontend  
   <not supported>      stalled-cycles-backend   
   <not supported>      instructions             
   <not supported>      branches                 
   <not supported>      branch-misses            

       0.000669719 seconds time elapsed

MODO = sem I/O e alloc. memoria

 Performance counter stats for './mandelbrot_omp -2.5 1.5 -2.0 2.0 16 1 sem':

          0.511436      task-clock (msec)         #    0.647 CPUs utilized          
                 0      context-switches          #    0.000 K/sec                  
                 0      cpu-migrations            #    0.000 K/sec                  
                61      page-faults               #    0.119 M/sec                  
   <not supported>      cycles                   
   <not supported>      stalled-cycles-frontend  
   <not supported>      stalled-cycles-backend   
   <not supported>      instructions             
   <not supported>      branches                 
   <not supported>      branch-misses            

       0.000790804 seconds time elapsed

MODO = sem I/O e alloc. memoria

 Performance counter stats for './mandelbrot_omp -2.5 1.5 -2.0 2.0 16 1 sem':

          0.445877      task-clock (msec)         #    0.607 CPUs utilized          
                 0      context-switches          #    0.000 K/sec                  
                 0      cpu-migrations            #    0.000 K/sec                  
                61      page-faults               #    0.137 M/sec                  
   <not supported>      cycles                   
   <not supported>      stalled-cycles-frontend  
   <not supported>      stalled-cycles-backend   
   <not supported>      instructions             
   <not supported>      branches                 
   <not supported>      branch-misses            

       0.000734669 seconds time elapsed

MODO = sem I/O e alloc. memoria

 Performance counter stats for './mandelbrot_omp -2.5 1.5 -2.0 2.0 16 1 sem':

          0.468877      task-clock (msec)         #    0.641 CPUs utilized          
                 0      context-switches          #    0.000 K/sec                  
                 0      cpu-migrations            #    0.000 K/sec                  
                61      page-faults               #    0.130 M/sec                  
   <not supported>      cycles                   
   <not supported>      stalled-cycles-frontend  
   <not supported>      stalled-cycles-backend   
   <not supported>      instructions             
   <not supported>      branches                 
   <not supported>      branch-misses            

       0.000731478 seconds time elapsed

MODO = sem I/O e alloc. memoria

 Performance counter stats for './mandelbrot_omp -2.5 1.5 -2.0 2.0 16 1 sem':

          0.435914      task-clock (msec)         #    0.615 CPUs utilized          
                 0      context-switches          #    0.000 K/sec                  
                 0      cpu-migrations            #    0.000 K/sec                  
                61      page-faults               #    0.140 M/sec                  
   <not supported>      cycles                   
   <not supported>      stalled-cycles-frontend  
   <not supported>      stalled-cycles-backend   
   <not supported>      instructions             
   <not supported>      branches                 
   <not supported>      branch-misses            

       0.000708246 seconds time elapsed

MODO = sem I/O e alloc. memoria

 Performance counter stats for './mandelbrot_omp -2.5 1.5 -2.0 2.0 16 1 sem':

          0.430677      task-clock (msec)         #    0.629 CPUs utilized          
                 0      context-switches          #    0.000 K/sec                  
                 0      cpu-migrations            #    0.000 K/sec                  
                61      page-faults               #    0.142 M/sec                  
   <not supported>      cycles                   
   <not supported>      stalled-cycles-frontend  
   <not supported>      stalled-cycles-backend   
   <not supported>      instructions             
   <not supported>      branches                 
   <not supported>      branch-misses            

       0.000684940 seconds time elapsed

MODO = sem I/O e alloc. memoria

 Performance counter stats for './mandelbrot_omp -2.5 1.5 -2.0 2.0 16 1 sem':

          0.419470      task-clock (msec)         #    0.635 CPUs utilized          
                 0      context-switches          #    0.000 K/sec                  
                 0      cpu-migrations            #    0.000 K/sec                  
                61      page-faults               #    0.145 M/sec                  
   <not supported>      cycles                   
   <not supported>      stalled-cycles-frontend  
   <not supported>      stalled-cycles-backend   
   <not supported>      instructions             
   <not supported>      branches                 
   <not supported>      branch-misses            

       0.000660702 seconds time elapsed

MODO = sem I/O e alloc. memoria

 Performance counter stats for './mandelbrot_omp -2.5 1.5 -2.0 2.0 16 1 sem':

          0.440798      task-clock (msec)         #    0.653 CPUs utilized          
                 0      context-switches          #    0.000 K/sec                  
                 0      cpu-migrations            #    0.000 K/sec                  
                62      page-faults               #    0.141 M/sec                  
   <not supported>      cycles                   
   <not supported>      stalled-cycles-frontend  
   <not supported>      stalled-cycles-backend   
   <not supported>      instructions             
   <not supported>      branches                 
   <not supported>      branch-misses            

       0.000675121 seconds time elapsed

MODO = sem I/O e alloc. memoria

 Performance counter stats for './mandelbrot_omp -2.5 1.5 -2.0 2.0 16 1 sem':

          0.451886      task-clock (msec)         #    0.635 CPUs utilized          
                 0      context-switches          #    0.000 K/sec                  
                 0      cpu-migrations            #    0.000 K/sec                  
                62      page-faults               #    0.137 M/sec                  
   <not supported>      cycles                   
   <not supported>      stalled-cycles-frontend  
   <not supported>      stalled-cycles-backend   
   <not supported>      instructions             
   <not supported>      branches                 
   <not supported>      branch-misses            

       0.000711914 seconds time elapsed

MODO = sem I/O e alloc. memoria

 Performance counter stats for './mandelbrot_omp -2.5 1.5 -2.0 2.0 32 1 sem':

          0.583187      task-clock (msec)         #    0.695 CPUs utilized          
                 0      context-switches          #    0.000 K/sec                  
                 0      cpu-migrations            #    0.000 K/sec                  
                61      page-faults               #    0.105 M/sec                  
   <not supported>      cycles                   
   <not supported>      stalled-cycles-frontend  
   <not supported>      stalled-cycles-backend   
   <not supported>      instructions             
   <not supported>      branches                 
   <not supported>      branch-misses            

       0.000838989 seconds time elapsed

MODO = sem I/O e alloc. memoria

 Performance counter stats for './mandelbrot_omp -2.5 1.5 -2.0 2.0 32 1 sem':

          0.648798      task-clock (msec)         #    0.702 CPUs utilized          
                 0      context-switches          #    0.000 K/sec                  
                 0      cpu-migrations            #    0.000 K/sec                  
                62      page-faults               #    0.096 M/sec                  
   <not supported>      cycles                   
   <not supported>      stalled-cycles-frontend  
   <not supported>      stalled-cycles-backend   
   <not supported>      instructions             
   <not supported>      branches                 
   <not supported>      branch-misses            

       0.000924782 seconds time elapsed

MODO = sem I/O e alloc. memoria

 Performance counter stats for './mandelbrot_omp -2.5 1.5 -2.0 2.0 32 1 sem':

          0.581307      task-clock (msec)         #    0.694 CPUs utilized          
                 0      context-switches          #    0.000 K/sec                  
                 0      cpu-migrations            #    0.000 K/sec                  
                62      page-faults               #    0.107 M/sec                  
   <not supported>      cycles                   
   <not supported>      stalled-cycles-frontend  
   <not supported>      stalled-cycles-backend   
   <not supported>      instructions             
   <not supported>      branches                 
   <not supported>      branch-misses            

       0.000837199 seconds time elapsed

MODO = sem I/O e alloc. memoria

 Performance counter stats for './mandelbrot_omp -2.5 1.5 -2.0 2.0 32 1 sem':

          0.713766      task-clock (msec)         #    0.702 CPUs utilized          
                 0      context-switches          #    0.000 K/sec                  
                 0      cpu-migrations            #    0.000 K/sec                  
                62      page-faults               #    0.087 M/sec                  
   <not supported>      cycles                   
   <not supported>      stalled-cycles-frontend  
   <not supported>      stalled-cycles-backend   
   <not supported>      instructions             
   <not supported>      branches                 
   <not supported>      branch-misses            

       0.001016992 seconds time elapsed

MODO = sem I/O e alloc. memoria

 Performance counter stats for './mandelbrot_omp -2.5 1.5 -2.0 2.0 32 1 sem':

          0.611735      task-clock (msec)         #    0.704 CPUs utilized          
                 0      context-switches          #    0.000 K/sec                  
                 0      cpu-migrations            #    0.000 K/sec                  
                61      page-faults               #    0.100 M/sec                  
   <not supported>      cycles                   
   <not supported>      stalled-cycles-frontend  
   <not supported>      stalled-cycles-backend   
   <not supported>      instructions             
   <not supported>      branches                 
   <not supported>      branch-misses            

       0.000869419 seconds time elapsed

MODO = sem I/O e alloc. memoria

 Performance counter stats for './mandelbrot_omp -2.5 1.5 -2.0 2.0 32 1 sem':

          0.591435      task-clock (msec)         #    0.656 CPUs utilized          
                 0      context-switches          #    0.000 K/sec                  
                 0      cpu-migrations            #    0.000 K/sec                  
                61      page-faults               #    0.103 M/sec                  
   <not supported>      cycles                   
   <not supported>      stalled-cycles-frontend  
   <not supported>      stalled-cycles-backend   
   <not supported>      instructions             
   <not supported>      branches                 
   <not supported>      branch-misses            

       0.000901337 seconds time elapsed

MODO = sem I/O e alloc. memoria

 Performance counter stats for './mandelbrot_omp -2.5 1.5 -2.0 2.0 32 1 sem':

          0.615049      task-clock (msec)         #    0.679 CPUs utilized          
                 0      context-switches          #    0.000 K/sec                  
                 0      cpu-migrations            #    0.000 K/sec                  
                62      page-faults               #    0.101 M/sec                  
   <not supported>      cycles                   
   <not supported>      stalled-cycles-frontend  
   <not supported>      stalled-cycles-backend   
   <not supported>      instructions             
   <not supported>      branches                 
   <not supported>      branch-misses            

       0.000906201 seconds time elapsed

MODO = sem I/O e alloc. memoria

 Performance counter stats for './mandelbrot_omp -2.5 1.5 -2.0 2.0 32 1 sem':

          0.601242      task-clock (msec)         #    0.685 CPUs utilized          
                 0      context-switches          #    0.000 K/sec                  
                 0      cpu-migrations            #    0.000 K/sec                  
                61      page-faults               #    0.101 M/sec                  
   <not supported>      cycles                   
   <not supported>      stalled-cycles-frontend  
   <not supported>      stalled-cycles-backend   
   <not supported>      instructions             
   <not supported>      branches                 
   <not supported>      branch-misses            

       0.000877836 seconds time elapsed

MODO = sem I/O e alloc. memoria

 Performance counter stats for './mandelbrot_omp -2.5 1.5 -2.0 2.0 32 1 sem':

          0.595096      task-clock (msec)         #    0.698 CPUs utilized          
                 0      context-switches          #    0.000 K/sec                  
                 0      cpu-migrations            #    0.000 K/sec                  
                61      page-faults               #    0.103 M/sec                  
   <not supported>      cycles                   
   <not supported>      stalled-cycles-frontend  
   <not supported>      stalled-cycles-backend   
   <not supported>      instructions             
   <not supported>      branches                 
   <not supported>      branch-misses            

       0.000853050 seconds time elapsed

MODO = sem I/O e alloc. memoria

 Performance counter stats for './mandelbrot_omp -2.5 1.5 -2.0 2.0 32 1 sem':

          0.580219      task-clock (msec)         #    0.704 CPUs utilized          
                 0      context-switches          #    0.000 K/sec                  
                 0      cpu-migrations            #    0.000 K/sec                  
                62      page-faults               #    0.107 M/sec                  
   <not supported>      cycles                   
   <not supported>      stalled-cycles-frontend  
   <not supported>      stalled-cycles-backend   
   <not supported>      instructions             
   <not supported>      branches                 
   <not supported>      branch-misses            

       0.000823958 seconds time elapsed

MODO = sem I/O e alloc. memoria

 Performance counter stats for './mandelbrot_omp -2.5 1.5 -2.0 2.0 64 1 sem':

          1.168066      task-clock (msec)         #    0.822 CPUs utilized          
                 0      context-switches          #    0.000 K/sec                  
                 0      cpu-migrations            #    0.000 K/sec                  
                62      page-faults               #    0.053 M/sec                  
   <not supported>      cycles                   
   <not supported>      stalled-cycles-frontend  
   <not supported>      stalled-cycles-backend   
   <not supported>      instructions             
   <not supported>      branches                 
   <not supported>      branch-misses            

       0.001420400 seconds time elapsed

MODO = sem I/O e alloc. memoria

 Performance counter stats for './mandelbrot_omp -2.5 1.5 -2.0 2.0 64 1 sem':

          1.193479      task-clock (msec)         #    0.809 CPUs utilized          
                 0      context-switches          #    0.000 K/sec                  
                 0      cpu-migrations            #    0.000 K/sec                  
                62      page-faults               #    0.052 M/sec                  
   <not supported>      cycles                   
   <not supported>      stalled-cycles-frontend  
   <not supported>      stalled-cycles-backend   
   <not supported>      instructions             
   <not supported>      branches                 
   <not supported>      branch-misses            

       0.001475118 seconds time elapsed

MODO = sem I/O e alloc. memoria

 Performance counter stats for './mandelbrot_omp -2.5 1.5 -2.0 2.0 64 1 sem':

          1.227909      task-clock (msec)         #    0.827 CPUs utilized          
                 0      context-switches          #    0.000 K/sec                  
                 0      cpu-migrations            #    0.000 K/sec                  
                61      page-faults               #    0.050 M/sec                  
   <not supported>      cycles                   
   <not supported>      stalled-cycles-frontend  
   <not supported>      stalled-cycles-backend   
   <not supported>      instructions             
   <not supported>      branches                 
   <not supported>      branch-misses            

       0.001485354 seconds time elapsed

MODO = sem I/O e alloc. memoria

 Performance counter stats for './mandelbrot_omp -2.5 1.5 -2.0 2.0 64 1 sem':

          1.236435      task-clock (msec)         #    0.821 CPUs utilized          
                 0      context-switches          #    0.000 K/sec                  
                 0      cpu-migrations            #    0.000 K/sec                  
                62      page-faults               #    0.050 M/sec                  
   <not supported>      cycles                   
   <not supported>      stalled-cycles-frontend  
   <not supported>      stalled-cycles-backend   
   <not supported>      instructions             
   <not supported>      branches                 
   <not supported>      branch-misses            

       0.001506232 seconds time elapsed

MODO = sem I/O e alloc. memoria

 Performance counter stats for './mandelbrot_omp -2.5 1.5 -2.0 2.0 64 1 sem':

          1.253486      task-clock (msec)         #    0.805 CPUs utilized          
                 0      context-switches          #    0.000 K/sec                  
                 0      cpu-migrations            #    0.000 K/sec                  
                61      page-faults               #    0.049 M/sec                  
   <not supported>      cycles                   
   <not supported>      stalled-cycles-frontend  
   <not supported>      stalled-cycles-backend   
   <not supported>      instructions             
   <not supported>      branches                 
   <not supported>      branch-misses            

       0.001557595 seconds time elapsed

MODO = sem I/O e alloc. memoria

 Performance counter stats for './mandelbrot_omp -2.5 1.5 -2.0 2.0 64 1 sem':

          1.218702      task-clock (msec)         #    0.818 CPUs utilized          
                 0      context-switches          #    0.000 K/sec                  
                 0      cpu-migrations            #    0.000 K/sec                  
                62      page-faults               #    0.051 M/sec                  
   <not supported>      cycles                   
   <not supported>      stalled-cycles-frontend  
   <not supported>      stalled-cycles-backend   
   <not supported>      instructions             
   <not supported>      branches                 
   <not supported>      branch-misses            

       0.001488969 seconds time elapsed

MODO = sem I/O e alloc. memoria

 Performance counter stats for './mandelbrot_omp -2.5 1.5 -2.0 2.0 64 1 sem':

          1.217863      task-clock (msec)         #    0.808 CPUs utilized          
                 0      context-switches          #    0.000 K/sec                  
                 0      cpu-migrations            #    0.000 K/sec                  
                59      page-faults               #    0.048 M/sec                  
   <not supported>      cycles                   
   <not supported>      stalled-cycles-frontend  
   <not supported>      stalled-cycles-backend   
   <not supported>      instructions             
   <not supported>      branches                 
   <not supported>      branch-misses            

       0.001507282 seconds time elapsed

MODO = sem I/O e alloc. memoria

 Performance counter stats for './mandelbrot_omp -2.5 1.5 -2.0 2.0 64 1 sem':

          1.187477      task-clock (msec)         #    0.812 CPUs utilized          
                 0      context-switches          #    0.000 K/sec                  
                 0      cpu-migrations            #    0.000 K/sec                  
                61      page-faults               #    0.051 M/sec                  
   <not supported>      cycles                   
   <not supported>      stalled-cycles-frontend  
   <not supported>      stalled-cycles-backend   
   <not supported>      instructions             
   <not supported>      branches                 
   <not supported>      branch-misses            

       0.001463156 seconds time elapsed

MODO = sem I/O e alloc. memoria

 Performance counter stats for './mandelbrot_omp -2.5 1.5 -2.0 2.0 64 1 sem':

          1.267848      task-clock (msec)         #    0.780 CPUs utilized          
                 0      context-switches          #    0.000 K/sec                  
                 0      cpu-migrations            #    0.000 K/sec                  
                61      page-faults               #    0.048 M/sec                  
   <not supported>      cycles                   
   <not supported>      stalled-cycles-frontend  
   <not supported>      stalled-cycles-backend   
   <not supported>      instructions             
   <not supported>      branches                 
   <not supported>      branch-misses            

       0.001626485 seconds time elapsed

MODO = sem I/O e alloc. memoria

 Performance counter stats for './mandelbrot_omp -2.5 1.5 -2.0 2.0 64 1 sem':

          1.186464      task-clock (msec)         #    0.794 CPUs utilized          
                 0      context-switches          #    0.000 K/sec                  
                 0      cpu-migrations            #    0.000 K/sec                  
                62      page-faults               #    0.052 M/sec                  
   <not supported>      cycles                   
   <not supported>      stalled-cycles-frontend  
   <not supported>      stalled-cycles-backend   
   <not supported>      instructions             
   <not supported>      branches                 
   <not supported>      branch-misses            

       0.001494785 seconds time elapsed

MODO = sem I/O e alloc. memoria

 Performance counter stats for './mandelbrot_omp -2.5 1.5 -2.0 2.0 128 1 sem':

          3.664362      task-clock (msec)         #    0.928 CPUs utilized          
                 0      context-switches          #    0.000 K/sec                  
                 0      cpu-migrations            #    0.000 K/sec                  
                61      page-faults               #    0.017 M/sec                  
   <not supported>      cycles                   
   <not supported>      stalled-cycles-frontend  
   <not supported>      stalled-cycles-backend   
   <not supported>      instructions             
   <not supported>      branches                 
   <not supported>      branch-misses            

       0.003947962 seconds time elapsed

MODO = sem I/O e alloc. memoria

 Performance counter stats for './mandelbrot_omp -2.5 1.5 -2.0 2.0 128 1 sem':

          3.529612      task-clock (msec)         #    0.925 CPUs utilized          
                 0      context-switches          #    0.000 K/sec                  
                 0      cpu-migrations            #    0.000 K/sec                  
                61      page-faults               #    0.017 M/sec                  
   <not supported>      cycles                   
   <not supported>      stalled-cycles-frontend  
   <not supported>      stalled-cycles-backend   
   <not supported>      instructions             
   <not supported>      branches                 
   <not supported>      branch-misses            

       0.003815452 seconds time elapsed

MODO = sem I/O e alloc. memoria

 Performance counter stats for './mandelbrot_omp -2.5 1.5 -2.0 2.0 128 1 sem':

          3.570970      task-clock (msec)         #    0.925 CPUs utilized          
                 0      context-switches          #    0.000 K/sec                  
                 0      cpu-migrations            #    0.000 K/sec                  
                62      page-faults               #    0.017 M/sec                  
   <not supported>      cycles                   
   <not supported>      stalled-cycles-frontend  
   <not supported>      stalled-cycles-backend   
   <not supported>      instructions             
   <not supported>      branches                 
   <not supported>      branch-misses            

       0.003859375 seconds time elapsed

MODO = sem I/O e alloc. memoria

 Performance counter stats for './mandelbrot_omp -2.5 1.5 -2.0 2.0 128 1 sem':

          3.841486      task-clock (msec)         #    0.914 CPUs utilized          
                 0      context-switches          #    0.000 K/sec                  
                 0      cpu-migrations            #    0.000 K/sec                  
                62      page-faults               #    0.016 M/sec                  
   <not supported>      cycles                   
   <not supported>      stalled-cycles-frontend  
   <not supported>      stalled-cycles-backend   
   <not supported>      instructions             
   <not supported>      branches                 
   <not supported>      branch-misses            

       0.004203348 seconds time elapsed

MODO = sem I/O e alloc. memoria

 Performance counter stats for './mandelbrot_omp -2.5 1.5 -2.0 2.0 128 1 sem':

          3.700003      task-clock (msec)         #    0.921 CPUs utilized          
                 0      context-switches          #    0.000 K/sec                  
                 0      cpu-migrations            #    0.000 K/sec                  
                60      page-faults               #    0.016 M/sec                  
   <not supported>      cycles                   
   <not supported>      stalled-cycles-frontend  
   <not supported>      stalled-cycles-backend   
   <not supported>      instructions             
   <not supported>      branches                 
   <not supported>      branch-misses            

       0.004019427 seconds time elapsed

MODO = sem I/O e alloc. memoria

 Performance counter stats for './mandelbrot_omp -2.5 1.5 -2.0 2.0 128 1 sem':

          3.667087      task-clock (msec)         #    0.927 CPUs utilized          
                 0      context-switches          #    0.000 K/sec                  
                 0      cpu-migrations            #    0.000 K/sec                  
                61      page-faults               #    0.017 M/sec                  
   <not supported>      cycles                   
   <not supported>      stalled-cycles-frontend  
   <not supported>      stalled-cycles-backend   
   <not supported>      instructions             
   <not supported>      branches                 
   <not supported>      branch-misses            

       0.003954857 seconds time elapsed

MODO = sem I/O e alloc. memoria

 Performance counter stats for './mandelbrot_omp -2.5 1.5 -2.0 2.0 128 1 sem':

          3.603308      task-clock (msec)         #    0.919 CPUs utilized          
                 0      context-switches          #    0.000 K/sec                  
                 0      cpu-migrations            #    0.000 K/sec                  
                60      page-faults               #    0.017 M/sec                  
   <not supported>      cycles                   
   <not supported>      stalled-cycles-frontend  
   <not supported>      stalled-cycles-backend   
   <not supported>      instructions             
   <not supported>      branches                 
   <not supported>      branch-misses            

       0.003921967 seconds time elapsed

MODO = sem I/O e alloc. memoria

 Performance counter stats for './mandelbrot_omp -2.5 1.5 -2.0 2.0 128 1 sem':

          3.639005      task-clock (msec)         #    0.933 CPUs utilized          
                 0      context-switches          #    0.000 K/sec                  
                 0      cpu-migrations            #    0.000 K/sec                  
                61      page-faults               #    0.017 M/sec                  
   <not supported>      cycles                   
   <not supported>      stalled-cycles-frontend  
   <not supported>      stalled-cycles-backend   
   <not supported>      instructions             
   <not supported>      branches                 
   <not supported>      branch-misses            

       0.003900617 seconds time elapsed

MODO = sem I/O e alloc. memoria

 Performance counter stats for './mandelbrot_omp -2.5 1.5 -2.0 2.0 128 1 sem':

          3.705750      task-clock (msec)         #    0.925 CPUs utilized          
                 0      context-switches          #    0.000 K/sec                  
                 0      cpu-migrations            #    0.000 K/sec                  
                61      page-faults               #    0.016 M/sec                  
   <not supported>      cycles                   
   <not supported>      stalled-cycles-frontend  
   <not supported>      stalled-cycles-backend   
   <not supported>      instructions             
   <not supported>      branches                 
   <not supported>      branch-misses            

       0.004007669 seconds time elapsed

MODO = sem I/O e alloc. memoria

 Performance counter stats for './mandelbrot_omp -2.5 1.5 -2.0 2.0 128 1 sem':

          3.710833      task-clock (msec)         #    0.923 CPUs utilized          
                 1      context-switches          #    0.269 K/sec                  
                 0      cpu-migrations            #    0.000 K/sec                  
                61      page-faults               #    0.016 M/sec                  
   <not supported>      cycles                   
   <not supported>      stalled-cycles-frontend  
   <not supported>      stalled-cycles-backend   
   <not supported>      instructions             
   <not supported>      branches                 
   <not supported>      branch-misses            

       0.004020575 seconds time elapsed

MODO = sem I/O e alloc. memoria

 Performance counter stats for './mandelbrot_omp -2.5 1.5 -2.0 2.0 256 1 sem':

         12.922091      task-clock (msec)         #    0.978 CPUs utilized          
                 0      context-switches          #    0.000 K/sec                  
                 0      cpu-migrations            #    0.000 K/sec                  
                61      page-faults               #    0.005 M/sec                  
   <not supported>      cycles                   
   <not supported>      stalled-cycles-frontend  
   <not supported>      stalled-cycles-backend   
   <not supported>      instructions             
   <not supported>      branches                 
   <not supported>      branch-misses            

       0.013210830 seconds time elapsed

MODO = sem I/O e alloc. memoria

 Performance counter stats for './mandelbrot_omp -2.5 1.5 -2.0 2.0 256 1 sem':

         13.288891      task-clock (msec)         #    0.976 CPUs utilized          
                 0      context-switches          #    0.000 K/sec                  
                 0      cpu-migrations            #    0.000 K/sec                  
                59      page-faults               #    0.004 M/sec                  
   <not supported>      cycles                   
   <not supported>      stalled-cycles-frontend  
   <not supported>      stalled-cycles-backend   
   <not supported>      instructions             
   <not supported>      branches                 
   <not supported>      branch-misses            

       0.013617853 seconds time elapsed

MODO = sem I/O e alloc. memoria

 Performance counter stats for './mandelbrot_omp -2.5 1.5 -2.0 2.0 256 1 sem':

         13.563666      task-clock (msec)         #    0.972 CPUs utilized          
                 0      context-switches          #    0.000 K/sec                  
                 0      cpu-migrations            #    0.000 K/sec                  
                61      page-faults               #    0.004 M/sec                  
   <not supported>      cycles                   
   <not supported>      stalled-cycles-frontend  
   <not supported>      stalled-cycles-backend   
   <not supported>      instructions             
   <not supported>      branches                 
   <not supported>      branch-misses            

       0.013947890 seconds time elapsed

MODO = sem I/O e alloc. memoria

 Performance counter stats for './mandelbrot_omp -2.5 1.5 -2.0 2.0 256 1 sem':

         13.211399      task-clock (msec)         #    0.976 CPUs utilized          
                 0      context-switches          #    0.000 K/sec                  
                 0      cpu-migrations            #    0.000 K/sec                  
                61      page-faults               #    0.005 M/sec                  
   <not supported>      cycles                   
   <not supported>      stalled-cycles-frontend  
   <not supported>      stalled-cycles-backend   
   <not supported>      instructions             
   <not supported>      branches                 
   <not supported>      branch-misses            

       0.013532784 seconds time elapsed

MODO = sem I/O e alloc. memoria

 Performance counter stats for './mandelbrot_omp -2.5 1.5 -2.0 2.0 256 1 sem':

         12.948267      task-clock (msec)         #    0.977 CPUs utilized          
                 0      context-switches          #    0.000 K/sec                  
                 0      cpu-migrations            #    0.000 K/sec                  
                62      page-faults               #    0.005 M/sec                  
   <not supported>      cycles                   
   <not supported>      stalled-cycles-frontend  
   <not supported>      stalled-cycles-backend   
   <not supported>      instructions             
   <not supported>      branches                 
   <not supported>      branch-misses            

       0.013248733 seconds time elapsed

MODO = sem I/O e alloc. memoria

 Performance counter stats for './mandelbrot_omp -2.5 1.5 -2.0 2.0 256 1 sem':

         13.030387      task-clock (msec)         #    0.976 CPUs utilized          
                 0      context-switches          #    0.000 K/sec                  
                 0      cpu-migrations            #    0.000 K/sec                  
                61      page-faults               #    0.005 M/sec                  
   <not supported>      cycles                   
   <not supported>      stalled-cycles-frontend  
   <not supported>      stalled-cycles-backend   
   <not supported>      instructions             
   <not supported>      branches                 
   <not supported>      branch-misses            

       0.013352540 seconds time elapsed

MODO = sem I/O e alloc. memoria

 Performance counter stats for './mandelbrot_omp -2.5 1.5 -2.0 2.0 256 1 sem':

         12.960890      task-clock (msec)         #    0.977 CPUs utilized          
                 0      context-switches          #    0.000 K/sec                  
                 0      cpu-migrations            #    0.000 K/sec                  
                61      page-faults               #    0.005 M/sec                  
   <not supported>      cycles                   
   <not supported>      stalled-cycles-frontend  
   <not supported>      stalled-cycles-backend   
   <not supported>      instructions             
   <not supported>      branches                 
   <not supported>      branch-misses            

       0.013268809 seconds time elapsed

MODO = sem I/O e alloc. memoria

 Performance counter stats for './mandelbrot_omp -2.5 1.5 -2.0 2.0 256 1 sem':

         13.027995      task-clock (msec)         #    0.971 CPUs utilized          
                 0      context-switches          #    0.000 K/sec                  
                 0      cpu-migrations            #    0.000 K/sec                  
                62      page-faults               #    0.005 M/sec                  
   <not supported>      cycles                   
   <not supported>      stalled-cycles-frontend  
   <not supported>      stalled-cycles-backend   
   <not supported>      instructions             
   <not supported>      branches                 
   <not supported>      branch-misses            

       0.013422194 seconds time elapsed

MODO = sem I/O e alloc. memoria

 Performance counter stats for './mandelbrot_omp -2.5 1.5 -2.0 2.0 256 1 sem':

         12.959886      task-clock (msec)         #    0.972 CPUs utilized          
                 0      context-switches          #    0.000 K/sec                  
                 0      cpu-migrations            #    0.000 K/sec                  
                61      page-faults               #    0.005 M/sec                  
   <not supported>      cycles                   
   <not supported>      stalled-cycles-frontend  
   <not supported>      stalled-cycles-backend   
   <not supported>      instructions             
   <not supported>      branches                 
   <not supported>      branch-misses            

       0.013335982 seconds time elapsed

MODO = sem I/O e alloc. memoria

 Performance counter stats for './mandelbrot_omp -2.5 1.5 -2.0 2.0 256 1 sem':

         12.913677      task-clock (msec)         #    0.979 CPUs utilized          
                 0      context-switches          #    0.000 K/sec                  
                 0      cpu-migrations            #    0.000 K/sec                  
                62      page-faults               #    0.005 M/sec                  
   <not supported>      cycles                   
   <not supported>      stalled-cycles-frontend  
   <not supported>      stalled-cycles-backend   
   <not supported>      instructions             
   <not supported>      branches                 
   <not supported>      branch-misses            

       0.013195360 seconds time elapsed

MODO = sem I/O e alloc. memoria

 Performance counter stats for './mandelbrot_omp -2.5 1.5 -2.0 2.0 512 1 sem':

         50.053058      task-clock (msec)         #    0.994 CPUs utilized          
                 0      context-switches          #    0.000 K/sec                  
                 0      cpu-migrations            #    0.000 K/sec                  
                61      page-faults               #    0.001 M/sec                  
   <not supported>      cycles                   
   <not supported>      stalled-cycles-frontend  
   <not supported>      stalled-cycles-backend   
   <not supported>      instructions             
   <not supported>      branches                 
   <not supported>      branch-misses            

       0.050356809 seconds time elapsed

MODO = sem I/O e alloc. memoria

 Performance counter stats for './mandelbrot_omp -2.5 1.5 -2.0 2.0 512 1 sem':

         49.972635      task-clock (msec)         #    0.995 CPUs utilized          
                 0      context-switches          #    0.000 K/sec                  
                 0      cpu-migrations            #    0.000 K/sec                  
                60      page-faults               #    0.001 M/sec                  
   <not supported>      cycles                   
   <not supported>      stalled-cycles-frontend  
   <not supported>      stalled-cycles-backend   
   <not supported>      instructions             
   <not supported>      branches                 
   <not supported>      branch-misses            

       0.050247702 seconds time elapsed

MODO = sem I/O e alloc. memoria

 Performance counter stats for './mandelbrot_omp -2.5 1.5 -2.0 2.0 512 1 sem':

         50.206869      task-clock (msec)         #    0.994 CPUs utilized          
                 0      context-switches          #    0.000 K/sec                  
                 0      cpu-migrations            #    0.000 K/sec                  
                61      page-faults               #    0.001 M/sec                  
   <not supported>      cycles                   
   <not supported>      stalled-cycles-frontend  
   <not supported>      stalled-cycles-backend   
   <not supported>      instructions             
   <not supported>      branches                 
   <not supported>      branch-misses            

       0.050516935 seconds time elapsed

MODO = sem I/O e alloc. memoria

 Performance counter stats for './mandelbrot_omp -2.5 1.5 -2.0 2.0 512 1 sem':

         50.411078      task-clock (msec)         #    0.994 CPUs utilized          
                 1      context-switches          #    0.020 K/sec                  
                 0      cpu-migrations            #    0.000 K/sec                  
                62      page-faults               #    0.001 M/sec                  
   <not supported>      cycles                   
   <not supported>      stalled-cycles-frontend  
   <not supported>      stalled-cycles-backend   
   <not supported>      instructions             
   <not supported>      branches                 
   <not supported>      branch-misses            

       0.050713704 seconds time elapsed

MODO = sem I/O e alloc. memoria

 Performance counter stats for './mandelbrot_omp -2.5 1.5 -2.0 2.0 512 1 sem':

         50.749315      task-clock (msec)         #    0.993 CPUs utilized          
                 0      context-switches          #    0.000 K/sec                  
                 0      cpu-migrations            #    0.000 K/sec                  
                60      page-faults               #    0.001 M/sec                  
   <not supported>      cycles                   
   <not supported>      stalled-cycles-frontend  
   <not supported>      stalled-cycles-backend   
   <not supported>      instructions             
   <not supported>      branches                 
   <not supported>      branch-misses            

       0.051088918 seconds time elapsed

MODO = sem I/O e alloc. memoria

 Performance counter stats for './mandelbrot_omp -2.5 1.5 -2.0 2.0 512 1 sem':

         52.344200      task-clock (msec)         #    0.994 CPUs utilized          
                 0      context-switches          #    0.000 K/sec                  
                 0      cpu-migrations            #    0.000 K/sec                  
                61      page-faults               #    0.001 M/sec                  
   <not supported>      cycles                   
   <not supported>      stalled-cycles-frontend  
   <not supported>      stalled-cycles-backend   
   <not supported>      instructions             
   <not supported>      branches                 
   <not supported>      branch-misses            

       0.052654379 seconds time elapsed

MODO = sem I/O e alloc. memoria

 Performance counter stats for './mandelbrot_omp -2.5 1.5 -2.0 2.0 512 1 sem':

         51.526654      task-clock (msec)         #    0.994 CPUs utilized          
                 0      context-switches          #    0.000 K/sec                  
                 0      cpu-migrations            #    0.000 K/sec                  
                61      page-faults               #    0.001 M/sec                  
   <not supported>      cycles                   
   <not supported>      stalled-cycles-frontend  
   <not supported>      stalled-cycles-backend   
   <not supported>      instructions             
   <not supported>      branches                 
   <not supported>      branch-misses            

       0.051843347 seconds time elapsed

MODO = sem I/O e alloc. memoria

 Performance counter stats for './mandelbrot_omp -2.5 1.5 -2.0 2.0 512 1 sem':

         50.369911      task-clock (msec)         #    0.994 CPUs utilized          
                 0      context-switches          #    0.000 K/sec                  
                 0      cpu-migrations            #    0.000 K/sec                  
                61      page-faults               #    0.001 M/sec                  
   <not supported>      cycles                   
   <not supported>      stalled-cycles-frontend  
   <not supported>      stalled-cycles-backend   
   <not supported>      instructions             
   <not supported>      branches                 
   <not supported>      branch-misses            

       0.050672829 seconds time elapsed

MODO = sem I/O e alloc. memoria

 Performance counter stats for './mandelbrot_omp -2.5 1.5 -2.0 2.0 512 1 sem':

         50.676316      task-clock (msec)         #    0.994 CPUs utilized          
                 0      context-switches          #    0.000 K/sec                  
                 0      cpu-migrations            #    0.000 K/sec                  
                61      page-faults               #    0.001 M/sec                  
   <not supported>      cycles                   
   <not supported>      stalled-cycles-frontend  
   <not supported>      stalled-cycles-backend   
   <not supported>      instructions             
   <not supported>      branches                 
   <not supported>      branch-misses            

       0.050980236 seconds time elapsed

MODO = sem I/O e alloc. memoria

 Performance counter stats for './mandelbrot_omp -2.5 1.5 -2.0 2.0 512 1 sem':

         53.019152      task-clock (msec)         #    0.992 CPUs utilized          
                 0      context-switches          #    0.000 K/sec                  
                 0      cpu-migrations            #    0.000 K/sec                  
                61      page-faults               #    0.001 M/sec                  
   <not supported>      cycles                   
   <not supported>      stalled-cycles-frontend  
   <not supported>      stalled-cycles-backend   
   <not supported>      instructions             
   <not supported>      branches                 
   <not supported>      branch-misses            

       0.053453757 seconds time elapsed

MODO = sem I/O e alloc. memoria

 Performance counter stats for './mandelbrot_omp -2.5 1.5 -2.0 2.0 1024 1 sem':

        201.178262      task-clock (msec)         #    0.998 CPUs utilized          
                 0      context-switches          #    0.000 K/sec                  
                 0      cpu-migrations            #    0.000 K/sec                  
                61      page-faults               #    0.303 K/sec                  
   <not supported>      cycles                   
   <not supported>      stalled-cycles-frontend  
   <not supported>      stalled-cycles-backend   
   <not supported>      instructions             
   <not supported>      branches                 
   <not supported>      branch-misses            

       0.201509520 seconds time elapsed

MODO = sem I/O e alloc. memoria

 Performance counter stats for './mandelbrot_omp -2.5 1.5 -2.0 2.0 1024 1 sem':

        205.285816      task-clock (msec)         #    0.998 CPUs utilized          
                 1      context-switches          #    0.005 K/sec                  
                 0      cpu-migrations            #    0.000 K/sec                  
                61      page-faults               #    0.297 K/sec                  
   <not supported>      cycles                   
   <not supported>      stalled-cycles-frontend  
   <not supported>      stalled-cycles-backend   
   <not supported>      instructions             
   <not supported>      branches                 
   <not supported>      branch-misses            

       0.205619049 seconds time elapsed

MODO = sem I/O e alloc. memoria

 Performance counter stats for './mandelbrot_omp -2.5 1.5 -2.0 2.0 1024 1 sem':

        212.940888      task-clock (msec)         #    0.998 CPUs utilized          
                 1      context-switches          #    0.005 K/sec                  
                 0      cpu-migrations            #    0.000 K/sec                  
                61      page-faults               #    0.286 K/sec                  
   <not supported>      cycles                   
   <not supported>      stalled-cycles-frontend  
   <not supported>      stalled-cycles-backend   
   <not supported>      instructions             
   <not supported>      branches                 
   <not supported>      branch-misses            

       0.213306760 seconds time elapsed

MODO = sem I/O e alloc. memoria

 Performance counter stats for './mandelbrot_omp -2.5 1.5 -2.0 2.0 1024 1 sem':

        209.468918      task-clock (msec)         #    0.999 CPUs utilized          
                 0      context-switches          #    0.000 K/sec                  
                 0      cpu-migrations            #    0.000 K/sec                  
                62      page-faults               #    0.296 K/sec                  
   <not supported>      cycles                   
   <not supported>      stalled-cycles-frontend  
   <not supported>      stalled-cycles-backend   
   <not supported>      instructions             
   <not supported>      branches                 
   <not supported>      branch-misses            

       0.209780848 seconds time elapsed

MODO = sem I/O e alloc. memoria

 Performance counter stats for './mandelbrot_omp -2.5 1.5 -2.0 2.0 1024 1 sem':

        203.444204      task-clock (msec)         #    0.998 CPUs utilized          
                 2      context-switches          #    0.010 K/sec                  
                 0      cpu-migrations            #    0.000 K/sec                  
                62      page-faults               #    0.305 K/sec                  
   <not supported>      cycles                   
   <not supported>      stalled-cycles-frontend  
   <not supported>      stalled-cycles-backend   
   <not supported>      instructions             
   <not supported>      branches                 
   <not supported>      branch-misses            

       0.203782851 seconds time elapsed

MODO = sem I/O e alloc. memoria

 Performance counter stats for './mandelbrot_omp -2.5 1.5 -2.0 2.0 1024 1 sem':

        200.850030      task-clock (msec)         #    0.998 CPUs utilized          
                 0      context-switches          #    0.000 K/sec                  
                 0      cpu-migrations            #    0.000 K/sec                  
                61      page-faults               #    0.304 K/sec                  
   <not supported>      cycles                   
   <not supported>      stalled-cycles-frontend  
   <not supported>      stalled-cycles-backend   
   <not supported>      instructions             
   <not supported>      branches                 
   <not supported>      branch-misses            

       0.201157563 seconds time elapsed

MODO = sem I/O e alloc. memoria

 Performance counter stats for './mandelbrot_omp -2.5 1.5 -2.0 2.0 1024 1 sem':

        203.595537      task-clock (msec)         #    0.998 CPUs utilized          
                 0      context-switches          #    0.000 K/sec                  
                 0      cpu-migrations            #    0.000 K/sec                  
                61      page-faults               #    0.300 K/sec                  
   <not supported>      cycles                   
   <not supported>      stalled-cycles-frontend  
   <not supported>      stalled-cycles-backend   
   <not supported>      instructions             
   <not supported>      branches                 
   <not supported>      branch-misses            

       0.203955837 seconds time elapsed

MODO = sem I/O e alloc. memoria

 Performance counter stats for './mandelbrot_omp -2.5 1.5 -2.0 2.0 1024 1 sem':

        207.149398      task-clock (msec)         #    0.998 CPUs utilized          
                 0      context-switches          #    0.000 K/sec                  
                 0      cpu-migrations            #    0.000 K/sec                  
                62      page-faults               #    0.299 K/sec                  
   <not supported>      cycles                   
   <not supported>      stalled-cycles-frontend  
   <not supported>      stalled-cycles-backend   
   <not supported>      instructions             
   <not supported>      branches                 
   <not supported>      branch-misses            

       0.207515953 seconds time elapsed

MODO = sem I/O e alloc. memoria

 Performance counter stats for './mandelbrot_omp -2.5 1.5 -2.0 2.0 1024 1 sem':

        197.554460      task-clock (msec)         #    0.998 CPUs utilized          
                 1      context-switches          #    0.005 K/sec                  
                 0      cpu-migrations            #    0.000 K/sec                  
                59      page-faults               #    0.299 K/sec                  
   <not supported>      cycles                   
   <not supported>      stalled-cycles-frontend  
   <not supported>      stalled-cycles-backend   
   <not supported>      instructions             
   <not supported>      branches                 
   <not supported>      branch-misses            

       0.197976549 seconds time elapsed

MODO = sem I/O e alloc. memoria

 Performance counter stats for './mandelbrot_omp -2.5 1.5 -2.0 2.0 1024 1 sem':

        198.262174      task-clock (msec)         #    0.997 CPUs utilized          
                 2      context-switches          #    0.010 K/sec                  
                 0      cpu-migrations            #    0.000 K/sec                  
                61      page-faults               #    0.308 K/sec                  
   <not supported>      cycles                   
   <not supported>      stalled-cycles-frontend  
   <not supported>      stalled-cycles-backend   
   <not supported>      instructions             
   <not supported>      branches                 
   <not supported>      branch-misses            

       0.198765216 seconds time elapsed

MODO = sem I/O e alloc. memoria

 Performance counter stats for './mandelbrot_omp -2.5 1.5 -2.0 2.0 2048 1 sem':

        788.013096      task-clock (msec)         #    0.999 CPUs utilized          
                 3      context-switches          #    0.004 K/sec                  
                 0      cpu-migrations            #    0.000 K/sec                  
                62      page-faults               #    0.079 K/sec                  
   <not supported>      cycles                   
   <not supported>      stalled-cycles-frontend  
   <not supported>      stalled-cycles-backend   
   <not supported>      instructions             
   <not supported>      branches                 
   <not supported>      branch-misses            

       0.788469144 seconds time elapsed

MODO = sem I/O e alloc. memoria

 Performance counter stats for './mandelbrot_omp -2.5 1.5 -2.0 2.0 2048 1 sem':

        786.457042      task-clock (msec)         #    0.999 CPUs utilized          
                 2      context-switches          #    0.003 K/sec                  
                 0      cpu-migrations            #    0.000 K/sec                  
                61      page-faults               #    0.078 K/sec                  
   <not supported>      cycles                   
   <not supported>      stalled-cycles-frontend  
   <not supported>      stalled-cycles-backend   
   <not supported>      instructions             
   <not supported>      branches                 
   <not supported>      branch-misses            

       0.786921638 seconds time elapsed

MODO = sem I/O e alloc. memoria

 Performance counter stats for './mandelbrot_omp -2.5 1.5 -2.0 2.0 2048 1 sem':

        786.207231      task-clock (msec)         #    0.999 CPUs utilized          
                 2      context-switches          #    0.003 K/sec                  
                 0      cpu-migrations            #    0.000 K/sec                  
                61      page-faults               #    0.078 K/sec                  
   <not supported>      cycles                   
   <not supported>      stalled-cycles-frontend  
   <not supported>      stalled-cycles-backend   
   <not supported>      instructions             
   <not supported>      branches                 
   <not supported>      branch-misses            

       0.786635314 seconds time elapsed

MODO = sem I/O e alloc. memoria

 Performance counter stats for './mandelbrot_omp -2.5 1.5 -2.0 2.0 2048 1 sem':

        785.564534      task-clock (msec)         #    1.000 CPUs utilized          
                 2      context-switches          #    0.003 K/sec                  
                 0      cpu-migrations            #    0.000 K/sec                  
                61      page-faults               #    0.078 K/sec                  
   <not supported>      cycles                   
   <not supported>      stalled-cycles-frontend  
   <not supported>      stalled-cycles-backend   
   <not supported>      instructions             
   <not supported>      branches                 
   <not supported>      branch-misses            

       0.785953831 seconds time elapsed

MODO = sem I/O e alloc. memoria

 Performance counter stats for './mandelbrot_omp -2.5 1.5 -2.0 2.0 2048 1 sem':

        785.710405      task-clock (msec)         #    0.999 CPUs utilized          
                 3      context-switches          #    0.004 K/sec                  
                 0      cpu-migrations            #    0.000 K/sec                  
                62      page-faults               #    0.079 K/sec                  
   <not supported>      cycles                   
   <not supported>      stalled-cycles-frontend  
   <not supported>      stalled-cycles-backend   
   <not supported>      instructions             
   <not supported>      branches                 
   <not supported>      branch-misses            

       0.786142351 seconds time elapsed

MODO = sem I/O e alloc. memoria

 Performance counter stats for './mandelbrot_omp -2.5 1.5 -2.0 2.0 2048 1 sem':

        785.728018      task-clock (msec)         #    0.999 CPUs utilized          
                 2      context-switches          #    0.003 K/sec                  
                 0      cpu-migrations            #    0.000 K/sec                  
                62      page-faults               #    0.079 K/sec                  
   <not supported>      cycles                   
   <not supported>      stalled-cycles-frontend  
   <not supported>      stalled-cycles-backend   
   <not supported>      instructions             
   <not supported>      branches                 
   <not supported>      branch-misses            

       0.786146557 seconds time elapsed

MODO = sem I/O e alloc. memoria

 Performance counter stats for './mandelbrot_omp -2.5 1.5 -2.0 2.0 2048 1 sem':

        786.312374      task-clock (msec)         #    0.999 CPUs utilized          
                 4      context-switches          #    0.005 K/sec                  
                 0      cpu-migrations            #    0.000 K/sec                  
                61      page-faults               #    0.078 K/sec                  
   <not supported>      cycles                   
   <not supported>      stalled-cycles-frontend  
   <not supported>      stalled-cycles-backend   
   <not supported>      instructions             
   <not supported>      branches                 
   <not supported>      branch-misses            

       0.786801916 seconds time elapsed

MODO = sem I/O e alloc. memoria

 Performance counter stats for './mandelbrot_omp -2.5 1.5 -2.0 2.0 2048 1 sem':

        785.174373      task-clock (msec)         #    0.999 CPUs utilized          
                 1      context-switches          #    0.001 K/sec                  
                 0      cpu-migrations            #    0.000 K/sec                  
                60      page-faults               #    0.076 K/sec                  
   <not supported>      cycles                   
   <not supported>      stalled-cycles-frontend  
   <not supported>      stalled-cycles-backend   
   <not supported>      instructions             
   <not supported>      branches                 
   <not supported>      branch-misses            

       0.785636333 seconds time elapsed

MODO = sem I/O e alloc. memoria

 Performance counter stats for './mandelbrot_omp -2.5 1.5 -2.0 2.0 2048 1 sem':

        785.399082      task-clock (msec)         #    0.999 CPUs utilized          
                 2      context-switches          #    0.003 K/sec                  
                 0      cpu-migrations            #    0.000 K/sec                  
                61      page-faults               #    0.078 K/sec                  
   <not supported>      cycles                   
   <not supported>      stalled-cycles-frontend  
   <not supported>      stalled-cycles-backend   
   <not supported>      instructions             
   <not supported>      branches                 
   <not supported>      branch-misses            

       0.785821986 seconds time elapsed

MODO = sem I/O e alloc. memoria

 Performance counter stats for './mandelbrot_omp -2.5 1.5 -2.0 2.0 2048 1 sem':

        785.939530      task-clock (msec)         #    0.999 CPUs utilized          
                 3      context-switches          #    0.004 K/sec                  
                 0      cpu-migrations            #    0.000 K/sec                  
                62      page-faults               #    0.079 K/sec                  
   <not supported>      cycles                   
   <not supported>      stalled-cycles-frontend  
   <not supported>      stalled-cycles-backend   
   <not supported>      instructions             
   <not supported>      branches                 
   <not supported>      branch-misses            

       0.786412669 seconds time elapsed

MODO = sem I/O e alloc. memoria

 Performance counter stats for './mandelbrot_omp -2.5 1.5 -2.0 2.0 4096 1 sem':

       3137.600868      task-clock (msec)         #    1.000 CPUs utilized          
                 8      context-switches          #    0.003 K/sec                  
                 0      cpu-migrations            #    0.000 K/sec                  
                62      page-faults               #    0.020 K/sec                  
   <not supported>      cycles                   
   <not supported>      stalled-cycles-frontend  
   <not supported>      stalled-cycles-backend   
   <not supported>      instructions             
   <not supported>      branches                 
   <not supported>      branch-misses            

       3.138201754 seconds time elapsed

MODO = sem I/O e alloc. memoria

 Performance counter stats for './mandelbrot_omp -2.5 1.5 -2.0 2.0 4096 1 sem':

       3137.550715      task-clock (msec)         #    1.000 CPUs utilized          
                 9      context-switches          #    0.003 K/sec                  
                 0      cpu-migrations            #    0.000 K/sec                  
                61      page-faults               #    0.019 K/sec                  
   <not supported>      cycles                   
   <not supported>      stalled-cycles-frontend  
   <not supported>      stalled-cycles-backend   
   <not supported>      instructions             
   <not supported>      branches                 
   <not supported>      branch-misses            

       3.138115474 seconds time elapsed

MODO = sem I/O e alloc. memoria

 Performance counter stats for './mandelbrot_omp -2.5 1.5 -2.0 2.0 4096 1 sem':

       3134.757686      task-clock (msec)         #    1.000 CPUs utilized          
                 8      context-switches          #    0.003 K/sec                  
                 0      cpu-migrations            #    0.000 K/sec                  
                62      page-faults               #    0.020 K/sec                  
   <not supported>      cycles                   
   <not supported>      stalled-cycles-frontend  
   <not supported>      stalled-cycles-backend   
   <not supported>      instructions             
   <not supported>      branches                 
   <not supported>      branch-misses            

       3.135272574 seconds time elapsed

MODO = sem I/O e alloc. memoria

 Performance counter stats for './mandelbrot_omp -2.5 1.5 -2.0 2.0 4096 1 sem':

       3136.790841      task-clock (msec)         #    1.000 CPUs utilized          
                10      context-switches          #    0.003 K/sec                  
                 0      cpu-migrations            #    0.000 K/sec                  
                61      page-faults               #    0.019 K/sec                  
   <not supported>      cycles                   
   <not supported>      stalled-cycles-frontend  
   <not supported>      stalled-cycles-backend   
   <not supported>      instructions             
   <not supported>      branches                 
   <not supported>      branch-misses            

       3.137429353 seconds time elapsed

MODO = sem I/O e alloc. memoria

 Performance counter stats for './mandelbrot_omp -2.5 1.5 -2.0 2.0 4096 1 sem':

       3135.865490      task-clock (msec)         #    1.000 CPUs utilized          
                 8      context-switches          #    0.003 K/sec                  
                 0      cpu-migrations            #    0.000 K/sec                  
                61      page-faults               #    0.019 K/sec                  
   <not supported>      cycles                   
   <not supported>      stalled-cycles-frontend  
   <not supported>      stalled-cycles-backend   
   <not supported>      instructions             
   <not supported>      branches                 
   <not supported>      branch-misses            

       3.136366431 seconds time elapsed

MODO = sem I/O e alloc. memoria

 Performance counter stats for './mandelbrot_omp -2.5 1.5 -2.0 2.0 4096 1 sem':

       3135.941473      task-clock (msec)         #    1.000 CPUs utilized          
                 9      context-switches          #    0.003 K/sec                  
                 0      cpu-migrations            #    0.000 K/sec                  
                61      page-faults               #    0.019 K/sec                  
   <not supported>      cycles                   
   <not supported>      stalled-cycles-frontend  
   <not supported>      stalled-cycles-backend   
   <not supported>      instructions             
   <not supported>      branches                 
   <not supported>      branch-misses            

       3.136478811 seconds time elapsed

MODO = sem I/O e alloc. memoria

 Performance counter stats for './mandelbrot_omp -2.5 1.5 -2.0 2.0 4096 1 sem':

       3136.200348      task-clock (msec)         #    1.000 CPUs utilized          
                 9      context-switches          #    0.003 K/sec                  
                 0      cpu-migrations            #    0.000 K/sec                  
                61      page-faults               #    0.019 K/sec                  
   <not supported>      cycles                   
   <not supported>      stalled-cycles-frontend  
   <not supported>      stalled-cycles-backend   
   <not supported>      instructions             
   <not supported>      branches                 
   <not supported>      branch-misses            

       3.136753740 seconds time elapsed

MODO = sem I/O e alloc. memoria

 Performance counter stats for './mandelbrot_omp -2.5 1.5 -2.0 2.0 4096 1 sem':

       3136.971615      task-clock (msec)         #    1.000 CPUs utilized          
                 8      context-switches          #    0.003 K/sec                  
                 0      cpu-migrations            #    0.000 K/sec                  
                61      page-faults               #    0.019 K/sec                  
   <not supported>      cycles                   
   <not supported>      stalled-cycles-frontend  
   <not supported>      stalled-cycles-backend   
   <not supported>      instructions             
   <not supported>      branches                 
   <not supported>      branch-misses            

       3.137469729 seconds time elapsed

MODO = sem I/O e alloc. memoria

 Performance counter stats for './mandelbrot_omp -2.5 1.5 -2.0 2.0 4096 1 sem':

       3136.870142      task-clock (msec)         #    1.000 CPUs utilized          
                 9      context-switches          #    0.003 K/sec                  
                 0      cpu-migrations            #    0.000 K/sec                  
                62      page-faults               #    0.020 K/sec                  
   <not supported>      cycles                   
   <not supported>      stalled-cycles-frontend  
   <not supported>      stalled-cycles-backend   
   <not supported>      instructions             
   <not supported>      branches                 
   <not supported>      branch-misses            

       3.137422552 seconds time elapsed

MODO = sem I/O e alloc. memoria

 Performance counter stats for './mandelbrot_omp -2.5 1.5 -2.0 2.0 4096 1 sem':

       3135.023848      task-clock (msec)         #    1.000 CPUs utilized          
                 8      context-switches          #    0.003 K/sec                  
                 0      cpu-migrations            #    0.000 K/sec                  
                61      page-faults               #    0.019 K/sec                  
   <not supported>      cycles                   
   <not supported>      stalled-cycles-frontend  
   <not supported>      stalled-cycles-backend   
   <not supported>      instructions             
   <not supported>      branches                 
   <not supported>      branch-misses            

       3.135550586 seconds time elapsed

MODO = sem I/O e alloc. memoria

 Performance counter stats for './mandelbrot_omp -2.5 1.5 -2.0 2.0 8192 1 sem':

      12533.489359      task-clock (msec)         #    1.000 CPUs utilized          
                35      context-switches          #    0.003 K/sec                  
                 0      cpu-migrations            #    0.000 K/sec                  
                61      page-faults               #    0.005 K/sec                  
   <not supported>      cycles                   
   <not supported>      stalled-cycles-frontend  
   <not supported>      stalled-cycles-backend   
   <not supported>      instructions             
   <not supported>      branches                 
   <not supported>      branch-misses            

      12.534524394 seconds time elapsed

MODO = sem I/O e alloc. memoria

 Performance counter stats for './mandelbrot_omp -2.5 1.5 -2.0 2.0 8192 1 sem':

      12526.979328      task-clock (msec)         #    1.000 CPUs utilized          
                35      context-switches          #    0.003 K/sec                  
                 0      cpu-migrations            #    0.000 K/sec                  
                61      page-faults               #    0.005 K/sec                  
   <not supported>      cycles                   
   <not supported>      stalled-cycles-frontend  
   <not supported>      stalled-cycles-backend   
   <not supported>      instructions             
   <not supported>      branches                 
   <not supported>      branch-misses            

      12.527925654 seconds time elapsed

MODO = sem I/O e alloc. memoria

 Performance counter stats for './mandelbrot_omp -2.5 1.5 -2.0 2.0 8192 1 sem':

      12529.933483      task-clock (msec)         #    1.000 CPUs utilized          
                34      context-switches          #    0.003 K/sec                  
                 0      cpu-migrations            #    0.000 K/sec                  
                62      page-faults               #    0.005 K/sec                  
   <not supported>      cycles                   
   <not supported>      stalled-cycles-frontend  
   <not supported>      stalled-cycles-backend   
   <not supported>      instructions             
   <not supported>      branches                 
   <not supported>      branch-misses            

      12.530927757 seconds time elapsed

MODO = sem I/O e alloc. memoria

 Performance counter stats for './mandelbrot_omp -2.5 1.5 -2.0 2.0 8192 1 sem':

      12524.688875      task-clock (msec)         #    1.000 CPUs utilized          
                33      context-switches          #    0.003 K/sec                  
                 0      cpu-migrations            #    0.000 K/sec                  
                62      page-faults               #    0.005 K/sec                  
   <not supported>      cycles                   
   <not supported>      stalled-cycles-frontend  
   <not supported>      stalled-cycles-backend   
   <not supported>      instructions             
   <not supported>      branches                 
   <not supported>      branch-misses            

      12.525603549 seconds time elapsed

MODO = sem I/O e alloc. memoria

 Performance counter stats for './mandelbrot_omp -2.5 1.5 -2.0 2.0 8192 1 sem':

      12532.172335      task-clock (msec)         #    1.000 CPUs utilized          
                34      context-switches          #    0.003 K/sec                  
                 0      cpu-migrations            #    0.000 K/sec                  
                61      page-faults               #    0.005 K/sec                  
   <not supported>      cycles                   
   <not supported>      stalled-cycles-frontend  
   <not supported>      stalled-cycles-backend   
   <not supported>      instructions             
   <not supported>      branches                 
   <not supported>      branch-misses            

      12.533181479 seconds time elapsed

MODO = sem I/O e alloc. memoria

 Performance counter stats for './mandelbrot_omp -2.5 1.5 -2.0 2.0 8192 1 sem':

      12526.844730      task-clock (msec)         #    1.000 CPUs utilized          
                36      context-switches          #    0.003 K/sec                  
                 0      cpu-migrations            #    0.000 K/sec                  
                61      page-faults               #    0.005 K/sec                  
   <not supported>      cycles                   
   <not supported>      stalled-cycles-frontend  
   <not supported>      stalled-cycles-backend   
   <not supported>      instructions             
   <not supported>      branches                 
   <not supported>      branch-misses            

      12.527844957 seconds time elapsed

MODO = sem I/O e alloc. memoria

 Performance counter stats for './mandelbrot_omp -2.5 1.5 -2.0 2.0 8192 1 sem':

      12532.304853      task-clock (msec)         #    1.000 CPUs utilized          
                33      context-switches          #    0.003 K/sec                  
                 0      cpu-migrations            #    0.000 K/sec                  
                61      page-faults               #    0.005 K/sec                  
   <not supported>      cycles                   
   <not supported>      stalled-cycles-frontend  
   <not supported>      stalled-cycles-backend   
   <not supported>      instructions             
   <not supported>      branches                 
   <not supported>      branch-misses            

      12.533222189 seconds time elapsed

MODO = sem I/O e alloc. memoria

 Performance counter stats for './mandelbrot_omp -2.5 1.5 -2.0 2.0 8192 1 sem':

      12523.682494      task-clock (msec)         #    1.000 CPUs utilized          
                35      context-switches          #    0.003 K/sec                  
                 0      cpu-migrations            #    0.000 K/sec                  
                61      page-faults               #    0.005 K/sec                  
   <not supported>      cycles                   
   <not supported>      stalled-cycles-frontend  
   <not supported>      stalled-cycles-backend   
   <not supported>      instructions             
   <not supported>      branches                 
   <not supported>      branch-misses            

      12.524615442 seconds time elapsed

MODO = sem I/O e alloc. memoria

 Performance counter stats for './mandelbrot_omp -2.5 1.5 -2.0 2.0 8192 1 sem':

      12546.764929      task-clock (msec)         #    1.000 CPUs utilized          
                34      context-switches          #    0.003 K/sec                  
                 0      cpu-migrations            #    0.000 K/sec                  
                61      page-faults               #    0.005 K/sec                  
   <not supported>      cycles                   
   <not supported>      stalled-cycles-frontend  
   <not supported>      stalled-cycles-backend   
   <not supported>      instructions             
   <not supported>      branches                 
   <not supported>      branch-misses            

      12.547653984 seconds time elapsed

MODO = sem I/O e alloc. memoria

 Performance counter stats for './mandelbrot_omp -2.5 1.5 -2.0 2.0 8192 1 sem':

      12534.496647      task-clock (msec)         #    1.000 CPUs utilized          
                34      context-switches          #    0.003 K/sec                  
                 0      cpu-migrations            #    0.000 K/sec                  
                62      page-faults               #    0.005 K/sec                  
   <not supported>      cycles                   
   <not supported>      stalled-cycles-frontend  
   <not supported>      stalled-cycles-backend   
   <not supported>      instructions             
   <not supported>      branches                 
   <not supported>      branch-misses            

      12.535419381 seconds time elapsed

