MODO = sem I/O e alloc. memoria

 Performance counter stats for './mandelbrot_omp -2.5 1.5 -2.0 2.0 16 16 sem':

          2.590595      task-clock (msec)         #    0.939 CPUs utilized          
                45      context-switches          #    0.017 M/sec                  
                24      cpu-migrations            #    0.009 M/sec                  
                93      page-faults               #    0.036 M/sec                  
   <not supported>      cycles                   
   <not supported>      stalled-cycles-frontend  
   <not supported>      stalled-cycles-backend   
   <not supported>      instructions             
   <not supported>      branches                 
   <not supported>      branch-misses            

       0.002759730 seconds time elapsed

MODO = sem I/O e alloc. memoria

 Performance counter stats for './mandelbrot_omp -2.5 1.5 -2.0 2.0 16 16 sem':

          1.394147      task-clock (msec)         #    0.954 CPUs utilized          
                48      context-switches          #    0.034 M/sec                  
                28      cpu-migrations            #    0.020 M/sec                  
                93      page-faults               #    0.067 M/sec                  
   <not supported>      cycles                   
   <not supported>      stalled-cycles-frontend  
   <not supported>      stalled-cycles-backend   
   <not supported>      instructions             
   <not supported>      branches                 
   <not supported>      branch-misses            

       0.001461237 seconds time elapsed

MODO = sem I/O e alloc. memoria

 Performance counter stats for './mandelbrot_omp -2.5 1.5 -2.0 2.0 16 16 sem':

          1.436808      task-clock (msec)         #    0.978 CPUs utilized          
                47      context-switches          #    0.033 M/sec                  
                33      cpu-migrations            #    0.023 M/sec                  
                94      page-faults               #    0.065 M/sec                  
   <not supported>      cycles                   
   <not supported>      stalled-cycles-frontend  
   <not supported>      stalled-cycles-backend   
   <not supported>      instructions             
   <not supported>      branches                 
   <not supported>      branch-misses            

       0.001468828 seconds time elapsed

MODO = sem I/O e alloc. memoria

 Performance counter stats for './mandelbrot_omp -2.5 1.5 -2.0 2.0 16 16 sem':

          1.243959      task-clock (msec)         #    1.016 CPUs utilized          
                46      context-switches          #    0.037 M/sec                  
                25      cpu-migrations            #    0.020 M/sec                  
                93      page-faults               #    0.075 M/sec                  
   <not supported>      cycles                   
   <not supported>      stalled-cycles-frontend  
   <not supported>      stalled-cycles-backend   
   <not supported>      instructions             
   <not supported>      branches                 
   <not supported>      branch-misses            

       0.001224462 seconds time elapsed

MODO = sem I/O e alloc. memoria

 Performance counter stats for './mandelbrot_omp -2.5 1.5 -2.0 2.0 16 16 sem':

          1.285853      task-clock (msec)         #    1.037 CPUs utilized          
                44      context-switches          #    0.034 M/sec                  
                26      cpu-migrations            #    0.020 M/sec                  
                93      page-faults               #    0.072 M/sec                  
   <not supported>      cycles                   
   <not supported>      stalled-cycles-frontend  
   <not supported>      stalled-cycles-backend   
   <not supported>      instructions             
   <not supported>      branches                 
   <not supported>      branch-misses            

       0.001239435 seconds time elapsed

MODO = sem I/O e alloc. memoria

 Performance counter stats for './mandelbrot_omp -2.5 1.5 -2.0 2.0 16 16 sem':

          1.269664      task-clock (msec)         #    1.035 CPUs utilized          
                48      context-switches          #    0.038 M/sec                  
                29      cpu-migrations            #    0.023 M/sec                  
                94      page-faults               #    0.074 M/sec                  
   <not supported>      cycles                   
   <not supported>      stalled-cycles-frontend  
   <not supported>      stalled-cycles-backend   
   <not supported>      instructions             
   <not supported>      branches                 
   <not supported>      branch-misses            

       0.001226870 seconds time elapsed

MODO = sem I/O e alloc. memoria

 Performance counter stats for './mandelbrot_omp -2.5 1.5 -2.0 2.0 16 16 sem':

          1.235190      task-clock (msec)         #    1.000 CPUs utilized          
                48      context-switches          #    0.039 M/sec                  
                25      cpu-migrations            #    0.020 M/sec                  
                94      page-faults               #    0.076 M/sec                  
   <not supported>      cycles                   
   <not supported>      stalled-cycles-frontend  
   <not supported>      stalled-cycles-backend   
   <not supported>      instructions             
   <not supported>      branches                 
   <not supported>      branch-misses            

       0.001235380 seconds time elapsed

MODO = sem I/O e alloc. memoria

 Performance counter stats for './mandelbrot_omp -2.5 1.5 -2.0 2.0 16 16 sem':

          1.278299      task-clock (msec)         #    0.928 CPUs utilized          
                48      context-switches          #    0.038 M/sec                  
                32      cpu-migrations            #    0.025 M/sec                  
                93      page-faults               #    0.073 M/sec                  
   <not supported>      cycles                   
   <not supported>      stalled-cycles-frontend  
   <not supported>      stalled-cycles-backend   
   <not supported>      instructions             
   <not supported>      branches                 
   <not supported>      branch-misses            

       0.001377496 seconds time elapsed

MODO = sem I/O e alloc. memoria

 Performance counter stats for './mandelbrot_omp -2.5 1.5 -2.0 2.0 16 16 sem':

          1.315562      task-clock (msec)         #    0.893 CPUs utilized          
                48      context-switches          #    0.036 M/sec                  
                25      cpu-migrations            #    0.019 M/sec                  
                94      page-faults               #    0.071 M/sec                  
   <not supported>      cycles                   
   <not supported>      stalled-cycles-frontend  
   <not supported>      stalled-cycles-backend   
   <not supported>      instructions             
   <not supported>      branches                 
   <not supported>      branch-misses            

       0.001473023 seconds time elapsed

MODO = sem I/O e alloc. memoria

 Performance counter stats for './mandelbrot_omp -2.5 1.5 -2.0 2.0 16 16 sem':

          1.420124      task-clock (msec)         #    1.056 CPUs utilized          
                48      context-switches          #    0.034 M/sec                  
                32      cpu-migrations            #    0.023 M/sec                  
                92      page-faults               #    0.065 M/sec                  
   <not supported>      cycles                   
   <not supported>      stalled-cycles-frontend  
   <not supported>      stalled-cycles-backend   
   <not supported>      instructions             
   <not supported>      branches                 
   <not supported>      branch-misses            

       0.001345177 seconds time elapsed

MODO = sem I/O e alloc. memoria

 Performance counter stats for './mandelbrot_omp -2.5 1.5 -2.0 2.0 32 16 sem':

          1.345205      task-clock (msec)         #    1.073 CPUs utilized          
                48      context-switches          #    0.036 M/sec                  
                30      cpu-migrations            #    0.022 M/sec                  
                94      page-faults               #    0.070 M/sec                  
   <not supported>      cycles                   
   <not supported>      stalled-cycles-frontend  
   <not supported>      stalled-cycles-backend   
   <not supported>      instructions             
   <not supported>      branches                 
   <not supported>      branch-misses            

       0.001253600 seconds time elapsed

MODO = sem I/O e alloc. memoria

 Performance counter stats for './mandelbrot_omp -2.5 1.5 -2.0 2.0 32 16 sem':

          1.523355      task-clock (msec)         #    1.167 CPUs utilized          
                47      context-switches          #    0.031 M/sec                  
                34      cpu-migrations            #    0.022 M/sec                  
                93      page-faults               #    0.061 M/sec                  
   <not supported>      cycles                   
   <not supported>      stalled-cycles-frontend  
   <not supported>      stalled-cycles-backend   
   <not supported>      instructions             
   <not supported>      branches                 
   <not supported>      branch-misses            

       0.001304862 seconds time elapsed

MODO = sem I/O e alloc. memoria

 Performance counter stats for './mandelbrot_omp -2.5 1.5 -2.0 2.0 32 16 sem':

          1.567564      task-clock (msec)         #    1.116 CPUs utilized          
                49      context-switches          #    0.031 M/sec                  
                33      cpu-migrations            #    0.021 M/sec                  
                93      page-faults               #    0.059 M/sec                  
   <not supported>      cycles                   
   <not supported>      stalled-cycles-frontend  
   <not supported>      stalled-cycles-backend   
   <not supported>      instructions             
   <not supported>      branches                 
   <not supported>      branch-misses            

       0.001404665 seconds time elapsed

MODO = sem I/O e alloc. memoria

 Performance counter stats for './mandelbrot_omp -2.5 1.5 -2.0 2.0 32 16 sem':

          1.577026      task-clock (msec)         #    1.180 CPUs utilized          
                49      context-switches          #    0.031 M/sec                  
                30      cpu-migrations            #    0.019 M/sec                  
                94      page-faults               #    0.060 M/sec                  
   <not supported>      cycles                   
   <not supported>      stalled-cycles-frontend  
   <not supported>      stalled-cycles-backend   
   <not supported>      instructions             
   <not supported>      branches                 
   <not supported>      branch-misses            

       0.001335916 seconds time elapsed

MODO = sem I/O e alloc. memoria

 Performance counter stats for './mandelbrot_omp -2.5 1.5 -2.0 2.0 32 16 sem':

          1.484591      task-clock (msec)         #    1.152 CPUs utilized          
                48      context-switches          #    0.032 M/sec                  
                24      cpu-migrations            #    0.016 M/sec                  
                93      page-faults               #    0.063 M/sec                  
   <not supported>      cycles                   
   <not supported>      stalled-cycles-frontend  
   <not supported>      stalled-cycles-backend   
   <not supported>      instructions             
   <not supported>      branches                 
   <not supported>      branch-misses            

       0.001289128 seconds time elapsed

MODO = sem I/O e alloc. memoria

 Performance counter stats for './mandelbrot_omp -2.5 1.5 -2.0 2.0 32 16 sem':

          1.303519      task-clock (msec)         #    0.960 CPUs utilized          
                43      context-switches          #    0.033 M/sec                  
                24      cpu-migrations            #    0.018 M/sec                  
                93      page-faults               #    0.071 M/sec                  
   <not supported>      cycles                   
   <not supported>      stalled-cycles-frontend  
   <not supported>      stalled-cycles-backend   
   <not supported>      instructions             
   <not supported>      branches                 
   <not supported>      branch-misses            

       0.001357791 seconds time elapsed

MODO = sem I/O e alloc. memoria

 Performance counter stats for './mandelbrot_omp -2.5 1.5 -2.0 2.0 32 16 sem':

          1.931980      task-clock (msec)         #    1.334 CPUs utilized          
                46      context-switches          #    0.024 M/sec                  
                32      cpu-migrations            #    0.017 M/sec                  
                92      page-faults               #    0.048 M/sec                  
   <not supported>      cycles                   
   <not supported>      stalled-cycles-frontend  
   <not supported>      stalled-cycles-backend   
   <not supported>      instructions             
   <not supported>      branches                 
   <not supported>      branch-misses            

       0.001448443 seconds time elapsed

MODO = sem I/O e alloc. memoria

 Performance counter stats for './mandelbrot_omp -2.5 1.5 -2.0 2.0 32 16 sem':

          1.404132      task-clock (msec)         #    1.058 CPUs utilized          
                47      context-switches          #    0.033 M/sec                  
                29      cpu-migrations            #    0.021 M/sec                  
                93      page-faults               #    0.066 M/sec                  
   <not supported>      cycles                   
   <not supported>      stalled-cycles-frontend  
   <not supported>      stalled-cycles-backend   
   <not supported>      instructions             
   <not supported>      branches                 
   <not supported>      branch-misses            

       0.001326985 seconds time elapsed

MODO = sem I/O e alloc. memoria

 Performance counter stats for './mandelbrot_omp -2.5 1.5 -2.0 2.0 32 16 sem':

          1.534525      task-clock (msec)         #    1.147 CPUs utilized          
                49      context-switches          #    0.032 M/sec                  
                31      cpu-migrations            #    0.020 M/sec                  
                94      page-faults               #    0.061 M/sec                  
   <not supported>      cycles                   
   <not supported>      stalled-cycles-frontend  
   <not supported>      stalled-cycles-backend   
   <not supported>      instructions             
   <not supported>      branches                 
   <not supported>      branch-misses            

       0.001337596 seconds time elapsed

MODO = sem I/O e alloc. memoria

 Performance counter stats for './mandelbrot_omp -2.5 1.5 -2.0 2.0 32 16 sem':

          1.328466      task-clock (msec)         #    1.100 CPUs utilized          
                47      context-switches          #    0.035 M/sec                  
                28      cpu-migrations            #    0.021 M/sec                  
                93      page-faults               #    0.070 M/sec                  
   <not supported>      cycles                   
   <not supported>      stalled-cycles-frontend  
   <not supported>      stalled-cycles-backend   
   <not supported>      instructions             
   <not supported>      branches                 
   <not supported>      branch-misses            

       0.001207859 seconds time elapsed

MODO = sem I/O e alloc. memoria

 Performance counter stats for './mandelbrot_omp -2.5 1.5 -2.0 2.0 64 16 sem':

          2.357180      task-clock (msec)         #    1.237 CPUs utilized          
                45      context-switches          #    0.019 M/sec                  
                26      cpu-migrations            #    0.011 M/sec                  
                93      page-faults               #    0.039 M/sec                  
   <not supported>      cycles                   
   <not supported>      stalled-cycles-frontend  
   <not supported>      stalled-cycles-backend   
   <not supported>      instructions             
   <not supported>      branches                 
   <not supported>      branch-misses            

       0.001905731 seconds time elapsed

MODO = sem I/O e alloc. memoria

 Performance counter stats for './mandelbrot_omp -2.5 1.5 -2.0 2.0 64 16 sem':

          2.047556      task-clock (msec)         #    1.285 CPUs utilized          
                48      context-switches          #    0.023 M/sec                  
                27      cpu-migrations            #    0.013 M/sec                  
                93      page-faults               #    0.045 M/sec                  
   <not supported>      cycles                   
   <not supported>      stalled-cycles-frontend  
   <not supported>      stalled-cycles-backend   
   <not supported>      instructions             
   <not supported>      branches                 
   <not supported>      branch-misses            

       0.001592816 seconds time elapsed

MODO = sem I/O e alloc. memoria

 Performance counter stats for './mandelbrot_omp -2.5 1.5 -2.0 2.0 64 16 sem':

          2.285193      task-clock (msec)         #    1.380 CPUs utilized          
                48      context-switches          #    0.021 M/sec                  
                25      cpu-migrations            #    0.011 M/sec                  
                93      page-faults               #    0.041 M/sec                  
   <not supported>      cycles                   
   <not supported>      stalled-cycles-frontend  
   <not supported>      stalled-cycles-backend   
   <not supported>      instructions             
   <not supported>      branches                 
   <not supported>      branch-misses            

       0.001655702 seconds time elapsed

MODO = sem I/O e alloc. memoria

 Performance counter stats for './mandelbrot_omp -2.5 1.5 -2.0 2.0 64 16 sem':

          2.090747      task-clock (msec)         #    1.148 CPUs utilized          
                48      context-switches          #    0.023 M/sec                  
                23      cpu-migrations            #    0.011 M/sec                  
                93      page-faults               #    0.044 M/sec                  
   <not supported>      cycles                   
   <not supported>      stalled-cycles-frontend  
   <not supported>      stalled-cycles-backend   
   <not supported>      instructions             
   <not supported>      branches                 
   <not supported>      branch-misses            

       0.001820726 seconds time elapsed

MODO = sem I/O e alloc. memoria

 Performance counter stats for './mandelbrot_omp -2.5 1.5 -2.0 2.0 64 16 sem':

          2.199028      task-clock (msec)         #    1.244 CPUs utilized          
                48      context-switches          #    0.022 M/sec                  
                24      cpu-migrations            #    0.011 M/sec                  
                93      page-faults               #    0.042 M/sec                  
   <not supported>      cycles                   
   <not supported>      stalled-cycles-frontend  
   <not supported>      stalled-cycles-backend   
   <not supported>      instructions             
   <not supported>      branches                 
   <not supported>      branch-misses            

       0.001767666 seconds time elapsed

MODO = sem I/O e alloc. memoria

 Performance counter stats for './mandelbrot_omp -2.5 1.5 -2.0 2.0 64 16 sem':

          2.241034      task-clock (msec)         #    1.262 CPUs utilized          
                47      context-switches          #    0.021 M/sec                  
                28      cpu-migrations            #    0.012 M/sec                  
                93      page-faults               #    0.041 M/sec                  
   <not supported>      cycles                   
   <not supported>      stalled-cycles-frontend  
   <not supported>      stalled-cycles-backend   
   <not supported>      instructions             
   <not supported>      branches                 
   <not supported>      branch-misses            

       0.001775267 seconds time elapsed

MODO = sem I/O e alloc. memoria

 Performance counter stats for './mandelbrot_omp -2.5 1.5 -2.0 2.0 64 16 sem':

          2.347264      task-clock (msec)         #    1.344 CPUs utilized          
                48      context-switches          #    0.020 M/sec                  
                25      cpu-migrations            #    0.011 M/sec                  
                94      page-faults               #    0.040 M/sec                  
   <not supported>      cycles                   
   <not supported>      stalled-cycles-frontend  
   <not supported>      stalled-cycles-backend   
   <not supported>      instructions             
   <not supported>      branches                 
   <not supported>      branch-misses            

       0.001746896 seconds time elapsed

MODO = sem I/O e alloc. memoria

 Performance counter stats for './mandelbrot_omp -2.5 1.5 -2.0 2.0 64 16 sem':

          2.007095      task-clock (msec)         #    1.204 CPUs utilized          
                48      context-switches          #    0.024 M/sec                  
                24      cpu-migrations            #    0.012 M/sec                  
                94      page-faults               #    0.047 M/sec                  
   <not supported>      cycles                   
   <not supported>      stalled-cycles-frontend  
   <not supported>      stalled-cycles-backend   
   <not supported>      instructions             
   <not supported>      branches                 
   <not supported>      branch-misses            

       0.001666732 seconds time elapsed

MODO = sem I/O e alloc. memoria

 Performance counter stats for './mandelbrot_omp -2.5 1.5 -2.0 2.0 64 16 sem':

          2.039861      task-clock (msec)         #    1.127 CPUs utilized          
                48      context-switches          #    0.024 M/sec                  
                28      cpu-migrations            #    0.014 M/sec                  
                93      page-faults               #    0.046 M/sec                  
   <not supported>      cycles                   
   <not supported>      stalled-cycles-frontend  
   <not supported>      stalled-cycles-backend   
   <not supported>      instructions             
   <not supported>      branches                 
   <not supported>      branch-misses            

       0.001810540 seconds time elapsed

MODO = sem I/O e alloc. memoria

 Performance counter stats for './mandelbrot_omp -2.5 1.5 -2.0 2.0 64 16 sem':

          2.104872      task-clock (msec)         #    1.255 CPUs utilized          
                48      context-switches          #    0.023 M/sec                  
                29      cpu-migrations            #    0.014 M/sec                  
                93      page-faults               #    0.044 M/sec                  
   <not supported>      cycles                   
   <not supported>      stalled-cycles-frontend  
   <not supported>      stalled-cycles-backend   
   <not supported>      instructions             
   <not supported>      branches                 
   <not supported>      branch-misses            

       0.001677724 seconds time elapsed

MODO = sem I/O e alloc. memoria

 Performance counter stats for './mandelbrot_omp -2.5 1.5 -2.0 2.0 128 16 sem':

          5.175403      task-clock (msec)         #    2.207 CPUs utilized          
                48      context-switches          #    0.009 M/sec                  
                29      cpu-migrations            #    0.006 M/sec                  
                94      page-faults               #    0.018 M/sec                  
   <not supported>      cycles                   
   <not supported>      stalled-cycles-frontend  
   <not supported>      stalled-cycles-backend   
   <not supported>      instructions             
   <not supported>      branches                 
   <not supported>      branch-misses            

       0.002345470 seconds time elapsed

MODO = sem I/O e alloc. memoria

 Performance counter stats for './mandelbrot_omp -2.5 1.5 -2.0 2.0 128 16 sem':

          5.086158      task-clock (msec)         #    1.617 CPUs utilized          
                47      context-switches          #    0.009 M/sec                  
                28      cpu-migrations            #    0.006 M/sec                  
                91      page-faults               #    0.018 M/sec                  
   <not supported>      cycles                   
   <not supported>      stalled-cycles-frontend  
   <not supported>      stalled-cycles-backend   
   <not supported>      instructions             
   <not supported>      branches                 
   <not supported>      branch-misses            

       0.003146001 seconds time elapsed

MODO = sem I/O e alloc. memoria

 Performance counter stats for './mandelbrot_omp -2.5 1.5 -2.0 2.0 128 16 sem':

          4.815846      task-clock (msec)         #    1.918 CPUs utilized          
                48      context-switches          #    0.010 M/sec                  
                29      cpu-migrations            #    0.006 M/sec                  
                93      page-faults               #    0.019 M/sec                  
   <not supported>      cycles                   
   <not supported>      stalled-cycles-frontend  
   <not supported>      stalled-cycles-backend   
   <not supported>      instructions             
   <not supported>      branches                 
   <not supported>      branch-misses            

       0.002510289 seconds time elapsed

MODO = sem I/O e alloc. memoria

 Performance counter stats for './mandelbrot_omp -2.5 1.5 -2.0 2.0 128 16 sem':

          4.879889      task-clock (msec)         #    1.588 CPUs utilized          
                48      context-switches          #    0.010 M/sec                  
                31      cpu-migrations            #    0.006 M/sec                  
                94      page-faults               #    0.019 M/sec                  
   <not supported>      cycles                   
   <not supported>      stalled-cycles-frontend  
   <not supported>      stalled-cycles-backend   
   <not supported>      instructions             
   <not supported>      branches                 
   <not supported>      branch-misses            

       0.003072546 seconds time elapsed

MODO = sem I/O e alloc. memoria

 Performance counter stats for './mandelbrot_omp -2.5 1.5 -2.0 2.0 128 16 sem':

          5.304292      task-clock (msec)         #    2.078 CPUs utilized          
                47      context-switches          #    0.009 M/sec                  
                29      cpu-migrations            #    0.005 M/sec                  
                94      page-faults               #    0.018 M/sec                  
   <not supported>      cycles                   
   <not supported>      stalled-cycles-frontend  
   <not supported>      stalled-cycles-backend   
   <not supported>      instructions             
   <not supported>      branches                 
   <not supported>      branch-misses            

       0.002552971 seconds time elapsed

MODO = sem I/O e alloc. memoria

 Performance counter stats for './mandelbrot_omp -2.5 1.5 -2.0 2.0 128 16 sem':

          4.997785      task-clock (msec)         #    2.257 CPUs utilized          
                48      context-switches          #    0.010 M/sec                  
                34      cpu-migrations            #    0.007 M/sec                  
                93      page-faults               #    0.019 M/sec                  
   <not supported>      cycles                   
   <not supported>      stalled-cycles-frontend  
   <not supported>      stalled-cycles-backend   
   <not supported>      instructions             
   <not supported>      branches                 
   <not supported>      branch-misses            

       0.002214507 seconds time elapsed

MODO = sem I/O e alloc. memoria

 Performance counter stats for './mandelbrot_omp -2.5 1.5 -2.0 2.0 128 16 sem':

          4.949021      task-clock (msec)         #    1.575 CPUs utilized          
                48      context-switches          #    0.010 M/sec                  
                28      cpu-migrations            #    0.006 M/sec                  
                93      page-faults               #    0.019 M/sec                  
   <not supported>      cycles                   
   <not supported>      stalled-cycles-frontend  
   <not supported>      stalled-cycles-backend   
   <not supported>      instructions             
   <not supported>      branches                 
   <not supported>      branch-misses            

       0.003142827 seconds time elapsed

MODO = sem I/O e alloc. memoria

 Performance counter stats for './mandelbrot_omp -2.5 1.5 -2.0 2.0 128 16 sem':

          5.100587      task-clock (msec)         #    2.089 CPUs utilized          
                48      context-switches          #    0.009 M/sec                  
                23      cpu-migrations            #    0.005 M/sec                  
                91      page-faults               #    0.018 M/sec                  
   <not supported>      cycles                   
   <not supported>      stalled-cycles-frontend  
   <not supported>      stalled-cycles-backend   
   <not supported>      instructions             
   <not supported>      branches                 
   <not supported>      branch-misses            

       0.002441880 seconds time elapsed

MODO = sem I/O e alloc. memoria

 Performance counter stats for './mandelbrot_omp -2.5 1.5 -2.0 2.0 128 16 sem':

          4.721277      task-clock (msec)         #    1.818 CPUs utilized          
                48      context-switches          #    0.010 M/sec                  
                29      cpu-migrations            #    0.006 M/sec                  
                91      page-faults               #    0.019 M/sec                  
   <not supported>      cycles                   
   <not supported>      stalled-cycles-frontend  
   <not supported>      stalled-cycles-backend   
   <not supported>      instructions             
   <not supported>      branches                 
   <not supported>      branch-misses            

       0.002596713 seconds time elapsed

MODO = sem I/O e alloc. memoria

 Performance counter stats for './mandelbrot_omp -2.5 1.5 -2.0 2.0 128 16 sem':

          4.966122      task-clock (msec)         #    1.844 CPUs utilized          
                48      context-switches          #    0.010 M/sec                  
                29      cpu-migrations            #    0.006 M/sec                  
                93      page-faults               #    0.019 M/sec                  
   <not supported>      cycles                   
   <not supported>      stalled-cycles-frontend  
   <not supported>      stalled-cycles-backend   
   <not supported>      instructions             
   <not supported>      branches                 
   <not supported>      branch-misses            

       0.002693752 seconds time elapsed

MODO = sem I/O e alloc. memoria

 Performance counter stats for './mandelbrot_omp -2.5 1.5 -2.0 2.0 256 16 sem':

         16.727062      task-clock (msec)         #    4.057 CPUs utilized          
                49      context-switches          #    0.003 M/sec                  
                30      cpu-migrations            #    0.002 M/sec                  
                94      page-faults               #    0.006 M/sec                  
   <not supported>      cycles                   
   <not supported>      stalled-cycles-frontend  
   <not supported>      stalled-cycles-backend   
   <not supported>      instructions             
   <not supported>      branches                 
   <not supported>      branch-misses            

       0.004123463 seconds time elapsed

MODO = sem I/O e alloc. memoria

 Performance counter stats for './mandelbrot_omp -2.5 1.5 -2.0 2.0 256 16 sem':

         17.018267      task-clock (msec)         #    3.611 CPUs utilized          
                47      context-switches          #    0.003 M/sec                  
                38      cpu-migrations            #    0.002 M/sec                  
                93      page-faults               #    0.005 M/sec                  
   <not supported>      cycles                   
   <not supported>      stalled-cycles-frontend  
   <not supported>      stalled-cycles-backend   
   <not supported>      instructions             
   <not supported>      branches                 
   <not supported>      branch-misses            

       0.004712458 seconds time elapsed

MODO = sem I/O e alloc. memoria

 Performance counter stats for './mandelbrot_omp -2.5 1.5 -2.0 2.0 256 16 sem':

         17.000785      task-clock (msec)         #    3.953 CPUs utilized          
                47      context-switches          #    0.003 M/sec                  
                36      cpu-migrations            #    0.002 M/sec                  
                94      page-faults               #    0.006 M/sec                  
   <not supported>      cycles                   
   <not supported>      stalled-cycles-frontend  
   <not supported>      stalled-cycles-backend   
   <not supported>      instructions             
   <not supported>      branches                 
   <not supported>      branch-misses            

       0.004300562 seconds time elapsed

MODO = sem I/O e alloc. memoria

 Performance counter stats for './mandelbrot_omp -2.5 1.5 -2.0 2.0 256 16 sem':

         16.920365      task-clock (msec)         #    4.096 CPUs utilized          
                48      context-switches          #    0.003 M/sec                  
                35      cpu-migrations            #    0.002 M/sec                  
                94      page-faults               #    0.006 M/sec                  
   <not supported>      cycles                   
   <not supported>      stalled-cycles-frontend  
   <not supported>      stalled-cycles-backend   
   <not supported>      instructions             
   <not supported>      branches                 
   <not supported>      branch-misses            

       0.004130522 seconds time elapsed

MODO = sem I/O e alloc. memoria

 Performance counter stats for './mandelbrot_omp -2.5 1.5 -2.0 2.0 256 16 sem':

         18.012473      task-clock (msec)         #    3.591 CPUs utilized          
                47      context-switches          #    0.003 M/sec                  
                34      cpu-migrations            #    0.002 M/sec                  
                93      page-faults               #    0.005 M/sec                  
   <not supported>      cycles                   
   <not supported>      stalled-cycles-frontend  
   <not supported>      stalled-cycles-backend   
   <not supported>      instructions             
   <not supported>      branches                 
   <not supported>      branch-misses            

       0.005016551 seconds time elapsed

MODO = sem I/O e alloc. memoria

 Performance counter stats for './mandelbrot_omp -2.5 1.5 -2.0 2.0 256 16 sem':

         17.432647      task-clock (msec)         #    3.848 CPUs utilized          
                46      context-switches          #    0.003 M/sec                  
                36      cpu-migrations            #    0.002 M/sec                  
                91      page-faults               #    0.005 M/sec                  
   <not supported>      cycles                   
   <not supported>      stalled-cycles-frontend  
   <not supported>      stalled-cycles-backend   
   <not supported>      instructions             
   <not supported>      branches                 
   <not supported>      branch-misses            

       0.004529846 seconds time elapsed

MODO = sem I/O e alloc. memoria

 Performance counter stats for './mandelbrot_omp -2.5 1.5 -2.0 2.0 256 16 sem':

         17.014131      task-clock (msec)         #    3.176 CPUs utilized          
                48      context-switches          #    0.003 M/sec                  
                33      cpu-migrations            #    0.002 M/sec                  
                93      page-faults               #    0.005 M/sec                  
   <not supported>      cycles                   
   <not supported>      stalled-cycles-frontend  
   <not supported>      stalled-cycles-backend   
   <not supported>      instructions             
   <not supported>      branches                 
   <not supported>      branch-misses            

       0.005357286 seconds time elapsed

MODO = sem I/O e alloc. memoria

 Performance counter stats for './mandelbrot_omp -2.5 1.5 -2.0 2.0 256 16 sem':

         16.572001      task-clock (msec)         #    3.160 CPUs utilized          
                47      context-switches          #    0.003 M/sec                  
                31      cpu-migrations            #    0.002 M/sec                  
                93      page-faults               #    0.006 M/sec                  
   <not supported>      cycles                   
   <not supported>      stalled-cycles-frontend  
   <not supported>      stalled-cycles-backend   
   <not supported>      instructions             
   <not supported>      branches                 
   <not supported>      branch-misses            

       0.005245043 seconds time elapsed

MODO = sem I/O e alloc. memoria

 Performance counter stats for './mandelbrot_omp -2.5 1.5 -2.0 2.0 256 16 sem':

         17.267274      task-clock (msec)         #    3.938 CPUs utilized          
                49      context-switches          #    0.003 M/sec                  
                33      cpu-migrations            #    0.002 M/sec                  
                93      page-faults               #    0.005 M/sec                  
   <not supported>      cycles                   
   <not supported>      stalled-cycles-frontend  
   <not supported>      stalled-cycles-backend   
   <not supported>      instructions             
   <not supported>      branches                 
   <not supported>      branch-misses            

       0.004384432 seconds time elapsed

MODO = sem I/O e alloc. memoria

 Performance counter stats for './mandelbrot_omp -2.5 1.5 -2.0 2.0 256 16 sem':

         16.418212      task-clock (msec)         #    3.462 CPUs utilized          
                46      context-switches          #    0.003 M/sec                  
                28      cpu-migrations            #    0.002 M/sec                  
                94      page-faults               #    0.006 M/sec                  
   <not supported>      cycles                   
   <not supported>      stalled-cycles-frontend  
   <not supported>      stalled-cycles-backend   
   <not supported>      instructions             
   <not supported>      branches                 
   <not supported>      branch-misses            

       0.004742455 seconds time elapsed

MODO = sem I/O e alloc. memoria

 Performance counter stats for './mandelbrot_omp -2.5 1.5 -2.0 2.0 512 16 sem':

         63.324863      task-clock (msec)         #    5.080 CPUs utilized          
                49      context-switches          #    0.774 K/sec                  
                33      cpu-migrations            #    0.521 K/sec                  
                94      page-faults               #    0.001 M/sec                  
   <not supported>      cycles                   
   <not supported>      stalled-cycles-frontend  
   <not supported>      stalled-cycles-backend   
   <not supported>      instructions             
   <not supported>      branches                 
   <not supported>      branch-misses            

       0.012464581 seconds time elapsed

MODO = sem I/O e alloc. memoria

 Performance counter stats for './mandelbrot_omp -2.5 1.5 -2.0 2.0 512 16 sem':

         61.661004      task-clock (msec)         #    4.571 CPUs utilized          
                48      context-switches          #    0.778 K/sec                  
                37      cpu-migrations            #    0.600 K/sec                  
                93      page-faults               #    0.002 M/sec                  
   <not supported>      cycles                   
   <not supported>      stalled-cycles-frontend  
   <not supported>      stalled-cycles-backend   
   <not supported>      instructions             
   <not supported>      branches                 
   <not supported>      branch-misses            

       0.013489188 seconds time elapsed

MODO = sem I/O e alloc. memoria

 Performance counter stats for './mandelbrot_omp -2.5 1.5 -2.0 2.0 512 16 sem':

         61.251864      task-clock (msec)         #    5.169 CPUs utilized          
                47      context-switches          #    0.767 K/sec                  
                32      cpu-migrations            #    0.522 K/sec                  
                93      page-faults               #    0.002 M/sec                  
   <not supported>      cycles                   
   <not supported>      stalled-cycles-frontend  
   <not supported>      stalled-cycles-backend   
   <not supported>      instructions             
   <not supported>      branches                 
   <not supported>      branch-misses            

       0.011849102 seconds time elapsed

MODO = sem I/O e alloc. memoria

 Performance counter stats for './mandelbrot_omp -2.5 1.5 -2.0 2.0 512 16 sem':

         63.705873      task-clock (msec)         #    5.225 CPUs utilized          
                48      context-switches          #    0.753 K/sec                  
                35      cpu-migrations            #    0.549 K/sec                  
                93      page-faults               #    0.001 M/sec                  
   <not supported>      cycles                   
   <not supported>      stalled-cycles-frontend  
   <not supported>      stalled-cycles-backend   
   <not supported>      instructions             
   <not supported>      branches                 
   <not supported>      branch-misses            

       0.012192083 seconds time elapsed

MODO = sem I/O e alloc. memoria

 Performance counter stats for './mandelbrot_omp -2.5 1.5 -2.0 2.0 512 16 sem':

         66.024483      task-clock (msec)         #    5.484 CPUs utilized          
                50      context-switches          #    0.757 K/sec                  
                33      cpu-migrations            #    0.500 K/sec                  
                94      page-faults               #    0.001 M/sec                  
   <not supported>      cycles                   
   <not supported>      stalled-cycles-frontend  
   <not supported>      stalled-cycles-backend   
   <not supported>      instructions             
   <not supported>      branches                 
   <not supported>      branch-misses            

       0.012039312 seconds time elapsed

MODO = sem I/O e alloc. memoria

 Performance counter stats for './mandelbrot_omp -2.5 1.5 -2.0 2.0 512 16 sem':

         64.412287      task-clock (msec)         #    5.218 CPUs utilized          
                48      context-switches          #    0.745 K/sec                  
                35      cpu-migrations            #    0.543 K/sec                  
                94      page-faults               #    0.001 M/sec                  
   <not supported>      cycles                   
   <not supported>      stalled-cycles-frontend  
   <not supported>      stalled-cycles-backend   
   <not supported>      instructions             
   <not supported>      branches                 
   <not supported>      branch-misses            

       0.012345221 seconds time elapsed

MODO = sem I/O e alloc. memoria

 Performance counter stats for './mandelbrot_omp -2.5 1.5 -2.0 2.0 512 16 sem':

         63.972926      task-clock (msec)         #    4.900 CPUs utilized          
                48      context-switches          #    0.750 K/sec                  
                32      cpu-migrations            #    0.500 K/sec                  
                92      page-faults               #    0.001 M/sec                  
   <not supported>      cycles                   
   <not supported>      stalled-cycles-frontend  
   <not supported>      stalled-cycles-backend   
   <not supported>      instructions             
   <not supported>      branches                 
   <not supported>      branch-misses            

       0.013056828 seconds time elapsed

MODO = sem I/O e alloc. memoria

 Performance counter stats for './mandelbrot_omp -2.5 1.5 -2.0 2.0 512 16 sem':

         63.762101      task-clock (msec)         #    4.834 CPUs utilized          
                47      context-switches          #    0.737 K/sec                  
                38      cpu-migrations            #    0.596 K/sec                  
                94      page-faults               #    0.001 M/sec                  
   <not supported>      cycles                   
   <not supported>      stalled-cycles-frontend  
   <not supported>      stalled-cycles-backend   
   <not supported>      instructions             
   <not supported>      branches                 
   <not supported>      branch-misses            

       0.013189020 seconds time elapsed

MODO = sem I/O e alloc. memoria

 Performance counter stats for './mandelbrot_omp -2.5 1.5 -2.0 2.0 512 16 sem':

         63.106005      task-clock (msec)         #    4.874 CPUs utilized          
                47      context-switches          #    0.745 K/sec                  
                38      cpu-migrations            #    0.602 K/sec                  
                94      page-faults               #    0.001 M/sec                  
   <not supported>      cycles                   
   <not supported>      stalled-cycles-frontend  
   <not supported>      stalled-cycles-backend   
   <not supported>      instructions             
   <not supported>      branches                 
   <not supported>      branch-misses            

       0.012946842 seconds time elapsed

MODO = sem I/O e alloc. memoria

 Performance counter stats for './mandelbrot_omp -2.5 1.5 -2.0 2.0 512 16 sem':

         65.128985      task-clock (msec)         #    4.982 CPUs utilized          
                50      context-switches          #    0.768 K/sec                  
                38      cpu-migrations            #    0.583 K/sec                  
                94      page-faults               #    0.001 M/sec                  
   <not supported>      cycles                   
   <not supported>      stalled-cycles-frontend  
   <not supported>      stalled-cycles-backend   
   <not supported>      instructions             
   <not supported>      branches                 
   <not supported>      branch-misses            

       0.013072560 seconds time elapsed

MODO = sem I/O e alloc. memoria

 Performance counter stats for './mandelbrot_omp -2.5 1.5 -2.0 2.0 1024 16 sem':

        258.820282      task-clock (msec)         #    6.247 CPUs utilized          
                53      context-switches          #    0.205 K/sec                  
                34      cpu-migrations            #    0.131 K/sec                  
                91      page-faults               #    0.352 K/sec                  
   <not supported>      cycles                   
   <not supported>      stalled-cycles-frontend  
   <not supported>      stalled-cycles-backend   
   <not supported>      instructions             
   <not supported>      branches                 
   <not supported>      branch-misses            

       0.041429614 seconds time elapsed

MODO = sem I/O e alloc. memoria

 Performance counter stats for './mandelbrot_omp -2.5 1.5 -2.0 2.0 1024 16 sem':

        262.272926      task-clock (msec)         #    6.072 CPUs utilized          
                55      context-switches          #    0.210 K/sec                  
                46      cpu-migrations            #    0.175 K/sec                  
                94      page-faults               #    0.358 K/sec                  
   <not supported>      cycles                   
   <not supported>      stalled-cycles-frontend  
   <not supported>      stalled-cycles-backend   
   <not supported>      instructions             
   <not supported>      branches                 
   <not supported>      branch-misses            

       0.043195347 seconds time elapsed

MODO = sem I/O e alloc. memoria

 Performance counter stats for './mandelbrot_omp -2.5 1.5 -2.0 2.0 1024 16 sem':

        265.919313      task-clock (msec)         #    6.243 CPUs utilized          
                57      context-switches          #    0.214 K/sec                  
                40      cpu-migrations            #    0.150 K/sec                  
                94      page-faults               #    0.353 K/sec                  
   <not supported>      cycles                   
   <not supported>      stalled-cycles-frontend  
   <not supported>      stalled-cycles-backend   
   <not supported>      instructions             
   <not supported>      branches                 
   <not supported>      branch-misses            

       0.042592900 seconds time elapsed

MODO = sem I/O e alloc. memoria

 Performance counter stats for './mandelbrot_omp -2.5 1.5 -2.0 2.0 1024 16 sem':

        262.627159      task-clock (msec)         #    6.215 CPUs utilized          
                53      context-switches          #    0.202 K/sec                  
                41      cpu-migrations            #    0.156 K/sec                  
                93      page-faults               #    0.354 K/sec                  
   <not supported>      cycles                   
   <not supported>      stalled-cycles-frontend  
   <not supported>      stalled-cycles-backend   
   <not supported>      instructions             
   <not supported>      branches                 
   <not supported>      branch-misses            

       0.042258305 seconds time elapsed

MODO = sem I/O e alloc. memoria

 Performance counter stats for './mandelbrot_omp -2.5 1.5 -2.0 2.0 1024 16 sem':

        258.195260      task-clock (msec)         #    6.205 CPUs utilized          
                53      context-switches          #    0.205 K/sec                  
                44      cpu-migrations            #    0.170 K/sec                  
                94      page-faults               #    0.364 K/sec                  
   <not supported>      cycles                   
   <not supported>      stalled-cycles-frontend  
   <not supported>      stalled-cycles-backend   
   <not supported>      instructions             
   <not supported>      branches                 
   <not supported>      branch-misses            

       0.041612142 seconds time elapsed

MODO = sem I/O e alloc. memoria

 Performance counter stats for './mandelbrot_omp -2.5 1.5 -2.0 2.0 1024 16 sem':

        269.420416      task-clock (msec)         #    6.013 CPUs utilized          
                49      context-switches          #    0.182 K/sec                  
                39      cpu-migrations            #    0.145 K/sec                  
                93      page-faults               #    0.345 K/sec                  
   <not supported>      cycles                   
   <not supported>      stalled-cycles-frontend  
   <not supported>      stalled-cycles-backend   
   <not supported>      instructions             
   <not supported>      branches                 
   <not supported>      branch-misses            

       0.044804450 seconds time elapsed

MODO = sem I/O e alloc. memoria

 Performance counter stats for './mandelbrot_omp -2.5 1.5 -2.0 2.0 1024 16 sem':

        253.302798      task-clock (msec)         #    5.894 CPUs utilized          
                55      context-switches          #    0.217 K/sec                  
                34      cpu-migrations            #    0.134 K/sec                  
                93      page-faults               #    0.367 K/sec                  
   <not supported>      cycles                   
   <not supported>      stalled-cycles-frontend  
   <not supported>      stalled-cycles-backend   
   <not supported>      instructions             
   <not supported>      branches                 
   <not supported>      branch-misses            

       0.042979331 seconds time elapsed

MODO = sem I/O e alloc. memoria

 Performance counter stats for './mandelbrot_omp -2.5 1.5 -2.0 2.0 1024 16 sem':

        267.650931      task-clock (msec)         #    6.281 CPUs utilized          
                51      context-switches          #    0.191 K/sec                  
                41      cpu-migrations            #    0.153 K/sec                  
                94      page-faults               #    0.351 K/sec                  
   <not supported>      cycles                   
   <not supported>      stalled-cycles-frontend  
   <not supported>      stalled-cycles-backend   
   <not supported>      instructions             
   <not supported>      branches                 
   <not supported>      branch-misses            

       0.042612137 seconds time elapsed

MODO = sem I/O e alloc. memoria

 Performance counter stats for './mandelbrot_omp -2.5 1.5 -2.0 2.0 1024 16 sem':

        259.178406      task-clock (msec)         #    6.164 CPUs utilized          
                53      context-switches          #    0.204 K/sec                  
                43      cpu-migrations            #    0.166 K/sec                  
                93      page-faults               #    0.359 K/sec                  
   <not supported>      cycles                   
   <not supported>      stalled-cycles-frontend  
   <not supported>      stalled-cycles-backend   
   <not supported>      instructions             
   <not supported>      branches                 
   <not supported>      branch-misses            

       0.042046298 seconds time elapsed

MODO = sem I/O e alloc. memoria

 Performance counter stats for './mandelbrot_omp -2.5 1.5 -2.0 2.0 1024 16 sem':

        264.932287      task-clock (msec)         #    6.935 CPUs utilized          
                54      context-switches          #    0.204 K/sec                  
                40      cpu-migrations            #    0.151 K/sec                  
                93      page-faults               #    0.351 K/sec                  
   <not supported>      cycles                   
   <not supported>      stalled-cycles-frontend  
   <not supported>      stalled-cycles-backend   
   <not supported>      instructions             
   <not supported>      branches                 
   <not supported>      branch-misses            

       0.038199767 seconds time elapsed

MODO = sem I/O e alloc. memoria

 Performance counter stats for './mandelbrot_omp -2.5 1.5 -2.0 2.0 2048 16 sem':

       1045.329417      task-clock (msec)         #    7.150 CPUs utilized          
               105      context-switches          #    0.100 K/sec                  
                40      cpu-migrations            #    0.038 K/sec                  
                94      page-faults               #    0.090 K/sec                  
   <not supported>      cycles                   
   <not supported>      stalled-cycles-frontend  
   <not supported>      stalled-cycles-backend   
   <not supported>      instructions             
   <not supported>      branches                 
   <not supported>      branch-misses            

       0.146195867 seconds time elapsed

MODO = sem I/O e alloc. memoria

 Performance counter stats for './mandelbrot_omp -2.5 1.5 -2.0 2.0 2048 16 sem':

       1036.191697      task-clock (msec)         #    6.952 CPUs utilized          
                91      context-switches          #    0.088 K/sec                  
                38      cpu-migrations            #    0.037 K/sec                  
                94      page-faults               #    0.091 K/sec                  
   <not supported>      cycles                   
   <not supported>      stalled-cycles-frontend  
   <not supported>      stalled-cycles-backend   
   <not supported>      instructions             
   <not supported>      branches                 
   <not supported>      branch-misses            

       0.149042915 seconds time elapsed

MODO = sem I/O e alloc. memoria

 Performance counter stats for './mandelbrot_omp -2.5 1.5 -2.0 2.0 2048 16 sem':

       1120.496326      task-clock (msec)         #    6.901 CPUs utilized          
                78      context-switches          #    0.070 K/sec                  
                40      cpu-migrations            #    0.036 K/sec                  
                93      page-faults               #    0.083 K/sec                  
   <not supported>      cycles                   
   <not supported>      stalled-cycles-frontend  
   <not supported>      stalled-cycles-backend   
   <not supported>      instructions             
   <not supported>      branches                 
   <not supported>      branch-misses            

       0.162364654 seconds time elapsed

MODO = sem I/O e alloc. memoria

 Performance counter stats for './mandelbrot_omp -2.5 1.5 -2.0 2.0 2048 16 sem':

       1061.488497      task-clock (msec)         #    7.437 CPUs utilized          
                84      context-switches          #    0.079 K/sec                  
                44      cpu-migrations            #    0.041 K/sec                  
                93      page-faults               #    0.088 K/sec                  
   <not supported>      cycles                   
   <not supported>      stalled-cycles-frontend  
   <not supported>      stalled-cycles-backend   
   <not supported>      instructions             
   <not supported>      branches                 
   <not supported>      branch-misses            

       0.142731346 seconds time elapsed

MODO = sem I/O e alloc. memoria

 Performance counter stats for './mandelbrot_omp -2.5 1.5 -2.0 2.0 2048 16 sem':

       1040.911373      task-clock (msec)         #    7.191 CPUs utilized          
                96      context-switches          #    0.092 K/sec                  
                47      cpu-migrations            #    0.045 K/sec                  
                93      page-faults               #    0.089 K/sec                  
   <not supported>      cycles                   
   <not supported>      stalled-cycles-frontend  
   <not supported>      stalled-cycles-backend   
   <not supported>      instructions             
   <not supported>      branches                 
   <not supported>      branch-misses            

       0.144742321 seconds time elapsed

MODO = sem I/O e alloc. memoria

 Performance counter stats for './mandelbrot_omp -2.5 1.5 -2.0 2.0 2048 16 sem':

       1124.724128      task-clock (msec)         #    7.223 CPUs utilized          
                99      context-switches          #    0.088 K/sec                  
                43      cpu-migrations            #    0.038 K/sec                  
                94      page-faults               #    0.084 K/sec                  
   <not supported>      cycles                   
   <not supported>      stalled-cycles-frontend  
   <not supported>      stalled-cycles-backend   
   <not supported>      instructions             
   <not supported>      branches                 
   <not supported>      branch-misses            

       0.155713086 seconds time elapsed

MODO = sem I/O e alloc. memoria

 Performance counter stats for './mandelbrot_omp -2.5 1.5 -2.0 2.0 2048 16 sem':

       1080.434612      task-clock (msec)         #    7.065 CPUs utilized          
                94      context-switches          #    0.087 K/sec                  
                45      cpu-migrations            #    0.042 K/sec                  
                94      page-faults               #    0.087 K/sec                  
   <not supported>      cycles                   
   <not supported>      stalled-cycles-frontend  
   <not supported>      stalled-cycles-backend   
   <not supported>      instructions             
   <not supported>      branches                 
   <not supported>      branch-misses            

       0.152925508 seconds time elapsed

MODO = sem I/O e alloc. memoria

 Performance counter stats for './mandelbrot_omp -2.5 1.5 -2.0 2.0 2048 16 sem':

       1051.914259      task-clock (msec)         #    6.840 CPUs utilized          
                92      context-switches          #    0.087 K/sec                  
                38      cpu-migrations            #    0.036 K/sec                  
                91      page-faults               #    0.087 K/sec                  
   <not supported>      cycles                   
   <not supported>      stalled-cycles-frontend  
   <not supported>      stalled-cycles-backend   
   <not supported>      instructions             
   <not supported>      branches                 
   <not supported>      branch-misses            

       0.153783134 seconds time elapsed

MODO = sem I/O e alloc. memoria

 Performance counter stats for './mandelbrot_omp -2.5 1.5 -2.0 2.0 2048 16 sem':

       1052.270904      task-clock (msec)         #    7.229 CPUs utilized          
                94      context-switches          #    0.089 K/sec                  
                41      cpu-migrations            #    0.039 K/sec                  
                93      page-faults               #    0.088 K/sec                  
   <not supported>      cycles                   
   <not supported>      stalled-cycles-frontend  
   <not supported>      stalled-cycles-backend   
   <not supported>      instructions             
   <not supported>      branches                 
   <not supported>      branch-misses            

       0.145559676 seconds time elapsed

MODO = sem I/O e alloc. memoria

 Performance counter stats for './mandelbrot_omp -2.5 1.5 -2.0 2.0 2048 16 sem':

       1037.691690      task-clock (msec)         #    7.230 CPUs utilized          
                92      context-switches          #    0.089 K/sec                  
                40      cpu-migrations            #    0.039 K/sec                  
                94      page-faults               #    0.091 K/sec                  
   <not supported>      cycles                   
   <not supported>      stalled-cycles-frontend  
   <not supported>      stalled-cycles-backend   
   <not supported>      instructions             
   <not supported>      branches                 
   <not supported>      branch-misses            

       0.143532946 seconds time elapsed

MODO = sem I/O e alloc. memoria

 Performance counter stats for './mandelbrot_omp -2.5 1.5 -2.0 2.0 4096 16 sem':

       4186.108582      task-clock (msec)         #    7.682 CPUs utilized          
               236      context-switches          #    0.056 K/sec                  
                48      cpu-migrations            #    0.011 K/sec                  
                93      page-faults               #    0.022 K/sec                  
   <not supported>      cycles                   
   <not supported>      stalled-cycles-frontend  
   <not supported>      stalled-cycles-backend   
   <not supported>      instructions             
   <not supported>      branches                 
   <not supported>      branch-misses            

       0.544899001 seconds time elapsed

MODO = sem I/O e alloc. memoria

 Performance counter stats for './mandelbrot_omp -2.5 1.5 -2.0 2.0 4096 16 sem':

       4187.043889      task-clock (msec)         #    7.412 CPUs utilized          
               176      context-switches          #    0.042 K/sec                  
                47      cpu-migrations            #    0.011 K/sec                  
                93      page-faults               #    0.022 K/sec                  
   <not supported>      cycles                   
   <not supported>      stalled-cycles-frontend  
   <not supported>      stalled-cycles-backend   
   <not supported>      instructions             
   <not supported>      branches                 
   <not supported>      branch-misses            

       0.564892967 seconds time elapsed

MODO = sem I/O e alloc. memoria

 Performance counter stats for './mandelbrot_omp -2.5 1.5 -2.0 2.0 4096 16 sem':

       4551.480423      task-clock (msec)         #    7.063 CPUs utilized          
               229      context-switches          #    0.050 K/sec                  
                44      cpu-migrations            #    0.010 K/sec                  
                93      page-faults               #    0.020 K/sec                  
   <not supported>      cycles                   
   <not supported>      stalled-cycles-frontend  
   <not supported>      stalled-cycles-backend   
   <not supported>      instructions             
   <not supported>      branches                 
   <not supported>      branch-misses            

       0.644427821 seconds time elapsed

MODO = sem I/O e alloc. memoria

 Performance counter stats for './mandelbrot_omp -2.5 1.5 -2.0 2.0 4096 16 sem':

       4225.617267      task-clock (msec)         #    7.496 CPUs utilized          
               208      context-switches          #    0.049 K/sec                  
                48      cpu-migrations            #    0.011 K/sec                  
                93      page-faults               #    0.022 K/sec                  
   <not supported>      cycles                   
   <not supported>      stalled-cycles-frontend  
   <not supported>      stalled-cycles-backend   
   <not supported>      instructions             
   <not supported>      branches                 
   <not supported>      branch-misses            

       0.563743779 seconds time elapsed

MODO = sem I/O e alloc. memoria

 Performance counter stats for './mandelbrot_omp -2.5 1.5 -2.0 2.0 4096 16 sem':

       4455.409428      task-clock (msec)         #    7.352 CPUs utilized          
               216      context-switches          #    0.048 K/sec                  
                48      cpu-migrations            #    0.011 K/sec                  
                94      page-faults               #    0.021 K/sec                  
   <not supported>      cycles                   
   <not supported>      stalled-cycles-frontend  
   <not supported>      stalled-cycles-backend   
   <not supported>      instructions             
   <not supported>      branches                 
   <not supported>      branch-misses            

       0.605996668 seconds time elapsed

MODO = sem I/O e alloc. memoria

 Performance counter stats for './mandelbrot_omp -2.5 1.5 -2.0 2.0 4096 16 sem':

       4183.665253      task-clock (msec)         #    7.473 CPUs utilized          
               222      context-switches          #    0.053 K/sec                  
                44      cpu-migrations            #    0.011 K/sec                  
                94      page-faults               #    0.022 K/sec                  
   <not supported>      cycles                   
   <not supported>      stalled-cycles-frontend  
   <not supported>      stalled-cycles-backend   
   <not supported>      instructions             
   <not supported>      branches                 
   <not supported>      branch-misses            

       0.559853436 seconds time elapsed

MODO = sem I/O e alloc. memoria

 Performance counter stats for './mandelbrot_omp -2.5 1.5 -2.0 2.0 4096 16 sem':

       4214.581242      task-clock (msec)         #    7.571 CPUs utilized          
               205      context-switches          #    0.049 K/sec                  
                46      cpu-migrations            #    0.011 K/sec                  
                94      page-faults               #    0.022 K/sec                  
   <not supported>      cycles                   
   <not supported>      stalled-cycles-frontend  
   <not supported>      stalled-cycles-backend   
   <not supported>      instructions             
   <not supported>      branches                 
   <not supported>      branch-misses            

       0.556666167 seconds time elapsed

MODO = sem I/O e alloc. memoria

 Performance counter stats for './mandelbrot_omp -2.5 1.5 -2.0 2.0 4096 16 sem':

       4330.445241      task-clock (msec)         #    7.755 CPUs utilized          
               264      context-switches          #    0.061 K/sec                  
                52      cpu-migrations            #    0.012 K/sec                  
                94      page-faults               #    0.022 K/sec                  
   <not supported>      cycles                   
   <not supported>      stalled-cycles-frontend  
   <not supported>      stalled-cycles-backend   
   <not supported>      instructions             
   <not supported>      branches                 
   <not supported>      branch-misses            

       0.558379519 seconds time elapsed

MODO = sem I/O e alloc. memoria

 Performance counter stats for './mandelbrot_omp -2.5 1.5 -2.0 2.0 4096 16 sem':

       4229.898291      task-clock (msec)         #    7.846 CPUs utilized          
               240      context-switches          #    0.057 K/sec                  
                47      cpu-migrations            #    0.011 K/sec                  
                91      page-faults               #    0.022 K/sec                  
   <not supported>      cycles                   
   <not supported>      stalled-cycles-frontend  
   <not supported>      stalled-cycles-backend   
   <not supported>      instructions             
   <not supported>      branches                 
   <not supported>      branch-misses            

       0.539148579 seconds time elapsed

MODO = sem I/O e alloc. memoria

 Performance counter stats for './mandelbrot_omp -2.5 1.5 -2.0 2.0 4096 16 sem':

       4201.272918      task-clock (msec)         #    7.576 CPUs utilized          
               210      context-switches          #    0.050 K/sec                  
                45      cpu-migrations            #    0.011 K/sec                  
                92      page-faults               #    0.022 K/sec                  
   <not supported>      cycles                   
   <not supported>      stalled-cycles-frontend  
   <not supported>      stalled-cycles-backend   
   <not supported>      instructions             
   <not supported>      branches                 
   <not supported>      branch-misses            

       0.554525441 seconds time elapsed

MODO = sem I/O e alloc. memoria

 Performance counter stats for './mandelbrot_omp -2.5 1.5 -2.0 2.0 8192 16 sem':

      16927.080713      task-clock (msec)         #    7.887 CPUs utilized          
               976      context-switches          #    0.058 K/sec                  
                59      cpu-migrations            #    0.003 K/sec                  
                93      page-faults               #    0.005 K/sec                  
   <not supported>      cycles                   
   <not supported>      stalled-cycles-frontend  
   <not supported>      stalled-cycles-backend   
   <not supported>      instructions             
   <not supported>      branches                 
   <not supported>      branch-misses            

       2.146327283 seconds time elapsed

MODO = sem I/O e alloc. memoria

 Performance counter stats for './mandelbrot_omp -2.5 1.5 -2.0 2.0 8192 16 sem':

      16962.132801      task-clock (msec)         #    7.869 CPUs utilized          
               941      context-switches          #    0.055 K/sec                  
                64      cpu-migrations            #    0.004 K/sec                  
                94      page-faults               #    0.006 K/sec                  
   <not supported>      cycles                   
   <not supported>      stalled-cycles-frontend  
   <not supported>      stalled-cycles-backend   
   <not supported>      instructions             
   <not supported>      branches                 
   <not supported>      branch-misses            

       2.155505927 seconds time elapsed

MODO = sem I/O e alloc. memoria

 Performance counter stats for './mandelbrot_omp -2.5 1.5 -2.0 2.0 8192 16 sem':

      16944.726229      task-clock (msec)         #    7.887 CPUs utilized          
               990      context-switches          #    0.058 K/sec                  
                54      cpu-migrations            #    0.003 K/sec                  
                94      page-faults               #    0.006 K/sec                  
   <not supported>      cycles                   
   <not supported>      stalled-cycles-frontend  
   <not supported>      stalled-cycles-backend   
   <not supported>      instructions             
   <not supported>      branches                 
   <not supported>      branch-misses            

       2.148422414 seconds time elapsed

MODO = sem I/O e alloc. memoria

 Performance counter stats for './mandelbrot_omp -2.5 1.5 -2.0 2.0 8192 16 sem':

      18414.656456      task-clock (msec)         #    7.545 CPUs utilized          
               877      context-switches          #    0.048 K/sec                  
                70      cpu-migrations            #    0.004 K/sec                  
                94      page-faults               #    0.005 K/sec                  
   <not supported>      cycles                   
   <not supported>      stalled-cycles-frontend  
   <not supported>      stalled-cycles-backend   
   <not supported>      instructions             
   <not supported>      branches                 
   <not supported>      branch-misses            

       2.440504311 seconds time elapsed

MODO = sem I/O e alloc. memoria

 Performance counter stats for './mandelbrot_omp -2.5 1.5 -2.0 2.0 8192 16 sem':

      18807.589833      task-clock (msec)         #    7.610 CPUs utilized          
               910      context-switches          #    0.048 K/sec                  
                53      cpu-migrations            #    0.003 K/sec                  
                93      page-faults               #    0.005 K/sec                  
   <not supported>      cycles                   
   <not supported>      stalled-cycles-frontend  
   <not supported>      stalled-cycles-backend   
   <not supported>      instructions             
   <not supported>      branches                 
   <not supported>      branch-misses            

       2.471356860 seconds time elapsed

MODO = sem I/O e alloc. memoria

 Performance counter stats for './mandelbrot_omp -2.5 1.5 -2.0 2.0 8192 16 sem':

      18111.571424      task-clock (msec)         #    7.419 CPUs utilized          
               940      context-switches          #    0.052 K/sec                  
                53      cpu-migrations            #    0.003 K/sec                  
                93      page-faults               #    0.005 K/sec                  
   <not supported>      cycles                   
   <not supported>      stalled-cycles-frontend  
   <not supported>      stalled-cycles-backend   
   <not supported>      instructions             
   <not supported>      branches                 
   <not supported>      branch-misses            

       2.441365997 seconds time elapsed

MODO = sem I/O e alloc. memoria

 Performance counter stats for './mandelbrot_omp -2.5 1.5 -2.0 2.0 8192 16 sem':

      17937.802636      task-clock (msec)         #    7.527 CPUs utilized          
               908      context-switches          #    0.051 K/sec                  
                62      cpu-migrations            #    0.003 K/sec                  
                93      page-faults               #    0.005 K/sec                  
   <not supported>      cycles                   
   <not supported>      stalled-cycles-frontend  
   <not supported>      stalled-cycles-backend   
   <not supported>      instructions             
   <not supported>      branches                 
   <not supported>      branch-misses            

       2.383012891 seconds time elapsed

MODO = sem I/O e alloc. memoria

 Performance counter stats for './mandelbrot_omp -2.5 1.5 -2.0 2.0 8192 16 sem':

      16803.390851      task-clock (msec)         #    7.747 CPUs utilized          
               897      context-switches          #    0.053 K/sec                  
                58      cpu-migrations            #    0.003 K/sec                  
                93      page-faults               #    0.006 K/sec                  
   <not supported>      cycles                   
   <not supported>      stalled-cycles-frontend  
   <not supported>      stalled-cycles-backend   
   <not supported>      instructions             
   <not supported>      branches                 
   <not supported>      branch-misses            

       2.169032967 seconds time elapsed

MODO = sem I/O e alloc. memoria

 Performance counter stats for './mandelbrot_omp -2.5 1.5 -2.0 2.0 8192 16 sem':

      16876.512981      task-clock (msec)         #    7.846 CPUs utilized          
               942      context-switches          #    0.056 K/sec                  
                51      cpu-migrations            #    0.003 K/sec                  
                93      page-faults               #    0.006 K/sec                  
   <not supported>      cycles                   
   <not supported>      stalled-cycles-frontend  
   <not supported>      stalled-cycles-backend   
   <not supported>      instructions             
   <not supported>      branches                 
   <not supported>      branch-misses            

       2.150875537 seconds time elapsed

MODO = sem I/O e alloc. memoria

 Performance counter stats for './mandelbrot_omp -2.5 1.5 -2.0 2.0 8192 16 sem':

      16913.191779      task-clock (msec)         #    7.786 CPUs utilized          
               954      context-switches          #    0.056 K/sec                  
                71      cpu-migrations            #    0.004 K/sec                  
                94      page-faults               #    0.006 K/sec                  
   <not supported>      cycles                   
   <not supported>      stalled-cycles-frontend  
   <not supported>      stalled-cycles-backend   
   <not supported>      instructions             
   <not supported>      branches                 
   <not supported>      branch-misses            

       2.172228896 seconds time elapsed

