MODO = sem I/O e alloc. memoria

 Performance counter stats for './mandelbrot_omp -2.5 1.5 -2.0 2.0 16 4 sem':

          0.835073      task-clock (msec)         #    0.970 CPUs utilized          
                 0      context-switches          #    0.000 K/sec                  
                 3      cpu-migrations            #    0.004 M/sec                  
                67      page-faults               #    0.080 M/sec                  
   <not supported>      cycles                   
   <not supported>      stalled-cycles-frontend  
   <not supported>      stalled-cycles-backend   
   <not supported>      instructions             
   <not supported>      branches                 
   <not supported>      branch-misses            

       0.000860674 seconds time elapsed

MODO = sem I/O e alloc. memoria

 Performance counter stats for './mandelbrot_omp -2.5 1.5 -2.0 2.0 16 4 sem':

          0.819627      task-clock (msec)         #    0.970 CPUs utilized          
                 0      context-switches          #    0.000 K/sec                  
                 3      cpu-migrations            #    0.004 M/sec                  
                67      page-faults               #    0.082 M/sec                  
   <not supported>      cycles                   
   <not supported>      stalled-cycles-frontend  
   <not supported>      stalled-cycles-backend   
   <not supported>      instructions             
   <not supported>      branches                 
   <not supported>      branch-misses            

       0.000844812 seconds time elapsed

MODO = sem I/O e alloc. memoria

 Performance counter stats for './mandelbrot_omp -2.5 1.5 -2.0 2.0 16 4 sem':

          0.763352      task-clock (msec)         #    0.885 CPUs utilized          
                 0      context-switches          #    0.000 K/sec                  
                 3      cpu-migrations            #    0.004 M/sec                  
                67      page-faults               #    0.088 M/sec                  
   <not supported>      cycles                   
   <not supported>      stalled-cycles-frontend  
   <not supported>      stalled-cycles-backend   
   <not supported>      instructions             
   <not supported>      branches                 
   <not supported>      branch-misses            

       0.000862340 seconds time elapsed

MODO = sem I/O e alloc. memoria

 Performance counter stats for './mandelbrot_omp -2.5 1.5 -2.0 2.0 16 4 sem':

          0.779511      task-clock (msec)         #    0.958 CPUs utilized          
                 0      context-switches          #    0.000 K/sec                  
                 3      cpu-migrations            #    0.004 M/sec                  
                68      page-faults               #    0.087 M/sec                  
   <not supported>      cycles                   
   <not supported>      stalled-cycles-frontend  
   <not supported>      stalled-cycles-backend   
   <not supported>      instructions             
   <not supported>      branches                 
   <not supported>      branch-misses            

       0.000813724 seconds time elapsed

MODO = sem I/O e alloc. memoria

 Performance counter stats for './mandelbrot_omp -2.5 1.5 -2.0 2.0 16 4 sem':

          0.730926      task-clock (msec)         #    0.925 CPUs utilized          
                 0      context-switches          #    0.000 K/sec                  
                 3      cpu-migrations            #    0.004 M/sec                  
                68      page-faults               #    0.093 M/sec                  
   <not supported>      cycles                   
   <not supported>      stalled-cycles-frontend  
   <not supported>      stalled-cycles-backend   
   <not supported>      instructions             
   <not supported>      branches                 
   <not supported>      branch-misses            

       0.000790553 seconds time elapsed

MODO = sem I/O e alloc. memoria

 Performance counter stats for './mandelbrot_omp -2.5 1.5 -2.0 2.0 16 4 sem':

          0.754755      task-clock (msec)         #    0.911 CPUs utilized          
                 0      context-switches          #    0.000 K/sec                  
                 3      cpu-migrations            #    0.004 M/sec                  
                67      page-faults               #    0.089 M/sec                  
   <not supported>      cycles                   
   <not supported>      stalled-cycles-frontend  
   <not supported>      stalled-cycles-backend   
   <not supported>      instructions             
   <not supported>      branches                 
   <not supported>      branch-misses            

       0.000828203 seconds time elapsed

MODO = sem I/O e alloc. memoria

 Performance counter stats for './mandelbrot_omp -2.5 1.5 -2.0 2.0 16 4 sem':

          0.798447      task-clock (msec)         #    0.917 CPUs utilized          
                 0      context-switches          #    0.000 K/sec                  
                 3      cpu-migrations            #    0.004 M/sec                  
                68      page-faults               #    0.085 M/sec                  
   <not supported>      cycles                   
   <not supported>      stalled-cycles-frontend  
   <not supported>      stalled-cycles-backend   
   <not supported>      instructions             
   <not supported>      branches                 
   <not supported>      branch-misses            

       0.000870653 seconds time elapsed

MODO = sem I/O e alloc. memoria

 Performance counter stats for './mandelbrot_omp -2.5 1.5 -2.0 2.0 16 4 sem':

          0.791255      task-clock (msec)         #    0.892 CPUs utilized          
                 0      context-switches          #    0.000 K/sec                  
                 3      cpu-migrations            #    0.004 M/sec                  
                67      page-faults               #    0.085 M/sec                  
   <not supported>      cycles                   
   <not supported>      stalled-cycles-frontend  
   <not supported>      stalled-cycles-backend   
   <not supported>      instructions             
   <not supported>      branches                 
   <not supported>      branch-misses            

       0.000887296 seconds time elapsed

MODO = sem I/O e alloc. memoria

 Performance counter stats for './mandelbrot_omp -2.5 1.5 -2.0 2.0 16 4 sem':

          0.967960      task-clock (msec)         #    1.017 CPUs utilized          
                 0      context-switches          #    0.000 K/sec                  
                 3      cpu-migrations            #    0.003 M/sec                  
                67      page-faults               #    0.069 M/sec                  
   <not supported>      cycles                   
   <not supported>      stalled-cycles-frontend  
   <not supported>      stalled-cycles-backend   
   <not supported>      instructions             
   <not supported>      branches                 
   <not supported>      branch-misses            

       0.000951506 seconds time elapsed

MODO = sem I/O e alloc. memoria

 Performance counter stats for './mandelbrot_omp -2.5 1.5 -2.0 2.0 16 4 sem':

          0.806068      task-clock (msec)         #    0.900 CPUs utilized          
                 0      context-switches          #    0.000 K/sec                  
                 3      cpu-migrations            #    0.004 M/sec                  
                68      page-faults               #    0.084 M/sec                  
   <not supported>      cycles                   
   <not supported>      stalled-cycles-frontend  
   <not supported>      stalled-cycles-backend   
   <not supported>      instructions             
   <not supported>      branches                 
   <not supported>      branch-misses            

       0.000895219 seconds time elapsed

MODO = sem I/O e alloc. memoria

 Performance counter stats for './mandelbrot_omp -2.5 1.5 -2.0 2.0 32 4 sem':

          1.027373      task-clock (msec)         #    1.144 CPUs utilized          
                 0      context-switches          #    0.000 K/sec                  
                 3      cpu-migrations            #    0.003 M/sec                  
                66      page-faults               #    0.064 M/sec                  
   <not supported>      cycles                   
   <not supported>      stalled-cycles-frontend  
   <not supported>      stalled-cycles-backend   
   <not supported>      instructions             
   <not supported>      branches                 
   <not supported>      branch-misses            

       0.000898362 seconds time elapsed

MODO = sem I/O e alloc. memoria

 Performance counter stats for './mandelbrot_omp -2.5 1.5 -2.0 2.0 32 4 sem':

          1.046484      task-clock (msec)         #    1.097 CPUs utilized          
                 0      context-switches          #    0.000 K/sec                  
                 3      cpu-migrations            #    0.003 M/sec                  
                68      page-faults               #    0.065 M/sec                  
   <not supported>      cycles                   
   <not supported>      stalled-cycles-frontend  
   <not supported>      stalled-cycles-backend   
   <not supported>      instructions             
   <not supported>      branches                 
   <not supported>      branch-misses            

       0.000954004 seconds time elapsed

MODO = sem I/O e alloc. memoria

 Performance counter stats for './mandelbrot_omp -2.5 1.5 -2.0 2.0 32 4 sem':

          0.949699      task-clock (msec)         #    1.026 CPUs utilized          
                 0      context-switches          #    0.000 K/sec                  
                 3      cpu-migrations            #    0.003 M/sec                  
                68      page-faults               #    0.072 M/sec                  
   <not supported>      cycles                   
   <not supported>      stalled-cycles-frontend  
   <not supported>      stalled-cycles-backend   
   <not supported>      instructions             
   <not supported>      branches                 
   <not supported>      branch-misses            

       0.000925701 seconds time elapsed

MODO = sem I/O e alloc. memoria

 Performance counter stats for './mandelbrot_omp -2.5 1.5 -2.0 2.0 32 4 sem':

          0.950794      task-clock (msec)         #    1.082 CPUs utilized          
                 0      context-switches          #    0.000 K/sec                  
                 3      cpu-migrations            #    0.003 M/sec                  
                67      page-faults               #    0.070 M/sec                  
   <not supported>      cycles                   
   <not supported>      stalled-cycles-frontend  
   <not supported>      stalled-cycles-backend   
   <not supported>      instructions             
   <not supported>      branches                 
   <not supported>      branch-misses            

       0.000878875 seconds time elapsed

MODO = sem I/O e alloc. memoria

 Performance counter stats for './mandelbrot_omp -2.5 1.5 -2.0 2.0 32 4 sem':

          0.960461      task-clock (msec)         #    1.039 CPUs utilized          
                 0      context-switches          #    0.000 K/sec                  
                 3      cpu-migrations            #    0.003 M/sec                  
                67      page-faults               #    0.070 M/sec                  
   <not supported>      cycles                   
   <not supported>      stalled-cycles-frontend  
   <not supported>      stalled-cycles-backend   
   <not supported>      instructions             
   <not supported>      branches                 
   <not supported>      branch-misses            

       0.000924661 seconds time elapsed

MODO = sem I/O e alloc. memoria

 Performance counter stats for './mandelbrot_omp -2.5 1.5 -2.0 2.0 32 4 sem':

          0.951161      task-clock (msec)         #    1.034 CPUs utilized          
                 0      context-switches          #    0.000 K/sec                  
                 3      cpu-migrations            #    0.003 M/sec                  
                66      page-faults               #    0.069 M/sec                  
   <not supported>      cycles                   
   <not supported>      stalled-cycles-frontend  
   <not supported>      stalled-cycles-backend   
   <not supported>      instructions             
   <not supported>      branches                 
   <not supported>      branch-misses            

       0.000919532 seconds time elapsed

MODO = sem I/O e alloc. memoria

 Performance counter stats for './mandelbrot_omp -2.5 1.5 -2.0 2.0 32 4 sem':

          1.104480      task-clock (msec)         #    1.098 CPUs utilized          
                 0      context-switches          #    0.000 K/sec                  
                 3      cpu-migrations            #    0.003 M/sec                  
                67      page-faults               #    0.061 M/sec                  
   <not supported>      cycles                   
   <not supported>      stalled-cycles-frontend  
   <not supported>      stalled-cycles-backend   
   <not supported>      instructions             
   <not supported>      branches                 
   <not supported>      branch-misses            

       0.001006091 seconds time elapsed

MODO = sem I/O e alloc. memoria

 Performance counter stats for './mandelbrot_omp -2.5 1.5 -2.0 2.0 32 4 sem':

          1.050907      task-clock (msec)         #    0.979 CPUs utilized          
                 0      context-switches          #    0.000 K/sec                  
                 3      cpu-migrations            #    0.003 M/sec                  
                67      page-faults               #    0.064 M/sec                  
   <not supported>      cycles                   
   <not supported>      stalled-cycles-frontend  
   <not supported>      stalled-cycles-backend   
   <not supported>      instructions             
   <not supported>      branches                 
   <not supported>      branch-misses            

       0.001072906 seconds time elapsed

MODO = sem I/O e alloc. memoria

 Performance counter stats for './mandelbrot_omp -2.5 1.5 -2.0 2.0 32 4 sem':

          1.059999      task-clock (msec)         #    1.103 CPUs utilized          
                 0      context-switches          #    0.000 K/sec                  
                 3      cpu-migrations            #    0.003 M/sec                  
                68      page-faults               #    0.064 M/sec                  
   <not supported>      cycles                   
   <not supported>      stalled-cycles-frontend  
   <not supported>      stalled-cycles-backend   
   <not supported>      instructions             
   <not supported>      branches                 
   <not supported>      branch-misses            

       0.000961055 seconds time elapsed

MODO = sem I/O e alloc. memoria

 Performance counter stats for './mandelbrot_omp -2.5 1.5 -2.0 2.0 32 4 sem':

          1.041232      task-clock (msec)         #    0.991 CPUs utilized          
                 0      context-switches          #    0.000 K/sec                  
                 3      cpu-migrations            #    0.003 M/sec                  
                67      page-faults               #    0.064 M/sec                  
   <not supported>      cycles                   
   <not supported>      stalled-cycles-frontend  
   <not supported>      stalled-cycles-backend   
   <not supported>      instructions             
   <not supported>      branches                 
   <not supported>      branch-misses            

       0.001050998 seconds time elapsed

MODO = sem I/O e alloc. memoria

 Performance counter stats for './mandelbrot_omp -2.5 1.5 -2.0 2.0 64 4 sem':

          1.496997      task-clock (msec)         #    1.576 CPUs utilized          
                 0      context-switches          #    0.000 K/sec                  
                 3      cpu-migrations            #    0.002 M/sec                  
                67      page-faults               #    0.045 M/sec                  
   <not supported>      cycles                   
   <not supported>      stalled-cycles-frontend  
   <not supported>      stalled-cycles-backend   
   <not supported>      instructions             
   <not supported>      branches                 
   <not supported>      branch-misses            

       0.000949600 seconds time elapsed

MODO = sem I/O e alloc. memoria

 Performance counter stats for './mandelbrot_omp -2.5 1.5 -2.0 2.0 64 4 sem':

          1.958526      task-clock (msec)         #    1.355 CPUs utilized          
                 0      context-switches          #    0.000 K/sec                  
                 3      cpu-migrations            #    0.002 M/sec                  
                67      page-faults               #    0.034 M/sec                  
   <not supported>      cycles                   
   <not supported>      stalled-cycles-frontend  
   <not supported>      stalled-cycles-backend   
   <not supported>      instructions             
   <not supported>      branches                 
   <not supported>      branch-misses            

       0.001445176 seconds time elapsed

MODO = sem I/O e alloc. memoria

 Performance counter stats for './mandelbrot_omp -2.5 1.5 -2.0 2.0 64 4 sem':

          1.860475      task-clock (msec)         #    1.418 CPUs utilized          
                 0      context-switches          #    0.000 K/sec                  
                 3      cpu-migrations            #    0.002 M/sec                  
                68      page-faults               #    0.037 M/sec                  
   <not supported>      cycles                   
   <not supported>      stalled-cycles-frontend  
   <not supported>      stalled-cycles-backend   
   <not supported>      instructions             
   <not supported>      branches                 
   <not supported>      branch-misses            

       0.001312354 seconds time elapsed

MODO = sem I/O e alloc. memoria

 Performance counter stats for './mandelbrot_omp -2.5 1.5 -2.0 2.0 64 4 sem':

          1.935844      task-clock (msec)         #    1.426 CPUs utilized          
                 1      context-switches          #    0.517 K/sec                  
                 3      cpu-migrations            #    0.002 M/sec                  
                67      page-faults               #    0.035 M/sec                  
   <not supported>      cycles                   
   <not supported>      stalled-cycles-frontend  
   <not supported>      stalled-cycles-backend   
   <not supported>      instructions             
   <not supported>      branches                 
   <not supported>      branch-misses            

       0.001357247 seconds time elapsed

MODO = sem I/O e alloc. memoria

 Performance counter stats for './mandelbrot_omp -2.5 1.5 -2.0 2.0 64 4 sem':

          1.964272      task-clock (msec)         #    1.453 CPUs utilized          
                 0      context-switches          #    0.000 K/sec                  
                 3      cpu-migrations            #    0.002 M/sec                  
                65      page-faults               #    0.033 M/sec                  
   <not supported>      cycles                   
   <not supported>      stalled-cycles-frontend  
   <not supported>      stalled-cycles-backend   
   <not supported>      instructions             
   <not supported>      branches                 
   <not supported>      branch-misses            

       0.001351695 seconds time elapsed

MODO = sem I/O e alloc. memoria

 Performance counter stats for './mandelbrot_omp -2.5 1.5 -2.0 2.0 64 4 sem':

          2.169828      task-clock (msec)         #    1.359 CPUs utilized          
                 0      context-switches          #    0.000 K/sec                  
                 3      cpu-migrations            #    0.001 M/sec                  
                67      page-faults               #    0.031 M/sec                  
   <not supported>      cycles                   
   <not supported>      stalled-cycles-frontend  
   <not supported>      stalled-cycles-backend   
   <not supported>      instructions             
   <not supported>      branches                 
   <not supported>      branch-misses            

       0.001596738 seconds time elapsed

MODO = sem I/O e alloc. memoria

 Performance counter stats for './mandelbrot_omp -2.5 1.5 -2.0 2.0 64 4 sem':

          1.552205      task-clock (msec)         #    1.602 CPUs utilized          
                 0      context-switches          #    0.000 K/sec                  
                 3      cpu-migrations            #    0.002 M/sec                  
                68      page-faults               #    0.044 M/sec                  
   <not supported>      cycles                   
   <not supported>      stalled-cycles-frontend  
   <not supported>      stalled-cycles-backend   
   <not supported>      instructions             
   <not supported>      branches                 
   <not supported>      branch-misses            

       0.000968989 seconds time elapsed

MODO = sem I/O e alloc. memoria

 Performance counter stats for './mandelbrot_omp -2.5 1.5 -2.0 2.0 64 4 sem':

          1.615509      task-clock (msec)         #    1.636 CPUs utilized          
                 0      context-switches          #    0.000 K/sec                  
                 3      cpu-migrations            #    0.002 M/sec                  
                68      page-faults               #    0.042 M/sec                  
   <not supported>      cycles                   
   <not supported>      stalled-cycles-frontend  
   <not supported>      stalled-cycles-backend   
   <not supported>      instructions             
   <not supported>      branches                 
   <not supported>      branch-misses            

       0.000987583 seconds time elapsed

MODO = sem I/O e alloc. memoria

 Performance counter stats for './mandelbrot_omp -2.5 1.5 -2.0 2.0 64 4 sem':

          1.550895      task-clock (msec)         #    1.650 CPUs utilized          
                 0      context-switches          #    0.000 K/sec                  
                 3      cpu-migrations            #    0.002 M/sec                  
                67      page-faults               #    0.043 M/sec                  
   <not supported>      cycles                   
   <not supported>      stalled-cycles-frontend  
   <not supported>      stalled-cycles-backend   
   <not supported>      instructions             
   <not supported>      branches                 
   <not supported>      branch-misses            

       0.000940213 seconds time elapsed

MODO = sem I/O e alloc. memoria

 Performance counter stats for './mandelbrot_omp -2.5 1.5 -2.0 2.0 64 4 sem':

          1.469855      task-clock (msec)         #    1.602 CPUs utilized          
                 0      context-switches          #    0.000 K/sec                  
                 3      cpu-migrations            #    0.002 M/sec                  
                67      page-faults               #    0.046 M/sec                  
   <not supported>      cycles                   
   <not supported>      stalled-cycles-frontend  
   <not supported>      stalled-cycles-backend   
   <not supported>      instructions             
   <not supported>      branches                 
   <not supported>      branch-misses            

       0.000917792 seconds time elapsed

MODO = sem I/O e alloc. memoria

 Performance counter stats for './mandelbrot_omp -2.5 1.5 -2.0 2.0 128 4 sem':

          3.847815      task-clock (msec)         #    2.619 CPUs utilized          
                 0      context-switches          #    0.000 K/sec                  
                 3      cpu-migrations            #    0.780 K/sec                  
                68      page-faults               #    0.018 M/sec                  
   <not supported>      cycles                   
   <not supported>      stalled-cycles-frontend  
   <not supported>      stalled-cycles-backend   
   <not supported>      instructions             
   <not supported>      branches                 
   <not supported>      branch-misses            

       0.001469392 seconds time elapsed

MODO = sem I/O e alloc. memoria

 Performance counter stats for './mandelbrot_omp -2.5 1.5 -2.0 2.0 128 4 sem':

          3.925031      task-clock (msec)         #    2.584 CPUs utilized          
                 0      context-switches          #    0.000 K/sec                  
                 3      cpu-migrations            #    0.764 K/sec                  
                67      page-faults               #    0.017 M/sec                  
   <not supported>      cycles                   
   <not supported>      stalled-cycles-frontend  
   <not supported>      stalled-cycles-backend   
   <not supported>      instructions             
   <not supported>      branches                 
   <not supported>      branch-misses            

       0.001518774 seconds time elapsed

MODO = sem I/O e alloc. memoria

 Performance counter stats for './mandelbrot_omp -2.5 1.5 -2.0 2.0 128 4 sem':

          4.096189      task-clock (msec)         #    2.528 CPUs utilized          
                 0      context-switches          #    0.000 K/sec                  
                 3      cpu-migrations            #    0.732 K/sec                  
                67      page-faults               #    0.016 M/sec                  
   <not supported>      cycles                   
   <not supported>      stalled-cycles-frontend  
   <not supported>      stalled-cycles-backend   
   <not supported>      instructions             
   <not supported>      branches                 
   <not supported>      branch-misses            

       0.001620609 seconds time elapsed

MODO = sem I/O e alloc. memoria

 Performance counter stats for './mandelbrot_omp -2.5 1.5 -2.0 2.0 128 4 sem':

          4.258842      task-clock (msec)         #    2.389 CPUs utilized          
                 0      context-switches          #    0.000 K/sec                  
                 3      cpu-migrations            #    0.704 K/sec                  
                68      page-faults               #    0.016 M/sec                  
   <not supported>      cycles                   
   <not supported>      stalled-cycles-frontend  
   <not supported>      stalled-cycles-backend   
   <not supported>      instructions             
   <not supported>      branches                 
   <not supported>      branch-misses            

       0.001782819 seconds time elapsed

MODO = sem I/O e alloc. memoria

 Performance counter stats for './mandelbrot_omp -2.5 1.5 -2.0 2.0 128 4 sem':

          3.998848      task-clock (msec)         #    2.464 CPUs utilized          
                 0      context-switches          #    0.000 K/sec                  
                 3      cpu-migrations            #    0.750 K/sec                  
                68      page-faults               #    0.017 M/sec                  
   <not supported>      cycles                   
   <not supported>      stalled-cycles-frontend  
   <not supported>      stalled-cycles-backend   
   <not supported>      instructions             
   <not supported>      branches                 
   <not supported>      branch-misses            

       0.001623106 seconds time elapsed

MODO = sem I/O e alloc. memoria

 Performance counter stats for './mandelbrot_omp -2.5 1.5 -2.0 2.0 128 4 sem':

          4.026450      task-clock (msec)         #    2.471 CPUs utilized          
                 0      context-switches          #    0.000 K/sec                  
                 3      cpu-migrations            #    0.745 K/sec                  
                68      page-faults               #    0.017 M/sec                  
   <not supported>      cycles                   
   <not supported>      stalled-cycles-frontend  
   <not supported>      stalled-cycles-backend   
   <not supported>      instructions             
   <not supported>      branches                 
   <not supported>      branch-misses            

       0.001629415 seconds time elapsed

MODO = sem I/O e alloc. memoria

 Performance counter stats for './mandelbrot_omp -2.5 1.5 -2.0 2.0 128 4 sem':

          4.598159      task-clock (msec)         #    2.460 CPUs utilized          
                 0      context-switches          #    0.000 K/sec                  
                 3      cpu-migrations            #    0.652 K/sec                  
                68      page-faults               #    0.015 M/sec                  
   <not supported>      cycles                   
   <not supported>      stalled-cycles-frontend  
   <not supported>      stalled-cycles-backend   
   <not supported>      instructions             
   <not supported>      branches                 
   <not supported>      branch-misses            

       0.001868917 seconds time elapsed

MODO = sem I/O e alloc. memoria

 Performance counter stats for './mandelbrot_omp -2.5 1.5 -2.0 2.0 128 4 sem':

          4.129521      task-clock (msec)         #    2.365 CPUs utilized          
                 0      context-switches          #    0.000 K/sec                  
                 3      cpu-migrations            #    0.726 K/sec                  
                68      page-faults               #    0.016 M/sec                  
   <not supported>      cycles                   
   <not supported>      stalled-cycles-frontend  
   <not supported>      stalled-cycles-backend   
   <not supported>      instructions             
   <not supported>      branches                 
   <not supported>      branch-misses            

       0.001746219 seconds time elapsed

MODO = sem I/O e alloc. memoria

 Performance counter stats for './mandelbrot_omp -2.5 1.5 -2.0 2.0 128 4 sem':

          3.962915      task-clock (msec)         #    2.545 CPUs utilized          
                 0      context-switches          #    0.000 K/sec                  
                 3      cpu-migrations            #    0.757 K/sec                  
                67      page-faults               #    0.017 M/sec                  
   <not supported>      cycles                   
   <not supported>      stalled-cycles-frontend  
   <not supported>      stalled-cycles-backend   
   <not supported>      instructions             
   <not supported>      branches                 
   <not supported>      branch-misses            

       0.001556874 seconds time elapsed

MODO = sem I/O e alloc. memoria

 Performance counter stats for './mandelbrot_omp -2.5 1.5 -2.0 2.0 128 4 sem':

          4.271699      task-clock (msec)         #    2.322 CPUs utilized          
                 0      context-switches          #    0.000 K/sec                  
                 3      cpu-migrations            #    0.702 K/sec                  
                67      page-faults               #    0.016 M/sec                  
   <not supported>      cycles                   
   <not supported>      stalled-cycles-frontend  
   <not supported>      stalled-cycles-backend   
   <not supported>      instructions             
   <not supported>      branches                 
   <not supported>      branch-misses            

       0.001839927 seconds time elapsed

MODO = sem I/O e alloc. memoria

 Performance counter stats for './mandelbrot_omp -2.5 1.5 -2.0 2.0 256 4 sem':

         13.694065      task-clock (msec)         #    3.468 CPUs utilized          
                 0      context-switches          #    0.000 K/sec                  
                 3      cpu-migrations            #    0.219 K/sec                  
                68      page-faults               #    0.005 M/sec                  
   <not supported>      cycles                   
   <not supported>      stalled-cycles-frontend  
   <not supported>      stalled-cycles-backend   
   <not supported>      instructions             
   <not supported>      branches                 
   <not supported>      branch-misses            

       0.003949197 seconds time elapsed

MODO = sem I/O e alloc. memoria

 Performance counter stats for './mandelbrot_omp -2.5 1.5 -2.0 2.0 256 4 sem':

         14.438213      task-clock (msec)         #    3.224 CPUs utilized          
                 0      context-switches          #    0.000 K/sec                  
                 3      cpu-migrations            #    0.208 K/sec                  
                67      page-faults               #    0.005 M/sec                  
   <not supported>      cycles                   
   <not supported>      stalled-cycles-frontend  
   <not supported>      stalled-cycles-backend   
   <not supported>      instructions             
   <not supported>      branches                 
   <not supported>      branch-misses            

       0.004478781 seconds time elapsed

MODO = sem I/O e alloc. memoria

 Performance counter stats for './mandelbrot_omp -2.5 1.5 -2.0 2.0 256 4 sem':

         14.455167      task-clock (msec)         #    3.135 CPUs utilized          
                 0      context-switches          #    0.000 K/sec                  
                 3      cpu-migrations            #    0.208 K/sec                  
                67      page-faults               #    0.005 M/sec                  
   <not supported>      cycles                   
   <not supported>      stalled-cycles-frontend  
   <not supported>      stalled-cycles-backend   
   <not supported>      instructions             
   <not supported>      branches                 
   <not supported>      branch-misses            

       0.004610288 seconds time elapsed

MODO = sem I/O e alloc. memoria

 Performance counter stats for './mandelbrot_omp -2.5 1.5 -2.0 2.0 256 4 sem':

         14.431757      task-clock (msec)         #    3.152 CPUs utilized          
                 0      context-switches          #    0.000 K/sec                  
                 3      cpu-migrations            #    0.208 K/sec                  
                67      page-faults               #    0.005 M/sec                  
   <not supported>      cycles                   
   <not supported>      stalled-cycles-frontend  
   <not supported>      stalled-cycles-backend   
   <not supported>      instructions             
   <not supported>      branches                 
   <not supported>      branch-misses            

       0.004579326 seconds time elapsed

MODO = sem I/O e alloc. memoria

 Performance counter stats for './mandelbrot_omp -2.5 1.5 -2.0 2.0 256 4 sem':

         14.057088      task-clock (msec)         #    3.236 CPUs utilized          
                 0      context-switches          #    0.000 K/sec                  
                 3      cpu-migrations            #    0.213 K/sec                  
                65      page-faults               #    0.005 M/sec                  
   <not supported>      cycles                   
   <not supported>      stalled-cycles-frontend  
   <not supported>      stalled-cycles-backend   
   <not supported>      instructions             
   <not supported>      branches                 
   <not supported>      branch-misses            

       0.004343593 seconds time elapsed

MODO = sem I/O e alloc. memoria

 Performance counter stats for './mandelbrot_omp -2.5 1.5 -2.0 2.0 256 4 sem':

         14.641014      task-clock (msec)         #    3.206 CPUs utilized          
                 0      context-switches          #    0.000 K/sec                  
                 3      cpu-migrations            #    0.205 K/sec                  
                67      page-faults               #    0.005 M/sec                  
   <not supported>      cycles                   
   <not supported>      stalled-cycles-frontend  
   <not supported>      stalled-cycles-backend   
   <not supported>      instructions             
   <not supported>      branches                 
   <not supported>      branch-misses            

       0.004566257 seconds time elapsed

MODO = sem I/O e alloc. memoria

 Performance counter stats for './mandelbrot_omp -2.5 1.5 -2.0 2.0 256 4 sem':

         14.276509      task-clock (msec)         #    3.229 CPUs utilized          
                 0      context-switches          #    0.000 K/sec                  
                 3      cpu-migrations            #    0.210 K/sec                  
                68      page-faults               #    0.005 M/sec                  
   <not supported>      cycles                   
   <not supported>      stalled-cycles-frontend  
   <not supported>      stalled-cycles-backend   
   <not supported>      instructions             
   <not supported>      branches                 
   <not supported>      branch-misses            

       0.004421138 seconds time elapsed

MODO = sem I/O e alloc. memoria

 Performance counter stats for './mandelbrot_omp -2.5 1.5 -2.0 2.0 256 4 sem':

         14.599618      task-clock (msec)         #    3.170 CPUs utilized          
                 0      context-switches          #    0.000 K/sec                  
                 3      cpu-migrations            #    0.205 K/sec                  
                67      page-faults               #    0.005 M/sec                  
   <not supported>      cycles                   
   <not supported>      stalled-cycles-frontend  
   <not supported>      stalled-cycles-backend   
   <not supported>      instructions             
   <not supported>      branches                 
   <not supported>      branch-misses            

       0.004604851 seconds time elapsed

MODO = sem I/O e alloc. memoria

 Performance counter stats for './mandelbrot_omp -2.5 1.5 -2.0 2.0 256 4 sem':

         14.966666      task-clock (msec)         #    3.196 CPUs utilized          
                 0      context-switches          #    0.000 K/sec                  
                 3      cpu-migrations            #    0.200 K/sec                  
                65      page-faults               #    0.004 M/sec                  
   <not supported>      cycles                   
   <not supported>      stalled-cycles-frontend  
   <not supported>      stalled-cycles-backend   
   <not supported>      instructions             
   <not supported>      branches                 
   <not supported>      branch-misses            

       0.004682663 seconds time elapsed

MODO = sem I/O e alloc. memoria

 Performance counter stats for './mandelbrot_omp -2.5 1.5 -2.0 2.0 256 4 sem':

         14.522303      task-clock (msec)         #    3.132 CPUs utilized          
                 0      context-switches          #    0.000 K/sec                  
                 3      cpu-migrations            #    0.207 K/sec                  
                67      page-faults               #    0.005 M/sec                  
   <not supported>      cycles                   
   <not supported>      stalled-cycles-frontend  
   <not supported>      stalled-cycles-backend   
   <not supported>      instructions             
   <not supported>      branches                 
   <not supported>      branch-misses            

       0.004637079 seconds time elapsed

MODO = sem I/O e alloc. memoria

 Performance counter stats for './mandelbrot_omp -2.5 1.5 -2.0 2.0 512 4 sem':

         52.804400      task-clock (msec)         #    3.753 CPUs utilized          
                 1      context-switches          #    0.019 K/sec                  
                 3      cpu-migrations            #    0.057 K/sec                  
                67      page-faults               #    0.001 M/sec                  
   <not supported>      cycles                   
   <not supported>      stalled-cycles-frontend  
   <not supported>      stalled-cycles-backend   
   <not supported>      instructions             
   <not supported>      branches                 
   <not supported>      branch-misses            

       0.014069465 seconds time elapsed

MODO = sem I/O e alloc. memoria

 Performance counter stats for './mandelbrot_omp -2.5 1.5 -2.0 2.0 512 4 sem':

         54.201724      task-clock (msec)         #    3.740 CPUs utilized          
                 1      context-switches          #    0.018 K/sec                  
                 3      cpu-migrations            #    0.055 K/sec                  
                68      page-faults               #    0.001 M/sec                  
   <not supported>      cycles                   
   <not supported>      stalled-cycles-frontend  
   <not supported>      stalled-cycles-backend   
   <not supported>      instructions             
   <not supported>      branches                 
   <not supported>      branch-misses            

       0.014494093 seconds time elapsed

MODO = sem I/O e alloc. memoria

 Performance counter stats for './mandelbrot_omp -2.5 1.5 -2.0 2.0 512 4 sem':

         54.532106      task-clock (msec)         #    3.822 CPUs utilized          
                 0      context-switches          #    0.000 K/sec                  
                 3      cpu-migrations            #    0.055 K/sec                  
                67      page-faults               #    0.001 M/sec                  
   <not supported>      cycles                   
   <not supported>      stalled-cycles-frontend  
   <not supported>      stalled-cycles-backend   
   <not supported>      instructions             
   <not supported>      branches                 
   <not supported>      branch-misses            

       0.014267712 seconds time elapsed

MODO = sem I/O e alloc. memoria

 Performance counter stats for './mandelbrot_omp -2.5 1.5 -2.0 2.0 512 4 sem':

         50.563528      task-clock (msec)         #    3.816 CPUs utilized          
                 0      context-switches          #    0.000 K/sec                  
                 3      cpu-migrations            #    0.059 K/sec                  
                67      page-faults               #    0.001 M/sec                  
   <not supported>      cycles                   
   <not supported>      stalled-cycles-frontend  
   <not supported>      stalled-cycles-backend   
   <not supported>      instructions             
   <not supported>      branches                 
   <not supported>      branch-misses            

       0.013250596 seconds time elapsed

MODO = sem I/O e alloc. memoria

 Performance counter stats for './mandelbrot_omp -2.5 1.5 -2.0 2.0 512 4 sem':

         53.888804      task-clock (msec)         #    3.824 CPUs utilized          
                 1      context-switches          #    0.019 K/sec                  
                 3      cpu-migrations            #    0.056 K/sec                  
                67      page-faults               #    0.001 M/sec                  
   <not supported>      cycles                   
   <not supported>      stalled-cycles-frontend  
   <not supported>      stalled-cycles-backend   
   <not supported>      instructions             
   <not supported>      branches                 
   <not supported>      branch-misses            

       0.014092455 seconds time elapsed

MODO = sem I/O e alloc. memoria

 Performance counter stats for './mandelbrot_omp -2.5 1.5 -2.0 2.0 512 4 sem':

         50.574190      task-clock (msec)         #    3.813 CPUs utilized          
                 0      context-switches          #    0.000 K/sec                  
                 3      cpu-migrations            #    0.059 K/sec                  
                68      page-faults               #    0.001 M/sec                  
   <not supported>      cycles                   
   <not supported>      stalled-cycles-frontend  
   <not supported>      stalled-cycles-backend   
   <not supported>      instructions             
   <not supported>      branches                 
   <not supported>      branch-misses            

       0.013264862 seconds time elapsed

MODO = sem I/O e alloc. memoria

 Performance counter stats for './mandelbrot_omp -2.5 1.5 -2.0 2.0 512 4 sem':

         50.422816      task-clock (msec)         #    3.813 CPUs utilized          
                 0      context-switches          #    0.000 K/sec                  
                 4      cpu-migrations            #    0.079 K/sec                  
                68      page-faults               #    0.001 M/sec                  
   <not supported>      cycles                   
   <not supported>      stalled-cycles-frontend  
   <not supported>      stalled-cycles-backend   
   <not supported>      instructions             
   <not supported>      branches                 
   <not supported>      branch-misses            

       0.013223345 seconds time elapsed

MODO = sem I/O e alloc. memoria

 Performance counter stats for './mandelbrot_omp -2.5 1.5 -2.0 2.0 512 4 sem':

         53.943508      task-clock (msec)         #    3.820 CPUs utilized          
                 1      context-switches          #    0.019 K/sec                  
                 3      cpu-migrations            #    0.056 K/sec                  
                67      page-faults               #    0.001 M/sec                  
   <not supported>      cycles                   
   <not supported>      stalled-cycles-frontend  
   <not supported>      stalled-cycles-backend   
   <not supported>      instructions             
   <not supported>      branches                 
   <not supported>      branch-misses            

       0.014120471 seconds time elapsed

MODO = sem I/O e alloc. memoria

 Performance counter stats for './mandelbrot_omp -2.5 1.5 -2.0 2.0 512 4 sem':

         51.027945      task-clock (msec)         #    3.813 CPUs utilized          
                 0      context-switches          #    0.000 K/sec                  
                 3      cpu-migrations            #    0.059 K/sec                  
                67      page-faults               #    0.001 M/sec                  
   <not supported>      cycles                   
   <not supported>      stalled-cycles-frontend  
   <not supported>      stalled-cycles-backend   
   <not supported>      instructions             
   <not supported>      branches                 
   <not supported>      branch-misses            

       0.013382349 seconds time elapsed

MODO = sem I/O e alloc. memoria

 Performance counter stats for './mandelbrot_omp -2.5 1.5 -2.0 2.0 512 4 sem':

         51.416144      task-clock (msec)         #    3.822 CPUs utilized          
                 0      context-switches          #    0.000 K/sec                  
                 3      cpu-migrations            #    0.058 K/sec                  
                65      page-faults               #    0.001 M/sec                  
   <not supported>      cycles                   
   <not supported>      stalled-cycles-frontend  
   <not supported>      stalled-cycles-backend   
   <not supported>      instructions             
   <not supported>      branches                 
   <not supported>      branch-misses            

       0.013453502 seconds time elapsed

MODO = sem I/O e alloc. memoria

 Performance counter stats for './mandelbrot_omp -2.5 1.5 -2.0 2.0 1024 4 sem':

        198.719916      task-clock (msec)         #    3.949 CPUs utilized          
                 1      context-switches          #    0.005 K/sec                  
                 3      cpu-migrations            #    0.015 K/sec                  
                67      page-faults               #    0.337 K/sec                  
   <not supported>      cycles                   
   <not supported>      stalled-cycles-frontend  
   <not supported>      stalled-cycles-backend   
   <not supported>      instructions             
   <not supported>      branches                 
   <not supported>      branch-misses            

       0.050320323 seconds time elapsed

MODO = sem I/O e alloc. memoria

 Performance counter stats for './mandelbrot_omp -2.5 1.5 -2.0 2.0 1024 4 sem':

        198.449186      task-clock (msec)         #    3.953 CPUs utilized          
                 0      context-switches          #    0.000 K/sec                  
                 3      cpu-migrations            #    0.015 K/sec                  
                67      page-faults               #    0.338 K/sec                  
   <not supported>      cycles                   
   <not supported>      stalled-cycles-frontend  
   <not supported>      stalled-cycles-backend   
   <not supported>      instructions             
   <not supported>      branches                 
   <not supported>      branch-misses            

       0.050208079 seconds time elapsed

MODO = sem I/O e alloc. memoria

 Performance counter stats for './mandelbrot_omp -2.5 1.5 -2.0 2.0 1024 4 sem':

        198.757532      task-clock (msec)         #    3.949 CPUs utilized          
                 0      context-switches          #    0.000 K/sec                  
                 4      cpu-migrations            #    0.020 K/sec                  
                65      page-faults               #    0.327 K/sec                  
   <not supported>      cycles                   
   <not supported>      stalled-cycles-frontend  
   <not supported>      stalled-cycles-backend   
   <not supported>      instructions             
   <not supported>      branches                 
   <not supported>      branch-misses            

       0.050324970 seconds time elapsed

MODO = sem I/O e alloc. memoria

 Performance counter stats for './mandelbrot_omp -2.5 1.5 -2.0 2.0 1024 4 sem':

        200.716692      task-clock (msec)         #    3.930 CPUs utilized          
                 0      context-switches          #    0.000 K/sec                  
                 3      cpu-migrations            #    0.015 K/sec                  
                68      page-faults               #    0.339 K/sec                  
   <not supported>      cycles                   
   <not supported>      stalled-cycles-frontend  
   <not supported>      stalled-cycles-backend   
   <not supported>      instructions             
   <not supported>      branches                 
   <not supported>      branch-misses            

       0.051069151 seconds time elapsed

MODO = sem I/O e alloc. memoria

 Performance counter stats for './mandelbrot_omp -2.5 1.5 -2.0 2.0 1024 4 sem':

        202.149333      task-clock (msec)         #    3.948 CPUs utilized          
                 0      context-switches          #    0.000 K/sec                  
                 3      cpu-migrations            #    0.015 K/sec                  
                67      page-faults               #    0.331 K/sec                  
   <not supported>      cycles                   
   <not supported>      stalled-cycles-frontend  
   <not supported>      stalled-cycles-backend   
   <not supported>      instructions             
   <not supported>      branches                 
   <not supported>      branch-misses            

       0.051202448 seconds time elapsed

MODO = sem I/O e alloc. memoria

 Performance counter stats for './mandelbrot_omp -2.5 1.5 -2.0 2.0 1024 4 sem':

        206.246664      task-clock (msec)         #    3.828 CPUs utilized          
                 6      context-switches          #    0.029 K/sec                  
                 3      cpu-migrations            #    0.015 K/sec                  
                67      page-faults               #    0.325 K/sec                  
   <not supported>      cycles                   
   <not supported>      stalled-cycles-frontend  
   <not supported>      stalled-cycles-backend   
   <not supported>      instructions             
   <not supported>      branches                 
   <not supported>      branch-misses            

       0.053875884 seconds time elapsed

MODO = sem I/O e alloc. memoria

 Performance counter stats for './mandelbrot_omp -2.5 1.5 -2.0 2.0 1024 4 sem':

        198.306252      task-clock (msec)         #    3.947 CPUs utilized          
                 1      context-switches          #    0.005 K/sec                  
                 3      cpu-migrations            #    0.015 K/sec                  
                67      page-faults               #    0.338 K/sec                  
   <not supported>      cycles                   
   <not supported>      stalled-cycles-frontend  
   <not supported>      stalled-cycles-backend   
   <not supported>      instructions             
   <not supported>      branches                 
   <not supported>      branch-misses            

       0.050248222 seconds time elapsed

MODO = sem I/O e alloc. memoria

 Performance counter stats for './mandelbrot_omp -2.5 1.5 -2.0 2.0 1024 4 sem':

        199.293000      task-clock (msec)         #    3.946 CPUs utilized          
                 1      context-switches          #    0.005 K/sec                  
                 3      cpu-migrations            #    0.015 K/sec                  
                67      page-faults               #    0.336 K/sec                  
   <not supported>      cycles                   
   <not supported>      stalled-cycles-frontend  
   <not supported>      stalled-cycles-backend   
   <not supported>      instructions             
   <not supported>      branches                 
   <not supported>      branch-misses            

       0.050501628 seconds time elapsed

MODO = sem I/O e alloc. memoria

 Performance counter stats for './mandelbrot_omp -2.5 1.5 -2.0 2.0 1024 4 sem':

        198.560317      task-clock (msec)         #    3.949 CPUs utilized          
                 0      context-switches          #    0.000 K/sec                  
                 3      cpu-migrations            #    0.015 K/sec                  
                68      page-faults               #    0.342 K/sec                  
   <not supported>      cycles                   
   <not supported>      stalled-cycles-frontend  
   <not supported>      stalled-cycles-backend   
   <not supported>      instructions             
   <not supported>      branches                 
   <not supported>      branch-misses            

       0.050280369 seconds time elapsed

MODO = sem I/O e alloc. memoria

 Performance counter stats for './mandelbrot_omp -2.5 1.5 -2.0 2.0 1024 4 sem':

        198.485156      task-clock (msec)         #    3.948 CPUs utilized          
                 0      context-switches          #    0.000 K/sec                  
                 3      cpu-migrations            #    0.015 K/sec                  
                67      page-faults               #    0.338 K/sec                  
   <not supported>      cycles                   
   <not supported>      stalled-cycles-frontend  
   <not supported>      stalled-cycles-backend   
   <not supported>      instructions             
   <not supported>      branches                 
   <not supported>      branch-misses            

       0.050268601 seconds time elapsed

MODO = sem I/O e alloc. memoria

 Performance counter stats for './mandelbrot_omp -2.5 1.5 -2.0 2.0 2048 4 sem':

        807.320440      task-clock (msec)         #    3.799 CPUs utilized          
                 6      context-switches          #    0.007 K/sec                  
                 3      cpu-migrations            #    0.004 K/sec                  
                67      page-faults               #    0.083 K/sec                  
   <not supported>      cycles                   
   <not supported>      stalled-cycles-frontend  
   <not supported>      stalled-cycles-backend   
   <not supported>      instructions             
   <not supported>      branches                 
   <not supported>      branch-misses            

       0.212502964 seconds time elapsed

MODO = sem I/O e alloc. memoria

 Performance counter stats for './mandelbrot_omp -2.5 1.5 -2.0 2.0 2048 4 sem':

        793.403963      task-clock (msec)         #    3.979 CPUs utilized          
                 2      context-switches          #    0.003 K/sec                  
                 3      cpu-migrations            #    0.004 K/sec                  
                68      page-faults               #    0.086 K/sec                  
   <not supported>      cycles                   
   <not supported>      stalled-cycles-frontend  
   <not supported>      stalled-cycles-backend   
   <not supported>      instructions             
   <not supported>      branches                 
   <not supported>      branch-misses            

       0.199374539 seconds time elapsed

MODO = sem I/O e alloc. memoria

 Performance counter stats for './mandelbrot_omp -2.5 1.5 -2.0 2.0 2048 4 sem':

        832.009567      task-clock (msec)         #    3.906 CPUs utilized          
                 5      context-switches          #    0.006 K/sec                  
                 3      cpu-migrations            #    0.004 K/sec                  
                67      page-faults               #    0.081 K/sec                  
   <not supported>      cycles                   
   <not supported>      stalled-cycles-frontend  
   <not supported>      stalled-cycles-backend   
   <not supported>      instructions             
   <not supported>      branches                 
   <not supported>      branch-misses            

       0.213000679 seconds time elapsed

MODO = sem I/O e alloc. memoria

 Performance counter stats for './mandelbrot_omp -2.5 1.5 -2.0 2.0 2048 4 sem':

        860.168233      task-clock (msec)         #    3.864 CPUs utilized          
                 5      context-switches          #    0.006 K/sec                  
                 3      cpu-migrations            #    0.003 K/sec                  
                68      page-faults               #    0.079 K/sec                  
   <not supported>      cycles                   
   <not supported>      stalled-cycles-frontend  
   <not supported>      stalled-cycles-backend   
   <not supported>      instructions             
   <not supported>      branches                 
   <not supported>      branch-misses            

       0.222584058 seconds time elapsed

MODO = sem I/O e alloc. memoria

 Performance counter stats for './mandelbrot_omp -2.5 1.5 -2.0 2.0 2048 4 sem':

        833.967089      task-clock (msec)         #    3.936 CPUs utilized          
                 3      context-switches          #    0.004 K/sec                  
                 3      cpu-migrations            #    0.004 K/sec                  
                68      page-faults               #    0.082 K/sec                  
   <not supported>      cycles                   
   <not supported>      stalled-cycles-frontend  
   <not supported>      stalled-cycles-backend   
   <not supported>      instructions             
   <not supported>      branches                 
   <not supported>      branch-misses            

       0.211873497 seconds time elapsed

MODO = sem I/O e alloc. memoria

 Performance counter stats for './mandelbrot_omp -2.5 1.5 -2.0 2.0 2048 4 sem':

        808.063750      task-clock (msec)         #    3.905 CPUs utilized          
                 3      context-switches          #    0.004 K/sec                  
                 3      cpu-migrations            #    0.004 K/sec                  
                67      page-faults               #    0.083 K/sec                  
   <not supported>      cycles                   
   <not supported>      stalled-cycles-frontend  
   <not supported>      stalled-cycles-backend   
   <not supported>      instructions             
   <not supported>      branches                 
   <not supported>      branch-misses            

       0.206908723 seconds time elapsed

MODO = sem I/O e alloc. memoria

 Performance counter stats for './mandelbrot_omp -2.5 1.5 -2.0 2.0 2048 4 sem':

        803.591850      task-clock (msec)         #    3.932 CPUs utilized          
                 3      context-switches          #    0.004 K/sec                  
                 3      cpu-migrations            #    0.004 K/sec                  
                68      page-faults               #    0.085 K/sec                  
   <not supported>      cycles                   
   <not supported>      stalled-cycles-frontend  
   <not supported>      stalled-cycles-backend   
   <not supported>      instructions             
   <not supported>      branches                 
   <not supported>      branch-misses            

       0.204352712 seconds time elapsed

MODO = sem I/O e alloc. memoria

 Performance counter stats for './mandelbrot_omp -2.5 1.5 -2.0 2.0 2048 4 sem':

        795.998081      task-clock (msec)         #    3.945 CPUs utilized          
                 3      context-switches          #    0.004 K/sec                  
                 3      cpu-migrations            #    0.004 K/sec                  
                68      page-faults               #    0.085 K/sec                  
   <not supported>      cycles                   
   <not supported>      stalled-cycles-frontend  
   <not supported>      stalled-cycles-backend   
   <not supported>      instructions             
   <not supported>      branches                 
   <not supported>      branch-misses            

       0.201756713 seconds time elapsed

MODO = sem I/O e alloc. memoria

 Performance counter stats for './mandelbrot_omp -2.5 1.5 -2.0 2.0 2048 4 sem':

        796.241846      task-clock (msec)         #    3.941 CPUs utilized          
                 8      context-switches          #    0.010 K/sec                  
                 3      cpu-migrations            #    0.004 K/sec                  
                67      page-faults               #    0.084 K/sec                  
   <not supported>      cycles                   
   <not supported>      stalled-cycles-frontend  
   <not supported>      stalled-cycles-backend   
   <not supported>      instructions             
   <not supported>      branches                 
   <not supported>      branch-misses            

       0.202042796 seconds time elapsed

MODO = sem I/O e alloc. memoria

 Performance counter stats for './mandelbrot_omp -2.5 1.5 -2.0 2.0 2048 4 sem':

        797.700151      task-clock (msec)         #    3.936 CPUs utilized          
                 7      context-switches          #    0.009 K/sec                  
                 3      cpu-migrations            #    0.004 K/sec                  
                67      page-faults               #    0.084 K/sec                  
   <not supported>      cycles                   
   <not supported>      stalled-cycles-frontend  
   <not supported>      stalled-cycles-backend   
   <not supported>      instructions             
   <not supported>      branches                 
   <not supported>      branch-misses            

       0.202670222 seconds time elapsed

MODO = sem I/O e alloc. memoria

 Performance counter stats for './mandelbrot_omp -2.5 1.5 -2.0 2.0 4096 4 sem':

       3176.686045      task-clock (msec)         #    3.895 CPUs utilized          
                 8      context-switches          #    0.003 K/sec                  
                 3      cpu-migrations            #    0.001 K/sec                  
                68      page-faults               #    0.021 K/sec                  
   <not supported>      cycles                   
   <not supported>      stalled-cycles-frontend  
   <not supported>      stalled-cycles-backend   
   <not supported>      instructions             
   <not supported>      branches                 
   <not supported>      branch-misses            

       0.815605384 seconds time elapsed

MODO = sem I/O e alloc. memoria

 Performance counter stats for './mandelbrot_omp -2.5 1.5 -2.0 2.0 4096 4 sem':

       3280.187504      task-clock (msec)         #    3.958 CPUs utilized          
                10      context-switches          #    0.003 K/sec                  
                 3      cpu-migrations            #    0.001 K/sec                  
                67      page-faults               #    0.020 K/sec                  
   <not supported>      cycles                   
   <not supported>      stalled-cycles-frontend  
   <not supported>      stalled-cycles-backend   
   <not supported>      instructions             
   <not supported>      branches                 
   <not supported>      branch-misses            

       0.828722534 seconds time elapsed

MODO = sem I/O e alloc. memoria

 Performance counter stats for './mandelbrot_omp -2.5 1.5 -2.0 2.0 4096 4 sem':

       3167.670464      task-clock (msec)         #    3.913 CPUs utilized          
                17      context-switches          #    0.005 K/sec                  
                 3      cpu-migrations            #    0.001 K/sec                  
                68      page-faults               #    0.021 K/sec                  
   <not supported>      cycles                   
   <not supported>      stalled-cycles-frontend  
   <not supported>      stalled-cycles-backend   
   <not supported>      instructions             
   <not supported>      branches                 
   <not supported>      branch-misses            

       0.809527714 seconds time elapsed

MODO = sem I/O e alloc. memoria

 Performance counter stats for './mandelbrot_omp -2.5 1.5 -2.0 2.0 4096 4 sem':

       3660.350131      task-clock (msec)         #    3.626 CPUs utilized          
                10      context-switches          #    0.003 K/sec                  
                 3      cpu-migrations            #    0.001 K/sec                  
                67      page-faults               #    0.018 K/sec                  
   <not supported>      cycles                   
   <not supported>      stalled-cycles-frontend  
   <not supported>      stalled-cycles-backend   
   <not supported>      instructions             
   <not supported>      branches                 
   <not supported>      branch-misses            

       1.009554227 seconds time elapsed

MODO = sem I/O e alloc. memoria

 Performance counter stats for './mandelbrot_omp -2.5 1.5 -2.0 2.0 4096 4 sem':

       3320.695075      task-clock (msec)         #    3.957 CPUs utilized          
                 9      context-switches          #    0.003 K/sec                  
                 4      cpu-migrations            #    0.001 K/sec                  
                67      page-faults               #    0.020 K/sec                  
   <not supported>      cycles                   
   <not supported>      stalled-cycles-frontend  
   <not supported>      stalled-cycles-backend   
   <not supported>      instructions             
   <not supported>      branches                 
   <not supported>      branch-misses            

       0.839191443 seconds time elapsed

MODO = sem I/O e alloc. memoria

 Performance counter stats for './mandelbrot_omp -2.5 1.5 -2.0 2.0 4096 4 sem':

       3144.794263      task-clock (msec)         #    3.995 CPUs utilized          
                12      context-switches          #    0.004 K/sec                  
                 3      cpu-migrations            #    0.001 K/sec                  
                65      page-faults               #    0.021 K/sec                  
   <not supported>      cycles                   
   <not supported>      stalled-cycles-frontend  
   <not supported>      stalled-cycles-backend   
   <not supported>      instructions             
   <not supported>      branches                 
   <not supported>      branch-misses            

       0.787142844 seconds time elapsed

MODO = sem I/O e alloc. memoria

 Performance counter stats for './mandelbrot_omp -2.5 1.5 -2.0 2.0 4096 4 sem':

       3316.173860      task-clock (msec)         #    3.932 CPUs utilized          
                 9      context-switches          #    0.003 K/sec                  
                 4      cpu-migrations            #    0.001 K/sec                  
                68      page-faults               #    0.021 K/sec                  
   <not supported>      cycles                   
   <not supported>      stalled-cycles-frontend  
   <not supported>      stalled-cycles-backend   
   <not supported>      instructions             
   <not supported>      branches                 
   <not supported>      branch-misses            

       0.843312457 seconds time elapsed

MODO = sem I/O e alloc. memoria

 Performance counter stats for './mandelbrot_omp -2.5 1.5 -2.0 2.0 4096 4 sem':

       3164.061837      task-clock (msec)         #    3.986 CPUs utilized          
                 9      context-switches          #    0.003 K/sec                  
                 3      cpu-migrations            #    0.001 K/sec                  
                67      page-faults               #    0.021 K/sec                  
   <not supported>      cycles                   
   <not supported>      stalled-cycles-frontend  
   <not supported>      stalled-cycles-backend   
   <not supported>      instructions             
   <not supported>      branches                 
   <not supported>      branch-misses            

       0.793753560 seconds time elapsed

MODO = sem I/O e alloc. memoria

 Performance counter stats for './mandelbrot_omp -2.5 1.5 -2.0 2.0 4096 4 sem':

       3141.762040      task-clock (msec)         #    3.995 CPUs utilized          
                 8      context-switches          #    0.003 K/sec                  
                 3      cpu-migrations            #    0.001 K/sec                  
                68      page-faults               #    0.022 K/sec                  
   <not supported>      cycles                   
   <not supported>      stalled-cycles-frontend  
   <not supported>      stalled-cycles-backend   
   <not supported>      instructions             
   <not supported>      branches                 
   <not supported>      branch-misses            

       0.786424073 seconds time elapsed

MODO = sem I/O e alloc. memoria

 Performance counter stats for './mandelbrot_omp -2.5 1.5 -2.0 2.0 4096 4 sem':

       3208.181640      task-clock (msec)         #    3.904 CPUs utilized          
                 8      context-switches          #    0.002 K/sec                  
                 4      cpu-migrations            #    0.001 K/sec                  
                68      page-faults               #    0.021 K/sec                  
   <not supported>      cycles                   
   <not supported>      stalled-cycles-frontend  
   <not supported>      stalled-cycles-backend   
   <not supported>      instructions             
   <not supported>      branches                 
   <not supported>      branch-misses            

       0.821746426 seconds time elapsed

MODO = sem I/O e alloc. memoria

 Performance counter stats for './mandelbrot_omp -2.5 1.5 -2.0 2.0 8192 4 sem':

      12741.898066      task-clock (msec)         #    3.992 CPUs utilized          
                30      context-switches          #    0.002 K/sec                  
                 3      cpu-migrations            #    0.000 K/sec                  
                67      page-faults               #    0.005 K/sec                  
   <not supported>      cycles                   
   <not supported>      stalled-cycles-frontend  
   <not supported>      stalled-cycles-backend   
   <not supported>      instructions             
   <not supported>      branches                 
   <not supported>      branch-misses            

       3.192093320 seconds time elapsed

MODO = sem I/O e alloc. memoria

 Performance counter stats for './mandelbrot_omp -2.5 1.5 -2.0 2.0 8192 4 sem':

      12681.297573      task-clock (msec)         #    3.865 CPUs utilized          
                30      context-switches          #    0.002 K/sec                  
                 3      cpu-migrations            #    0.000 K/sec                  
                67      page-faults               #    0.005 K/sec                  
   <not supported>      cycles                   
   <not supported>      stalled-cycles-frontend  
   <not supported>      stalled-cycles-backend   
   <not supported>      instructions             
   <not supported>      branches                 
   <not supported>      branch-misses            

       3.281450742 seconds time elapsed

MODO = sem I/O e alloc. memoria

 Performance counter stats for './mandelbrot_omp -2.5 1.5 -2.0 2.0 8192 4 sem':

      14133.168112      task-clock (msec)         #    3.764 CPUs utilized          
                28      context-switches          #    0.002 K/sec                  
                 4      cpu-migrations            #    0.000 K/sec                  
                68      page-faults               #    0.005 K/sec                  
   <not supported>      cycles                   
   <not supported>      stalled-cycles-frontend  
   <not supported>      stalled-cycles-backend   
   <not supported>      instructions             
   <not supported>      branches                 
   <not supported>      branch-misses            

       3.754460281 seconds time elapsed

MODO = sem I/O e alloc. memoria

 Performance counter stats for './mandelbrot_omp -2.5 1.5 -2.0 2.0 8192 4 sem':

      13533.511960      task-clock (msec)         #    3.868 CPUs utilized          
                26      context-switches          #    0.002 K/sec                  
                 4      cpu-migrations            #    0.000 K/sec                  
                68      page-faults               #    0.005 K/sec                  
   <not supported>      cycles                   
   <not supported>      stalled-cycles-frontend  
   <not supported>      stalled-cycles-backend   
   <not supported>      instructions             
   <not supported>      branches                 
   <not supported>      branch-misses            

       3.498785212 seconds time elapsed

MODO = sem I/O e alloc. memoria

 Performance counter stats for './mandelbrot_omp -2.5 1.5 -2.0 2.0 8192 4 sem':

      13897.342898      task-clock (msec)         #    3.735 CPUs utilized          
                30      context-switches          #    0.002 K/sec                  
                 3      cpu-migrations            #    0.000 K/sec                  
                67      page-faults               #    0.005 K/sec                  
   <not supported>      cycles                   
   <not supported>      stalled-cycles-frontend  
   <not supported>      stalled-cycles-backend   
   <not supported>      instructions             
   <not supported>      branches                 
   <not supported>      branch-misses            

       3.721296948 seconds time elapsed

MODO = sem I/O e alloc. memoria

 Performance counter stats for './mandelbrot_omp -2.5 1.5 -2.0 2.0 8192 4 sem':

      13984.948499      task-clock (msec)         #    3.761 CPUs utilized          
                32      context-switches          #    0.002 K/sec                  
                 3      cpu-migrations            #    0.000 K/sec                  
                67      page-faults               #    0.005 K/sec                  
   <not supported>      cycles                   
   <not supported>      stalled-cycles-frontend  
   <not supported>      stalled-cycles-backend   
   <not supported>      instructions             
   <not supported>      branches                 
   <not supported>      branch-misses            

       3.718142718 seconds time elapsed

MODO = sem I/O e alloc. memoria

 Performance counter stats for './mandelbrot_omp -2.5 1.5 -2.0 2.0 8192 4 sem':

      13540.595311      task-clock (msec)         #    3.508 CPUs utilized          
                32      context-switches          #    0.002 K/sec                  
                 3      cpu-migrations            #    0.000 K/sec                  
                67      page-faults               #    0.005 K/sec                  
   <not supported>      cycles                   
   <not supported>      stalled-cycles-frontend  
   <not supported>      stalled-cycles-backend   
   <not supported>      instructions             
   <not supported>      branches                 
   <not supported>      branch-misses            

       3.860228146 seconds time elapsed

MODO = sem I/O e alloc. memoria

 Performance counter stats for './mandelbrot_omp -2.5 1.5 -2.0 2.0 8192 4 sem':

      12548.537291      task-clock (msec)         #    3.994 CPUs utilized          
                27      context-switches          #    0.002 K/sec                  
                 4      cpu-migrations            #    0.000 K/sec                  
                68      page-faults               #    0.005 K/sec                  
   <not supported>      cycles                   
   <not supported>      stalled-cycles-frontend  
   <not supported>      stalled-cycles-backend   
   <not supported>      instructions             
   <not supported>      branches                 
   <not supported>      branch-misses            

       3.142117320 seconds time elapsed

MODO = sem I/O e alloc. memoria

 Performance counter stats for './mandelbrot_omp -2.5 1.5 -2.0 2.0 8192 4 sem':

      12542.155341      task-clock (msec)         #    3.995 CPUs utilized          
                27      context-switches          #    0.002 K/sec                  
                 3      cpu-migrations            #    0.000 K/sec                  
                68      page-faults               #    0.005 K/sec                  
   <not supported>      cycles                   
   <not supported>      stalled-cycles-frontend  
   <not supported>      stalled-cycles-backend   
   <not supported>      instructions             
   <not supported>      branches                 
   <not supported>      branch-misses            

       3.139564901 seconds time elapsed

MODO = sem I/O e alloc. memoria

 Performance counter stats for './mandelbrot_omp -2.5 1.5 -2.0 2.0 8192 4 sem':

      12551.665679      task-clock (msec)         #    3.989 CPUs utilized          
                28      context-switches          #    0.002 K/sec                  
                 3      cpu-migrations            #    0.000 K/sec                  
                67      page-faults               #    0.005 K/sec                  
   <not supported>      cycles                   
   <not supported>      stalled-cycles-frontend  
   <not supported>      stalled-cycles-backend   
   <not supported>      instructions             
   <not supported>      branches                 
   <not supported>      branch-misses            

       3.146188474 seconds time elapsed

