MODO = sem I/O e alloc. memoria

 Performance counter stats for './mandelbrot_omp -2.5 1.5 -2.0 2.0 16 2 sem':

          0.644051      task-clock (msec)         #    0.699 CPUs utilized          
                 0      context-switches          #    0.000 K/sec                  
                 1      cpu-migrations            #    0.002 M/sec                  
                63      page-faults               #    0.098 M/sec                  
   <not supported>      cycles                   
   <not supported>      stalled-cycles-frontend  
   <not supported>      stalled-cycles-backend   
   <not supported>      instructions             
   <not supported>      branches                 
   <not supported>      branch-misses            

       0.000921374 seconds time elapsed

MODO = sem I/O e alloc. memoria

 Performance counter stats for './mandelbrot_omp -2.5 1.5 -2.0 2.0 16 2 sem':

          0.595928      task-clock (msec)         #    0.725 CPUs utilized          
                 0      context-switches          #    0.000 K/sec                  
                 1      cpu-migrations            #    0.002 M/sec                  
                64      page-faults               #    0.107 M/sec                  
   <not supported>      cycles                   
   <not supported>      stalled-cycles-frontend  
   <not supported>      stalled-cycles-backend   
   <not supported>      instructions             
   <not supported>      branches                 
   <not supported>      branch-misses            

       0.000822409 seconds time elapsed

MODO = sem I/O e alloc. memoria

 Performance counter stats for './mandelbrot_omp -2.5 1.5 -2.0 2.0 16 2 sem':

          0.525725      task-clock (msec)         #    0.672 CPUs utilized          
                 0      context-switches          #    0.000 K/sec                  
                 1      cpu-migrations            #    0.002 M/sec                  
                64      page-faults               #    0.122 M/sec                  
   <not supported>      cycles                   
   <not supported>      stalled-cycles-frontend  
   <not supported>      stalled-cycles-backend   
   <not supported>      instructions             
   <not supported>      branches                 
   <not supported>      branch-misses            

       0.000782561 seconds time elapsed

MODO = sem I/O e alloc. memoria

 Performance counter stats for './mandelbrot_omp -2.5 1.5 -2.0 2.0 16 2 sem':

          0.665774      task-clock (msec)         #    0.745 CPUs utilized          
                 0      context-switches          #    0.000 K/sec                  
                 1      cpu-migrations            #    0.002 M/sec                  
                63      page-faults               #    0.095 M/sec                  
   <not supported>      cycles                   
   <not supported>      stalled-cycles-frontend  
   <not supported>      stalled-cycles-backend   
   <not supported>      instructions             
   <not supported>      branches                 
   <not supported>      branch-misses            

       0.000893387 seconds time elapsed

MODO = sem I/O e alloc. memoria

 Performance counter stats for './mandelbrot_omp -2.5 1.5 -2.0 2.0 16 2 sem':

          0.577782      task-clock (msec)         #    0.710 CPUs utilized          
                 0      context-switches          #    0.000 K/sec                  
                 1      cpu-migrations            #    0.002 M/sec                  
                64      page-faults               #    0.111 M/sec                  
   <not supported>      cycles                   
   <not supported>      stalled-cycles-frontend  
   <not supported>      stalled-cycles-backend   
   <not supported>      instructions             
   <not supported>      branches                 
   <not supported>      branch-misses            

       0.000814057 seconds time elapsed

MODO = sem I/O e alloc. memoria

 Performance counter stats for './mandelbrot_omp -2.5 1.5 -2.0 2.0 16 2 sem':

          0.570038      task-clock (msec)         #    0.710 CPUs utilized          
                 0      context-switches          #    0.000 K/sec                  
                 1      cpu-migrations            #    0.002 M/sec                  
                63      page-faults               #    0.111 M/sec                  
   <not supported>      cycles                   
   <not supported>      stalled-cycles-frontend  
   <not supported>      stalled-cycles-backend   
   <not supported>      instructions             
   <not supported>      branches                 
   <not supported>      branch-misses            

       0.000802689 seconds time elapsed

MODO = sem I/O e alloc. memoria

 Performance counter stats for './mandelbrot_omp -2.5 1.5 -2.0 2.0 16 2 sem':

          0.575363      task-clock (msec)         #    0.717 CPUs utilized          
                 0      context-switches          #    0.000 K/sec                  
                 1      cpu-migrations            #    0.002 M/sec                  
                61      page-faults               #    0.106 M/sec                  
   <not supported>      cycles                   
   <not supported>      stalled-cycles-frontend  
   <not supported>      stalled-cycles-backend   
   <not supported>      instructions             
   <not supported>      branches                 
   <not supported>      branch-misses            

       0.000802193 seconds time elapsed

MODO = sem I/O e alloc. memoria

 Performance counter stats for './mandelbrot_omp -2.5 1.5 -2.0 2.0 16 2 sem':

          0.573444      task-clock (msec)         #    0.714 CPUs utilized          
                 0      context-switches          #    0.000 K/sec                  
                 1      cpu-migrations            #    0.002 M/sec                  
                64      page-faults               #    0.112 M/sec                  
   <not supported>      cycles                   
   <not supported>      stalled-cycles-frontend  
   <not supported>      stalled-cycles-backend   
   <not supported>      instructions             
   <not supported>      branches                 
   <not supported>      branch-misses            

       0.000803409 seconds time elapsed

MODO = sem I/O e alloc. memoria

 Performance counter stats for './mandelbrot_omp -2.5 1.5 -2.0 2.0 16 2 sem':

          0.557806      task-clock (msec)         #    0.699 CPUs utilized          
                 0      context-switches          #    0.000 K/sec                  
                 1      cpu-migrations            #    0.002 M/sec                  
                64      page-faults               #    0.115 M/sec                  
   <not supported>      cycles                   
   <not supported>      stalled-cycles-frontend  
   <not supported>      stalled-cycles-backend   
   <not supported>      instructions             
   <not supported>      branches                 
   <not supported>      branch-misses            

       0.000798568 seconds time elapsed

MODO = sem I/O e alloc. memoria

 Performance counter stats for './mandelbrot_omp -2.5 1.5 -2.0 2.0 16 2 sem':

          0.596199      task-clock (msec)         #    0.712 CPUs utilized          
                 0      context-switches          #    0.000 K/sec                  
                 1      cpu-migrations            #    0.002 M/sec                  
                63      page-faults               #    0.106 M/sec                  
   <not supported>      cycles                   
   <not supported>      stalled-cycles-frontend  
   <not supported>      stalled-cycles-backend   
   <not supported>      instructions             
   <not supported>      branches                 
   <not supported>      branch-misses            

       0.000837074 seconds time elapsed

MODO = sem I/O e alloc. memoria

 Performance counter stats for './mandelbrot_omp -2.5 1.5 -2.0 2.0 32 2 sem':

          0.705889      task-clock (msec)         #    0.811 CPUs utilized          
                 0      context-switches          #    0.000 K/sec                  
                 1      cpu-migrations            #    0.001 M/sec                  
                63      page-faults               #    0.089 M/sec                  
   <not supported>      cycles                   
   <not supported>      stalled-cycles-frontend  
   <not supported>      stalled-cycles-backend   
   <not supported>      instructions             
   <not supported>      branches                 
   <not supported>      branch-misses            

       0.000870673 seconds time elapsed

MODO = sem I/O e alloc. memoria

 Performance counter stats for './mandelbrot_omp -2.5 1.5 -2.0 2.0 32 2 sem':

          0.716263      task-clock (msec)         #    0.793 CPUs utilized          
                 0      context-switches          #    0.000 K/sec                  
                 1      cpu-migrations            #    0.001 M/sec                  
                63      page-faults               #    0.088 M/sec                  
   <not supported>      cycles                   
   <not supported>      stalled-cycles-frontend  
   <not supported>      stalled-cycles-backend   
   <not supported>      instructions             
   <not supported>      branches                 
   <not supported>      branch-misses            

       0.000903501 seconds time elapsed

MODO = sem I/O e alloc. memoria

 Performance counter stats for './mandelbrot_omp -2.5 1.5 -2.0 2.0 32 2 sem':

          0.678126      task-clock (msec)         #    0.822 CPUs utilized          
                 0      context-switches          #    0.000 K/sec                  
                 1      cpu-migrations            #    0.001 M/sec                  
                63      page-faults               #    0.093 M/sec                  
   <not supported>      cycles                   
   <not supported>      stalled-cycles-frontend  
   <not supported>      stalled-cycles-backend   
   <not supported>      instructions             
   <not supported>      branches                 
   <not supported>      branch-misses            

       0.000825356 seconds time elapsed

MODO = sem I/O e alloc. memoria

 Performance counter stats for './mandelbrot_omp -2.5 1.5 -2.0 2.0 32 2 sem':

          0.694028      task-clock (msec)         #    0.865 CPUs utilized          
                 0      context-switches          #    0.000 K/sec                  
                 1      cpu-migrations            #    0.001 M/sec                  
                63      page-faults               #    0.091 M/sec                  
   <not supported>      cycles                   
   <not supported>      stalled-cycles-frontend  
   <not supported>      stalled-cycles-backend   
   <not supported>      instructions             
   <not supported>      branches                 
   <not supported>      branch-misses            

       0.000802473 seconds time elapsed

MODO = sem I/O e alloc. memoria

 Performance counter stats for './mandelbrot_omp -2.5 1.5 -2.0 2.0 32 2 sem':

          0.659785      task-clock (msec)         #    0.894 CPUs utilized          
                 0      context-switches          #    0.000 K/sec                  
                 1      cpu-migrations            #    0.002 M/sec                  
                63      page-faults               #    0.095 M/sec                  
   <not supported>      cycles                   
   <not supported>      stalled-cycles-frontend  
   <not supported>      stalled-cycles-backend   
   <not supported>      instructions             
   <not supported>      branches                 
   <not supported>      branch-misses            

       0.000738151 seconds time elapsed

MODO = sem I/O e alloc. memoria

 Performance counter stats for './mandelbrot_omp -2.5 1.5 -2.0 2.0 32 2 sem':

          0.689915      task-clock (msec)         #    0.902 CPUs utilized          
                 0      context-switches          #    0.000 K/sec                  
                 1      cpu-migrations            #    0.001 M/sec                  
                63      page-faults               #    0.091 M/sec                  
   <not supported>      cycles                   
   <not supported>      stalled-cycles-frontend  
   <not supported>      stalled-cycles-backend   
   <not supported>      instructions             
   <not supported>      branches                 
   <not supported>      branch-misses            

       0.000764574 seconds time elapsed

MODO = sem I/O e alloc. memoria

 Performance counter stats for './mandelbrot_omp -2.5 1.5 -2.0 2.0 32 2 sem':

          0.659742      task-clock (msec)         #    0.897 CPUs utilized          
                 0      context-switches          #    0.000 K/sec                  
                 1      cpu-migrations            #    0.002 M/sec                  
                63      page-faults               #    0.095 M/sec                  
   <not supported>      cycles                   
   <not supported>      stalled-cycles-frontend  
   <not supported>      stalled-cycles-backend   
   <not supported>      instructions             
   <not supported>      branches                 
   <not supported>      branch-misses            

       0.000735734 seconds time elapsed

MODO = sem I/O e alloc. memoria

 Performance counter stats for './mandelbrot_omp -2.5 1.5 -2.0 2.0 32 2 sem':

          0.730904      task-clock (msec)         #    0.891 CPUs utilized          
                 0      context-switches          #    0.000 K/sec                  
                 1      cpu-migrations            #    0.001 M/sec                  
                63      page-faults               #    0.086 M/sec                  
   <not supported>      cycles                   
   <not supported>      stalled-cycles-frontend  
   <not supported>      stalled-cycles-backend   
   <not supported>      instructions             
   <not supported>      branches                 
   <not supported>      branch-misses            

       0.000820082 seconds time elapsed

MODO = sem I/O e alloc. memoria

 Performance counter stats for './mandelbrot_omp -2.5 1.5 -2.0 2.0 32 2 sem':

          0.740394      task-clock (msec)         #    0.902 CPUs utilized          
                 0      context-switches          #    0.000 K/sec                  
                 1      cpu-migrations            #    0.001 M/sec                  
                64      page-faults               #    0.086 M/sec                  
   <not supported>      cycles                   
   <not supported>      stalled-cycles-frontend  
   <not supported>      stalled-cycles-backend   
   <not supported>      instructions             
   <not supported>      branches                 
   <not supported>      branch-misses            

       0.000821288 seconds time elapsed

MODO = sem I/O e alloc. memoria

 Performance counter stats for './mandelbrot_omp -2.5 1.5 -2.0 2.0 32 2 sem':

          0.723950      task-clock (msec)         #    0.901 CPUs utilized          
                 0      context-switches          #    0.000 K/sec                  
                 1      cpu-migrations            #    0.001 M/sec                  
                63      page-faults               #    0.087 M/sec                  
   <not supported>      cycles                   
   <not supported>      stalled-cycles-frontend  
   <not supported>      stalled-cycles-backend   
   <not supported>      instructions             
   <not supported>      branches                 
   <not supported>      branch-misses            

       0.000803512 seconds time elapsed

MODO = sem I/O e alloc. memoria

 Performance counter stats for './mandelbrot_omp -2.5 1.5 -2.0 2.0 64 2 sem':

          1.297645      task-clock (msec)         #    1.167 CPUs utilized          
                 0      context-switches          #    0.000 K/sec                  
                 1      cpu-migrations            #    0.771 K/sec                  
                63      page-faults               #    0.049 M/sec                  
   <not supported>      cycles                   
   <not supported>      stalled-cycles-frontend  
   <not supported>      stalled-cycles-backend   
   <not supported>      instructions             
   <not supported>      branches                 
   <not supported>      branch-misses            

       0.001111498 seconds time elapsed

MODO = sem I/O e alloc. memoria

 Performance counter stats for './mandelbrot_omp -2.5 1.5 -2.0 2.0 64 2 sem':

          1.318546      task-clock (msec)         #    1.183 CPUs utilized          
                 0      context-switches          #    0.000 K/sec                  
                 1      cpu-migrations            #    0.758 K/sec                  
                63      page-faults               #    0.048 M/sec                  
   <not supported>      cycles                   
   <not supported>      stalled-cycles-frontend  
   <not supported>      stalled-cycles-backend   
   <not supported>      instructions             
   <not supported>      branches                 
   <not supported>      branch-misses            

       0.001114321 seconds time elapsed

MODO = sem I/O e alloc. memoria

 Performance counter stats for './mandelbrot_omp -2.5 1.5 -2.0 2.0 64 2 sem':

          1.338515      task-clock (msec)         #    1.203 CPUs utilized          
                 0      context-switches          #    0.000 K/sec                  
                 1      cpu-migrations            #    0.747 K/sec                  
                64      page-faults               #    0.048 M/sec                  
   <not supported>      cycles                   
   <not supported>      stalled-cycles-frontend  
   <not supported>      stalled-cycles-backend   
   <not supported>      instructions             
   <not supported>      branches                 
   <not supported>      branch-misses            

       0.001112493 seconds time elapsed

MODO = sem I/O e alloc. memoria

 Performance counter stats for './mandelbrot_omp -2.5 1.5 -2.0 2.0 64 2 sem':

          1.435293      task-clock (msec)         #    1.182 CPUs utilized          
                 0      context-switches          #    0.000 K/sec                  
                 1      cpu-migrations            #    0.697 K/sec                  
                64      page-faults               #    0.045 M/sec                  
   <not supported>      cycles                   
   <not supported>      stalled-cycles-frontend  
   <not supported>      stalled-cycles-backend   
   <not supported>      instructions             
   <not supported>      branches                 
   <not supported>      branch-misses            

       0.001214260 seconds time elapsed

MODO = sem I/O e alloc. memoria

 Performance counter stats for './mandelbrot_omp -2.5 1.5 -2.0 2.0 64 2 sem':

          1.332963      task-clock (msec)         #    1.180 CPUs utilized          
                 0      context-switches          #    0.000 K/sec                  
                 1      cpu-migrations            #    0.750 K/sec                  
                63      page-faults               #    0.047 M/sec                  
   <not supported>      cycles                   
   <not supported>      stalled-cycles-frontend  
   <not supported>      stalled-cycles-backend   
   <not supported>      instructions             
   <not supported>      branches                 
   <not supported>      branch-misses            

       0.001129402 seconds time elapsed

MODO = sem I/O e alloc. memoria

 Performance counter stats for './mandelbrot_omp -2.5 1.5 -2.0 2.0 64 2 sem':

          1.454933      task-clock (msec)         #    1.167 CPUs utilized          
                 0      context-switches          #    0.000 K/sec                  
                 1      cpu-migrations            #    0.687 K/sec                  
                63      page-faults               #    0.043 M/sec                  
   <not supported>      cycles                   
   <not supported>      stalled-cycles-frontend  
   <not supported>      stalled-cycles-backend   
   <not supported>      instructions             
   <not supported>      branches                 
   <not supported>      branch-misses            

       0.001246401 seconds time elapsed

MODO = sem I/O e alloc. memoria

 Performance counter stats for './mandelbrot_omp -2.5 1.5 -2.0 2.0 64 2 sem':

          1.324225      task-clock (msec)         #    1.167 CPUs utilized          
                 0      context-switches          #    0.000 K/sec                  
                 1      cpu-migrations            #    0.755 K/sec                  
                61      page-faults               #    0.046 M/sec                  
   <not supported>      cycles                   
   <not supported>      stalled-cycles-frontend  
   <not supported>      stalled-cycles-backend   
   <not supported>      instructions             
   <not supported>      branches                 
   <not supported>      branch-misses            

       0.001134714 seconds time elapsed

MODO = sem I/O e alloc. memoria

 Performance counter stats for './mandelbrot_omp -2.5 1.5 -2.0 2.0 64 2 sem':

          1.309597      task-clock (msec)         #    1.196 CPUs utilized          
                 0      context-switches          #    0.000 K/sec                  
                 1      cpu-migrations            #    0.764 K/sec                  
                63      page-faults               #    0.048 M/sec                  
   <not supported>      cycles                   
   <not supported>      stalled-cycles-frontend  
   <not supported>      stalled-cycles-backend   
   <not supported>      instructions             
   <not supported>      branches                 
   <not supported>      branch-misses            

       0.001095218 seconds time elapsed

MODO = sem I/O e alloc. memoria

 Performance counter stats for './mandelbrot_omp -2.5 1.5 -2.0 2.0 64 2 sem':

          1.310835      task-clock (msec)         #    1.200 CPUs utilized          
                 0      context-switches          #    0.000 K/sec                  
                 1      cpu-migrations            #    0.763 K/sec                  
                64      page-faults               #    0.049 M/sec                  
   <not supported>      cycles                   
   <not supported>      stalled-cycles-frontend  
   <not supported>      stalled-cycles-backend   
   <not supported>      instructions             
   <not supported>      branches                 
   <not supported>      branch-misses            

       0.001092741 seconds time elapsed

MODO = sem I/O e alloc. memoria

 Performance counter stats for './mandelbrot_omp -2.5 1.5 -2.0 2.0 64 2 sem':

          1.417534      task-clock (msec)         #    1.188 CPUs utilized          
                 0      context-switches          #    0.000 K/sec                  
                 1      cpu-migrations            #    0.705 K/sec                  
                63      page-faults               #    0.044 M/sec                  
   <not supported>      cycles                   
   <not supported>      stalled-cycles-frontend  
   <not supported>      stalled-cycles-backend   
   <not supported>      instructions             
   <not supported>      branches                 
   <not supported>      branch-misses            

       0.001193014 seconds time elapsed

MODO = sem I/O e alloc. memoria

 Performance counter stats for './mandelbrot_omp -2.5 1.5 -2.0 2.0 128 2 sem':

          3.702169      task-clock (msec)         #    1.620 CPUs utilized          
                 0      context-switches          #    0.000 K/sec                  
                 1      cpu-migrations            #    0.270 K/sec                  
                64      page-faults               #    0.017 M/sec                  
   <not supported>      cycles                   
   <not supported>      stalled-cycles-frontend  
   <not supported>      stalled-cycles-backend   
   <not supported>      instructions             
   <not supported>      branches                 
   <not supported>      branch-misses            

       0.002284809 seconds time elapsed

MODO = sem I/O e alloc. memoria

 Performance counter stats for './mandelbrot_omp -2.5 1.5 -2.0 2.0 128 2 sem':

          3.824358      task-clock (msec)         #    1.597 CPUs utilized          
                 0      context-switches          #    0.000 K/sec                  
                 1      cpu-migrations            #    0.261 K/sec                  
                64      page-faults               #    0.017 M/sec                  
   <not supported>      cycles                   
   <not supported>      stalled-cycles-frontend  
   <not supported>      stalled-cycles-backend   
   <not supported>      instructions             
   <not supported>      branches                 
   <not supported>      branch-misses            

       0.002395283 seconds time elapsed

MODO = sem I/O e alloc. memoria

 Performance counter stats for './mandelbrot_omp -2.5 1.5 -2.0 2.0 128 2 sem':

          3.659084      task-clock (msec)         #    1.605 CPUs utilized          
                 0      context-switches          #    0.000 K/sec                  
                 1      cpu-migrations            #    0.273 K/sec                  
                63      page-faults               #    0.017 M/sec                  
   <not supported>      cycles                   
   <not supported>      stalled-cycles-frontend  
   <not supported>      stalled-cycles-backend   
   <not supported>      instructions             
   <not supported>      branches                 
   <not supported>      branch-misses            

       0.002280105 seconds time elapsed

MODO = sem I/O e alloc. memoria

 Performance counter stats for './mandelbrot_omp -2.5 1.5 -2.0 2.0 128 2 sem':

          3.679240      task-clock (msec)         #    1.593 CPUs utilized          
                 0      context-switches          #    0.000 K/sec                  
                 1      cpu-migrations            #    0.272 K/sec                  
                61      page-faults               #    0.017 M/sec                  
   <not supported>      cycles                   
   <not supported>      stalled-cycles-frontend  
   <not supported>      stalled-cycles-backend   
   <not supported>      instructions             
   <not supported>      branches                 
   <not supported>      branch-misses            

       0.002309420 seconds time elapsed

MODO = sem I/O e alloc. memoria

 Performance counter stats for './mandelbrot_omp -2.5 1.5 -2.0 2.0 128 2 sem':

          3.621358      task-clock (msec)         #    1.630 CPUs utilized          
                 0      context-switches          #    0.000 K/sec                  
                 1      cpu-migrations            #    0.276 K/sec                  
                63      page-faults               #    0.017 M/sec                  
   <not supported>      cycles                   
   <not supported>      stalled-cycles-frontend  
   <not supported>      stalled-cycles-backend   
   <not supported>      instructions             
   <not supported>      branches                 
   <not supported>      branch-misses            

       0.002221474 seconds time elapsed

MODO = sem I/O e alloc. memoria

 Performance counter stats for './mandelbrot_omp -2.5 1.5 -2.0 2.0 128 2 sem':

          3.692356      task-clock (msec)         #    1.585 CPUs utilized          
                 0      context-switches          #    0.000 K/sec                  
                 1      cpu-migrations            #    0.271 K/sec                  
                63      page-faults               #    0.017 M/sec                  
   <not supported>      cycles                   
   <not supported>      stalled-cycles-frontend  
   <not supported>      stalled-cycles-backend   
   <not supported>      instructions             
   <not supported>      branches                 
   <not supported>      branch-misses            

       0.002328953 seconds time elapsed

MODO = sem I/O e alloc. memoria

 Performance counter stats for './mandelbrot_omp -2.5 1.5 -2.0 2.0 128 2 sem':

          3.714446      task-clock (msec)         #    1.636 CPUs utilized          
                 0      context-switches          #    0.000 K/sec                  
                 1      cpu-migrations            #    0.269 K/sec                  
                64      page-faults               #    0.017 M/sec                  
   <not supported>      cycles                   
   <not supported>      stalled-cycles-frontend  
   <not supported>      stalled-cycles-backend   
   <not supported>      instructions             
   <not supported>      branches                 
   <not supported>      branch-misses            

       0.002270215 seconds time elapsed

MODO = sem I/O e alloc. memoria

 Performance counter stats for './mandelbrot_omp -2.5 1.5 -2.0 2.0 128 2 sem':

          3.679240      task-clock (msec)         #    1.611 CPUs utilized          
                 0      context-switches          #    0.000 K/sec                  
                 1      cpu-migrations            #    0.272 K/sec                  
                64      page-faults               #    0.017 M/sec                  
   <not supported>      cycles                   
   <not supported>      stalled-cycles-frontend  
   <not supported>      stalled-cycles-backend   
   <not supported>      instructions             
   <not supported>      branches                 
   <not supported>      branch-misses            

       0.002284325 seconds time elapsed

MODO = sem I/O e alloc. memoria

 Performance counter stats for './mandelbrot_omp -2.5 1.5 -2.0 2.0 128 2 sem':

          3.682954      task-clock (msec)         #    1.606 CPUs utilized          
                 0      context-switches          #    0.000 K/sec                  
                 1      cpu-migrations            #    0.272 K/sec                  
                64      page-faults               #    0.017 M/sec                  
   <not supported>      cycles                   
   <not supported>      stalled-cycles-frontend  
   <not supported>      stalled-cycles-backend   
   <not supported>      instructions             
   <not supported>      branches                 
   <not supported>      branch-misses            

       0.002293013 seconds time elapsed

MODO = sem I/O e alloc. memoria

 Performance counter stats for './mandelbrot_omp -2.5 1.5 -2.0 2.0 128 2 sem':

          3.712589      task-clock (msec)         #    1.585 CPUs utilized          
                 0      context-switches          #    0.000 K/sec                  
                 1      cpu-migrations            #    0.269 K/sec                  
                63      page-faults               #    0.017 M/sec                  
   <not supported>      cycles                   
   <not supported>      stalled-cycles-frontend  
   <not supported>      stalled-cycles-backend   
   <not supported>      instructions             
   <not supported>      branches                 
   <not supported>      branch-misses            

       0.002341749 seconds time elapsed

MODO = sem I/O e alloc. memoria

 Performance counter stats for './mandelbrot_omp -2.5 1.5 -2.0 2.0 256 2 sem':

         14.032618      task-clock (msec)         #    1.868 CPUs utilized          
                 0      context-switches          #    0.000 K/sec                  
                 1      cpu-migrations            #    0.071 K/sec                  
                63      page-faults               #    0.004 M/sec                  
   <not supported>      cycles                   
   <not supported>      stalled-cycles-frontend  
   <not supported>      stalled-cycles-backend   
   <not supported>      instructions             
   <not supported>      branches                 
   <not supported>      branch-misses            

       0.007511536 seconds time elapsed

MODO = sem I/O e alloc. memoria

 Performance counter stats for './mandelbrot_omp -2.5 1.5 -2.0 2.0 256 2 sem':

         13.145672      task-clock (msec)         #    1.861 CPUs utilized          
                 0      context-switches          #    0.000 K/sec                  
                 1      cpu-migrations            #    0.076 K/sec                  
                63      page-faults               #    0.005 M/sec                  
   <not supported>      cycles                   
   <not supported>      stalled-cycles-frontend  
   <not supported>      stalled-cycles-backend   
   <not supported>      instructions             
   <not supported>      branches                 
   <not supported>      branch-misses            

       0.007064545 seconds time elapsed

MODO = sem I/O e alloc. memoria

 Performance counter stats for './mandelbrot_omp -2.5 1.5 -2.0 2.0 256 2 sem':

         13.310273      task-clock (msec)         #    1.861 CPUs utilized          
                 0      context-switches          #    0.000 K/sec                  
                 2      cpu-migrations            #    0.150 K/sec                  
                63      page-faults               #    0.005 M/sec                  
   <not supported>      cycles                   
   <not supported>      stalled-cycles-frontend  
   <not supported>      stalled-cycles-backend   
   <not supported>      instructions             
   <not supported>      branches                 
   <not supported>      branch-misses            

       0.007151550 seconds time elapsed

MODO = sem I/O e alloc. memoria

 Performance counter stats for './mandelbrot_omp -2.5 1.5 -2.0 2.0 256 2 sem':

         13.105652      task-clock (msec)         #    1.861 CPUs utilized          
                 0      context-switches          #    0.000 K/sec                  
                 1      cpu-migrations            #    0.076 K/sec                  
                63      page-faults               #    0.005 M/sec                  
   <not supported>      cycles                   
   <not supported>      stalled-cycles-frontend  
   <not supported>      stalled-cycles-backend   
   <not supported>      instructions             
   <not supported>      branches                 
   <not supported>      branch-misses            

       0.007043481 seconds time elapsed

MODO = sem I/O e alloc. memoria

 Performance counter stats for './mandelbrot_omp -2.5 1.5 -2.0 2.0 256 2 sem':

         13.031696      task-clock (msec)         #    1.871 CPUs utilized          
                 0      context-switches          #    0.000 K/sec                  
                 1      cpu-migrations            #    0.077 K/sec                  
                63      page-faults               #    0.005 M/sec                  
   <not supported>      cycles                   
   <not supported>      stalled-cycles-frontend  
   <not supported>      stalled-cycles-backend   
   <not supported>      instructions             
   <not supported>      branches                 
   <not supported>      branch-misses            

       0.006966851 seconds time elapsed

MODO = sem I/O e alloc. memoria

 Performance counter stats for './mandelbrot_omp -2.5 1.5 -2.0 2.0 256 2 sem':

         13.026333      task-clock (msec)         #    1.867 CPUs utilized          
                 0      context-switches          #    0.000 K/sec                  
                 1      cpu-migrations            #    0.077 K/sec                  
                64      page-faults               #    0.005 M/sec                  
   <not supported>      cycles                   
   <not supported>      stalled-cycles-frontend  
   <not supported>      stalled-cycles-backend   
   <not supported>      instructions             
   <not supported>      branches                 
   <not supported>      branch-misses            

       0.006976441 seconds time elapsed

MODO = sem I/O e alloc. memoria

 Performance counter stats for './mandelbrot_omp -2.5 1.5 -2.0 2.0 256 2 sem':

         13.087364      task-clock (msec)         #    1.871 CPUs utilized          
                 0      context-switches          #    0.000 K/sec                  
                 1      cpu-migrations            #    0.076 K/sec                  
                60      page-faults               #    0.005 M/sec                  
   <not supported>      cycles                   
   <not supported>      stalled-cycles-frontend  
   <not supported>      stalled-cycles-backend   
   <not supported>      instructions             
   <not supported>      branches                 
   <not supported>      branch-misses            

       0.006995676 seconds time elapsed

MODO = sem I/O e alloc. memoria

 Performance counter stats for './mandelbrot_omp -2.5 1.5 -2.0 2.0 256 2 sem':

         13.114829      task-clock (msec)         #    1.858 CPUs utilized          
                 0      context-switches          #    0.000 K/sec                  
                 1      cpu-migrations            #    0.076 K/sec                  
                63      page-faults               #    0.005 M/sec                  
   <not supported>      cycles                   
   <not supported>      stalled-cycles-frontend  
   <not supported>      stalled-cycles-backend   
   <not supported>      instructions             
   <not supported>      branches                 
   <not supported>      branch-misses            

       0.007057355 seconds time elapsed

MODO = sem I/O e alloc. memoria

 Performance counter stats for './mandelbrot_omp -2.5 1.5 -2.0 2.0 256 2 sem':

         13.060627      task-clock (msec)         #    1.871 CPUs utilized          
                 0      context-switches          #    0.000 K/sec                  
                 2      cpu-migrations            #    0.153 K/sec                  
                64      page-faults               #    0.005 M/sec                  
   <not supported>      cycles                   
   <not supported>      stalled-cycles-frontend  
   <not supported>      stalled-cycles-backend   
   <not supported>      instructions             
   <not supported>      branches                 
   <not supported>      branch-misses            

       0.006980106 seconds time elapsed

MODO = sem I/O e alloc. memoria

 Performance counter stats for './mandelbrot_omp -2.5 1.5 -2.0 2.0 256 2 sem':

         13.102193      task-clock (msec)         #    1.857 CPUs utilized          
                 0      context-switches          #    0.000 K/sec                  
                 1      cpu-migrations            #    0.076 K/sec                  
                63      page-faults               #    0.005 M/sec                  
   <not supported>      cycles                   
   <not supported>      stalled-cycles-frontend  
   <not supported>      stalled-cycles-backend   
   <not supported>      instructions             
   <not supported>      branches                 
   <not supported>      branch-misses            

       0.007054045 seconds time elapsed

MODO = sem I/O e alloc. memoria

 Performance counter stats for './mandelbrot_omp -2.5 1.5 -2.0 2.0 512 2 sem':

         50.242655      task-clock (msec)         #    1.963 CPUs utilized          
                 0      context-switches          #    0.000 K/sec                  
                 1      cpu-migrations            #    0.020 K/sec                  
                63      page-faults               #    0.001 M/sec                  
   <not supported>      cycles                   
   <not supported>      stalled-cycles-frontend  
   <not supported>      stalled-cycles-backend   
   <not supported>      instructions             
   <not supported>      branches                 
   <not supported>      branch-misses            

       0.025598317 seconds time elapsed

MODO = sem I/O e alloc. memoria

 Performance counter stats for './mandelbrot_omp -2.5 1.5 -2.0 2.0 512 2 sem':

         50.485203      task-clock (msec)         #    1.962 CPUs utilized          
                 0      context-switches          #    0.000 K/sec                  
                 1      cpu-migrations            #    0.020 K/sec                  
                64      page-faults               #    0.001 M/sec                  
   <not supported>      cycles                   
   <not supported>      stalled-cycles-frontend  
   <not supported>      stalled-cycles-backend   
   <not supported>      instructions             
   <not supported>      branches                 
   <not supported>      branch-misses            

       0.025737479 seconds time elapsed

MODO = sem I/O e alloc. memoria

 Performance counter stats for './mandelbrot_omp -2.5 1.5 -2.0 2.0 512 2 sem':

         50.226724      task-clock (msec)         #    1.942 CPUs utilized          
                 0      context-switches          #    0.000 K/sec                  
                 1      cpu-migrations            #    0.020 K/sec                  
                61      page-faults               #    0.001 M/sec                  
   <not supported>      cycles                   
   <not supported>      stalled-cycles-frontend  
   <not supported>      stalled-cycles-backend   
   <not supported>      instructions             
   <not supported>      branches                 
   <not supported>      branch-misses            

       0.025863094 seconds time elapsed

MODO = sem I/O e alloc. memoria

 Performance counter stats for './mandelbrot_omp -2.5 1.5 -2.0 2.0 512 2 sem':

         50.597329      task-clock (msec)         #    1.959 CPUs utilized          
                 0      context-switches          #    0.000 K/sec                  
                 1      cpu-migrations            #    0.020 K/sec                  
                64      page-faults               #    0.001 M/sec                  
   <not supported>      cycles                   
   <not supported>      stalled-cycles-frontend  
   <not supported>      stalled-cycles-backend   
   <not supported>      instructions             
   <not supported>      branches                 
   <not supported>      branch-misses            

       0.025826989 seconds time elapsed

MODO = sem I/O e alloc. memoria

 Performance counter stats for './mandelbrot_omp -2.5 1.5 -2.0 2.0 512 2 sem':

         50.301326      task-clock (msec)         #    1.956 CPUs utilized          
                 0      context-switches          #    0.000 K/sec                  
                 1      cpu-migrations            #    0.020 K/sec                  
                64      page-faults               #    0.001 M/sec                  
   <not supported>      cycles                   
   <not supported>      stalled-cycles-frontend  
   <not supported>      stalled-cycles-backend   
   <not supported>      instructions             
   <not supported>      branches                 
   <not supported>      branch-misses            

       0.025712388 seconds time elapsed

MODO = sem I/O e alloc. memoria

 Performance counter stats for './mandelbrot_omp -2.5 1.5 -2.0 2.0 512 2 sem':

         50.437134      task-clock (msec)         #    1.963 CPUs utilized          
                 0      context-switches          #    0.000 K/sec                  
                 1      cpu-migrations            #    0.020 K/sec                  
                63      page-faults               #    0.001 M/sec                  
   <not supported>      cycles                   
   <not supported>      stalled-cycles-frontend  
   <not supported>      stalled-cycles-backend   
   <not supported>      instructions             
   <not supported>      branches                 
   <not supported>      branch-misses            

       0.025694416 seconds time elapsed

MODO = sem I/O e alloc. memoria

 Performance counter stats for './mandelbrot_omp -2.5 1.5 -2.0 2.0 512 2 sem':

         51.247658      task-clock (msec)         #    1.960 CPUs utilized          
                 1      context-switches          #    0.020 K/sec                  
                 1      cpu-migrations            #    0.020 K/sec                  
                64      page-faults               #    0.001 M/sec                  
   <not supported>      cycles                   
   <not supported>      stalled-cycles-frontend  
   <not supported>      stalled-cycles-backend   
   <not supported>      instructions             
   <not supported>      branches                 
   <not supported>      branch-misses            

       0.026148230 seconds time elapsed

MODO = sem I/O e alloc. memoria

 Performance counter stats for './mandelbrot_omp -2.5 1.5 -2.0 2.0 512 2 sem':

         50.638776      task-clock (msec)         #    1.960 CPUs utilized          
                 0      context-switches          #    0.000 K/sec                  
                 1      cpu-migrations            #    0.020 K/sec                  
                64      page-faults               #    0.001 M/sec                  
   <not supported>      cycles                   
   <not supported>      stalled-cycles-frontend  
   <not supported>      stalled-cycles-backend   
   <not supported>      instructions             
   <not supported>      branches                 
   <not supported>      branch-misses            

       0.025841149 seconds time elapsed

MODO = sem I/O e alloc. memoria

 Performance counter stats for './mandelbrot_omp -2.5 1.5 -2.0 2.0 512 2 sem':

         51.002343      task-clock (msec)         #    1.956 CPUs utilized          
                 0      context-switches          #    0.000 K/sec                  
                 1      cpu-migrations            #    0.020 K/sec                  
                63      page-faults               #    0.001 M/sec                  
   <not supported>      cycles                   
   <not supported>      stalled-cycles-frontend  
   <not supported>      stalled-cycles-backend   
   <not supported>      instructions             
   <not supported>      branches                 
   <not supported>      branch-misses            

       0.026070939 seconds time elapsed

MODO = sem I/O e alloc. memoria

 Performance counter stats for './mandelbrot_omp -2.5 1.5 -2.0 2.0 512 2 sem':

         50.547039      task-clock (msec)         #    1.957 CPUs utilized          
                 0      context-switches          #    0.000 K/sec                  
                 1      cpu-migrations            #    0.020 K/sec                  
                63      page-faults               #    0.001 M/sec                  
   <not supported>      cycles                   
   <not supported>      stalled-cycles-frontend  
   <not supported>      stalled-cycles-backend   
   <not supported>      instructions             
   <not supported>      branches                 
   <not supported>      branch-misses            

       0.025832976 seconds time elapsed

MODO = sem I/O e alloc. memoria

 Performance counter stats for './mandelbrot_omp -2.5 1.5 -2.0 2.0 1024 2 sem':

        198.483333      task-clock (msec)         #    1.989 CPUs utilized          
                 0      context-switches          #    0.000 K/sec                  
                 1      cpu-migrations            #    0.005 K/sec                  
                63      page-faults               #    0.317 K/sec                  
   <not supported>      cycles                   
   <not supported>      stalled-cycles-frontend  
   <not supported>      stalled-cycles-backend   
   <not supported>      instructions             
   <not supported>      branches                 
   <not supported>      branch-misses            

       0.099770504 seconds time elapsed

MODO = sem I/O e alloc. memoria

 Performance counter stats for './mandelbrot_omp -2.5 1.5 -2.0 2.0 1024 2 sem':

        203.090687      task-clock (msec)         #    1.963 CPUs utilized          
                 2      context-switches          #    0.010 K/sec                  
                 1      cpu-migrations            #    0.005 K/sec                  
                63      page-faults               #    0.310 K/sec                  
   <not supported>      cycles                   
   <not supported>      stalled-cycles-frontend  
   <not supported>      stalled-cycles-backend   
   <not supported>      instructions             
   <not supported>      branches                 
   <not supported>      branch-misses            

       0.103441652 seconds time elapsed

MODO = sem I/O e alloc. memoria

 Performance counter stats for './mandelbrot_omp -2.5 1.5 -2.0 2.0 1024 2 sem':

        197.795111      task-clock (msec)         #    1.989 CPUs utilized          
                 0      context-switches          #    0.000 K/sec                  
                 1      cpu-migrations            #    0.005 K/sec                  
                64      page-faults               #    0.324 K/sec                  
   <not supported>      cycles                   
   <not supported>      stalled-cycles-frontend  
   <not supported>      stalled-cycles-backend   
   <not supported>      instructions             
   <not supported>      branches                 
   <not supported>      branch-misses            

       0.099441756 seconds time elapsed

MODO = sem I/O e alloc. memoria

 Performance counter stats for './mandelbrot_omp -2.5 1.5 -2.0 2.0 1024 2 sem':

        198.001812      task-clock (msec)         #    1.989 CPUs utilized          
                 0      context-switches          #    0.000 K/sec                  
                 1      cpu-migrations            #    0.005 K/sec                  
                63      page-faults               #    0.318 K/sec                  
   <not supported>      cycles                   
   <not supported>      stalled-cycles-frontend  
   <not supported>      stalled-cycles-backend   
   <not supported>      instructions             
   <not supported>      branches                 
   <not supported>      branch-misses            

       0.099529194 seconds time elapsed

MODO = sem I/O e alloc. memoria

 Performance counter stats for './mandelbrot_omp -2.5 1.5 -2.0 2.0 1024 2 sem':

        205.788728      task-clock (msec)         #    1.949 CPUs utilized          
                 2      context-switches          #    0.010 K/sec                  
                 1      cpu-migrations            #    0.005 K/sec                  
                63      page-faults               #    0.306 K/sec                  
   <not supported>      cycles                   
   <not supported>      stalled-cycles-frontend  
   <not supported>      stalled-cycles-backend   
   <not supported>      instructions             
   <not supported>      branches                 
   <not supported>      branch-misses            

       0.105601451 seconds time elapsed

MODO = sem I/O e alloc. memoria

 Performance counter stats for './mandelbrot_omp -2.5 1.5 -2.0 2.0 1024 2 sem':

        197.759399      task-clock (msec)         #    1.989 CPUs utilized          
                 0      context-switches          #    0.000 K/sec                  
                 1      cpu-migrations            #    0.005 K/sec                  
                64      page-faults               #    0.324 K/sec                  
   <not supported>      cycles                   
   <not supported>      stalled-cycles-frontend  
   <not supported>      stalled-cycles-backend   
   <not supported>      instructions             
   <not supported>      branches                 
   <not supported>      branch-misses            

       0.099431616 seconds time elapsed

MODO = sem I/O e alloc. memoria

 Performance counter stats for './mandelbrot_omp -2.5 1.5 -2.0 2.0 1024 2 sem':

        198.054475      task-clock (msec)         #    1.989 CPUs utilized          
                 0      context-switches          #    0.000 K/sec                  
                 1      cpu-migrations            #    0.005 K/sec                  
                63      page-faults               #    0.318 K/sec                  
   <not supported>      cycles                   
   <not supported>      stalled-cycles-frontend  
   <not supported>      stalled-cycles-backend   
   <not supported>      instructions             
   <not supported>      branches                 
   <not supported>      branch-misses            

       0.099573627 seconds time elapsed

MODO = sem I/O e alloc. memoria

 Performance counter stats for './mandelbrot_omp -2.5 1.5 -2.0 2.0 1024 2 sem':

        198.289717      task-clock (msec)         #    1.988 CPUs utilized          
                 1      context-switches          #    0.005 K/sec                  
                 1      cpu-migrations            #    0.005 K/sec                  
                64      page-faults               #    0.323 K/sec                  
   <not supported>      cycles                   
   <not supported>      stalled-cycles-frontend  
   <not supported>      stalled-cycles-backend   
   <not supported>      instructions             
   <not supported>      branches                 
   <not supported>      branch-misses            

       0.099719424 seconds time elapsed

MODO = sem I/O e alloc. memoria

 Performance counter stats for './mandelbrot_omp -2.5 1.5 -2.0 2.0 1024 2 sem':

        198.425030      task-clock (msec)         #    1.989 CPUs utilized          
                 0      context-switches          #    0.000 K/sec                  
                 1      cpu-migrations            #    0.005 K/sec                  
                63      page-faults               #    0.318 K/sec                  
   <not supported>      cycles                   
   <not supported>      stalled-cycles-frontend  
   <not supported>      stalled-cycles-backend   
   <not supported>      instructions             
   <not supported>      branches                 
   <not supported>      branch-misses            

       0.099751969 seconds time elapsed

MODO = sem I/O e alloc. memoria

 Performance counter stats for './mandelbrot_omp -2.5 1.5 -2.0 2.0 1024 2 sem':

        197.996005      task-clock (msec)         #    1.989 CPUs utilized          
                 2      context-switches          #    0.010 K/sec                  
                 1      cpu-migrations            #    0.005 K/sec                  
                64      page-faults               #    0.323 K/sec                  
   <not supported>      cycles                   
   <not supported>      stalled-cycles-frontend  
   <not supported>      stalled-cycles-backend   
   <not supported>      instructions             
   <not supported>      branches                 
   <not supported>      branch-misses            

       0.099525525 seconds time elapsed

MODO = sem I/O e alloc. memoria

 Performance counter stats for './mandelbrot_omp -2.5 1.5 -2.0 2.0 2048 2 sem':

        787.173709      task-clock (msec)         #    1.997 CPUs utilized          
                 0      context-switches          #    0.000 K/sec                  
                 1      cpu-migrations            #    0.001 K/sec                  
                61      page-faults               #    0.077 K/sec                  
   <not supported>      cycles                   
   <not supported>      stalled-cycles-frontend  
   <not supported>      stalled-cycles-backend   
   <not supported>      instructions             
   <not supported>      branches                 
   <not supported>      branch-misses            

       0.394148157 seconds time elapsed

MODO = sem I/O e alloc. memoria

 Performance counter stats for './mandelbrot_omp -2.5 1.5 -2.0 2.0 2048 2 sem':

        787.230949      task-clock (msec)         #    1.997 CPUs utilized          
                 2      context-switches          #    0.003 K/sec                  
                 1      cpu-migrations            #    0.001 K/sec                  
                63      page-faults               #    0.080 K/sec                  
   <not supported>      cycles                   
   <not supported>      stalled-cycles-frontend  
   <not supported>      stalled-cycles-backend   
   <not supported>      instructions             
   <not supported>      branches                 
   <not supported>      branch-misses            

       0.394153901 seconds time elapsed

MODO = sem I/O e alloc. memoria

 Performance counter stats for './mandelbrot_omp -2.5 1.5 -2.0 2.0 2048 2 sem':

        787.966802      task-clock (msec)         #    1.997 CPUs utilized          
                 0      context-switches          #    0.000 K/sec                  
                 1      cpu-migrations            #    0.001 K/sec                  
                63      page-faults               #    0.080 K/sec                  
   <not supported>      cycles                   
   <not supported>      stalled-cycles-frontend  
   <not supported>      stalled-cycles-backend   
   <not supported>      instructions             
   <not supported>      branches                 
   <not supported>      branch-misses            

       0.394536903 seconds time elapsed

MODO = sem I/O e alloc. memoria

 Performance counter stats for './mandelbrot_omp -2.5 1.5 -2.0 2.0 2048 2 sem':

        788.391595      task-clock (msec)         #    1.997 CPUs utilized          
                 0      context-switches          #    0.000 K/sec                  
                 1      cpu-migrations            #    0.001 K/sec                  
                63      page-faults               #    0.080 K/sec                  
   <not supported>      cycles                   
   <not supported>      stalled-cycles-frontend  
   <not supported>      stalled-cycles-backend   
   <not supported>      instructions             
   <not supported>      branches                 
   <not supported>      branch-misses            

       0.394731203 seconds time elapsed

MODO = sem I/O e alloc. memoria

 Performance counter stats for './mandelbrot_omp -2.5 1.5 -2.0 2.0 2048 2 sem':

        792.473460      task-clock (msec)         #    1.988 CPUs utilized          
                 3      context-switches          #    0.004 K/sec                  
                 1      cpu-migrations            #    0.001 K/sec                  
                64      page-faults               #    0.081 K/sec                  
   <not supported>      cycles                   
   <not supported>      stalled-cycles-frontend  
   <not supported>      stalled-cycles-backend   
   <not supported>      instructions             
   <not supported>      branches                 
   <not supported>      branch-misses            

       0.398699628 seconds time elapsed

MODO = sem I/O e alloc. memoria

 Performance counter stats for './mandelbrot_omp -2.5 1.5 -2.0 2.0 2048 2 sem':

        787.219007      task-clock (msec)         #    1.997 CPUs utilized          
                 0      context-switches          #    0.000 K/sec                  
                 1      cpu-migrations            #    0.001 K/sec                  
                63      page-faults               #    0.080 K/sec                  
   <not supported>      cycles                   
   <not supported>      stalled-cycles-frontend  
   <not supported>      stalled-cycles-backend   
   <not supported>      instructions             
   <not supported>      branches                 
   <not supported>      branch-misses            

       0.394149726 seconds time elapsed

MODO = sem I/O e alloc. memoria

 Performance counter stats for './mandelbrot_omp -2.5 1.5 -2.0 2.0 2048 2 sem':

        788.290410      task-clock (msec)         #    1.997 CPUs utilized          
                 4      context-switches          #    0.005 K/sec                  
                 1      cpu-migrations            #    0.001 K/sec                  
                64      page-faults               #    0.081 K/sec                  
   <not supported>      cycles                   
   <not supported>      stalled-cycles-frontend  
   <not supported>      stalled-cycles-backend   
   <not supported>      instructions             
   <not supported>      branches                 
   <not supported>      branch-misses            

       0.394742144 seconds time elapsed

MODO = sem I/O e alloc. memoria

 Performance counter stats for './mandelbrot_omp -2.5 1.5 -2.0 2.0 2048 2 sem':

        785.401796      task-clock (msec)         #    1.997 CPUs utilized          
                 2      context-switches          #    0.003 K/sec                  
                 2      cpu-migrations            #    0.003 K/sec                  
                63      page-faults               #    0.080 K/sec                  
   <not supported>      cycles                   
   <not supported>      stalled-cycles-frontend  
   <not supported>      stalled-cycles-backend   
   <not supported>      instructions             
   <not supported>      branches                 
   <not supported>      branch-misses            

       0.393222014 seconds time elapsed

MODO = sem I/O e alloc. memoria

 Performance counter stats for './mandelbrot_omp -2.5 1.5 -2.0 2.0 2048 2 sem':

        785.819155      task-clock (msec)         #    1.997 CPUs utilized          
                 0      context-switches          #    0.000 K/sec                  
                 1      cpu-migrations            #    0.001 K/sec                  
                63      page-faults               #    0.080 K/sec                  
   <not supported>      cycles                   
   <not supported>      stalled-cycles-frontend  
   <not supported>      stalled-cycles-backend   
   <not supported>      instructions             
   <not supported>      branches                 
   <not supported>      branch-misses            

       0.393427112 seconds time elapsed

MODO = sem I/O e alloc. memoria

 Performance counter stats for './mandelbrot_omp -2.5 1.5 -2.0 2.0 2048 2 sem':

        787.418507      task-clock (msec)         #    1.997 CPUs utilized          
                 4      context-switches          #    0.005 K/sec                  
                 1      cpu-migrations            #    0.001 K/sec                  
                63      page-faults               #    0.080 K/sec                  
   <not supported>      cycles                   
   <not supported>      stalled-cycles-frontend  
   <not supported>      stalled-cycles-backend   
   <not supported>      instructions             
   <not supported>      branches                 
   <not supported>      branch-misses            

       0.394271845 seconds time elapsed

MODO = sem I/O e alloc. memoria

 Performance counter stats for './mandelbrot_omp -2.5 1.5 -2.0 2.0 4096 2 sem':

       3135.959070      task-clock (msec)         #    1.999 CPUs utilized          
                 4      context-switches          #    0.001 K/sec                  
                 1      cpu-migrations            #    0.000 K/sec                  
                63      page-faults               #    0.020 K/sec                  
   <not supported>      cycles                   
   <not supported>      stalled-cycles-frontend  
   <not supported>      stalled-cycles-backend   
   <not supported>      instructions             
   <not supported>      branches                 
   <not supported>      branch-misses            

       1.568661921 seconds time elapsed

MODO = sem I/O e alloc. memoria

 Performance counter stats for './mandelbrot_omp -2.5 1.5 -2.0 2.0 4096 2 sem':

       3138.130580      task-clock (msec)         #    1.999 CPUs utilized          
                 6      context-switches          #    0.002 K/sec                  
                 1      cpu-migrations            #    0.000 K/sec                  
                63      page-faults               #    0.020 K/sec                  
   <not supported>      cycles                   
   <not supported>      stalled-cycles-frontend  
   <not supported>      stalled-cycles-backend   
   <not supported>      instructions             
   <not supported>      branches                 
   <not supported>      branch-misses            

       1.569660011 seconds time elapsed

MODO = sem I/O e alloc. memoria

 Performance counter stats for './mandelbrot_omp -2.5 1.5 -2.0 2.0 4096 2 sem':

       3168.555134      task-clock (msec)         #    1.989 CPUs utilized          
                 5      context-switches          #    0.002 K/sec                  
                 1      cpu-migrations            #    0.000 K/sec                  
                63      page-faults               #    0.020 K/sec                  
   <not supported>      cycles                   
   <not supported>      stalled-cycles-frontend  
   <not supported>      stalled-cycles-backend   
   <not supported>      instructions             
   <not supported>      branches                 
   <not supported>      branch-misses            

       1.593309109 seconds time elapsed

MODO = sem I/O e alloc. memoria

 Performance counter stats for './mandelbrot_omp -2.5 1.5 -2.0 2.0 4096 2 sem':

       3137.576885      task-clock (msec)         #    1.999 CPUs utilized          
                 6      context-switches          #    0.002 K/sec                  
                 1      cpu-migrations            #    0.000 K/sec                  
                64      page-faults               #    0.020 K/sec                  
   <not supported>      cycles                   
   <not supported>      stalled-cycles-frontend  
   <not supported>      stalled-cycles-backend   
   <not supported>      instructions             
   <not supported>      branches                 
   <not supported>      branch-misses            

       1.569388064 seconds time elapsed

MODO = sem I/O e alloc. memoria

 Performance counter stats for './mandelbrot_omp -2.5 1.5 -2.0 2.0 4096 2 sem':

       3138.257725      task-clock (msec)         #    1.999 CPUs utilized          
                 7      context-switches          #    0.002 K/sec                  
                 1      cpu-migrations            #    0.000 K/sec                  
                63      page-faults               #    0.020 K/sec                  
   <not supported>      cycles                   
   <not supported>      stalled-cycles-frontend  
   <not supported>      stalled-cycles-backend   
   <not supported>      instructions             
   <not supported>      branches                 
   <not supported>      branch-misses            

       1.569875675 seconds time elapsed

MODO = sem I/O e alloc. memoria

 Performance counter stats for './mandelbrot_omp -2.5 1.5 -2.0 2.0 4096 2 sem':

       3138.256583      task-clock (msec)         #    1.999 CPUs utilized          
                 7      context-switches          #    0.002 K/sec                  
                 1      cpu-migrations            #    0.000 K/sec                  
                64      page-faults               #    0.020 K/sec                  
   <not supported>      cycles                   
   <not supported>      stalled-cycles-frontend  
   <not supported>      stalled-cycles-backend   
   <not supported>      instructions             
   <not supported>      branches                 
   <not supported>      branch-misses            

       1.569887591 seconds time elapsed

MODO = sem I/O e alloc. memoria

 Performance counter stats for './mandelbrot_omp -2.5 1.5 -2.0 2.0 4096 2 sem':

       3136.545987      task-clock (msec)         #    1.999 CPUs utilized          
                 6      context-switches          #    0.002 K/sec                  
                 1      cpu-migrations            #    0.000 K/sec                  
                64      page-faults               #    0.020 K/sec                  
   <not supported>      cycles                   
   <not supported>      stalled-cycles-frontend  
   <not supported>      stalled-cycles-backend   
   <not supported>      instructions             
   <not supported>      branches                 
   <not supported>      branch-misses            

       1.568856809 seconds time elapsed

MODO = sem I/O e alloc. memoria

 Performance counter stats for './mandelbrot_omp -2.5 1.5 -2.0 2.0 4096 2 sem':

       3136.049630      task-clock (msec)         #    1.999 CPUs utilized          
                 4      context-switches          #    0.001 K/sec                  
                 1      cpu-migrations            #    0.000 K/sec                  
                64      page-faults               #    0.020 K/sec                  
   <not supported>      cycles                   
   <not supported>      stalled-cycles-frontend  
   <not supported>      stalled-cycles-backend   
   <not supported>      instructions             
   <not supported>      branches                 
   <not supported>      branch-misses            

       1.568611564 seconds time elapsed

MODO = sem I/O e alloc. memoria

 Performance counter stats for './mandelbrot_omp -2.5 1.5 -2.0 2.0 4096 2 sem':

       3136.738458      task-clock (msec)         #    1.999 CPUs utilized          
                 6      context-switches          #    0.002 K/sec                  
                 1      cpu-migrations            #    0.000 K/sec                  
                63      page-faults               #    0.020 K/sec                  
   <not supported>      cycles                   
   <not supported>      stalled-cycles-frontend  
   <not supported>      stalled-cycles-backend   
   <not supported>      instructions             
   <not supported>      branches                 
   <not supported>      branch-misses            

       1.568999457 seconds time elapsed

MODO = sem I/O e alloc. memoria

 Performance counter stats for './mandelbrot_omp -2.5 1.5 -2.0 2.0 4096 2 sem':

       3143.221644      task-clock (msec)         #    1.998 CPUs utilized          
                 4      context-switches          #    0.001 K/sec                  
                 1      cpu-migrations            #    0.000 K/sec                  
                64      page-faults               #    0.020 K/sec                  
   <not supported>      cycles                   
   <not supported>      stalled-cycles-frontend  
   <not supported>      stalled-cycles-backend   
   <not supported>      instructions             
   <not supported>      branches                 
   <not supported>      branch-misses            

       1.573381884 seconds time elapsed

MODO = sem I/O e alloc. memoria

 Performance counter stats for './mandelbrot_omp -2.5 1.5 -2.0 2.0 8192 2 sem':

      12525.964725      task-clock (msec)         #    1.999 CPUs utilized          
                23      context-switches          #    0.002 K/sec                  
                 1      cpu-migrations            #    0.000 K/sec                  
                64      page-faults               #    0.005 K/sec                  
   <not supported>      cycles                   
   <not supported>      stalled-cycles-frontend  
   <not supported>      stalled-cycles-backend   
   <not supported>      instructions             
   <not supported>      branches                 
   <not supported>      branch-misses            

       6.265522122 seconds time elapsed

MODO = sem I/O e alloc. memoria

 Performance counter stats for './mandelbrot_omp -2.5 1.5 -2.0 2.0 8192 2 sem':

      12533.874511      task-clock (msec)         #    1.999 CPUs utilized          
                22      context-switches          #    0.002 K/sec                  
                 1      cpu-migrations            #    0.000 K/sec                  
                63      page-faults               #    0.005 K/sec                  
   <not supported>      cycles                   
   <not supported>      stalled-cycles-frontend  
   <not supported>      stalled-cycles-backend   
   <not supported>      instructions             
   <not supported>      branches                 
   <not supported>      branch-misses            

       6.268965877 seconds time elapsed

MODO = sem I/O e alloc. memoria

 Performance counter stats for './mandelbrot_omp -2.5 1.5 -2.0 2.0 8192 2 sem':

      12538.161511      task-clock (msec)         #    2.000 CPUs utilized          
                24      context-switches          #    0.002 K/sec                  
                 1      cpu-migrations            #    0.000 K/sec                  
                63      page-faults               #    0.005 K/sec                  
   <not supported>      cycles                   
   <not supported>      stalled-cycles-frontend  
   <not supported>      stalled-cycles-backend   
   <not supported>      instructions             
   <not supported>      branches                 
   <not supported>      branch-misses            

       6.269901342 seconds time elapsed

MODO = sem I/O e alloc. memoria

 Performance counter stats for './mandelbrot_omp -2.5 1.5 -2.0 2.0 8192 2 sem':

      12538.066713      task-clock (msec)         #    1.999 CPUs utilized          
                23      context-switches          #    0.002 K/sec                  
                 1      cpu-migrations            #    0.000 K/sec                  
                64      page-faults               #    0.005 K/sec                  
   <not supported>      cycles                   
   <not supported>      stalled-cycles-frontend  
   <not supported>      stalled-cycles-backend   
   <not supported>      instructions             
   <not supported>      branches                 
   <not supported>      branch-misses            

       6.272922935 seconds time elapsed

MODO = sem I/O e alloc. memoria

 Performance counter stats for './mandelbrot_omp -2.5 1.5 -2.0 2.0 8192 2 sem':

      12583.169464      task-clock (msec)         #    1.991 CPUs utilized          
                22      context-switches          #    0.002 K/sec                  
                 1      cpu-migrations            #    0.000 K/sec                  
                63      page-faults               #    0.005 K/sec                  
   <not supported>      cycles                   
   <not supported>      stalled-cycles-frontend  
   <not supported>      stalled-cycles-backend   
   <not supported>      instructions             
   <not supported>      branches                 
   <not supported>      branch-misses            

       6.319284096 seconds time elapsed

MODO = sem I/O e alloc. memoria

 Performance counter stats for './mandelbrot_omp -2.5 1.5 -2.0 2.0 8192 2 sem':

      12529.758015      task-clock (msec)         #    1.999 CPUs utilized          
                21      context-switches          #    0.002 K/sec                  
                 1      cpu-migrations            #    0.000 K/sec                  
                64      page-faults               #    0.005 K/sec                  
   <not supported>      cycles                   
   <not supported>      stalled-cycles-frontend  
   <not supported>      stalled-cycles-backend   
   <not supported>      instructions             
   <not supported>      branches                 
   <not supported>      branch-misses            

       6.267369047 seconds time elapsed

MODO = sem I/O e alloc. memoria

 Performance counter stats for './mandelbrot_omp -2.5 1.5 -2.0 2.0 8192 2 sem':

      12523.792380      task-clock (msec)         #    2.000 CPUs utilized          
                23      context-switches          #    0.002 K/sec                  
                 1      cpu-migrations            #    0.000 K/sec                  
                64      page-faults               #    0.005 K/sec                  
   <not supported>      cycles                   
   <not supported>      stalled-cycles-frontend  
   <not supported>      stalled-cycles-backend   
   <not supported>      instructions             
   <not supported>      branches                 
   <not supported>      branch-misses            

       6.262977424 seconds time elapsed

MODO = sem I/O e alloc. memoria

 Performance counter stats for './mandelbrot_omp -2.5 1.5 -2.0 2.0 8192 2 sem':

      12523.454280      task-clock (msec)         #    1.999 CPUs utilized          
                22      context-switches          #    0.002 K/sec                  
                 1      cpu-migrations            #    0.000 K/sec                  
                63      page-faults               #    0.005 K/sec                  
   <not supported>      cycles                   
   <not supported>      stalled-cycles-frontend  
   <not supported>      stalled-cycles-backend   
   <not supported>      instructions             
   <not supported>      branches                 
   <not supported>      branch-misses            

       6.263532147 seconds time elapsed

MODO = sem I/O e alloc. memoria

 Performance counter stats for './mandelbrot_omp -2.5 1.5 -2.0 2.0 8192 2 sem':

      12525.868413      task-clock (msec)         #    2.000 CPUs utilized          
                25      context-switches          #    0.002 K/sec                  
                 1      cpu-migrations            #    0.000 K/sec                  
                64      page-faults               #    0.005 K/sec                  
   <not supported>      cycles                   
   <not supported>      stalled-cycles-frontend  
   <not supported>      stalled-cycles-backend   
   <not supported>      instructions             
   <not supported>      branches                 
   <not supported>      branch-misses            

       6.263845663 seconds time elapsed

MODO = sem I/O e alloc. memoria

 Performance counter stats for './mandelbrot_omp -2.5 1.5 -2.0 2.0 8192 2 sem':

      12518.160046      task-clock (msec)         #    2.000 CPUs utilized          
                20      context-switches          #    0.002 K/sec                  
                 1      cpu-migrations            #    0.000 K/sec                  
                63      page-faults               #    0.005 K/sec                  
   <not supported>      cycles                   
   <not supported>      stalled-cycles-frontend  
   <not supported>      stalled-cycles-backend   
   <not supported>      instructions             
   <not supported>      branches                 
   <not supported>      branch-misses            

       6.259837072 seconds time elapsed

