MODO = sem I/O e alloc. memoria

 Performance counter stats for './mandelbrot_omp -0.8 -0.7 0.05 0.15 16 2 sem':

          0.867360      task-clock (msec)         #    0.933 CPUs utilized          
                 0      context-switches          #    0.000 K/sec                  
                 1      cpu-migrations            #    0.001 M/sec                  
                64      page-faults               #    0.074 M/sec                  
   <not supported>      cycles                   
   <not supported>      stalled-cycles-frontend  
   <not supported>      stalled-cycles-backend   
   <not supported>      instructions             
   <not supported>      branches                 
   <not supported>      branch-misses            

       0.000929369 seconds time elapsed

MODO = sem I/O e alloc. memoria

 Performance counter stats for './mandelbrot_omp -0.8 -0.7 0.05 0.15 16 2 sem':

          0.864897      task-clock (msec)         #    0.934 CPUs utilized          
                 0      context-switches          #    0.000 K/sec                  
                 1      cpu-migrations            #    0.001 M/sec                  
                63      page-faults               #    0.073 M/sec                  
   <not supported>      cycles                   
   <not supported>      stalled-cycles-frontend  
   <not supported>      stalled-cycles-backend   
   <not supported>      instructions             
   <not supported>      branches                 
   <not supported>      branch-misses            

       0.000926001 seconds time elapsed

MODO = sem I/O e alloc. memoria

 Performance counter stats for './mandelbrot_omp -0.8 -0.7 0.05 0.15 16 2 sem':

          0.863874      task-clock (msec)         #    0.938 CPUs utilized          
                 0      context-switches          #    0.000 K/sec                  
                 1      cpu-migrations            #    0.001 M/sec                  
                64      page-faults               #    0.074 M/sec                  
   <not supported>      cycles                   
   <not supported>      stalled-cycles-frontend  
   <not supported>      stalled-cycles-backend   
   <not supported>      instructions             
   <not supported>      branches                 
   <not supported>      branch-misses            

       0.000921375 seconds time elapsed

MODO = sem I/O e alloc. memoria

 Performance counter stats for './mandelbrot_omp -0.8 -0.7 0.05 0.15 16 2 sem':

          0.836902      task-clock (msec)         #    0.939 CPUs utilized          
                 0      context-switches          #    0.000 K/sec                  
                 1      cpu-migrations            #    0.001 M/sec                  
                64      page-faults               #    0.076 M/sec                  
   <not supported>      cycles                   
   <not supported>      stalled-cycles-frontend  
   <not supported>      stalled-cycles-backend   
   <not supported>      instructions             
   <not supported>      branches                 
   <not supported>      branch-misses            

       0.000891424 seconds time elapsed

MODO = sem I/O e alloc. memoria

 Performance counter stats for './mandelbrot_omp -0.8 -0.7 0.05 0.15 16 2 sem':

          0.845846      task-clock (msec)         #    0.926 CPUs utilized          
                 0      context-switches          #    0.000 K/sec                  
                 1      cpu-migrations            #    0.001 M/sec                  
                63      page-faults               #    0.074 M/sec                  
   <not supported>      cycles                   
   <not supported>      stalled-cycles-frontend  
   <not supported>      stalled-cycles-backend   
   <not supported>      instructions             
   <not supported>      branches                 
   <not supported>      branch-misses            

       0.000913550 seconds time elapsed

MODO = sem I/O e alloc. memoria

 Performance counter stats for './mandelbrot_omp -0.8 -0.7 0.05 0.15 16 2 sem':

          0.887287      task-clock (msec)         #    0.950 CPUs utilized          
                 0      context-switches          #    0.000 K/sec                  
                 1      cpu-migrations            #    0.001 M/sec                  
                61      page-faults               #    0.069 M/sec                  
   <not supported>      cycles                   
   <not supported>      stalled-cycles-frontend  
   <not supported>      stalled-cycles-backend   
   <not supported>      instructions             
   <not supported>      branches                 
   <not supported>      branch-misses            

       0.000934088 seconds time elapsed

MODO = sem I/O e alloc. memoria

 Performance counter stats for './mandelbrot_omp -0.8 -0.7 0.05 0.15 16 2 sem':

          0.865165      task-clock (msec)         #    0.931 CPUs utilized          
                 0      context-switches          #    0.000 K/sec                  
                 1      cpu-migrations            #    0.001 M/sec                  
                63      page-faults               #    0.073 M/sec                  
   <not supported>      cycles                   
   <not supported>      stalled-cycles-frontend  
   <not supported>      stalled-cycles-backend   
   <not supported>      instructions             
   <not supported>      branches                 
   <not supported>      branch-misses            

       0.000929527 seconds time elapsed

MODO = sem I/O e alloc. memoria

 Performance counter stats for './mandelbrot_omp -0.8 -0.7 0.05 0.15 16 2 sem':

          0.857261      task-clock (msec)         #    0.944 CPUs utilized          
                 0      context-switches          #    0.000 K/sec                  
                 1      cpu-migrations            #    0.001 M/sec                  
                63      page-faults               #    0.073 M/sec                  
   <not supported>      cycles                   
   <not supported>      stalled-cycles-frontend  
   <not supported>      stalled-cycles-backend   
   <not supported>      instructions             
   <not supported>      branches                 
   <not supported>      branch-misses            

       0.000908405 seconds time elapsed

MODO = sem I/O e alloc. memoria

 Performance counter stats for './mandelbrot_omp -0.8 -0.7 0.05 0.15 16 2 sem':

          0.838498      task-clock (msec)         #    0.943 CPUs utilized          
                 0      context-switches          #    0.000 K/sec                  
                 1      cpu-migrations            #    0.001 M/sec                  
                63      page-faults               #    0.075 M/sec                  
   <not supported>      cycles                   
   <not supported>      stalled-cycles-frontend  
   <not supported>      stalled-cycles-backend   
   <not supported>      instructions             
   <not supported>      branches                 
   <not supported>      branch-misses            

       0.000889513 seconds time elapsed

MODO = sem I/O e alloc. memoria

 Performance counter stats for './mandelbrot_omp -0.8 -0.7 0.05 0.15 16 2 sem':

          0.850761      task-clock (msec)         #    0.939 CPUs utilized          
                 0      context-switches          #    0.000 K/sec                  
                 1      cpu-migrations            #    0.001 M/sec                  
                63      page-faults               #    0.074 M/sec                  
   <not supported>      cycles                   
   <not supported>      stalled-cycles-frontend  
   <not supported>      stalled-cycles-backend   
   <not supported>      instructions             
   <not supported>      branches                 
   <not supported>      branch-misses            

       0.000906280 seconds time elapsed

MODO = sem I/O e alloc. memoria

 Performance counter stats for './mandelbrot_omp -0.8 -0.7 0.05 0.15 32 2 sem':

          1.983872      task-clock (msec)         #    1.318 CPUs utilized          
                 0      context-switches          #    0.000 K/sec                  
                 1      cpu-migrations            #    0.504 K/sec                  
                64      page-faults               #    0.032 M/sec                  
   <not supported>      cycles                   
   <not supported>      stalled-cycles-frontend  
   <not supported>      stalled-cycles-backend   
   <not supported>      instructions             
   <not supported>      branches                 
   <not supported>      branch-misses            

       0.001505708 seconds time elapsed

MODO = sem I/O e alloc. memoria

 Performance counter stats for './mandelbrot_omp -0.8 -0.7 0.05 0.15 32 2 sem':

          1.959803      task-clock (msec)         #    1.323 CPUs utilized          
                 0      context-switches          #    0.000 K/sec                  
                 1      cpu-migrations            #    0.510 K/sec                  
                64      page-faults               #    0.033 M/sec                  
   <not supported>      cycles                   
   <not supported>      stalled-cycles-frontend  
   <not supported>      stalled-cycles-backend   
   <not supported>      instructions             
   <not supported>      branches                 
   <not supported>      branch-misses            

       0.001481762 seconds time elapsed

MODO = sem I/O e alloc. memoria

 Performance counter stats for './mandelbrot_omp -0.8 -0.7 0.05 0.15 32 2 sem':

          1.939187      task-clock (msec)         #    1.282 CPUs utilized          
                 0      context-switches          #    0.000 K/sec                  
                 1      cpu-migrations            #    0.516 K/sec                  
                64      page-faults               #    0.033 M/sec                  
   <not supported>      cycles                   
   <not supported>      stalled-cycles-frontend  
   <not supported>      stalled-cycles-backend   
   <not supported>      instructions             
   <not supported>      branches                 
   <not supported>      branch-misses            

       0.001512885 seconds time elapsed

MODO = sem I/O e alloc. memoria

 Performance counter stats for './mandelbrot_omp -0.8 -0.7 0.05 0.15 32 2 sem':

          2.013274      task-clock (msec)         #    1.304 CPUs utilized          
                 0      context-switches          #    0.000 K/sec                  
                 1      cpu-migrations            #    0.497 K/sec                  
                62      page-faults               #    0.031 M/sec                  
   <not supported>      cycles                   
   <not supported>      stalled-cycles-frontend  
   <not supported>      stalled-cycles-backend   
   <not supported>      instructions             
   <not supported>      branches                 
   <not supported>      branch-misses            

       0.001544406 seconds time elapsed

MODO = sem I/O e alloc. memoria

 Performance counter stats for './mandelbrot_omp -0.8 -0.7 0.05 0.15 32 2 sem':

          1.990437      task-clock (msec)         #    1.295 CPUs utilized          
                 0      context-switches          #    0.000 K/sec                  
                 1      cpu-migrations            #    0.502 K/sec                  
                61      page-faults               #    0.031 M/sec                  
   <not supported>      cycles                   
   <not supported>      stalled-cycles-frontend  
   <not supported>      stalled-cycles-backend   
   <not supported>      instructions             
   <not supported>      branches                 
   <not supported>      branch-misses            

       0.001537078 seconds time elapsed

MODO = sem I/O e alloc. memoria

 Performance counter stats for './mandelbrot_omp -0.8 -0.7 0.05 0.15 32 2 sem':

          2.077561      task-clock (msec)         #    1.302 CPUs utilized          
                 0      context-switches          #    0.000 K/sec                  
                 1      cpu-migrations            #    0.481 K/sec                  
                62      page-faults               #    0.030 M/sec                  
   <not supported>      cycles                   
   <not supported>      stalled-cycles-frontend  
   <not supported>      stalled-cycles-backend   
   <not supported>      instructions             
   <not supported>      branches                 
   <not supported>      branch-misses            

       0.001595741 seconds time elapsed

MODO = sem I/O e alloc. memoria

 Performance counter stats for './mandelbrot_omp -0.8 -0.7 0.05 0.15 32 2 sem':

          2.095127      task-clock (msec)         #    1.308 CPUs utilized          
                 0      context-switches          #    0.000 K/sec                  
                 1      cpu-migrations            #    0.477 K/sec                  
                61      page-faults               #    0.029 M/sec                  
   <not supported>      cycles                   
   <not supported>      stalled-cycles-frontend  
   <not supported>      stalled-cycles-backend   
   <not supported>      instructions             
   <not supported>      branches                 
   <not supported>      branch-misses            

       0.001601546 seconds time elapsed

MODO = sem I/O e alloc. memoria

 Performance counter stats for './mandelbrot_omp -0.8 -0.7 0.05 0.15 32 2 sem':

          2.049667      task-clock (msec)         #    1.289 CPUs utilized          
                 0      context-switches          #    0.000 K/sec                  
                 1      cpu-migrations            #    0.488 K/sec                  
                64      page-faults               #    0.031 M/sec                  
   <not supported>      cycles                   
   <not supported>      stalled-cycles-frontend  
   <not supported>      stalled-cycles-backend   
   <not supported>      instructions             
   <not supported>      branches                 
   <not supported>      branch-misses            

       0.001590389 seconds time elapsed

MODO = sem I/O e alloc. memoria

 Performance counter stats for './mandelbrot_omp -0.8 -0.7 0.05 0.15 32 2 sem':

          2.162028      task-clock (msec)         #    1.253 CPUs utilized          
                 0      context-switches          #    0.000 K/sec                  
                 1      cpu-migrations            #    0.463 K/sec                  
                63      page-faults               #    0.029 M/sec                  
   <not supported>      cycles                   
   <not supported>      stalled-cycles-frontend  
   <not supported>      stalled-cycles-backend   
   <not supported>      instructions             
   <not supported>      branches                 
   <not supported>      branch-misses            

       0.001725345 seconds time elapsed

MODO = sem I/O e alloc. memoria

 Performance counter stats for './mandelbrot_omp -0.8 -0.7 0.05 0.15 32 2 sem':

          2.087623      task-clock (msec)         #    1.238 CPUs utilized          
                 0      context-switches          #    0.000 K/sec                  
                 1      cpu-migrations            #    0.479 K/sec                  
                64      page-faults               #    0.031 M/sec                  
   <not supported>      cycles                   
   <not supported>      stalled-cycles-frontend  
   <not supported>      stalled-cycles-backend   
   <not supported>      instructions             
   <not supported>      branches                 
   <not supported>      branch-misses            

       0.001686579 seconds time elapsed

MODO = sem I/O e alloc. memoria

 Performance counter stats for './mandelbrot_omp -0.8 -0.7 0.05 0.15 64 2 sem':

          6.662353      task-clock (msec)         #    1.684 CPUs utilized          
                 0      context-switches          #    0.000 K/sec                  
                 1      cpu-migrations            #    0.150 K/sec                  
                62      page-faults               #    0.009 M/sec                  
   <not supported>      cycles                   
   <not supported>      stalled-cycles-frontend  
   <not supported>      stalled-cycles-backend   
   <not supported>      instructions             
   <not supported>      branches                 
   <not supported>      branch-misses            

       0.003957394 seconds time elapsed

MODO = sem I/O e alloc. memoria

 Performance counter stats for './mandelbrot_omp -0.8 -0.7 0.05 0.15 64 2 sem':

          6.627189      task-clock (msec)         #    1.691 CPUs utilized          
                 0      context-switches          #    0.000 K/sec                  
                 1      cpu-migrations            #    0.151 K/sec                  
                63      page-faults               #    0.010 M/sec                  
   <not supported>      cycles                   
   <not supported>      stalled-cycles-frontend  
   <not supported>      stalled-cycles-backend   
   <not supported>      instructions             
   <not supported>      branches                 
   <not supported>      branch-misses            

       0.003918636 seconds time elapsed

MODO = sem I/O e alloc. memoria

 Performance counter stats for './mandelbrot_omp -0.8 -0.7 0.05 0.15 64 2 sem':

          6.755571      task-clock (msec)         #    1.689 CPUs utilized          
                 0      context-switches          #    0.000 K/sec                  
                 1      cpu-migrations            #    0.148 K/sec                  
                64      page-faults               #    0.009 M/sec                  
   <not supported>      cycles                   
   <not supported>      stalled-cycles-frontend  
   <not supported>      stalled-cycles-backend   
   <not supported>      instructions             
   <not supported>      branches                 
   <not supported>      branch-misses            

       0.003999634 seconds time elapsed

MODO = sem I/O e alloc. memoria

 Performance counter stats for './mandelbrot_omp -0.8 -0.7 0.05 0.15 64 2 sem':

          6.545923      task-clock (msec)         #    1.681 CPUs utilized          
                 0      context-switches          #    0.000 K/sec                  
                 1      cpu-migrations            #    0.153 K/sec                  
                61      page-faults               #    0.009 M/sec                  
   <not supported>      cycles                   
   <not supported>      stalled-cycles-frontend  
   <not supported>      stalled-cycles-backend   
   <not supported>      instructions             
   <not supported>      branches                 
   <not supported>      branch-misses            

       0.003895199 seconds time elapsed

MODO = sem I/O e alloc. memoria

 Performance counter stats for './mandelbrot_omp -0.8 -0.7 0.05 0.15 64 2 sem':

          6.802687      task-clock (msec)         #    1.623 CPUs utilized          
                 0      context-switches          #    0.000 K/sec                  
                 1      cpu-migrations            #    0.147 K/sec                  
                64      page-faults               #    0.009 M/sec                  
   <not supported>      cycles                   
   <not supported>      stalled-cycles-frontend  
   <not supported>      stalled-cycles-backend   
   <not supported>      instructions             
   <not supported>      branches                 
   <not supported>      branch-misses            

       0.004190792 seconds time elapsed

MODO = sem I/O e alloc. memoria

 Performance counter stats for './mandelbrot_omp -0.8 -0.7 0.05 0.15 64 2 sem':

          6.790391      task-clock (msec)         #    1.669 CPUs utilized          
                 0      context-switches          #    0.000 K/sec                  
                 1      cpu-migrations            #    0.147 K/sec                  
                63      page-faults               #    0.009 M/sec                  
   <not supported>      cycles                   
   <not supported>      stalled-cycles-frontend  
   <not supported>      stalled-cycles-backend   
   <not supported>      instructions             
   <not supported>      branches                 
   <not supported>      branch-misses            

       0.004067965 seconds time elapsed

MODO = sem I/O e alloc. memoria

 Performance counter stats for './mandelbrot_omp -0.8 -0.7 0.05 0.15 64 2 sem':

          6.943014      task-clock (msec)         #    1.737 CPUs utilized          
                 0      context-switches          #    0.000 K/sec                  
                 1      cpu-migrations            #    0.144 K/sec                  
                64      page-faults               #    0.009 M/sec                  
   <not supported>      cycles                   
   <not supported>      stalled-cycles-frontend  
   <not supported>      stalled-cycles-backend   
   <not supported>      instructions             
   <not supported>      branches                 
   <not supported>      branch-misses            

       0.003997607 seconds time elapsed

MODO = sem I/O e alloc. memoria

 Performance counter stats for './mandelbrot_omp -0.8 -0.7 0.05 0.15 64 2 sem':

          6.655537      task-clock (msec)         #    1.733 CPUs utilized          
                 0      context-switches          #    0.000 K/sec                  
                 1      cpu-migrations            #    0.150 K/sec                  
                62      page-faults               #    0.009 M/sec                  
   <not supported>      cycles                   
   <not supported>      stalled-cycles-frontend  
   <not supported>      stalled-cycles-backend   
   <not supported>      instructions             
   <not supported>      branches                 
   <not supported>      branch-misses            

       0.003841579 seconds time elapsed

MODO = sem I/O e alloc. memoria

 Performance counter stats for './mandelbrot_omp -0.8 -0.7 0.05 0.15 64 2 sem':

          6.541739      task-clock (msec)         #    1.734 CPUs utilized          
                 0      context-switches          #    0.000 K/sec                  
                 1      cpu-migrations            #    0.153 K/sec                  
                64      page-faults               #    0.010 M/sec                  
   <not supported>      cycles                   
   <not supported>      stalled-cycles-frontend  
   <not supported>      stalled-cycles-backend   
   <not supported>      instructions             
   <not supported>      branches                 
   <not supported>      branch-misses            

       0.003772662 seconds time elapsed

MODO = sem I/O e alloc. memoria

 Performance counter stats for './mandelbrot_omp -0.8 -0.7 0.05 0.15 64 2 sem':

          6.591450      task-clock (msec)         #    1.747 CPUs utilized          
                 0      context-switches          #    0.000 K/sec                  
                 1      cpu-migrations            #    0.152 K/sec                  
                63      page-faults               #    0.010 M/sec                  
   <not supported>      cycles                   
   <not supported>      stalled-cycles-frontend  
   <not supported>      stalled-cycles-backend   
   <not supported>      instructions             
   <not supported>      branches                 
   <not supported>      branch-misses            

       0.003773016 seconds time elapsed

MODO = sem I/O e alloc. memoria

 Performance counter stats for './mandelbrot_omp -0.8 -0.7 0.05 0.15 128 2 sem':

         24.220214      task-clock (msec)         #    1.917 CPUs utilized          
                 0      context-switches          #    0.000 K/sec                  
                 1      cpu-migrations            #    0.041 K/sec                  
                62      page-faults               #    0.003 M/sec                  
   <not supported>      cycles                   
   <not supported>      stalled-cycles-frontend  
   <not supported>      stalled-cycles-backend   
   <not supported>      instructions             
   <not supported>      branches                 
   <not supported>      branch-misses            

       0.012631421 seconds time elapsed

MODO = sem I/O e alloc. memoria

 Performance counter stats for './mandelbrot_omp -0.8 -0.7 0.05 0.15 128 2 sem':

         24.118207      task-clock (msec)         #    1.908 CPUs utilized          
                 1      context-switches          #    0.041 K/sec                  
                 1      cpu-migrations            #    0.041 K/sec                  
                64      page-faults               #    0.003 M/sec                  
   <not supported>      cycles                   
   <not supported>      stalled-cycles-frontend  
   <not supported>      stalled-cycles-backend   
   <not supported>      instructions             
   <not supported>      branches                 
   <not supported>      branch-misses            

       0.012641040 seconds time elapsed

MODO = sem I/O e alloc. memoria

 Performance counter stats for './mandelbrot_omp -0.8 -0.7 0.05 0.15 128 2 sem':

         24.034179      task-clock (msec)         #    1.914 CPUs utilized          
                 1      context-switches          #    0.042 K/sec                  
                 1      cpu-migrations            #    0.042 K/sec                  
                64      page-faults               #    0.003 M/sec                  
   <not supported>      cycles                   
   <not supported>      stalled-cycles-frontend  
   <not supported>      stalled-cycles-backend   
   <not supported>      instructions             
   <not supported>      branches                 
   <not supported>      branch-misses            

       0.012558408 seconds time elapsed

MODO = sem I/O e alloc. memoria

 Performance counter stats for './mandelbrot_omp -0.8 -0.7 0.05 0.15 128 2 sem':

         23.781036      task-clock (msec)         #    1.925 CPUs utilized          
                 0      context-switches          #    0.000 K/sec                  
                 1      cpu-migrations            #    0.042 K/sec                  
                62      page-faults               #    0.003 M/sec                  
   <not supported>      cycles                   
   <not supported>      stalled-cycles-frontend  
   <not supported>      stalled-cycles-backend   
   <not supported>      instructions             
   <not supported>      branches                 
   <not supported>      branch-misses            

       0.012351738 seconds time elapsed

MODO = sem I/O e alloc. memoria

 Performance counter stats for './mandelbrot_omp -0.8 -0.7 0.05 0.15 128 2 sem':

         24.169850      task-clock (msec)         #    1.923 CPUs utilized          
                 1      context-switches          #    0.041 K/sec                  
                 1      cpu-migrations            #    0.041 K/sec                  
                64      page-faults               #    0.003 M/sec                  
   <not supported>      cycles                   
   <not supported>      stalled-cycles-frontend  
   <not supported>      stalled-cycles-backend   
   <not supported>      instructions             
   <not supported>      branches                 
   <not supported>      branch-misses            

       0.012571583 seconds time elapsed

MODO = sem I/O e alloc. memoria

 Performance counter stats for './mandelbrot_omp -0.8 -0.7 0.05 0.15 128 2 sem':

         23.904031      task-clock (msec)         #    1.922 CPUs utilized          
                 0      context-switches          #    0.000 K/sec                  
                 1      cpu-migrations            #    0.042 K/sec                  
                64      page-faults               #    0.003 M/sec                  
   <not supported>      cycles                   
   <not supported>      stalled-cycles-frontend  
   <not supported>      stalled-cycles-backend   
   <not supported>      instructions             
   <not supported>      branches                 
   <not supported>      branch-misses            

       0.012439739 seconds time elapsed

MODO = sem I/O e alloc. memoria

 Performance counter stats for './mandelbrot_omp -0.8 -0.7 0.05 0.15 128 2 sem':

         26.100039      task-clock (msec)         #    1.916 CPUs utilized          
                 0      context-switches          #    0.000 K/sec                  
                 1      cpu-migrations            #    0.038 K/sec                  
                63      page-faults               #    0.002 M/sec                  
   <not supported>      cycles                   
   <not supported>      stalled-cycles-frontend  
   <not supported>      stalled-cycles-backend   
   <not supported>      instructions             
   <not supported>      branches                 
   <not supported>      branch-misses            

       0.013619627 seconds time elapsed

MODO = sem I/O e alloc. memoria

 Performance counter stats for './mandelbrot_omp -0.8 -0.7 0.05 0.15 128 2 sem':

         26.620035      task-clock (msec)         #    1.911 CPUs utilized          
                 0      context-switches          #    0.000 K/sec                  
                 1      cpu-migrations            #    0.038 K/sec                  
                64      page-faults               #    0.002 M/sec                  
   <not supported>      cycles                   
   <not supported>      stalled-cycles-frontend  
   <not supported>      stalled-cycles-backend   
   <not supported>      instructions             
   <not supported>      branches                 
   <not supported>      branch-misses            

       0.013927938 seconds time elapsed

MODO = sem I/O e alloc. memoria

 Performance counter stats for './mandelbrot_omp -0.8 -0.7 0.05 0.15 128 2 sem':

         26.282975      task-clock (msec)         #    1.928 CPUs utilized          
                 0      context-switches          #    0.000 K/sec                  
                 1      cpu-migrations            #    0.038 K/sec                  
                63      page-faults               #    0.002 M/sec                  
   <not supported>      cycles                   
   <not supported>      stalled-cycles-frontend  
   <not supported>      stalled-cycles-backend   
   <not supported>      instructions             
   <not supported>      branches                 
   <not supported>      branch-misses            

       0.013635253 seconds time elapsed

MODO = sem I/O e alloc. memoria

 Performance counter stats for './mandelbrot_omp -0.8 -0.7 0.05 0.15 128 2 sem':

         26.543866      task-clock (msec)         #    1.919 CPUs utilized          
                 1      context-switches          #    0.038 K/sec                  
                 1      cpu-migrations            #    0.038 K/sec                  
                63      page-faults               #    0.002 M/sec                  
   <not supported>      cycles                   
   <not supported>      stalled-cycles-frontend  
   <not supported>      stalled-cycles-backend   
   <not supported>      instructions             
   <not supported>      branches                 
   <not supported>      branch-misses            

       0.013833885 seconds time elapsed

MODO = sem I/O e alloc. memoria

 Performance counter stats for './mandelbrot_omp -0.8 -0.7 0.05 0.15 256 2 sem':

         99.557679      task-clock (msec)         #    1.904 CPUs utilized          
                 1      context-switches          #    0.010 K/sec                  
                 1      cpu-migrations            #    0.010 K/sec                  
                64      page-faults               #    0.643 K/sec                  
   <not supported>      cycles                   
   <not supported>      stalled-cycles-frontend  
   <not supported>      stalled-cycles-backend   
   <not supported>      instructions             
   <not supported>      branches                 
   <not supported>      branch-misses            

       0.052278736 seconds time elapsed

MODO = sem I/O e alloc. memoria

 Performance counter stats for './mandelbrot_omp -0.8 -0.7 0.05 0.15 256 2 sem':

         99.715684      task-clock (msec)         #    1.907 CPUs utilized          
                 1      context-switches          #    0.010 K/sec                  
                 1      cpu-migrations            #    0.010 K/sec                  
                63      page-faults               #    0.632 K/sec                  
   <not supported>      cycles                   
   <not supported>      stalled-cycles-frontend  
   <not supported>      stalled-cycles-backend   
   <not supported>      instructions             
   <not supported>      branches                 
   <not supported>      branch-misses            

       0.052281998 seconds time elapsed

MODO = sem I/O e alloc. memoria

 Performance counter stats for './mandelbrot_omp -0.8 -0.7 0.05 0.15 256 2 sem':

         91.866074      task-clock (msec)         #    1.979 CPUs utilized          
                 0      context-switches          #    0.000 K/sec                  
                 1      cpu-migrations            #    0.011 K/sec                  
                62      page-faults               #    0.675 K/sec                  
   <not supported>      cycles                   
   <not supported>      stalled-cycles-frontend  
   <not supported>      stalled-cycles-backend   
   <not supported>      instructions             
   <not supported>      branches                 
   <not supported>      branch-misses            

       0.046418241 seconds time elapsed

MODO = sem I/O e alloc. memoria

 Performance counter stats for './mandelbrot_omp -0.8 -0.7 0.05 0.15 256 2 sem':

         91.833651      task-clock (msec)         #    1.979 CPUs utilized          
                 0      context-switches          #    0.000 K/sec                  
                 1      cpu-migrations            #    0.011 K/sec                  
                63      page-faults               #    0.686 K/sec                  
   <not supported>      cycles                   
   <not supported>      stalled-cycles-frontend  
   <not supported>      stalled-cycles-backend   
   <not supported>      instructions             
   <not supported>      branches                 
   <not supported>      branch-misses            

       0.046413889 seconds time elapsed

MODO = sem I/O e alloc. memoria

 Performance counter stats for './mandelbrot_omp -0.8 -0.7 0.05 0.15 256 2 sem':

         91.905797      task-clock (msec)         #    1.979 CPUs utilized          
                 0      context-switches          #    0.000 K/sec                  
                 1      cpu-migrations            #    0.011 K/sec                  
                63      page-faults               #    0.685 K/sec                  
   <not supported>      cycles                   
   <not supported>      stalled-cycles-frontend  
   <not supported>      stalled-cycles-backend   
   <not supported>      instructions             
   <not supported>      branches                 
   <not supported>      branch-misses            

       0.046435630 seconds time elapsed

MODO = sem I/O e alloc. memoria

 Performance counter stats for './mandelbrot_omp -0.8 -0.7 0.05 0.15 256 2 sem':

         91.786260      task-clock (msec)         #    1.979 CPUs utilized          
                 0      context-switches          #    0.000 K/sec                  
                 1      cpu-migrations            #    0.011 K/sec                  
                63      page-faults               #    0.686 K/sec                  
   <not supported>      cycles                   
   <not supported>      stalled-cycles-frontend  
   <not supported>      stalled-cycles-backend   
   <not supported>      instructions             
   <not supported>      branches                 
   <not supported>      branch-misses            

       0.046369352 seconds time elapsed

MODO = sem I/O e alloc. memoria

 Performance counter stats for './mandelbrot_omp -0.8 -0.7 0.05 0.15 256 2 sem':

         92.158251      task-clock (msec)         #    1.980 CPUs utilized          
                 0      context-switches          #    0.000 K/sec                  
                 1      cpu-migrations            #    0.011 K/sec                  
                63      page-faults               #    0.684 K/sec                  
   <not supported>      cycles                   
   <not supported>      stalled-cycles-frontend  
   <not supported>      stalled-cycles-backend   
   <not supported>      instructions             
   <not supported>      branches                 
   <not supported>      branch-misses            

       0.046536621 seconds time elapsed

MODO = sem I/O e alloc. memoria

 Performance counter stats for './mandelbrot_omp -0.8 -0.7 0.05 0.15 256 2 sem':

         91.889827      task-clock (msec)         #    1.979 CPUs utilized          
                 0      context-switches          #    0.000 K/sec                  
                 1      cpu-migrations            #    0.011 K/sec                  
                63      page-faults               #    0.686 K/sec                  
   <not supported>      cycles                   
   <not supported>      stalled-cycles-frontend  
   <not supported>      stalled-cycles-backend   
   <not supported>      instructions             
   <not supported>      branches                 
   <not supported>      branch-misses            

       0.046432029 seconds time elapsed

MODO = sem I/O e alloc. memoria

 Performance counter stats for './mandelbrot_omp -0.8 -0.7 0.05 0.15 256 2 sem':

         91.852286      task-clock (msec)         #    1.980 CPUs utilized          
                 0      context-switches          #    0.000 K/sec                  
                 1      cpu-migrations            #    0.011 K/sec                  
                64      page-faults               #    0.697 K/sec                  
   <not supported>      cycles                   
   <not supported>      stalled-cycles-frontend  
   <not supported>      stalled-cycles-backend   
   <not supported>      instructions             
   <not supported>      branches                 
   <not supported>      branch-misses            

       0.046392843 seconds time elapsed

MODO = sem I/O e alloc. memoria

 Performance counter stats for './mandelbrot_omp -0.8 -0.7 0.05 0.15 256 2 sem':

         91.693473      task-clock (msec)         #    1.978 CPUs utilized          
                 0      context-switches          #    0.000 K/sec                  
                 1      cpu-migrations            #    0.011 K/sec                  
                63      page-faults               #    0.687 K/sec                  
   <not supported>      cycles                   
   <not supported>      stalled-cycles-frontend  
   <not supported>      stalled-cycles-backend   
   <not supported>      instructions             
   <not supported>      branches                 
   <not supported>      branch-misses            

       0.046344969 seconds time elapsed

MODO = sem I/O e alloc. memoria

 Performance counter stats for './mandelbrot_omp -0.8 -0.7 0.05 0.15 512 2 sem':

        364.790621      task-clock (msec)         #    1.994 CPUs utilized          
                 5      context-switches          #    0.014 K/sec                  
                 1      cpu-migrations            #    0.003 K/sec                  
                64      page-faults               #    0.175 K/sec                  
   <not supported>      cycles                   
   <not supported>      stalled-cycles-frontend  
   <not supported>      stalled-cycles-backend   
   <not supported>      instructions             
   <not supported>      branches                 
   <not supported>      branch-misses            

       0.182907175 seconds time elapsed

MODO = sem I/O e alloc. memoria

 Performance counter stats for './mandelbrot_omp -0.8 -0.7 0.05 0.15 512 2 sem':

        365.581130      task-clock (msec)         #    1.995 CPUs utilized          
                 0      context-switches          #    0.000 K/sec                  
                 1      cpu-migrations            #    0.003 K/sec                  
                64      page-faults               #    0.175 K/sec                  
   <not supported>      cycles                   
   <not supported>      stalled-cycles-frontend  
   <not supported>      stalled-cycles-backend   
   <not supported>      instructions             
   <not supported>      branches                 
   <not supported>      branch-misses            

       0.183273061 seconds time elapsed

MODO = sem I/O e alloc. memoria

 Performance counter stats for './mandelbrot_omp -0.8 -0.7 0.05 0.15 512 2 sem':

        365.038420      task-clock (msec)         #    1.995 CPUs utilized          
                 0      context-switches          #    0.000 K/sec                  
                 1      cpu-migrations            #    0.003 K/sec                  
                63      page-faults               #    0.173 K/sec                  
   <not supported>      cycles                   
   <not supported>      stalled-cycles-frontend  
   <not supported>      stalled-cycles-backend   
   <not supported>      instructions             
   <not supported>      branches                 
   <not supported>      branch-misses            

       0.182986603 seconds time elapsed

MODO = sem I/O e alloc. memoria

 Performance counter stats for './mandelbrot_omp -0.8 -0.7 0.05 0.15 512 2 sem':

        365.282628      task-clock (msec)         #    1.995 CPUs utilized          
                 0      context-switches          #    0.000 K/sec                  
                 1      cpu-migrations            #    0.003 K/sec                  
                64      page-faults               #    0.175 K/sec                  
   <not supported>      cycles                   
   <not supported>      stalled-cycles-frontend  
   <not supported>      stalled-cycles-backend   
   <not supported>      instructions             
   <not supported>      branches                 
   <not supported>      branch-misses            

       0.183131518 seconds time elapsed

MODO = sem I/O e alloc. memoria

 Performance counter stats for './mandelbrot_omp -0.8 -0.7 0.05 0.15 512 2 sem':

        364.570976      task-clock (msec)         #    1.995 CPUs utilized          
                 0      context-switches          #    0.000 K/sec                  
                 1      cpu-migrations            #    0.003 K/sec                  
                62      page-faults               #    0.170 K/sec                  
   <not supported>      cycles                   
   <not supported>      stalled-cycles-frontend  
   <not supported>      stalled-cycles-backend   
   <not supported>      instructions             
   <not supported>      branches                 
   <not supported>      branch-misses            

       0.182749008 seconds time elapsed

MODO = sem I/O e alloc. memoria

 Performance counter stats for './mandelbrot_omp -0.8 -0.7 0.05 0.15 512 2 sem':

        364.965918      task-clock (msec)         #    1.994 CPUs utilized          
                 2      context-switches          #    0.005 K/sec                  
                 1      cpu-migrations            #    0.003 K/sec                  
                63      page-faults               #    0.173 K/sec                  
   <not supported>      cycles                   
   <not supported>      stalled-cycles-frontend  
   <not supported>      stalled-cycles-backend   
   <not supported>      instructions             
   <not supported>      branches                 
   <not supported>      branch-misses            

       0.182992939 seconds time elapsed

MODO = sem I/O e alloc. memoria

 Performance counter stats for './mandelbrot_omp -0.8 -0.7 0.05 0.15 512 2 sem':

        364.941389      task-clock (msec)         #    1.995 CPUs utilized          
                 0      context-switches          #    0.000 K/sec                  
                 1      cpu-migrations            #    0.003 K/sec                  
                64      page-faults               #    0.175 K/sec                  
   <not supported>      cycles                   
   <not supported>      stalled-cycles-frontend  
   <not supported>      stalled-cycles-backend   
   <not supported>      instructions             
   <not supported>      branches                 
   <not supported>      branch-misses            

       0.182952617 seconds time elapsed

MODO = sem I/O e alloc. memoria

 Performance counter stats for './mandelbrot_omp -0.8 -0.7 0.05 0.15 512 2 sem':

        364.851296      task-clock (msec)         #    1.995 CPUs utilized          
                 0      context-switches          #    0.000 K/sec                  
                 1      cpu-migrations            #    0.003 K/sec                  
                64      page-faults               #    0.175 K/sec                  
   <not supported>      cycles                   
   <not supported>      stalled-cycles-frontend  
   <not supported>      stalled-cycles-backend   
   <not supported>      instructions             
   <not supported>      branches                 
   <not supported>      branch-misses            

       0.182900344 seconds time elapsed

MODO = sem I/O e alloc. memoria

 Performance counter stats for './mandelbrot_omp -0.8 -0.7 0.05 0.15 512 2 sem':

        365.055864      task-clock (msec)         #    1.995 CPUs utilized          
                 0      context-switches          #    0.000 K/sec                  
                 1      cpu-migrations            #    0.003 K/sec                  
                63      page-faults               #    0.173 K/sec                  
   <not supported>      cycles                   
   <not supported>      stalled-cycles-frontend  
   <not supported>      stalled-cycles-backend   
   <not supported>      instructions             
   <not supported>      branches                 
   <not supported>      branch-misses            

       0.182997876 seconds time elapsed

MODO = sem I/O e alloc. memoria

 Performance counter stats for './mandelbrot_omp -0.8 -0.7 0.05 0.15 512 2 sem':

        364.655334      task-clock (msec)         #    1.995 CPUs utilized          
                 0      context-switches          #    0.000 K/sec                  
                 1      cpu-migrations            #    0.003 K/sec                  
                64      page-faults               #    0.176 K/sec                  
   <not supported>      cycles                   
   <not supported>      stalled-cycles-frontend  
   <not supported>      stalled-cycles-backend   
   <not supported>      instructions             
   <not supported>      branches                 
   <not supported>      branch-misses            

       0.182784005 seconds time elapsed

MODO = sem I/O e alloc. memoria

 Performance counter stats for './mandelbrot_omp -0.8 -0.7 0.05 0.15 1024 2 sem':

       1456.611508      task-clock (msec)         #    1.999 CPUs utilized          
                 4      context-switches          #    0.003 K/sec                  
                 1      cpu-migrations            #    0.001 K/sec                  
                63      page-faults               #    0.043 K/sec                  
   <not supported>      cycles                   
   <not supported>      stalled-cycles-frontend  
   <not supported>      stalled-cycles-backend   
   <not supported>      instructions             
   <not supported>      branches                 
   <not supported>      branch-misses            

       0.728812869 seconds time elapsed

MODO = sem I/O e alloc. memoria

 Performance counter stats for './mandelbrot_omp -0.8 -0.7 0.05 0.15 1024 2 sem':

       1457.899324      task-clock (msec)         #    1.999 CPUs utilized          
                 0      context-switches          #    0.000 K/sec                  
                 1      cpu-migrations            #    0.001 K/sec                  
                64      page-faults               #    0.044 K/sec                  
   <not supported>      cycles                   
   <not supported>      stalled-cycles-frontend  
   <not supported>      stalled-cycles-backend   
   <not supported>      instructions             
   <not supported>      branches                 
   <not supported>      branch-misses            

       0.729406776 seconds time elapsed

MODO = sem I/O e alloc. memoria

 Performance counter stats for './mandelbrot_omp -0.8 -0.7 0.05 0.15 1024 2 sem':

       1461.016488      task-clock (msec)         #    1.999 CPUs utilized          
                 2      context-switches          #    0.001 K/sec                  
                 1      cpu-migrations            #    0.001 K/sec                  
                64      page-faults               #    0.044 K/sec                  
   <not supported>      cycles                   
   <not supported>      stalled-cycles-frontend  
   <not supported>      stalled-cycles-backend   
   <not supported>      instructions             
   <not supported>      branches                 
   <not supported>      branch-misses            

       0.730968757 seconds time elapsed

MODO = sem I/O e alloc. memoria

 Performance counter stats for './mandelbrot_omp -0.8 -0.7 0.05 0.15 1024 2 sem':

       1470.259510      task-clock (msec)         #    1.985 CPUs utilized          
                 3      context-switches          #    0.002 K/sec                  
                 1      cpu-migrations            #    0.001 K/sec                  
                63      page-faults               #    0.043 K/sec                  
   <not supported>      cycles                   
   <not supported>      stalled-cycles-frontend  
   <not supported>      stalled-cycles-backend   
   <not supported>      instructions             
   <not supported>      branches                 
   <not supported>      branch-misses            

       0.740650222 seconds time elapsed

MODO = sem I/O e alloc. memoria

 Performance counter stats for './mandelbrot_omp -0.8 -0.7 0.05 0.15 1024 2 sem':

       1482.966777      task-clock (msec)         #    1.967 CPUs utilized          
                 5      context-switches          #    0.003 K/sec                  
                 1      cpu-migrations            #    0.001 K/sec                  
                64      page-faults               #    0.043 K/sec                  
   <not supported>      cycles                   
   <not supported>      stalled-cycles-frontend  
   <not supported>      stalled-cycles-backend   
   <not supported>      instructions             
   <not supported>      branches                 
   <not supported>      branch-misses            

       0.753903535 seconds time elapsed

MODO = sem I/O e alloc. memoria

 Performance counter stats for './mandelbrot_omp -0.8 -0.7 0.05 0.15 1024 2 sem':

       1491.208032      task-clock (msec)         #    1.961 CPUs utilized          
                 5      context-switches          #    0.003 K/sec                  
                 1      cpu-migrations            #    0.001 K/sec                  
                64      page-faults               #    0.043 K/sec                  
   <not supported>      cycles                   
   <not supported>      stalled-cycles-frontend  
   <not supported>      stalled-cycles-backend   
   <not supported>      instructions             
   <not supported>      branches                 
   <not supported>      branch-misses            

       0.760432524 seconds time elapsed

MODO = sem I/O e alloc. memoria

 Performance counter stats for './mandelbrot_omp -0.8 -0.7 0.05 0.15 1024 2 sem':

       1456.508163      task-clock (msec)         #    1.998 CPUs utilized          
                 4      context-switches          #    0.003 K/sec                  
                 1      cpu-migrations            #    0.001 K/sec                  
                63      page-faults               #    0.043 K/sec                  
   <not supported>      cycles                   
   <not supported>      stalled-cycles-frontend  
   <not supported>      stalled-cycles-backend   
   <not supported>      instructions             
   <not supported>      branches                 
   <not supported>      branch-misses            

       0.728827357 seconds time elapsed

MODO = sem I/O e alloc. memoria

 Performance counter stats for './mandelbrot_omp -0.8 -0.7 0.05 0.15 1024 2 sem':

       1462.913432      task-clock (msec)         #    1.994 CPUs utilized          
                 5      context-switches          #    0.003 K/sec                  
                 1      cpu-migrations            #    0.001 K/sec                  
                63      page-faults               #    0.043 K/sec                  
   <not supported>      cycles                   
   <not supported>      stalled-cycles-frontend  
   <not supported>      stalled-cycles-backend   
   <not supported>      instructions             
   <not supported>      branches                 
   <not supported>      branch-misses            

       0.733739407 seconds time elapsed

MODO = sem I/O e alloc. memoria

 Performance counter stats for './mandelbrot_omp -0.8 -0.7 0.05 0.15 1024 2 sem':

       1459.101736      task-clock (msec)         #    1.998 CPUs utilized          
                 1      context-switches          #    0.001 K/sec                  
                 1      cpu-migrations            #    0.001 K/sec                  
                63      page-faults               #    0.043 K/sec                  
   <not supported>      cycles                   
   <not supported>      stalled-cycles-frontend  
   <not supported>      stalled-cycles-backend   
   <not supported>      instructions             
   <not supported>      branches                 
   <not supported>      branch-misses            

       0.730231107 seconds time elapsed

MODO = sem I/O e alloc. memoria

 Performance counter stats for './mandelbrot_omp -0.8 -0.7 0.05 0.15 1024 2 sem':

       1457.557472      task-clock (msec)         #    1.999 CPUs utilized          
                 2      context-switches          #    0.001 K/sec                  
                 1      cpu-migrations            #    0.001 K/sec                  
                64      page-faults               #    0.044 K/sec                  
   <not supported>      cycles                   
   <not supported>      stalled-cycles-frontend  
   <not supported>      stalled-cycles-backend   
   <not supported>      instructions             
   <not supported>      branches                 
   <not supported>      branch-misses            

       0.729257659 seconds time elapsed

MODO = sem I/O e alloc. memoria

 Performance counter stats for './mandelbrot_omp -0.8 -0.7 0.05 0.15 2048 2 sem':

       5823.250991      task-clock (msec)         #    2.000 CPUs utilized          
                10      context-switches          #    0.002 K/sec                  
                 1      cpu-migrations            #    0.000 K/sec                  
                62      page-faults               #    0.011 K/sec                  
   <not supported>      cycles                   
   <not supported>      stalled-cycles-frontend  
   <not supported>      stalled-cycles-backend   
   <not supported>      instructions             
   <not supported>      branches                 
   <not supported>      branch-misses            

       2.912146494 seconds time elapsed

MODO = sem I/O e alloc. memoria

 Performance counter stats for './mandelbrot_omp -0.8 -0.7 0.05 0.15 2048 2 sem':

       5825.666959      task-clock (msec)         #    2.000 CPUs utilized          
                12      context-switches          #    0.002 K/sec                  
                 1      cpu-migrations            #    0.000 K/sec                  
                63      page-faults               #    0.011 K/sec                  
   <not supported>      cycles                   
   <not supported>      stalled-cycles-frontend  
   <not supported>      stalled-cycles-backend   
   <not supported>      instructions             
   <not supported>      branches                 
   <not supported>      branch-misses            

       2.913377997 seconds time elapsed

MODO = sem I/O e alloc. memoria

 Performance counter stats for './mandelbrot_omp -0.8 -0.7 0.05 0.15 2048 2 sem':

       5825.538669      task-clock (msec)         #    1.999 CPUs utilized          
                11      context-switches          #    0.002 K/sec                  
                 2      cpu-migrations            #    0.000 K/sec                  
                64      page-faults               #    0.011 K/sec                  
   <not supported>      cycles                   
   <not supported>      stalled-cycles-frontend  
   <not supported>      stalled-cycles-backend   
   <not supported>      instructions             
   <not supported>      branches                 
   <not supported>      branch-misses            

       2.914221976 seconds time elapsed

MODO = sem I/O e alloc. memoria

 Performance counter stats for './mandelbrot_omp -0.8 -0.7 0.05 0.15 2048 2 sem':

       5915.034823      task-clock (msec)         #    1.974 CPUs utilized          
                11      context-switches          #    0.002 K/sec                  
                 1      cpu-migrations            #    0.000 K/sec                  
                64      page-faults               #    0.011 K/sec                  
   <not supported>      cycles                   
   <not supported>      stalled-cycles-frontend  
   <not supported>      stalled-cycles-backend   
   <not supported>      instructions             
   <not supported>      branches                 
   <not supported>      branch-misses            

       2.996963015 seconds time elapsed

MODO = sem I/O e alloc. memoria

 Performance counter stats for './mandelbrot_omp -0.8 -0.7 0.05 0.15 2048 2 sem':

       5830.202913      task-clock (msec)         #    1.999 CPUs utilized          
                11      context-switches          #    0.002 K/sec                  
                 1      cpu-migrations            #    0.000 K/sec                  
                64      page-faults               #    0.011 K/sec                  
   <not supported>      cycles                   
   <not supported>      stalled-cycles-frontend  
   <not supported>      stalled-cycles-backend   
   <not supported>      instructions             
   <not supported>      branches                 
   <not supported>      branch-misses            

       2.916500235 seconds time elapsed

MODO = sem I/O e alloc. memoria

 Performance counter stats for './mandelbrot_omp -0.8 -0.7 0.05 0.15 2048 2 sem':

       5836.179201      task-clock (msec)         #    1.995 CPUs utilized          
                 9      context-switches          #    0.002 K/sec                  
                 1      cpu-migrations            #    0.000 K/sec                  
                64      page-faults               #    0.011 K/sec                  
   <not supported>      cycles                   
   <not supported>      stalled-cycles-frontend  
   <not supported>      stalled-cycles-backend   
   <not supported>      instructions             
   <not supported>      branches                 
   <not supported>      branch-misses            

       2.926053408 seconds time elapsed

MODO = sem I/O e alloc. memoria

 Performance counter stats for './mandelbrot_omp -0.8 -0.7 0.05 0.15 2048 2 sem':

       5835.930945      task-clock (msec)         #    1.997 CPUs utilized          
                13      context-switches          #    0.002 K/sec                  
                 1      cpu-migrations            #    0.000 K/sec                  
                63      page-faults               #    0.011 K/sec                  
   <not supported>      cycles                   
   <not supported>      stalled-cycles-frontend  
   <not supported>      stalled-cycles-backend   
   <not supported>      instructions             
   <not supported>      branches                 
   <not supported>      branch-misses            

       2.922991913 seconds time elapsed

MODO = sem I/O e alloc. memoria

 Performance counter stats for './mandelbrot_omp -0.8 -0.7 0.05 0.15 2048 2 sem':

       5929.092583      task-clock (msec)         #    1.993 CPUs utilized          
                 9      context-switches          #    0.002 K/sec                  
                 1      cpu-migrations            #    0.000 K/sec                  
                64      page-faults               #    0.011 K/sec                  
   <not supported>      cycles                   
   <not supported>      stalled-cycles-frontend  
   <not supported>      stalled-cycles-backend   
   <not supported>      instructions             
   <not supported>      branches                 
   <not supported>      branch-misses            

       2.974939302 seconds time elapsed

MODO = sem I/O e alloc. memoria

 Performance counter stats for './mandelbrot_omp -0.8 -0.7 0.05 0.15 2048 2 sem':

       5841.059648      task-clock (msec)         #    1.999 CPUs utilized          
                13      context-switches          #    0.002 K/sec                  
                 1      cpu-migrations            #    0.000 K/sec                  
                61      page-faults               #    0.010 K/sec                  
   <not supported>      cycles                   
   <not supported>      stalled-cycles-frontend  
   <not supported>      stalled-cycles-backend   
   <not supported>      instructions             
   <not supported>      branches                 
   <not supported>      branch-misses            

       2.922176538 seconds time elapsed

MODO = sem I/O e alloc. memoria

 Performance counter stats for './mandelbrot_omp -0.8 -0.7 0.05 0.15 2048 2 sem':

       5827.938210      task-clock (msec)         #    2.000 CPUs utilized          
                11      context-switches          #    0.002 K/sec                  
                 2      cpu-migrations            #    0.000 K/sec                  
                63      page-faults               #    0.011 K/sec                  
   <not supported>      cycles                   
   <not supported>      stalled-cycles-frontend  
   <not supported>      stalled-cycles-backend   
   <not supported>      instructions             
   <not supported>      branches                 
   <not supported>      branch-misses            

       2.914518881 seconds time elapsed

MODO = sem I/O e alloc. memoria

 Performance counter stats for './mandelbrot_omp -0.8 -0.7 0.05 0.15 4096 2 sem':

      23315.384831      task-clock (msec)         #    1.999 CPUs utilized          
                40      context-switches          #    0.002 K/sec                  
                 1      cpu-migrations            #    0.000 K/sec                  
                62      page-faults               #    0.003 K/sec                  
   <not supported>      cycles                   
   <not supported>      stalled-cycles-frontend  
   <not supported>      stalled-cycles-backend   
   <not supported>      instructions             
   <not supported>      branches                 
   <not supported>      branch-misses            

      11.661410618 seconds time elapsed

MODO = sem I/O e alloc. memoria

 Performance counter stats for './mandelbrot_omp -0.8 -0.7 0.05 0.15 4096 2 sem':

      23347.426690      task-clock (msec)         #    1.994 CPUs utilized          
                41      context-switches          #    0.002 K/sec                  
                 1      cpu-migrations            #    0.000 K/sec                  
                63      page-faults               #    0.003 K/sec                  
   <not supported>      cycles                   
   <not supported>      stalled-cycles-frontend  
   <not supported>      stalled-cycles-backend   
   <not supported>      instructions             
   <not supported>      branches                 
   <not supported>      branch-misses            

      11.706178892 seconds time elapsed

MODO = sem I/O e alloc. memoria

 Performance counter stats for './mandelbrot_omp -0.8 -0.7 0.05 0.15 4096 2 sem':

      23388.514696      task-clock (msec)         #    1.998 CPUs utilized          
                41      context-switches          #    0.002 K/sec                  
                 1      cpu-migrations            #    0.000 K/sec                  
                63      page-faults               #    0.003 K/sec                  
   <not supported>      cycles                   
   <not supported>      stalled-cycles-frontend  
   <not supported>      stalled-cycles-backend   
   <not supported>      instructions             
   <not supported>      branches                 
   <not supported>      branch-misses            

      11.705330067 seconds time elapsed

MODO = sem I/O e alloc. memoria

 Performance counter stats for './mandelbrot_omp -0.8 -0.7 0.05 0.15 4096 2 sem':

      23338.547319      task-clock (msec)         #    1.996 CPUs utilized          
                41      context-switches          #    0.002 K/sec                  
                 1      cpu-migrations            #    0.000 K/sec                  
                65      page-faults               #    0.003 K/sec                  
   <not supported>      cycles                   
   <not supported>      stalled-cycles-frontend  
   <not supported>      stalled-cycles-backend   
   <not supported>      instructions             
   <not supported>      branches                 
   <not supported>      branch-misses            

      11.690785283 seconds time elapsed

MODO = sem I/O e alloc. memoria

 Performance counter stats for './mandelbrot_omp -0.8 -0.7 0.05 0.15 4096 2 sem':

      23470.413223      task-clock (msec)         #    1.990 CPUs utilized          
                44      context-switches          #    0.002 K/sec                  
                 1      cpu-migrations            #    0.000 K/sec                  
                63      page-faults               #    0.003 K/sec                  
   <not supported>      cycles                   
   <not supported>      stalled-cycles-frontend  
   <not supported>      stalled-cycles-backend   
   <not supported>      instructions             
   <not supported>      branches                 
   <not supported>      branch-misses            

      11.792937305 seconds time elapsed

MODO = sem I/O e alloc. memoria

 Performance counter stats for './mandelbrot_omp -0.8 -0.7 0.05 0.15 4096 2 sem':

      23525.505950      task-clock (msec)         #    1.982 CPUs utilized          
                41      context-switches          #    0.002 K/sec                  
                 1      cpu-migrations            #    0.000 K/sec                  
                63      page-faults               #    0.003 K/sec                  
   <not supported>      cycles                   
   <not supported>      stalled-cycles-frontend  
   <not supported>      stalled-cycles-backend   
   <not supported>      instructions             
   <not supported>      branches                 
   <not supported>      branch-misses            

      11.866691419 seconds time elapsed

MODO = sem I/O e alloc. memoria

 Performance counter stats for './mandelbrot_omp -0.8 -0.7 0.05 0.15 4096 2 sem':

      23390.489667      task-clock (msec)         #    1.997 CPUs utilized          
                45      context-switches          #    0.002 K/sec                  
                 1      cpu-migrations            #    0.000 K/sec                  
                64      page-faults               #    0.003 K/sec                  
   <not supported>      cycles                   
   <not supported>      stalled-cycles-frontend  
   <not supported>      stalled-cycles-backend   
   <not supported>      instructions             
   <not supported>      branches                 
   <not supported>      branch-misses            

      11.712211648 seconds time elapsed

MODO = sem I/O e alloc. memoria

 Performance counter stats for './mandelbrot_omp -0.8 -0.7 0.05 0.15 4096 2 sem':

      23414.064982      task-clock (msec)         #    1.997 CPUs utilized          
                43      context-switches          #    0.002 K/sec                  
                 1      cpu-migrations            #    0.000 K/sec                  
                62      page-faults               #    0.003 K/sec                  
   <not supported>      cycles                   
   <not supported>      stalled-cycles-frontend  
   <not supported>      stalled-cycles-backend   
   <not supported>      instructions             
   <not supported>      branches                 
   <not supported>      branch-misses            

      11.724725398 seconds time elapsed

MODO = sem I/O e alloc. memoria

 Performance counter stats for './mandelbrot_omp -0.8 -0.7 0.05 0.15 4096 2 sem':

      23321.199737      task-clock (msec)         #    1.999 CPUs utilized          
                43      context-switches          #    0.002 K/sec                  
                 2      cpu-migrations            #    0.000 K/sec                  
                64      page-faults               #    0.003 K/sec                  
   <not supported>      cycles                   
   <not supported>      stalled-cycles-frontend  
   <not supported>      stalled-cycles-backend   
   <not supported>      instructions             
   <not supported>      branches                 
   <not supported>      branch-misses            

      11.664216655 seconds time elapsed

MODO = sem I/O e alloc. memoria

 Performance counter stats for './mandelbrot_omp -0.8 -0.7 0.05 0.15 4096 2 sem':

      23530.653250      task-clock (msec)         #    1.991 CPUs utilized          
                43      context-switches          #    0.002 K/sec                  
                 1      cpu-migrations            #    0.000 K/sec                  
                63      page-faults               #    0.003 K/sec                  
   <not supported>      cycles                   
   <not supported>      stalled-cycles-frontend  
   <not supported>      stalled-cycles-backend   
   <not supported>      instructions             
   <not supported>      branches                 
   <not supported>      branch-misses            

      11.816972730 seconds time elapsed

MODO = sem I/O e alloc. memoria

 Performance counter stats for './mandelbrot_omp -0.8 -0.7 0.05 0.15 8192 2 sem':

      93435.464704      task-clock (msec)         #    2.000 CPUs utilized          
               161      context-switches          #    0.002 K/sec                  
                 1      cpu-migrations            #    0.000 K/sec                  
                64      page-faults               #    0.001 K/sec                  
   <not supported>      cycles                   
   <not supported>      stalled-cycles-frontend  
   <not supported>      stalled-cycles-backend   
   <not supported>      instructions             
   <not supported>      branches                 
   <not supported>      branch-misses            

      46.725138156 seconds time elapsed

MODO = sem I/O e alloc. memoria

 Performance counter stats for './mandelbrot_omp -0.8 -0.7 0.05 0.15 8192 2 sem':

      93558.695010      task-clock (msec)         #    2.000 CPUs utilized          
               163      context-switches          #    0.002 K/sec                  
                 1      cpu-migrations            #    0.000 K/sec                  
                63      page-faults               #    0.001 K/sec                  
   <not supported>      cycles                   
   <not supported>      stalled-cycles-frontend  
   <not supported>      stalled-cycles-backend   
   <not supported>      instructions             
   <not supported>      branches                 
   <not supported>      branch-misses            

      46.788333626 seconds time elapsed

MODO = sem I/O e alloc. memoria

 Performance counter stats for './mandelbrot_omp -0.8 -0.7 0.05 0.15 8192 2 sem':

      93855.755330      task-clock (msec)         #    1.996 CPUs utilized          
               164      context-switches          #    0.002 K/sec                  
                 1      cpu-migrations            #    0.000 K/sec                  
                63      page-faults               #    0.001 K/sec                  
   <not supported>      cycles                   
   <not supported>      stalled-cycles-frontend  
   <not supported>      stalled-cycles-backend   
   <not supported>      instructions             
   <not supported>      branches                 
   <not supported>      branch-misses            

      47.029080547 seconds time elapsed

MODO = sem I/O e alloc. memoria

 Performance counter stats for './mandelbrot_omp -0.8 -0.7 0.05 0.15 8192 2 sem':

      93417.340366      task-clock (msec)         #    1.998 CPUs utilized          
               165      context-switches          #    0.002 K/sec                  
                 1      cpu-migrations            #    0.000 K/sec                  
                63      page-faults               #    0.001 K/sec                  
   <not supported>      cycles                   
   <not supported>      stalled-cycles-frontend  
   <not supported>      stalled-cycles-backend   
   <not supported>      instructions             
   <not supported>      branches                 
   <not supported>      branch-misses            

      46.751392398 seconds time elapsed

MODO = sem I/O e alloc. memoria

 Performance counter stats for './mandelbrot_omp -0.8 -0.7 0.05 0.15 8192 2 sem':

      93464.174240      task-clock (msec)         #    1.998 CPUs utilized          
               167      context-switches          #    0.002 K/sec                  
                 1      cpu-migrations            #    0.000 K/sec                  
                63      page-faults               #    0.001 K/sec                  
   <not supported>      cycles                   
   <not supported>      stalled-cycles-frontend  
   <not supported>      stalled-cycles-backend   
   <not supported>      instructions             
   <not supported>      branches                 
   <not supported>      branch-misses            

      46.778924443 seconds time elapsed

MODO = sem I/O e alloc. memoria

 Performance counter stats for './mandelbrot_omp -0.8 -0.7 0.05 0.15 8192 2 sem':

      93548.956693      task-clock (msec)         #    1.994 CPUs utilized          
               167      context-switches          #    0.002 K/sec                  
                 2      cpu-migrations            #    0.000 K/sec                  
                63      page-faults               #    0.001 K/sec                  
   <not supported>      cycles                   
   <not supported>      stalled-cycles-frontend  
   <not supported>      stalled-cycles-backend   
   <not supported>      instructions             
   <not supported>      branches                 
   <not supported>      branch-misses            

      46.918044570 seconds time elapsed

MODO = sem I/O e alloc. memoria

 Performance counter stats for './mandelbrot_omp -0.8 -0.7 0.05 0.15 8192 2 sem':

      93546.346107      task-clock (msec)         #    1.996 CPUs utilized          
               212      context-switches          #    0.002 K/sec                  
                 1      cpu-migrations            #    0.000 K/sec                  
                64      page-faults               #    0.001 K/sec                  
   <not supported>      cycles                   
   <not supported>      stalled-cycles-frontend  
   <not supported>      stalled-cycles-backend   
   <not supported>      instructions             
   <not supported>      branches                 
   <not supported>      branch-misses            

      46.856198843 seconds time elapsed

MODO = sem I/O e alloc. memoria

 Performance counter stats for './mandelbrot_omp -0.8 -0.7 0.05 0.15 8192 2 sem':

      93288.474177      task-clock (msec)         #    1.998 CPUs utilized          
               166      context-switches          #    0.002 K/sec                  
                 1      cpu-migrations            #    0.000 K/sec                  
                61      page-faults               #    0.001 K/sec                  
   <not supported>      cycles                   
   <not supported>      stalled-cycles-frontend  
   <not supported>      stalled-cycles-backend   
   <not supported>      instructions             
   <not supported>      branches                 
   <not supported>      branch-misses            

      46.683754161 seconds time elapsed

MODO = sem I/O e alloc. memoria

 Performance counter stats for './mandelbrot_omp -0.8 -0.7 0.05 0.15 8192 2 sem':

      93324.171294      task-clock (msec)         #    1.998 CPUs utilized          
               163      context-switches          #    0.002 K/sec                  
                 1      cpu-migrations            #    0.000 K/sec                  
                63      page-faults               #    0.001 K/sec                  
   <not supported>      cycles                   
   <not supported>      stalled-cycles-frontend  
   <not supported>      stalled-cycles-backend   
   <not supported>      instructions             
   <not supported>      branches                 
   <not supported>      branch-misses            

      46.705984451 seconds time elapsed

MODO = sem I/O e alloc. memoria

 Performance counter stats for './mandelbrot_omp -0.8 -0.7 0.05 0.15 8192 2 sem':

      93318.132884      task-clock (msec)         #    2.000 CPUs utilized          
               166      context-switches          #    0.002 K/sec                  
                 1      cpu-migrations            #    0.000 K/sec                  
                61      page-faults               #    0.001 K/sec                  
   <not supported>      cycles                   
   <not supported>      stalled-cycles-frontend  
   <not supported>      stalled-cycles-backend   
   <not supported>      instructions             
   <not supported>      branches                 
   <not supported>      branch-misses            

      46.670064531 seconds time elapsed

