MODO = sem I/O e alloc. memoria

 Performance counter stats for './mandelbrot_omp -0.8 -0.7 0.05 0.15 16 16 sem':

          1.478519      task-clock (msec)         #    1.183 CPUs utilized          
                48      context-switches          #    0.032 M/sec                  
                29      cpu-migrations            #    0.020 M/sec                  
                94      page-faults               #    0.064 M/sec                  
   <not supported>      cycles                   
   <not supported>      stalled-cycles-frontend  
   <not supported>      stalled-cycles-backend   
   <not supported>      instructions             
   <not supported>      branches                 
   <not supported>      branch-misses            

       0.001249479 seconds time elapsed

MODO = sem I/O e alloc. memoria

 Performance counter stats for './mandelbrot_omp -0.8 -0.7 0.05 0.15 16 16 sem':

          1.607144      task-clock (msec)         #    1.222 CPUs utilized          
                47      context-switches          #    0.029 M/sec                  
                27      cpu-migrations            #    0.017 M/sec                  
                94      page-faults               #    0.058 M/sec                  
   <not supported>      cycles                   
   <not supported>      stalled-cycles-frontend  
   <not supported>      stalled-cycles-backend   
   <not supported>      instructions             
   <not supported>      branches                 
   <not supported>      branch-misses            

       0.001315046 seconds time elapsed

MODO = sem I/O e alloc. memoria

 Performance counter stats for './mandelbrot_omp -0.8 -0.7 0.05 0.15 16 16 sem':

          1.382809      task-clock (msec)         #    1.134 CPUs utilized          
                48      context-switches          #    0.035 M/sec                  
                28      cpu-migrations            #    0.020 M/sec                  
                94      page-faults               #    0.068 M/sec                  
   <not supported>      cycles                   
   <not supported>      stalled-cycles-frontend  
   <not supported>      stalled-cycles-backend   
   <not supported>      instructions             
   <not supported>      branches                 
   <not supported>      branch-misses            

       0.001219939 seconds time elapsed

MODO = sem I/O e alloc. memoria

 Performance counter stats for './mandelbrot_omp -0.8 -0.7 0.05 0.15 16 16 sem':

          1.459938      task-clock (msec)         #    1.161 CPUs utilized          
                48      context-switches          #    0.033 M/sec                  
                24      cpu-migrations            #    0.016 M/sec                  
                93      page-faults               #    0.064 M/sec                  
   <not supported>      cycles                   
   <not supported>      stalled-cycles-frontend  
   <not supported>      stalled-cycles-backend   
   <not supported>      instructions             
   <not supported>      branches                 
   <not supported>      branch-misses            

       0.001257560 seconds time elapsed

MODO = sem I/O e alloc. memoria

 Performance counter stats for './mandelbrot_omp -0.8 -0.7 0.05 0.15 16 16 sem':

          1.430044      task-clock (msec)         #    1.209 CPUs utilized          
                48      context-switches          #    0.034 M/sec                  
                24      cpu-migrations            #    0.017 M/sec                  
                93      page-faults               #    0.065 M/sec                  
   <not supported>      cycles                   
   <not supported>      stalled-cycles-frontend  
   <not supported>      stalled-cycles-backend   
   <not supported>      instructions             
   <not supported>      branches                 
   <not supported>      branch-misses            

       0.001182828 seconds time elapsed

MODO = sem I/O e alloc. memoria

 Performance counter stats for './mandelbrot_omp -0.8 -0.7 0.05 0.15 16 16 sem':

          1.506609      task-clock (msec)         #    1.183 CPUs utilized          
                48      context-switches          #    0.032 M/sec                  
                29      cpu-migrations            #    0.019 M/sec                  
                93      page-faults               #    0.062 M/sec                  
   <not supported>      cycles                   
   <not supported>      stalled-cycles-frontend  
   <not supported>      stalled-cycles-backend   
   <not supported>      instructions             
   <not supported>      branches                 
   <not supported>      branch-misses            

       0.001273317 seconds time elapsed

MODO = sem I/O e alloc. memoria

 Performance counter stats for './mandelbrot_omp -0.8 -0.7 0.05 0.15 16 16 sem':

          1.488446      task-clock (msec)         #    1.252 CPUs utilized          
                48      context-switches          #    0.032 M/sec                  
                27      cpu-migrations            #    0.018 M/sec                  
                94      page-faults               #    0.063 M/sec                  
   <not supported>      cycles                   
   <not supported>      stalled-cycles-frontend  
   <not supported>      stalled-cycles-backend   
   <not supported>      instructions             
   <not supported>      branches                 
   <not supported>      branch-misses            

       0.001188910 seconds time elapsed

MODO = sem I/O e alloc. memoria

 Performance counter stats for './mandelbrot_omp -0.8 -0.7 0.05 0.15 16 16 sem':

          1.599456      task-clock (msec)         #    1.262 CPUs utilized          
                48      context-switches          #    0.030 M/sec                  
                29      cpu-migrations            #    0.018 M/sec                  
                93      page-faults               #    0.058 M/sec                  
   <not supported>      cycles                   
   <not supported>      stalled-cycles-frontend  
   <not supported>      stalled-cycles-backend   
   <not supported>      instructions             
   <not supported>      branches                 
   <not supported>      branch-misses            

       0.001267178 seconds time elapsed

MODO = sem I/O e alloc. memoria

 Performance counter stats for './mandelbrot_omp -0.8 -0.7 0.05 0.15 16 16 sem':

          1.526104      task-clock (msec)         #    1.234 CPUs utilized          
                48      context-switches          #    0.031 M/sec                  
                24      cpu-migrations            #    0.016 M/sec                  
                93      page-faults               #    0.061 M/sec                  
   <not supported>      cycles                   
   <not supported>      stalled-cycles-frontend  
   <not supported>      stalled-cycles-backend   
   <not supported>      instructions             
   <not supported>      branches                 
   <not supported>      branch-misses            

       0.001236921 seconds time elapsed

MODO = sem I/O e alloc. memoria

 Performance counter stats for './mandelbrot_omp -0.8 -0.7 0.05 0.15 16 16 sem':

          2.657985      task-clock (msec)         #    1.091 CPUs utilized          
                48      context-switches          #    0.018 M/sec                  
                30      cpu-migrations            #    0.011 M/sec                  
                93      page-faults               #    0.035 M/sec                  
   <not supported>      cycles                   
   <not supported>      stalled-cycles-frontend  
   <not supported>      stalled-cycles-backend   
   <not supported>      instructions             
   <not supported>      branches                 
   <not supported>      branch-misses            

       0.002436147 seconds time elapsed

MODO = sem I/O e alloc. memoria

 Performance counter stats for './mandelbrot_omp -0.8 -0.7 0.05 0.15 32 16 sem':

          2.762517      task-clock (msec)         #    1.487 CPUs utilized          
                48      context-switches          #    0.017 M/sec                  
                23      cpu-migrations            #    0.008 M/sec                  
                91      page-faults               #    0.033 M/sec                  
   <not supported>      cycles                   
   <not supported>      stalled-cycles-frontend  
   <not supported>      stalled-cycles-backend   
   <not supported>      instructions             
   <not supported>      branches                 
   <not supported>      branch-misses            

       0.001857521 seconds time elapsed

MODO = sem I/O e alloc. memoria

 Performance counter stats for './mandelbrot_omp -0.8 -0.7 0.05 0.15 32 16 sem':

          2.725986      task-clock (msec)         #    1.606 CPUs utilized          
                48      context-switches          #    0.018 M/sec                  
                26      cpu-migrations            #    0.010 M/sec                  
                94      page-faults               #    0.034 M/sec                  
   <not supported>      cycles                   
   <not supported>      stalled-cycles-frontend  
   <not supported>      stalled-cycles-backend   
   <not supported>      instructions             
   <not supported>      branches                 
   <not supported>      branch-misses            

       0.001697767 seconds time elapsed

MODO = sem I/O e alloc. memoria

 Performance counter stats for './mandelbrot_omp -0.8 -0.7 0.05 0.15 32 16 sem':

          2.748154      task-clock (msec)         #    1.324 CPUs utilized          
                48      context-switches          #    0.017 M/sec                  
                26      cpu-migrations            #    0.009 M/sec                  
                93      page-faults               #    0.034 M/sec                  
   <not supported>      cycles                   
   <not supported>      stalled-cycles-frontend  
   <not supported>      stalled-cycles-backend   
   <not supported>      instructions             
   <not supported>      branches                 
   <not supported>      branch-misses            

       0.002076308 seconds time elapsed

MODO = sem I/O e alloc. memoria

 Performance counter stats for './mandelbrot_omp -0.8 -0.7 0.05 0.15 32 16 sem':

          2.932989      task-clock (msec)         #    1.556 CPUs utilized          
                39      context-switches          #    0.013 M/sec                  
                26      cpu-migrations            #    0.009 M/sec                  
                93      page-faults               #    0.032 M/sec                  
   <not supported>      cycles                   
   <not supported>      stalled-cycles-frontend  
   <not supported>      stalled-cycles-backend   
   <not supported>      instructions             
   <not supported>      branches                 
   <not supported>      branch-misses            

       0.001885408 seconds time elapsed

MODO = sem I/O e alloc. memoria

 Performance counter stats for './mandelbrot_omp -0.8 -0.7 0.05 0.15 32 16 sem':

          2.746788      task-clock (msec)         #    1.477 CPUs utilized          
                47      context-switches          #    0.017 M/sec                  
                31      cpu-migrations            #    0.011 M/sec                  
                94      page-faults               #    0.034 M/sec                  
   <not supported>      cycles                   
   <not supported>      stalled-cycles-frontend  
   <not supported>      stalled-cycles-backend   
   <not supported>      instructions             
   <not supported>      branches                 
   <not supported>      branch-misses            

       0.001859557 seconds time elapsed

MODO = sem I/O e alloc. memoria

 Performance counter stats for './mandelbrot_omp -0.8 -0.7 0.05 0.15 32 16 sem':

          2.874878      task-clock (msec)         #    1.448 CPUs utilized          
                48      context-switches          #    0.017 M/sec                  
                27      cpu-migrations            #    0.009 M/sec                  
                93      page-faults               #    0.032 M/sec                  
   <not supported>      cycles                   
   <not supported>      stalled-cycles-frontend  
   <not supported>      stalled-cycles-backend   
   <not supported>      instructions             
   <not supported>      branches                 
   <not supported>      branch-misses            

       0.001984772 seconds time elapsed

MODO = sem I/O e alloc. memoria

 Performance counter stats for './mandelbrot_omp -0.8 -0.7 0.05 0.15 32 16 sem':

          2.556172      task-clock (msec)         #    1.373 CPUs utilized          
                48      context-switches          #    0.019 M/sec                  
                24      cpu-migrations            #    0.009 M/sec                  
                93      page-faults               #    0.036 M/sec                  
   <not supported>      cycles                   
   <not supported>      stalled-cycles-frontend  
   <not supported>      stalled-cycles-backend   
   <not supported>      instructions             
   <not supported>      branches                 
   <not supported>      branch-misses            

       0.001861120 seconds time elapsed

MODO = sem I/O e alloc. memoria

 Performance counter stats for './mandelbrot_omp -0.8 -0.7 0.05 0.15 32 16 sem':

          2.585932      task-clock (msec)         #    1.367 CPUs utilized          
                48      context-switches          #    0.019 M/sec                  
                25      cpu-migrations            #    0.010 M/sec                  
                93      page-faults               #    0.036 M/sec                  
   <not supported>      cycles                   
   <not supported>      stalled-cycles-frontend  
   <not supported>      stalled-cycles-backend   
   <not supported>      instructions             
   <not supported>      branches                 
   <not supported>      branch-misses            

       0.001892026 seconds time elapsed

MODO = sem I/O e alloc. memoria

 Performance counter stats for './mandelbrot_omp -0.8 -0.7 0.05 0.15 32 16 sem':

          2.753856      task-clock (msec)         #    1.364 CPUs utilized          
                48      context-switches          #    0.017 M/sec                  
                29      cpu-migrations            #    0.011 M/sec                  
                93      page-faults               #    0.034 M/sec                  
   <not supported>      cycles                   
   <not supported>      stalled-cycles-frontend  
   <not supported>      stalled-cycles-backend   
   <not supported>      instructions             
   <not supported>      branches                 
   <not supported>      branch-misses            

       0.002019285 seconds time elapsed

MODO = sem I/O e alloc. memoria

 Performance counter stats for './mandelbrot_omp -0.8 -0.7 0.05 0.15 32 16 sem':

          2.702223      task-clock (msec)         #    1.441 CPUs utilized          
                48      context-switches          #    0.018 M/sec                  
                31      cpu-migrations            #    0.011 M/sec                  
                93      page-faults               #    0.034 M/sec                  
   <not supported>      cycles                   
   <not supported>      stalled-cycles-frontend  
   <not supported>      stalled-cycles-backend   
   <not supported>      instructions             
   <not supported>      branches                 
   <not supported>      branch-misses            

       0.001875160 seconds time elapsed

MODO = sem I/O e alloc. memoria

 Performance counter stats for './mandelbrot_omp -0.8 -0.7 0.05 0.15 64 16 sem':

          8.360754      task-clock (msec)         #    3.543 CPUs utilized          
                47      context-switches          #    0.006 M/sec                  
                33      cpu-migrations            #    0.004 M/sec                  
                94      page-faults               #    0.011 M/sec                  
   <not supported>      cycles                   
   <not supported>      stalled-cycles-frontend  
   <not supported>      stalled-cycles-backend   
   <not supported>      instructions             
   <not supported>      branches                 
   <not supported>      branch-misses            

       0.002359604 seconds time elapsed

MODO = sem I/O e alloc. memoria

 Performance counter stats for './mandelbrot_omp -0.8 -0.7 0.05 0.15 64 16 sem':

          7.591129      task-clock (msec)         #    2.130 CPUs utilized          
                47      context-switches          #    0.006 M/sec                  
                37      cpu-migrations            #    0.005 M/sec                  
                93      page-faults               #    0.012 M/sec                  
   <not supported>      cycles                   
   <not supported>      stalled-cycles-frontend  
   <not supported>      stalled-cycles-backend   
   <not supported>      instructions             
   <not supported>      branches                 
   <not supported>      branch-misses            

       0.003563683 seconds time elapsed

MODO = sem I/O e alloc. memoria

 Performance counter stats for './mandelbrot_omp -0.8 -0.7 0.05 0.15 64 16 sem':

          8.141935      task-clock (msec)         #    3.398 CPUs utilized          
                48      context-switches          #    0.006 M/sec                  
                29      cpu-migrations            #    0.004 M/sec                  
                93      page-faults               #    0.011 M/sec                  
   <not supported>      cycles                   
   <not supported>      stalled-cycles-frontend  
   <not supported>      stalled-cycles-backend   
   <not supported>      instructions             
   <not supported>      branches                 
   <not supported>      branch-misses            

       0.002396394 seconds time elapsed

MODO = sem I/O e alloc. memoria

 Performance counter stats for './mandelbrot_omp -0.8 -0.7 0.05 0.15 64 16 sem':

          7.536086      task-clock (msec)         #    2.266 CPUs utilized          
                46      context-switches          #    0.006 M/sec                  
                22      cpu-migrations            #    0.003 M/sec                  
                93      page-faults               #    0.012 M/sec                  
   <not supported>      cycles                   
   <not supported>      stalled-cycles-frontend  
   <not supported>      stalled-cycles-backend   
   <not supported>      instructions             
   <not supported>      branches                 
   <not supported>      branch-misses            

       0.003325253 seconds time elapsed

MODO = sem I/O e alloc. memoria

 Performance counter stats for './mandelbrot_omp -0.8 -0.7 0.05 0.15 64 16 sem':

          8.089931      task-clock (msec)         #    2.953 CPUs utilized          
                48      context-switches          #    0.006 M/sec                  
                31      cpu-migrations            #    0.004 M/sec                  
                93      page-faults               #    0.011 M/sec                  
   <not supported>      cycles                   
   <not supported>      stalled-cycles-frontend  
   <not supported>      stalled-cycles-backend   
   <not supported>      instructions             
   <not supported>      branches                 
   <not supported>      branch-misses            

       0.002740021 seconds time elapsed

MODO = sem I/O e alloc. memoria

 Performance counter stats for './mandelbrot_omp -0.8 -0.7 0.05 0.15 64 16 sem':

          7.776399      task-clock (msec)         #    2.803 CPUs utilized          
                48      context-switches          #    0.006 M/sec                  
                31      cpu-migrations            #    0.004 M/sec                  
                93      page-faults               #    0.012 M/sec                  
   <not supported>      cycles                   
   <not supported>      stalled-cycles-frontend  
   <not supported>      stalled-cycles-backend   
   <not supported>      instructions             
   <not supported>      branches                 
   <not supported>      branch-misses            

       0.002774521 seconds time elapsed

MODO = sem I/O e alloc. memoria

 Performance counter stats for './mandelbrot_omp -0.8 -0.7 0.05 0.15 64 16 sem':

          7.348939      task-clock (msec)         #    2.020 CPUs utilized          
                48      context-switches          #    0.007 M/sec                  
                26      cpu-migrations            #    0.004 M/sec                  
                94      page-faults               #    0.013 M/sec                  
   <not supported>      cycles                   
   <not supported>      stalled-cycles-frontend  
   <not supported>      stalled-cycles-backend   
   <not supported>      instructions             
   <not supported>      branches                 
   <not supported>      branch-misses            

       0.003637207 seconds time elapsed

MODO = sem I/O e alloc. memoria

 Performance counter stats for './mandelbrot_omp -0.8 -0.7 0.05 0.15 64 16 sem':

          7.623167      task-clock (msec)         #    1.760 CPUs utilized          
                49      context-switches          #    0.006 M/sec                  
                33      cpu-migrations            #    0.004 M/sec                  
                93      page-faults               #    0.012 M/sec                  
   <not supported>      cycles                   
   <not supported>      stalled-cycles-frontend  
   <not supported>      stalled-cycles-backend   
   <not supported>      instructions             
   <not supported>      branches                 
   <not supported>      branch-misses            

       0.004330297 seconds time elapsed

MODO = sem I/O e alloc. memoria

 Performance counter stats for './mandelbrot_omp -0.8 -0.7 0.05 0.15 64 16 sem':

          8.370119      task-clock (msec)         #    3.299 CPUs utilized          
                47      context-switches          #    0.006 M/sec                  
                31      cpu-migrations            #    0.004 M/sec                  
                94      page-faults               #    0.011 M/sec                  
   <not supported>      cycles                   
   <not supported>      stalled-cycles-frontend  
   <not supported>      stalled-cycles-backend   
   <not supported>      instructions             
   <not supported>      branches                 
   <not supported>      branch-misses            

       0.002537466 seconds time elapsed

MODO = sem I/O e alloc. memoria

 Performance counter stats for './mandelbrot_omp -0.8 -0.7 0.05 0.15 64 16 sem':

          7.976602      task-clock (msec)         #    2.272 CPUs utilized          
                49      context-switches          #    0.006 M/sec                  
                29      cpu-migrations            #    0.004 M/sec                  
                94      page-faults               #    0.012 M/sec                  
   <not supported>      cycles                   
   <not supported>      stalled-cycles-frontend  
   <not supported>      stalled-cycles-backend   
   <not supported>      instructions             
   <not supported>      branches                 
   <not supported>      branch-misses            

       0.003511098 seconds time elapsed

MODO = sem I/O e alloc. memoria

 Performance counter stats for './mandelbrot_omp -0.8 -0.7 0.05 0.15 128 16 sem':

         28.169481      task-clock (msec)         #    4.629 CPUs utilized          
                36      context-switches          #    0.001 M/sec                  
                30      cpu-migrations            #    0.001 M/sec                  
                94      page-faults               #    0.003 M/sec                  
   <not supported>      cycles                   
   <not supported>      stalled-cycles-frontend  
   <not supported>      stalled-cycles-backend   
   <not supported>      instructions             
   <not supported>      branches                 
   <not supported>      branch-misses            

       0.006085054 seconds time elapsed

MODO = sem I/O e alloc. memoria

 Performance counter stats for './mandelbrot_omp -0.8 -0.7 0.05 0.15 128 16 sem':

         27.145837      task-clock (msec)         #    4.205 CPUs utilized          
                46      context-switches          #    0.002 M/sec                  
                34      cpu-migrations            #    0.001 M/sec                  
                94      page-faults               #    0.003 M/sec                  
   <not supported>      cycles                   
   <not supported>      stalled-cycles-frontend  
   <not supported>      stalled-cycles-backend   
   <not supported>      instructions             
   <not supported>      branches                 
   <not supported>      branch-misses            

       0.006455848 seconds time elapsed

MODO = sem I/O e alloc. memoria

 Performance counter stats for './mandelbrot_omp -0.8 -0.7 0.05 0.15 128 16 sem':

         30.394915      task-clock (msec)         #    4.929 CPUs utilized          
                47      context-switches          #    0.002 M/sec                  
                38      cpu-migrations            #    0.001 M/sec                  
                93      page-faults               #    0.003 M/sec                  
   <not supported>      cycles                   
   <not supported>      stalled-cycles-frontend  
   <not supported>      stalled-cycles-backend   
   <not supported>      instructions             
   <not supported>      branches                 
   <not supported>      branch-misses            

       0.006165995 seconds time elapsed

MODO = sem I/O e alloc. memoria

 Performance counter stats for './mandelbrot_omp -0.8 -0.7 0.05 0.15 128 16 sem':

         28.846986      task-clock (msec)         #    4.240 CPUs utilized          
                48      context-switches          #    0.002 M/sec                  
                36      cpu-migrations            #    0.001 M/sec                  
                93      page-faults               #    0.003 M/sec                  
   <not supported>      cycles                   
   <not supported>      stalled-cycles-frontend  
   <not supported>      stalled-cycles-backend   
   <not supported>      instructions             
   <not supported>      branches                 
   <not supported>      branch-misses            

       0.006804225 seconds time elapsed

MODO = sem I/O e alloc. memoria

 Performance counter stats for './mandelbrot_omp -0.8 -0.7 0.05 0.15 128 16 sem':

         28.059522      task-clock (msec)         #    3.826 CPUs utilized          
                48      context-switches          #    0.002 M/sec                  
                40      cpu-migrations            #    0.001 M/sec                  
                94      page-faults               #    0.003 M/sec                  
   <not supported>      cycles                   
   <not supported>      stalled-cycles-frontend  
   <not supported>      stalled-cycles-backend   
   <not supported>      instructions             
   <not supported>      branches                 
   <not supported>      branch-misses            

       0.007334780 seconds time elapsed

MODO = sem I/O e alloc. memoria

 Performance counter stats for './mandelbrot_omp -0.8 -0.7 0.05 0.15 128 16 sem':

         29.103632      task-clock (msec)         #    4.208 CPUs utilized          
                45      context-switches          #    0.002 M/sec                  
                33      cpu-migrations            #    0.001 M/sec                  
                93      page-faults               #    0.003 M/sec                  
   <not supported>      cycles                   
   <not supported>      stalled-cycles-frontend  
   <not supported>      stalled-cycles-backend   
   <not supported>      instructions             
   <not supported>      branches                 
   <not supported>      branch-misses            

       0.006916362 seconds time elapsed

MODO = sem I/O e alloc. memoria

 Performance counter stats for './mandelbrot_omp -0.8 -0.7 0.05 0.15 128 16 sem':

         28.085527      task-clock (msec)         #    4.925 CPUs utilized          
                37      context-switches          #    0.001 M/sec                  
                26      cpu-migrations            #    0.926 K/sec                  
                93      page-faults               #    0.003 M/sec                  
   <not supported>      cycles                   
   <not supported>      stalled-cycles-frontend  
   <not supported>      stalled-cycles-backend   
   <not supported>      instructions             
   <not supported>      branches                 
   <not supported>      branch-misses            

       0.005702897 seconds time elapsed

MODO = sem I/O e alloc. memoria

 Performance counter stats for './mandelbrot_omp -0.8 -0.7 0.05 0.15 128 16 sem':

         40.043310      task-clock (msec)         #    4.512 CPUs utilized          
                47      context-switches          #    0.001 M/sec                  
                35      cpu-migrations            #    0.874 K/sec                  
                94      page-faults               #    0.002 M/sec                  
   <not supported>      cycles                   
   <not supported>      stalled-cycles-frontend  
   <not supported>      stalled-cycles-backend   
   <not supported>      instructions             
   <not supported>      branches                 
   <not supported>      branch-misses            

       0.008874890 seconds time elapsed

MODO = sem I/O e alloc. memoria

 Performance counter stats for './mandelbrot_omp -0.8 -0.7 0.05 0.15 128 16 sem':

         29.365074      task-clock (msec)         #    3.746 CPUs utilized          
                47      context-switches          #    0.002 M/sec                  
                38      cpu-migrations            #    0.001 M/sec                  
                93      page-faults               #    0.003 M/sec                  
   <not supported>      cycles                   
   <not supported>      stalled-cycles-frontend  
   <not supported>      stalled-cycles-backend   
   <not supported>      instructions             
   <not supported>      branches                 
   <not supported>      branch-misses            

       0.007838513 seconds time elapsed

MODO = sem I/O e alloc. memoria

 Performance counter stats for './mandelbrot_omp -0.8 -0.7 0.05 0.15 128 16 sem':

         29.344635      task-clock (msec)         #    3.774 CPUs utilized          
                46      context-switches          #    0.002 M/sec                  
                37      cpu-migrations            #    0.001 M/sec                  
                93      page-faults               #    0.003 M/sec                  
   <not supported>      cycles                   
   <not supported>      stalled-cycles-frontend  
   <not supported>      stalled-cycles-backend   
   <not supported>      instructions             
   <not supported>      branches                 
   <not supported>      branch-misses            

       0.007776051 seconds time elapsed

MODO = sem I/O e alloc. memoria

 Performance counter stats for './mandelbrot_omp -0.8 -0.7 0.05 0.15 256 16 sem':

        114.340465      task-clock (msec)         #    5.949 CPUs utilized          
                48      context-switches          #    0.420 K/sec                  
                39      cpu-migrations            #    0.341 K/sec                  
                93      page-faults               #    0.813 K/sec                  
   <not supported>      cycles                   
   <not supported>      stalled-cycles-frontend  
   <not supported>      stalled-cycles-backend   
   <not supported>      instructions             
   <not supported>      branches                 
   <not supported>      branch-misses            

       0.019219695 seconds time elapsed

MODO = sem I/O e alloc. memoria

 Performance counter stats for './mandelbrot_omp -0.8 -0.7 0.05 0.15 256 16 sem':

        111.276210      task-clock (msec)         #    5.078 CPUs utilized          
                50      context-switches          #    0.449 K/sec                  
                42      cpu-migrations            #    0.377 K/sec                  
                91      page-faults               #    0.818 K/sec                  
   <not supported>      cycles                   
   <not supported>      stalled-cycles-frontend  
   <not supported>      stalled-cycles-backend   
   <not supported>      instructions             
   <not supported>      branches                 
   <not supported>      branch-misses            

       0.021911905 seconds time elapsed

MODO = sem I/O e alloc. memoria

 Performance counter stats for './mandelbrot_omp -0.8 -0.7 0.05 0.15 256 16 sem':

        117.648017      task-clock (msec)         #    6.465 CPUs utilized          
                42      context-switches          #    0.357 K/sec                  
                33      cpu-migrations            #    0.280 K/sec                  
                94      page-faults               #    0.799 K/sec                  
   <not supported>      cycles                   
   <not supported>      stalled-cycles-frontend  
   <not supported>      stalled-cycles-backend   
   <not supported>      instructions             
   <not supported>      branches                 
   <not supported>      branch-misses            

       0.018198948 seconds time elapsed

MODO = sem I/O e alloc. memoria

 Performance counter stats for './mandelbrot_omp -0.8 -0.7 0.05 0.15 256 16 sem':

        115.887254      task-clock (msec)         #    6.282 CPUs utilized          
                49      context-switches          #    0.423 K/sec                  
                32      cpu-migrations            #    0.276 K/sec                  
                91      page-faults               #    0.785 K/sec                  
   <not supported>      cycles                   
   <not supported>      stalled-cycles-frontend  
   <not supported>      stalled-cycles-backend   
   <not supported>      instructions             
   <not supported>      branches                 
   <not supported>      branch-misses            

       0.018447457 seconds time elapsed

MODO = sem I/O e alloc. memoria

 Performance counter stats for './mandelbrot_omp -0.8 -0.7 0.05 0.15 256 16 sem':

        114.468627      task-clock (msec)         #    5.916 CPUs utilized          
                50      context-switches          #    0.437 K/sec                  
                33      cpu-migrations            #    0.288 K/sec                  
                94      page-faults               #    0.821 K/sec                  
   <not supported>      cycles                   
   <not supported>      stalled-cycles-frontend  
   <not supported>      stalled-cycles-backend   
   <not supported>      instructions             
   <not supported>      branches                 
   <not supported>      branch-misses            

       0.019348986 seconds time elapsed

MODO = sem I/O e alloc. memoria

 Performance counter stats for './mandelbrot_omp -0.8 -0.7 0.05 0.15 256 16 sem':

        115.053196      task-clock (msec)         #    6.026 CPUs utilized          
                49      context-switches          #    0.426 K/sec                  
                32      cpu-migrations            #    0.278 K/sec                  
                94      page-faults               #    0.817 K/sec                  
   <not supported>      cycles                   
   <not supported>      stalled-cycles-frontend  
   <not supported>      stalled-cycles-backend   
   <not supported>      instructions             
   <not supported>      branches                 
   <not supported>      branch-misses            

       0.019092869 seconds time elapsed

MODO = sem I/O e alloc. memoria

 Performance counter stats for './mandelbrot_omp -0.8 -0.7 0.05 0.15 256 16 sem':

        112.609967      task-clock (msec)         #    5.429 CPUs utilized          
                44      context-switches          #    0.391 K/sec                  
                34      cpu-migrations            #    0.302 K/sec                  
                94      page-faults               #    0.835 K/sec                  
   <not supported>      cycles                   
   <not supported>      stalled-cycles-frontend  
   <not supported>      stalled-cycles-backend   
   <not supported>      instructions             
   <not supported>      branches                 
   <not supported>      branch-misses            

       0.020740400 seconds time elapsed

MODO = sem I/O e alloc. memoria

 Performance counter stats for './mandelbrot_omp -0.8 -0.7 0.05 0.15 256 16 sem':

        118.328346      task-clock (msec)         #    5.285 CPUs utilized          
                48      context-switches          #    0.406 K/sec                  
                40      cpu-migrations            #    0.338 K/sec                  
                93      page-faults               #    0.786 K/sec                  
   <not supported>      cycles                   
   <not supported>      stalled-cycles-frontend  
   <not supported>      stalled-cycles-backend   
   <not supported>      instructions             
   <not supported>      branches                 
   <not supported>      branch-misses            

       0.022390831 seconds time elapsed

MODO = sem I/O e alloc. memoria

 Performance counter stats for './mandelbrot_omp -0.8 -0.7 0.05 0.15 256 16 sem':

        113.862282      task-clock (msec)         #    5.702 CPUs utilized          
                50      context-switches          #    0.439 K/sec                  
                34      cpu-migrations            #    0.299 K/sec                  
                93      page-faults               #    0.817 K/sec                  
   <not supported>      cycles                   
   <not supported>      stalled-cycles-frontend  
   <not supported>      stalled-cycles-backend   
   <not supported>      instructions             
   <not supported>      branches                 
   <not supported>      branch-misses            

       0.019969082 seconds time elapsed

MODO = sem I/O e alloc. memoria

 Performance counter stats for './mandelbrot_omp -0.8 -0.7 0.05 0.15 256 16 sem':

        118.227399      task-clock (msec)         #    6.885 CPUs utilized          
                49      context-switches          #    0.414 K/sec                  
                33      cpu-migrations            #    0.279 K/sec                  
                92      page-faults               #    0.778 K/sec                  
   <not supported>      cycles                   
   <not supported>      stalled-cycles-frontend  
   <not supported>      stalled-cycles-backend   
   <not supported>      instructions             
   <not supported>      branches                 
   <not supported>      branch-misses            

       0.017172135 seconds time elapsed

MODO = sem I/O e alloc. memoria

 Performance counter stats for './mandelbrot_omp -0.8 -0.7 0.05 0.15 512 16 sem':

        461.437991      task-clock (msec)         #    6.795 CPUs utilized          
                68      context-switches          #    0.147 K/sec                  
                40      cpu-migrations            #    0.087 K/sec                  
                93      page-faults               #    0.202 K/sec                  
   <not supported>      cycles                   
   <not supported>      stalled-cycles-frontend  
   <not supported>      stalled-cycles-backend   
   <not supported>      instructions             
   <not supported>      branches                 
   <not supported>      branch-misses            

       0.067909133 seconds time elapsed

MODO = sem I/O e alloc. memoria

 Performance counter stats for './mandelbrot_omp -0.8 -0.7 0.05 0.15 512 16 sem':

        469.024974      task-clock (msec)         #    6.465 CPUs utilized          
                69      context-switches          #    0.147 K/sec                  
                42      cpu-migrations            #    0.090 K/sec                  
                94      page-faults               #    0.200 K/sec                  
   <not supported>      cycles                   
   <not supported>      stalled-cycles-frontend  
   <not supported>      stalled-cycles-backend   
   <not supported>      instructions             
   <not supported>      branches                 
   <not supported>      branch-misses            

       0.072546095 seconds time elapsed

MODO = sem I/O e alloc. memoria

 Performance counter stats for './mandelbrot_omp -0.8 -0.7 0.05 0.15 512 16 sem':

        459.779810      task-clock (msec)         #    6.444 CPUs utilized          
                64      context-switches          #    0.139 K/sec                  
                45      cpu-migrations            #    0.098 K/sec                  
                93      page-faults               #    0.202 K/sec                  
   <not supported>      cycles                   
   <not supported>      stalled-cycles-frontend  
   <not supported>      stalled-cycles-backend   
   <not supported>      instructions             
   <not supported>      branches                 
   <not supported>      branch-misses            

       0.071349856 seconds time elapsed

MODO = sem I/O e alloc. memoria

 Performance counter stats for './mandelbrot_omp -0.8 -0.7 0.05 0.15 512 16 sem':

        465.295941      task-clock (msec)         #    6.446 CPUs utilized          
                73      context-switches          #    0.157 K/sec                  
                41      cpu-migrations            #    0.088 K/sec                  
                93      page-faults               #    0.200 K/sec                  
   <not supported>      cycles                   
   <not supported>      stalled-cycles-frontend  
   <not supported>      stalled-cycles-backend   
   <not supported>      instructions             
   <not supported>      branches                 
   <not supported>      branch-misses            

       0.072186548 seconds time elapsed

MODO = sem I/O e alloc. memoria

 Performance counter stats for './mandelbrot_omp -0.8 -0.7 0.05 0.15 512 16 sem':

        464.267172      task-clock (msec)         #    6.870 CPUs utilized          
                63      context-switches          #    0.136 K/sec                  
                38      cpu-migrations            #    0.082 K/sec                  
                94      page-faults               #    0.202 K/sec                  
   <not supported>      cycles                   
   <not supported>      stalled-cycles-frontend  
   <not supported>      stalled-cycles-backend   
   <not supported>      instructions             
   <not supported>      branches                 
   <not supported>      branch-misses            

       0.067577037 seconds time elapsed

MODO = sem I/O e alloc. memoria

 Performance counter stats for './mandelbrot_omp -0.8 -0.7 0.05 0.15 512 16 sem':

        465.895084      task-clock (msec)         #    6.882 CPUs utilized          
                66      context-switches          #    0.142 K/sec                  
                41      cpu-migrations            #    0.088 K/sec                  
                93      page-faults               #    0.200 K/sec                  
   <not supported>      cycles                   
   <not supported>      stalled-cycles-frontend  
   <not supported>      stalled-cycles-backend   
   <not supported>      instructions             
   <not supported>      branches                 
   <not supported>      branch-misses            

       0.067701028 seconds time elapsed

MODO = sem I/O e alloc. memoria

 Performance counter stats for './mandelbrot_omp -0.8 -0.7 0.05 0.15 512 16 sem':

        461.430663      task-clock (msec)         #    6.304 CPUs utilized          
                63      context-switches          #    0.137 K/sec                  
                44      cpu-migrations            #    0.095 K/sec                  
                94      page-faults               #    0.204 K/sec                  
   <not supported>      cycles                   
   <not supported>      stalled-cycles-frontend  
   <not supported>      stalled-cycles-backend   
   <not supported>      instructions             
   <not supported>      branches                 
   <not supported>      branch-misses            

       0.073191994 seconds time elapsed

MODO = sem I/O e alloc. memoria

 Performance counter stats for './mandelbrot_omp -0.8 -0.7 0.05 0.15 512 16 sem':

        467.009211      task-clock (msec)         #    6.995 CPUs utilized          
                74      context-switches          #    0.158 K/sec                  
                42      cpu-migrations            #    0.090 K/sec                  
                94      page-faults               #    0.201 K/sec                  
   <not supported>      cycles                   
   <not supported>      stalled-cycles-frontend  
   <not supported>      stalled-cycles-backend   
   <not supported>      instructions             
   <not supported>      branches                 
   <not supported>      branch-misses            

       0.066761084 seconds time elapsed

MODO = sem I/O e alloc. memoria

 Performance counter stats for './mandelbrot_omp -0.8 -0.7 0.05 0.15 512 16 sem':

        458.587666      task-clock (msec)         #    6.341 CPUs utilized          
                67      context-switches          #    0.146 K/sec                  
                41      cpu-migrations            #    0.089 K/sec                  
                93      page-faults               #    0.203 K/sec                  
   <not supported>      cycles                   
   <not supported>      stalled-cycles-frontend  
   <not supported>      stalled-cycles-backend   
   <not supported>      instructions             
   <not supported>      branches                 
   <not supported>      branch-misses            

       0.072323131 seconds time elapsed

MODO = sem I/O e alloc. memoria

 Performance counter stats for './mandelbrot_omp -0.8 -0.7 0.05 0.15 512 16 sem':

        463.145715      task-clock (msec)         #    6.829 CPUs utilized          
                65      context-switches          #    0.140 K/sec                  
                41      cpu-migrations            #    0.089 K/sec                  
                94      page-faults               #    0.203 K/sec                  
   <not supported>      cycles                   
   <not supported>      stalled-cycles-frontend  
   <not supported>      stalled-cycles-backend   
   <not supported>      instructions             
   <not supported>      branches                 
   <not supported>      branch-misses            

       0.067821296 seconds time elapsed

MODO = sem I/O e alloc. memoria

 Performance counter stats for './mandelbrot_omp -0.8 -0.7 0.05 0.15 1024 16 sem':

       1859.390623      task-clock (msec)         #    7.324 CPUs utilized          
               115      context-switches          #    0.062 K/sec                  
                40      cpu-migrations            #    0.022 K/sec                  
                91      page-faults               #    0.049 K/sec                  
   <not supported>      cycles                   
   <not supported>      stalled-cycles-frontend  
   <not supported>      stalled-cycles-backend   
   <not supported>      instructions             
   <not supported>      branches                 
   <not supported>      branch-misses            

       0.253867930 seconds time elapsed

MODO = sem I/O e alloc. memoria

 Performance counter stats for './mandelbrot_omp -0.8 -0.7 0.05 0.15 1024 16 sem':

       1860.254842      task-clock (msec)         #    7.455 CPUs utilized          
               131      context-switches          #    0.070 K/sec                  
                44      cpu-migrations            #    0.024 K/sec                  
                94      page-faults               #    0.051 K/sec                  
   <not supported>      cycles                   
   <not supported>      stalled-cycles-frontend  
   <not supported>      stalled-cycles-backend   
   <not supported>      instructions             
   <not supported>      branches                 
   <not supported>      branch-misses            

       0.249521399 seconds time elapsed

MODO = sem I/O e alloc. memoria

 Performance counter stats for './mandelbrot_omp -0.8 -0.7 0.05 0.15 1024 16 sem':

       1846.409514      task-clock (msec)         #    6.977 CPUs utilized          
               112      context-switches          #    0.061 K/sec                  
                33      cpu-migrations            #    0.018 K/sec                  
                94      page-faults               #    0.051 K/sec                  
   <not supported>      cycles                   
   <not supported>      stalled-cycles-frontend  
   <not supported>      stalled-cycles-backend   
   <not supported>      instructions             
   <not supported>      branches                 
   <not supported>      branch-misses            

       0.264627150 seconds time elapsed

MODO = sem I/O e alloc. memoria

 Performance counter stats for './mandelbrot_omp -0.8 -0.7 0.05 0.15 1024 16 sem':

       1862.891851      task-clock (msec)         #    7.290 CPUs utilized          
               124      context-switches          #    0.067 K/sec                  
                45      cpu-migrations            #    0.024 K/sec                  
                94      page-faults               #    0.050 K/sec                  
   <not supported>      cycles                   
   <not supported>      stalled-cycles-frontend  
   <not supported>      stalled-cycles-backend   
   <not supported>      instructions             
   <not supported>      branches                 
   <not supported>      branch-misses            

       0.255539558 seconds time elapsed

MODO = sem I/O e alloc. memoria

 Performance counter stats for './mandelbrot_omp -0.8 -0.7 0.05 0.15 1024 16 sem':

       1872.994281      task-clock (msec)         #    7.515 CPUs utilized          
               129      context-switches          #    0.069 K/sec                  
                43      cpu-migrations            #    0.023 K/sec                  
                92      page-faults               #    0.049 K/sec                  
   <not supported>      cycles                   
   <not supported>      stalled-cycles-frontend  
   <not supported>      stalled-cycles-backend   
   <not supported>      instructions             
   <not supported>      branches                 
   <not supported>      branch-misses            

       0.249219769 seconds time elapsed

MODO = sem I/O e alloc. memoria

 Performance counter stats for './mandelbrot_omp -0.8 -0.7 0.05 0.15 1024 16 sem':

       1870.595630      task-clock (msec)         #    7.633 CPUs utilized          
               130      context-switches          #    0.069 K/sec                  
                46      cpu-migrations            #    0.025 K/sec                  
                93      page-faults               #    0.050 K/sec                  
   <not supported>      cycles                   
   <not supported>      stalled-cycles-frontend  
   <not supported>      stalled-cycles-backend   
   <not supported>      instructions             
   <not supported>      branches                 
   <not supported>      branch-misses            

       0.245072498 seconds time elapsed

MODO = sem I/O e alloc. memoria

 Performance counter stats for './mandelbrot_omp -0.8 -0.7 0.05 0.15 1024 16 sem':

       1867.119832      task-clock (msec)         #    7.260 CPUs utilized          
               109      context-switches          #    0.058 K/sec                  
                42      cpu-migrations            #    0.022 K/sec                  
                93      page-faults               #    0.050 K/sec                  
   <not supported>      cycles                   
   <not supported>      stalled-cycles-frontend  
   <not supported>      stalled-cycles-backend   
   <not supported>      instructions             
   <not supported>      branches                 
   <not supported>      branch-misses            

       0.257195686 seconds time elapsed

MODO = sem I/O e alloc. memoria

 Performance counter stats for './mandelbrot_omp -0.8 -0.7 0.05 0.15 1024 16 sem':

       1869.049467      task-clock (msec)         #    7.453 CPUs utilized          
               117      context-switches          #    0.063 K/sec                  
                51      cpu-migrations            #    0.027 K/sec                  
                94      page-faults               #    0.050 K/sec                  
   <not supported>      cycles                   
   <not supported>      stalled-cycles-frontend  
   <not supported>      stalled-cycles-backend   
   <not supported>      instructions             
   <not supported>      branches                 
   <not supported>      branch-misses            

       0.250763536 seconds time elapsed

MODO = sem I/O e alloc. memoria

 Performance counter stats for './mandelbrot_omp -0.8 -0.7 0.05 0.15 1024 16 sem':

       1869.274482      task-clock (msec)         #    7.574 CPUs utilized          
               126      context-switches          #    0.067 K/sec                  
                38      cpu-migrations            #    0.020 K/sec                  
                94      page-faults               #    0.050 K/sec                  
   <not supported>      cycles                   
   <not supported>      stalled-cycles-frontend  
   <not supported>      stalled-cycles-backend   
   <not supported>      instructions             
   <not supported>      branches                 
   <not supported>      branch-misses            

       0.246815090 seconds time elapsed

MODO = sem I/O e alloc. memoria

 Performance counter stats for './mandelbrot_omp -0.8 -0.7 0.05 0.15 1024 16 sem':

       1855.073018      task-clock (msec)         #    7.121 CPUs utilized          
               126      context-switches          #    0.068 K/sec                  
                37      cpu-migrations            #    0.020 K/sec                  
                94      page-faults               #    0.051 K/sec                  
   <not supported>      cycles                   
   <not supported>      stalled-cycles-frontend  
   <not supported>      stalled-cycles-backend   
   <not supported>      instructions             
   <not supported>      branches                 
   <not supported>      branch-misses            

       0.260518126 seconds time elapsed

MODO = sem I/O e alloc. memoria

 Performance counter stats for './mandelbrot_omp -0.8 -0.7 0.05 0.15 2048 16 sem':

       7486.608047      task-clock (msec)         #    7.501 CPUs utilized          
               402      context-switches          #    0.054 K/sec                  
                48      cpu-migrations            #    0.006 K/sec                  
                91      page-faults               #    0.012 K/sec                  
   <not supported>      cycles                   
   <not supported>      stalled-cycles-frontend  
   <not supported>      stalled-cycles-backend   
   <not supported>      instructions             
   <not supported>      branches                 
   <not supported>      branch-misses            

       0.998096655 seconds time elapsed

MODO = sem I/O e alloc. memoria

 Performance counter stats for './mandelbrot_omp -0.8 -0.7 0.05 0.15 2048 16 sem':

       7506.363877      task-clock (msec)         #    7.569 CPUs utilized          
               423      context-switches          #    0.056 K/sec                  
                46      cpu-migrations            #    0.006 K/sec                  
                93      page-faults               #    0.012 K/sec                  
   <not supported>      cycles                   
   <not supported>      stalled-cycles-frontend  
   <not supported>      stalled-cycles-backend   
   <not supported>      instructions             
   <not supported>      branches                 
   <not supported>      branch-misses            

       0.991732733 seconds time elapsed

MODO = sem I/O e alloc. memoria

 Performance counter stats for './mandelbrot_omp -0.8 -0.7 0.05 0.15 2048 16 sem':

       7538.259167      task-clock (msec)         #    7.804 CPUs utilized          
               413      context-switches          #    0.055 K/sec                  
                46      cpu-migrations            #    0.006 K/sec                  
                93      page-faults               #    0.012 K/sec                  
   <not supported>      cycles                   
   <not supported>      stalled-cycles-frontend  
   <not supported>      stalled-cycles-backend   
   <not supported>      instructions             
   <not supported>      branches                 
   <not supported>      branch-misses            

       0.965973990 seconds time elapsed

MODO = sem I/O e alloc. memoria

 Performance counter stats for './mandelbrot_omp -0.8 -0.7 0.05 0.15 2048 16 sem':

       7486.232295      task-clock (msec)         #    7.627 CPUs utilized          
               404      context-switches          #    0.054 K/sec                  
                49      cpu-migrations            #    0.007 K/sec                  
                93      page-faults               #    0.012 K/sec                  
   <not supported>      cycles                   
   <not supported>      stalled-cycles-frontend  
   <not supported>      stalled-cycles-backend   
   <not supported>      instructions             
   <not supported>      branches                 
   <not supported>      branch-misses            

       0.981550167 seconds time elapsed

MODO = sem I/O e alloc. memoria

 Performance counter stats for './mandelbrot_omp -0.8 -0.7 0.05 0.15 2048 16 sem':

       7493.288827      task-clock (msec)         #    7.634 CPUs utilized          
               360      context-switches          #    0.048 K/sec                  
                50      cpu-migrations            #    0.007 K/sec                  
                93      page-faults               #    0.012 K/sec                  
   <not supported>      cycles                   
   <not supported>      stalled-cycles-frontend  
   <not supported>      stalled-cycles-backend   
   <not supported>      instructions             
   <not supported>      branches                 
   <not supported>      branch-misses            

       0.981622905 seconds time elapsed

MODO = sem I/O e alloc. memoria

 Performance counter stats for './mandelbrot_omp -0.8 -0.7 0.05 0.15 2048 16 sem':

       7491.653959      task-clock (msec)         #    7.629 CPUs utilized          
               401      context-switches          #    0.054 K/sec                  
                59      cpu-migrations            #    0.008 K/sec                  
                94      page-faults               #    0.013 K/sec                  
   <not supported>      cycles                   
   <not supported>      stalled-cycles-frontend  
   <not supported>      stalled-cycles-backend   
   <not supported>      instructions             
   <not supported>      branches                 
   <not supported>      branch-misses            

       0.982038949 seconds time elapsed

MODO = sem I/O e alloc. memoria

 Performance counter stats for './mandelbrot_omp -0.8 -0.7 0.05 0.15 2048 16 sem':

       7515.650307      task-clock (msec)         #    7.667 CPUs utilized          
               363      context-switches          #    0.048 K/sec                  
                56      cpu-migrations            #    0.007 K/sec                  
                94      page-faults               #    0.013 K/sec                  
   <not supported>      cycles                   
   <not supported>      stalled-cycles-frontend  
   <not supported>      stalled-cycles-backend   
   <not supported>      instructions             
   <not supported>      branches                 
   <not supported>      branch-misses            

       0.980304261 seconds time elapsed

MODO = sem I/O e alloc. memoria

 Performance counter stats for './mandelbrot_omp -0.8 -0.7 0.05 0.15 2048 16 sem':

       7485.219703      task-clock (msec)         #    7.612 CPUs utilized          
               370      context-switches          #    0.049 K/sec                  
                60      cpu-migrations            #    0.008 K/sec                  
                94      page-faults               #    0.013 K/sec                  
   <not supported>      cycles                   
   <not supported>      stalled-cycles-frontend  
   <not supported>      stalled-cycles-backend   
   <not supported>      instructions             
   <not supported>      branches                 
   <not supported>      branch-misses            

       0.983326848 seconds time elapsed

MODO = sem I/O e alloc. memoria

 Performance counter stats for './mandelbrot_omp -0.8 -0.7 0.05 0.15 2048 16 sem':

       7516.931703      task-clock (msec)         #    7.666 CPUs utilized          
               406      context-switches          #    0.054 K/sec                  
                48      cpu-migrations            #    0.006 K/sec                  
                93      page-faults               #    0.012 K/sec                  
   <not supported>      cycles                   
   <not supported>      stalled-cycles-frontend  
   <not supported>      stalled-cycles-backend   
   <not supported>      instructions             
   <not supported>      branches                 
   <not supported>      branch-misses            

       0.980612995 seconds time elapsed

MODO = sem I/O e alloc. memoria

 Performance counter stats for './mandelbrot_omp -0.8 -0.7 0.05 0.15 2048 16 sem':

       7500.254769      task-clock (msec)         #    7.399 CPUs utilized          
               380      context-switches          #    0.051 K/sec                  
                63      cpu-migrations            #    0.008 K/sec                  
                93      page-faults               #    0.012 K/sec                  
   <not supported>      cycles                   
   <not supported>      stalled-cycles-frontend  
   <not supported>      stalled-cycles-backend   
   <not supported>      instructions             
   <not supported>      branches                 
   <not supported>      branch-misses            

       1.013693892 seconds time elapsed

MODO = sem I/O e alloc. memoria

 Performance counter stats for './mandelbrot_omp -0.8 -0.7 0.05 0.15 4096 16 sem':

      30178.619069      task-clock (msec)         #    7.875 CPUs utilized          
             1,687      context-switches          #    0.056 K/sec                  
                69      cpu-migrations            #    0.002 K/sec                  
                94      page-faults               #    0.003 K/sec                  
   <not supported>      cycles                   
   <not supported>      stalled-cycles-frontend  
   <not supported>      stalled-cycles-backend   
   <not supported>      instructions             
   <not supported>      branches                 
   <not supported>      branch-misses            

       3.832120807 seconds time elapsed

MODO = sem I/O e alloc. memoria

 Performance counter stats for './mandelbrot_omp -0.8 -0.7 0.05 0.15 4096 16 sem':

      30129.766777      task-clock (msec)         #    7.852 CPUs utilized          
             1,748      context-switches          #    0.058 K/sec                  
                75      cpu-migrations            #    0.002 K/sec                  
                94      page-faults               #    0.003 K/sec                  
   <not supported>      cycles                   
   <not supported>      stalled-cycles-frontend  
   <not supported>      stalled-cycles-backend   
   <not supported>      instructions             
   <not supported>      branches                 
   <not supported>      branch-misses            

       3.837135773 seconds time elapsed

MODO = sem I/O e alloc. memoria

 Performance counter stats for './mandelbrot_omp -0.8 -0.7 0.05 0.15 4096 16 sem':

      30170.513230      task-clock (msec)         #    7.868 CPUs utilized          
             1,721      context-switches          #    0.057 K/sec                  
                63      cpu-migrations            #    0.002 K/sec                  
                93      page-faults               #    0.003 K/sec                  
   <not supported>      cycles                   
   <not supported>      stalled-cycles-frontend  
   <not supported>      stalled-cycles-backend   
   <not supported>      instructions             
   <not supported>      branches                 
   <not supported>      branch-misses            

       3.834594420 seconds time elapsed

MODO = sem I/O e alloc. memoria

 Performance counter stats for './mandelbrot_omp -0.8 -0.7 0.05 0.15 4096 16 sem':

      30167.456987      task-clock (msec)         #    7.823 CPUs utilized          
             1,782      context-switches          #    0.059 K/sec                  
                62      cpu-migrations            #    0.002 K/sec                  
                94      page-faults               #    0.003 K/sec                  
   <not supported>      cycles                   
   <not supported>      stalled-cycles-frontend  
   <not supported>      stalled-cycles-backend   
   <not supported>      instructions             
   <not supported>      branches                 
   <not supported>      branch-misses            

       3.856495189 seconds time elapsed

MODO = sem I/O e alloc. memoria

 Performance counter stats for './mandelbrot_omp -0.8 -0.7 0.05 0.15 4096 16 sem':

      30138.556139      task-clock (msec)         #    7.837 CPUs utilized          
             1,762      context-switches          #    0.058 K/sec                  
                70      cpu-migrations            #    0.002 K/sec                  
                93      page-faults               #    0.003 K/sec                  
   <not supported>      cycles                   
   <not supported>      stalled-cycles-frontend  
   <not supported>      stalled-cycles-backend   
   <not supported>      instructions             
   <not supported>      branches                 
   <not supported>      branch-misses            

       3.845627711 seconds time elapsed

MODO = sem I/O e alloc. memoria

 Performance counter stats for './mandelbrot_omp -0.8 -0.7 0.05 0.15 4096 16 sem':

      30139.947956      task-clock (msec)         #    7.882 CPUs utilized          
             1,826      context-switches          #    0.061 K/sec                  
                54      cpu-migrations            #    0.002 K/sec                  
                93      page-faults               #    0.003 K/sec                  
   <not supported>      cycles                   
   <not supported>      stalled-cycles-frontend  
   <not supported>      stalled-cycles-backend   
   <not supported>      instructions             
   <not supported>      branches                 
   <not supported>      branch-misses            

       3.823739955 seconds time elapsed

MODO = sem I/O e alloc. memoria

 Performance counter stats for './mandelbrot_omp -0.8 -0.7 0.05 0.15 4096 16 sem':

      30186.422302      task-clock (msec)         #    7.862 CPUs utilized          
             1,786      context-switches          #    0.059 K/sec                  
                61      cpu-migrations            #    0.002 K/sec                  
                90      page-faults               #    0.003 K/sec                  
   <not supported>      cycles                   
   <not supported>      stalled-cycles-frontend  
   <not supported>      stalled-cycles-backend   
   <not supported>      instructions             
   <not supported>      branches                 
   <not supported>      branch-misses            

       3.839622599 seconds time elapsed

MODO = sem I/O e alloc. memoria

 Performance counter stats for './mandelbrot_omp -0.8 -0.7 0.05 0.15 4096 16 sem':

      30105.512428      task-clock (msec)         #    7.856 CPUs utilized          
             1,854      context-switches          #    0.062 K/sec                  
                57      cpu-migrations            #    0.002 K/sec                  
                93      page-faults               #    0.003 K/sec                  
   <not supported>      cycles                   
   <not supported>      stalled-cycles-frontend  
   <not supported>      stalled-cycles-backend   
   <not supported>      instructions             
   <not supported>      branches                 
   <not supported>      branch-misses            

       3.832154842 seconds time elapsed

MODO = sem I/O e alloc. memoria

 Performance counter stats for './mandelbrot_omp -0.8 -0.7 0.05 0.15 4096 16 sem':

      30169.873422      task-clock (msec)         #    7.913 CPUs utilized          
             1,747      context-switches          #    0.058 K/sec                  
                61      cpu-migrations            #    0.002 K/sec                  
                93      page-faults               #    0.003 K/sec                  
   <not supported>      cycles                   
   <not supported>      stalled-cycles-frontend  
   <not supported>      stalled-cycles-backend   
   <not supported>      instructions             
   <not supported>      branches                 
   <not supported>      branch-misses            

       3.812642465 seconds time elapsed

MODO = sem I/O e alloc. memoria

 Performance counter stats for './mandelbrot_omp -0.8 -0.7 0.05 0.15 4096 16 sem':

      30204.354180      task-clock (msec)         #    7.902 CPUs utilized          
             1,832      context-switches          #    0.061 K/sec                  
                52      cpu-migrations            #    0.002 K/sec                  
                93      page-faults               #    0.003 K/sec                  
   <not supported>      cycles                   
   <not supported>      stalled-cycles-frontend  
   <not supported>      stalled-cycles-backend   
   <not supported>      instructions             
   <not supported>      branches                 
   <not supported>      branch-misses            

       3.822439770 seconds time elapsed

MODO = sem I/O e alloc. memoria

 Performance counter stats for './mandelbrot_omp -0.8 -0.7 0.05 0.15 8192 16 sem':

     120850.157177      task-clock (msec)         #    7.958 CPUs utilized          
             7,344      context-switches          #    0.061 K/sec                  
                99      cpu-migrations            #    0.001 K/sec                  
                94      page-faults               #    0.001 K/sec                  
   <not supported>      cycles                   
   <not supported>      stalled-cycles-frontend  
   <not supported>      stalled-cycles-backend   
   <not supported>      instructions             
   <not supported>      branches                 
   <not supported>      branch-misses            

      15.185583059 seconds time elapsed

MODO = sem I/O e alloc. memoria

 Performance counter stats for './mandelbrot_omp -0.8 -0.7 0.05 0.15 8192 16 sem':

     120834.714107      task-clock (msec)         #    7.938 CPUs utilized          
             7,358      context-switches          #    0.061 K/sec                  
                86      cpu-migrations            #    0.001 K/sec                  
                93      page-faults               #    0.001 K/sec                  
   <not supported>      cycles                   
   <not supported>      stalled-cycles-frontend  
   <not supported>      stalled-cycles-backend   
   <not supported>      instructions             
   <not supported>      branches                 
   <not supported>      branch-misses            

      15.221800661 seconds time elapsed

MODO = sem I/O e alloc. memoria

 Performance counter stats for './mandelbrot_omp -0.8 -0.7 0.05 0.15 8192 16 sem':

     120788.952607      task-clock (msec)         #    7.938 CPUs utilized          
             7,291      context-switches          #    0.060 K/sec                  
                98      cpu-migrations            #    0.001 K/sec                  
                94      page-faults               #    0.001 K/sec                  
   <not supported>      cycles                   
   <not supported>      stalled-cycles-frontend  
   <not supported>      stalled-cycles-backend   
   <not supported>      instructions             
   <not supported>      branches                 
   <not supported>      branch-misses            

      15.217254446 seconds time elapsed

MODO = sem I/O e alloc. memoria

 Performance counter stats for './mandelbrot_omp -0.8 -0.7 0.05 0.15 8192 16 sem':

     122991.364390      task-clock (msec)         #    7.961 CPUs utilized          
             7,682      context-switches          #    0.062 K/sec                  
                95      cpu-migrations            #    0.001 K/sec                  
                94      page-faults               #    0.001 K/sec                  
   <not supported>      cycles                   
   <not supported>      stalled-cycles-frontend  
   <not supported>      stalled-cycles-backend   
   <not supported>      instructions             
   <not supported>      branches                 
   <not supported>      branch-misses            

      15.448372772 seconds time elapsed

MODO = sem I/O e alloc. memoria

 Performance counter stats for './mandelbrot_omp -0.8 -0.7 0.05 0.15 8192 16 sem':

     120843.079453      task-clock (msec)         #    7.933 CPUs utilized          
             7,369      context-switches          #    0.061 K/sec                  
               109      cpu-migrations            #    0.001 K/sec                  
                94      page-faults               #    0.001 K/sec                  
   <not supported>      cycles                   
   <not supported>      stalled-cycles-frontend  
   <not supported>      stalled-cycles-backend   
   <not supported>      instructions             
   <not supported>      branches                 
   <not supported>      branch-misses            

      15.232717354 seconds time elapsed

MODO = sem I/O e alloc. memoria

 Performance counter stats for './mandelbrot_omp -0.8 -0.7 0.05 0.15 8192 16 sem':

     120824.653638      task-clock (msec)         #    7.950 CPUs utilized          
             7,403      context-switches          #    0.061 K/sec                  
                83      cpu-migrations            #    0.001 K/sec                  
                94      page-faults               #    0.001 K/sec                  
   <not supported>      cycles                   
   <not supported>      stalled-cycles-frontend  
   <not supported>      stalled-cycles-backend   
   <not supported>      instructions             
   <not supported>      branches                 
   <not supported>      branch-misses            

      15.197712266 seconds time elapsed

MODO = sem I/O e alloc. memoria

 Performance counter stats for './mandelbrot_omp -0.8 -0.7 0.05 0.15 8192 16 sem':

     120815.131611      task-clock (msec)         #    7.937 CPUs utilized          
             7,409      context-switches          #    0.061 K/sec                  
                98      cpu-migrations            #    0.001 K/sec                  
                93      page-faults               #    0.001 K/sec                  
   <not supported>      cycles                   
   <not supported>      stalled-cycles-frontend  
   <not supported>      stalled-cycles-backend   
   <not supported>      instructions             
   <not supported>      branches                 
   <not supported>      branch-misses            

      15.222336382 seconds time elapsed

MODO = sem I/O e alloc. memoria

 Performance counter stats for './mandelbrot_omp -0.8 -0.7 0.05 0.15 8192 16 sem':

     120798.280015      task-clock (msec)         #    7.942 CPUs utilized          
             7,386      context-switches          #    0.061 K/sec                  
                71      cpu-migrations            #    0.001 K/sec                  
                93      page-faults               #    0.001 K/sec                  
   <not supported>      cycles                   
   <not supported>      stalled-cycles-frontend  
   <not supported>      stalled-cycles-backend   
   <not supported>      instructions             
   <not supported>      branches                 
   <not supported>      branch-misses            

      15.209220047 seconds time elapsed

MODO = sem I/O e alloc. memoria

 Performance counter stats for './mandelbrot_omp -0.8 -0.7 0.05 0.15 8192 16 sem':

     120885.063458      task-clock (msec)         #    7.964 CPUs utilized          
             7,488      context-switches          #    0.062 K/sec                  
                84      cpu-migrations            #    0.001 K/sec                  
                93      page-faults               #    0.001 K/sec                  
   <not supported>      cycles                   
   <not supported>      stalled-cycles-frontend  
   <not supported>      stalled-cycles-backend   
   <not supported>      instructions             
   <not supported>      branches                 
   <not supported>      branch-misses            

      15.178052315 seconds time elapsed

MODO = sem I/O e alloc. memoria

 Performance counter stats for './mandelbrot_omp -0.8 -0.7 0.05 0.15 8192 16 sem':

     120811.776948      task-clock (msec)         #    7.915 CPUs utilized          
             7,396      context-switches          #    0.061 K/sec                  
                78      cpu-migrations            #    0.001 K/sec                  
                93      page-faults               #    0.001 K/sec                  
   <not supported>      cycles                   
   <not supported>      stalled-cycles-frontend  
   <not supported>      stalled-cycles-backend   
   <not supported>      instructions             
   <not supported>      branches                 
   <not supported>      branch-misses            

      15.262813949 seconds time elapsed

