MODO = sem I/O e alloc. memoria

 Performance counter stats for './mandelbrot_omp -0.188 -0.012 0.554 0.754 16 16 sem':

          1.481302      task-clock (msec)         #    1.133 CPUs utilized          
                48      context-switches          #    0.032 M/sec                  
                24      cpu-migrations            #    0.016 M/sec                  
                93      page-faults               #    0.063 M/sec                  
   <not supported>      cycles                   
   <not supported>      stalled-cycles-frontend  
   <not supported>      stalled-cycles-backend   
   <not supported>      instructions             
   <not supported>      branches                 
   <not supported>      branch-misses            

       0.001306841 seconds time elapsed

MODO = sem I/O e alloc. memoria

 Performance counter stats for './mandelbrot_omp -0.188 -0.012 0.554 0.754 16 16 sem':

          1.503040      task-clock (msec)         #    1.256 CPUs utilized          
                48      context-switches          #    0.032 M/sec                  
                27      cpu-migrations            #    0.018 M/sec                  
                94      page-faults               #    0.063 M/sec                  
   <not supported>      cycles                   
   <not supported>      stalled-cycles-frontend  
   <not supported>      stalled-cycles-backend   
   <not supported>      instructions             
   <not supported>      branches                 
   <not supported>      branch-misses            

       0.001196325 seconds time elapsed

MODO = sem I/O e alloc. memoria

 Performance counter stats for './mandelbrot_omp -0.188 -0.012 0.554 0.754 16 16 sem':

          1.455824      task-clock (msec)         #    1.206 CPUs utilized          
                48      context-switches          #    0.033 M/sec                  
                25      cpu-migrations            #    0.017 M/sec                  
                93      page-faults               #    0.064 M/sec                  
   <not supported>      cycles                   
   <not supported>      stalled-cycles-frontend  
   <not supported>      stalled-cycles-backend   
   <not supported>      instructions             
   <not supported>      branches                 
   <not supported>      branch-misses            

       0.001206979 seconds time elapsed

MODO = sem I/O e alloc. memoria

 Performance counter stats for './mandelbrot_omp -0.188 -0.012 0.554 0.754 16 16 sem':

          1.588224      task-clock (msec)         #    1.293 CPUs utilized          
                48      context-switches          #    0.030 M/sec                  
                27      cpu-migrations            #    0.017 M/sec                  
                93      page-faults               #    0.059 M/sec                  
   <not supported>      cycles                   
   <not supported>      stalled-cycles-frontend  
   <not supported>      stalled-cycles-backend   
   <not supported>      instructions             
   <not supported>      branches                 
   <not supported>      branch-misses            

       0.001227859 seconds time elapsed

MODO = sem I/O e alloc. memoria

 Performance counter stats for './mandelbrot_omp -0.188 -0.012 0.554 0.754 16 16 sem':

          1.801298      task-clock (msec)         #    1.339 CPUs utilized          
                47      context-switches          #    0.026 M/sec                  
                28      cpu-migrations            #    0.016 M/sec                  
                94      page-faults               #    0.052 M/sec                  
   <not supported>      cycles                   
   <not supported>      stalled-cycles-frontend  
   <not supported>      stalled-cycles-backend   
   <not supported>      instructions             
   <not supported>      branches                 
   <not supported>      branch-misses            

       0.001345213 seconds time elapsed

MODO = sem I/O e alloc. memoria

 Performance counter stats for './mandelbrot_omp -0.188 -0.012 0.554 0.754 16 16 sem':

          1.448861      task-clock (msec)         #    1.172 CPUs utilized          
                48      context-switches          #    0.033 M/sec                  
                25      cpu-migrations            #    0.017 M/sec                  
                94      page-faults               #    0.065 M/sec                  
   <not supported>      cycles                   
   <not supported>      stalled-cycles-frontend  
   <not supported>      stalled-cycles-backend   
   <not supported>      instructions             
   <not supported>      branches                 
   <not supported>      branch-misses            

       0.001236139 seconds time elapsed

MODO = sem I/O e alloc. memoria

 Performance counter stats for './mandelbrot_omp -0.188 -0.012 0.554 0.754 16 16 sem':

          1.722907      task-clock (msec)         #    1.218 CPUs utilized          
                48      context-switches          #    0.028 M/sec                  
                29      cpu-migrations            #    0.017 M/sec                  
                94      page-faults               #    0.055 M/sec                  
   <not supported>      cycles                   
   <not supported>      stalled-cycles-frontend  
   <not supported>      stalled-cycles-backend   
   <not supported>      instructions             
   <not supported>      branches                 
   <not supported>      branch-misses            

       0.001414931 seconds time elapsed

MODO = sem I/O e alloc. memoria

 Performance counter stats for './mandelbrot_omp -0.188 -0.012 0.554 0.754 16 16 sem':

          1.607055      task-clock (msec)         #    1.181 CPUs utilized          
                48      context-switches          #    0.030 M/sec                  
                28      cpu-migrations            #    0.017 M/sec                  
                94      page-faults               #    0.058 M/sec                  
   <not supported>      cycles                   
   <not supported>      stalled-cycles-frontend  
   <not supported>      stalled-cycles-backend   
   <not supported>      instructions             
   <not supported>      branches                 
   <not supported>      branch-misses            

       0.001360239 seconds time elapsed

MODO = sem I/O e alloc. memoria

 Performance counter stats for './mandelbrot_omp -0.188 -0.012 0.554 0.754 16 16 sem':

          1.557036      task-clock (msec)         #    1.255 CPUs utilized          
                48      context-switches          #    0.031 M/sec                  
                26      cpu-migrations            #    0.017 M/sec                  
                93      page-faults               #    0.060 M/sec                  
   <not supported>      cycles                   
   <not supported>      stalled-cycles-frontend  
   <not supported>      stalled-cycles-backend   
   <not supported>      instructions             
   <not supported>      branches                 
   <not supported>      branch-misses            

       0.001240249 seconds time elapsed

MODO = sem I/O e alloc. memoria

 Performance counter stats for './mandelbrot_omp -0.188 -0.012 0.554 0.754 16 16 sem':

          1.530473      task-clock (msec)         #    1.130 CPUs utilized          
                48      context-switches          #    0.031 M/sec                  
                29      cpu-migrations            #    0.019 M/sec                  
                92      page-faults               #    0.060 M/sec                  
   <not supported>      cycles                   
   <not supported>      stalled-cycles-frontend  
   <not supported>      stalled-cycles-backend   
   <not supported>      instructions             
   <not supported>      branches                 
   <not supported>      branch-misses            

       0.001354058 seconds time elapsed

MODO = sem I/O e alloc. memoria

 Performance counter stats for './mandelbrot_omp -0.188 -0.012 0.554 0.754 32 16 sem':

          2.915525      task-clock (msec)         #    1.351 CPUs utilized          
                48      context-switches          #    0.016 M/sec                  
                28      cpu-migrations            #    0.010 M/sec                  
                93      page-faults               #    0.032 M/sec                  
   <not supported>      cycles                   
   <not supported>      stalled-cycles-frontend  
   <not supported>      stalled-cycles-backend   
   <not supported>      instructions             
   <not supported>      branches                 
   <not supported>      branch-misses            

       0.002158321 seconds time elapsed

MODO = sem I/O e alloc. memoria

 Performance counter stats for './mandelbrot_omp -0.188 -0.012 0.554 0.754 32 16 sem':

          3.311086      task-clock (msec)         #    1.349 CPUs utilized          
                47      context-switches          #    0.014 M/sec                  
                25      cpu-migrations            #    0.008 M/sec                  
                93      page-faults               #    0.028 M/sec                  
   <not supported>      cycles                   
   <not supported>      stalled-cycles-frontend  
   <not supported>      stalled-cycles-backend   
   <not supported>      instructions             
   <not supported>      branches                 
   <not supported>      branch-misses            

       0.002455308 seconds time elapsed

MODO = sem I/O e alloc. memoria

 Performance counter stats for './mandelbrot_omp -0.188 -0.012 0.554 0.754 32 16 sem':

          3.051151      task-clock (msec)         #    1.377 CPUs utilized          
                48      context-switches          #    0.016 M/sec                  
                26      cpu-migrations            #    0.009 M/sec                  
                93      page-faults               #    0.030 M/sec                  
   <not supported>      cycles                   
   <not supported>      stalled-cycles-frontend  
   <not supported>      stalled-cycles-backend   
   <not supported>      instructions             
   <not supported>      branches                 
   <not supported>      branch-misses            

       0.002215961 seconds time elapsed

MODO = sem I/O e alloc. memoria

 Performance counter stats for './mandelbrot_omp -0.188 -0.012 0.554 0.754 32 16 sem':

          2.922493      task-clock (msec)         #    1.344 CPUs utilized          
                47      context-switches          #    0.016 M/sec                  
                27      cpu-migrations            #    0.009 M/sec                  
                91      page-faults               #    0.031 M/sec                  
   <not supported>      cycles                   
   <not supported>      stalled-cycles-frontend  
   <not supported>      stalled-cycles-backend   
   <not supported>      instructions             
   <not supported>      branches                 
   <not supported>      branch-misses            

       0.002174146 seconds time elapsed

MODO = sem I/O e alloc. memoria

 Performance counter stats for './mandelbrot_omp -0.188 -0.012 0.554 0.754 32 16 sem':

          3.029901      task-clock (msec)         #    1.313 CPUs utilized          
                48      context-switches          #    0.016 M/sec                  
                31      cpu-migrations            #    0.010 M/sec                  
                93      page-faults               #    0.031 M/sec                  
   <not supported>      cycles                   
   <not supported>      stalled-cycles-frontend  
   <not supported>      stalled-cycles-backend   
   <not supported>      instructions             
   <not supported>      branches                 
   <not supported>      branch-misses            

       0.002307055 seconds time elapsed

MODO = sem I/O e alloc. memoria

 Performance counter stats for './mandelbrot_omp -0.188 -0.012 0.554 0.754 32 16 sem':

          2.905160      task-clock (msec)         #    1.375 CPUs utilized          
                48      context-switches          #    0.017 M/sec                  
                27      cpu-migrations            #    0.009 M/sec                  
                93      page-faults               #    0.032 M/sec                  
   <not supported>      cycles                   
   <not supported>      stalled-cycles-frontend  
   <not supported>      stalled-cycles-backend   
   <not supported>      instructions             
   <not supported>      branches                 
   <not supported>      branch-misses            

       0.002113184 seconds time elapsed

MODO = sem I/O e alloc. memoria

 Performance counter stats for './mandelbrot_omp -0.188 -0.012 0.554 0.754 32 16 sem':

          2.779057      task-clock (msec)         #    1.299 CPUs utilized          
                48      context-switches          #    0.017 M/sec                  
                28      cpu-migrations            #    0.010 M/sec                  
                93      page-faults               #    0.033 M/sec                  
   <not supported>      cycles                   
   <not supported>      stalled-cycles-frontend  
   <not supported>      stalled-cycles-backend   
   <not supported>      instructions             
   <not supported>      branches                 
   <not supported>      branch-misses            

       0.002139397 seconds time elapsed

MODO = sem I/O e alloc. memoria

 Performance counter stats for './mandelbrot_omp -0.188 -0.012 0.554 0.754 32 16 sem':

          2.930098      task-clock (msec)         #    1.373 CPUs utilized          
                47      context-switches          #    0.016 M/sec                  
                29      cpu-migrations            #    0.010 M/sec                  
                94      page-faults               #    0.032 M/sec                  
   <not supported>      cycles                   
   <not supported>      stalled-cycles-frontend  
   <not supported>      stalled-cycles-backend   
   <not supported>      instructions             
   <not supported>      branches                 
   <not supported>      branch-misses            

       0.002134625 seconds time elapsed

MODO = sem I/O e alloc. memoria

 Performance counter stats for './mandelbrot_omp -0.188 -0.012 0.554 0.754 32 16 sem':

          2.816182      task-clock (msec)         #    1.331 CPUs utilized          
                48      context-switches          #    0.017 M/sec                  
                26      cpu-migrations            #    0.009 M/sec                  
                94      page-faults               #    0.033 M/sec                  
   <not supported>      cycles                   
   <not supported>      stalled-cycles-frontend  
   <not supported>      stalled-cycles-backend   
   <not supported>      instructions             
   <not supported>      branches                 
   <not supported>      branch-misses            

       0.002116496 seconds time elapsed

MODO = sem I/O e alloc. memoria

 Performance counter stats for './mandelbrot_omp -0.188 -0.012 0.554 0.754 32 16 sem':

          3.235568      task-clock (msec)         #    1.347 CPUs utilized          
                48      context-switches          #    0.015 M/sec                  
                28      cpu-migrations            #    0.009 M/sec                  
                93      page-faults               #    0.029 M/sec                  
   <not supported>      cycles                   
   <not supported>      stalled-cycles-frontend  
   <not supported>      stalled-cycles-backend   
   <not supported>      instructions             
   <not supported>      branches                 
   <not supported>      branch-misses            

       0.002402053 seconds time elapsed

MODO = sem I/O e alloc. memoria

 Performance counter stats for './mandelbrot_omp -0.188 -0.012 0.554 0.754 64 16 sem':

          8.910906      task-clock (msec)         #    2.558 CPUs utilized          
                49      context-switches          #    0.005 M/sec                  
                30      cpu-migrations            #    0.003 M/sec                  
                94      page-faults               #    0.011 M/sec                  
   <not supported>      cycles                   
   <not supported>      stalled-cycles-frontend  
   <not supported>      stalled-cycles-backend   
   <not supported>      instructions             
   <not supported>      branches                 
   <not supported>      branch-misses            

       0.003483332 seconds time elapsed

MODO = sem I/O e alloc. memoria

 Performance counter stats for './mandelbrot_omp -0.188 -0.012 0.554 0.754 64 16 sem':

          8.495596      task-clock (msec)         #    2.062 CPUs utilized          
                47      context-switches          #    0.006 M/sec                  
                28      cpu-migrations            #    0.003 M/sec                  
                94      page-faults               #    0.011 M/sec                  
   <not supported>      cycles                   
   <not supported>      stalled-cycles-frontend  
   <not supported>      stalled-cycles-backend   
   <not supported>      instructions             
   <not supported>      branches                 
   <not supported>      branch-misses            

       0.004120335 seconds time elapsed

MODO = sem I/O e alloc. memoria

 Performance counter stats for './mandelbrot_omp -0.188 -0.012 0.554 0.754 64 16 sem':

          8.663233      task-clock (msec)         #    2.672 CPUs utilized          
                47      context-switches          #    0.005 M/sec                  
                32      cpu-migrations            #    0.004 M/sec                  
                93      page-faults               #    0.011 M/sec                  
   <not supported>      cycles                   
   <not supported>      stalled-cycles-frontend  
   <not supported>      stalled-cycles-backend   
   <not supported>      instructions             
   <not supported>      branches                 
   <not supported>      branch-misses            

       0.003242730 seconds time elapsed

MODO = sem I/O e alloc. memoria

 Performance counter stats for './mandelbrot_omp -0.188 -0.012 0.554 0.754 64 16 sem':

         10.893318      task-clock (msec)         #    2.183 CPUs utilized          
                48      context-switches          #    0.004 M/sec                  
                30      cpu-migrations            #    0.003 M/sec                  
                93      page-faults               #    0.009 M/sec                  
   <not supported>      cycles                   
   <not supported>      stalled-cycles-frontend  
   <not supported>      stalled-cycles-backend   
   <not supported>      instructions             
   <not supported>      branches                 
   <not supported>      branch-misses            

       0.004991189 seconds time elapsed

MODO = sem I/O e alloc. memoria

 Performance counter stats for './mandelbrot_omp -0.188 -0.012 0.554 0.754 64 16 sem':

          8.782512      task-clock (msec)         #    3.460 CPUs utilized          
                49      context-switches          #    0.006 M/sec                  
                29      cpu-migrations            #    0.003 M/sec                  
                94      page-faults               #    0.011 M/sec                  
   <not supported>      cycles                   
   <not supported>      stalled-cycles-frontend  
   <not supported>      stalled-cycles-backend   
   <not supported>      instructions             
   <not supported>      branches                 
   <not supported>      branch-misses            

       0.002538336 seconds time elapsed

MODO = sem I/O e alloc. memoria

 Performance counter stats for './mandelbrot_omp -0.188 -0.012 0.554 0.754 64 16 sem':

          8.644263      task-clock (msec)         #    2.211 CPUs utilized          
                48      context-switches          #    0.006 M/sec                  
                26      cpu-migrations            #    0.003 M/sec                  
                94      page-faults               #    0.011 M/sec                  
   <not supported>      cycles                   
   <not supported>      stalled-cycles-frontend  
   <not supported>      stalled-cycles-backend   
   <not supported>      instructions             
   <not supported>      branches                 
   <not supported>      branch-misses            

       0.003909542 seconds time elapsed

MODO = sem I/O e alloc. memoria

 Performance counter stats for './mandelbrot_omp -0.188 -0.012 0.554 0.754 64 16 sem':

          8.835597      task-clock (msec)         #    2.758 CPUs utilized          
                48      context-switches          #    0.005 M/sec                  
                32      cpu-migrations            #    0.004 M/sec                  
                93      page-faults               #    0.011 M/sec                  
   <not supported>      cycles                   
   <not supported>      stalled-cycles-frontend  
   <not supported>      stalled-cycles-backend   
   <not supported>      instructions             
   <not supported>      branches                 
   <not supported>      branch-misses            

       0.003203870 seconds time elapsed

MODO = sem I/O e alloc. memoria

 Performance counter stats for './mandelbrot_omp -0.188 -0.012 0.554 0.754 64 16 sem':

          8.567483      task-clock (msec)         #    3.034 CPUs utilized          
                48      context-switches          #    0.006 M/sec                  
                37      cpu-migrations            #    0.004 M/sec                  
                93      page-faults               #    0.011 M/sec                  
   <not supported>      cycles                   
   <not supported>      stalled-cycles-frontend  
   <not supported>      stalled-cycles-backend   
   <not supported>      instructions             
   <not supported>      branches                 
   <not supported>      branch-misses            

       0.002823874 seconds time elapsed

MODO = sem I/O e alloc. memoria

 Performance counter stats for './mandelbrot_omp -0.188 -0.012 0.554 0.754 64 16 sem':

          9.517652      task-clock (msec)         #    2.873 CPUs utilized          
                47      context-switches          #    0.005 M/sec                  
                33      cpu-migrations            #    0.003 M/sec                  
                92      page-faults               #    0.010 M/sec                  
   <not supported>      cycles                   
   <not supported>      stalled-cycles-frontend  
   <not supported>      stalled-cycles-backend   
   <not supported>      instructions             
   <not supported>      branches                 
   <not supported>      branch-misses            

       0.003313242 seconds time elapsed

MODO = sem I/O e alloc. memoria

 Performance counter stats for './mandelbrot_omp -0.188 -0.012 0.554 0.754 64 16 sem':

          8.973403      task-clock (msec)         #    3.630 CPUs utilized          
                46      context-switches          #    0.005 M/sec                  
                30      cpu-migrations            #    0.003 M/sec                  
                94      page-faults               #    0.010 M/sec                  
   <not supported>      cycles                   
   <not supported>      stalled-cycles-frontend  
   <not supported>      stalled-cycles-backend   
   <not supported>      instructions             
   <not supported>      branches                 
   <not supported>      branch-misses            

       0.002472310 seconds time elapsed

MODO = sem I/O e alloc. memoria

 Performance counter stats for './mandelbrot_omp -0.188 -0.012 0.554 0.754 128 16 sem':

         32.846926      task-clock (msec)         #    4.584 CPUs utilized          
                47      context-switches          #    0.001 M/sec                  
                35      cpu-migrations            #    0.001 M/sec                  
                93      page-faults               #    0.003 M/sec                  
   <not supported>      cycles                   
   <not supported>      stalled-cycles-frontend  
   <not supported>      stalled-cycles-backend   
   <not supported>      instructions             
   <not supported>      branches                 
   <not supported>      branch-misses            

       0.007165878 seconds time elapsed

MODO = sem I/O e alloc. memoria

 Performance counter stats for './mandelbrot_omp -0.188 -0.012 0.554 0.754 128 16 sem':

         31.463862      task-clock (msec)         #    4.508 CPUs utilized          
                48      context-switches          #    0.002 M/sec                  
                33      cpu-migrations            #    0.001 M/sec                  
                93      page-faults               #    0.003 M/sec                  
   <not supported>      cycles                   
   <not supported>      stalled-cycles-frontend  
   <not supported>      stalled-cycles-backend   
   <not supported>      instructions             
   <not supported>      branches                 
   <not supported>      branch-misses            

       0.006980216 seconds time elapsed

MODO = sem I/O e alloc. memoria

 Performance counter stats for './mandelbrot_omp -0.188 -0.012 0.554 0.754 128 16 sem':

         31.893172      task-clock (msec)         #    4.236 CPUs utilized          
                47      context-switches          #    0.001 M/sec                  
                35      cpu-migrations            #    0.001 M/sec                  
                91      page-faults               #    0.003 M/sec                  
   <not supported>      cycles                   
   <not supported>      stalled-cycles-frontend  
   <not supported>      stalled-cycles-backend   
   <not supported>      instructions             
   <not supported>      branches                 
   <not supported>      branch-misses            

       0.007528656 seconds time elapsed

MODO = sem I/O e alloc. memoria

 Performance counter stats for './mandelbrot_omp -0.188 -0.012 0.554 0.754 128 16 sem':

         29.808724      task-clock (msec)         #    3.635 CPUs utilized          
                49      context-switches          #    0.002 M/sec                  
                33      cpu-migrations            #    0.001 M/sec                  
                93      page-faults               #    0.003 M/sec                  
   <not supported>      cycles                   
   <not supported>      stalled-cycles-frontend  
   <not supported>      stalled-cycles-backend   
   <not supported>      instructions             
   <not supported>      branches                 
   <not supported>      branch-misses            

       0.008201240 seconds time elapsed

MODO = sem I/O e alloc. memoria

 Performance counter stats for './mandelbrot_omp -0.188 -0.012 0.554 0.754 128 16 sem':

         30.221479      task-clock (msec)         #    3.076 CPUs utilized          
                49      context-switches          #    0.002 M/sec                  
                24      cpu-migrations            #    0.794 K/sec                  
                94      page-faults               #    0.003 M/sec                  
   <not supported>      cycles                   
   <not supported>      stalled-cycles-frontend  
   <not supported>      stalled-cycles-backend   
   <not supported>      instructions             
   <not supported>      branches                 
   <not supported>      branch-misses            

       0.009824056 seconds time elapsed

MODO = sem I/O e alloc. memoria

 Performance counter stats for './mandelbrot_omp -0.188 -0.012 0.554 0.754 128 16 sem':

         32.984676      task-clock (msec)         #    4.732 CPUs utilized          
                47      context-switches          #    0.001 M/sec                  
                31      cpu-migrations            #    0.940 K/sec                  
                92      page-faults               #    0.003 M/sec                  
   <not supported>      cycles                   
   <not supported>      stalled-cycles-frontend  
   <not supported>      stalled-cycles-backend   
   <not supported>      instructions             
   <not supported>      branches                 
   <not supported>      branch-misses            

       0.006970692 seconds time elapsed

MODO = sem I/O e alloc. memoria

 Performance counter stats for './mandelbrot_omp -0.188 -0.012 0.554 0.754 128 16 sem':

         33.999363      task-clock (msec)         #    4.921 CPUs utilized          
                49      context-switches          #    0.001 M/sec                  
                31      cpu-migrations            #    0.912 K/sec                  
                93      page-faults               #    0.003 M/sec                  
   <not supported>      cycles                   
   <not supported>      stalled-cycles-frontend  
   <not supported>      stalled-cycles-backend   
   <not supported>      instructions             
   <not supported>      branches                 
   <not supported>      branch-misses            

       0.006908998 seconds time elapsed

MODO = sem I/O e alloc. memoria

 Performance counter stats for './mandelbrot_omp -0.188 -0.012 0.554 0.754 128 16 sem':

         29.742000      task-clock (msec)         #    3.953 CPUs utilized          
                50      context-switches          #    0.002 M/sec                  
                34      cpu-migrations            #    0.001 M/sec                  
                92      page-faults               #    0.003 M/sec                  
   <not supported>      cycles                   
   <not supported>      stalled-cycles-frontend  
   <not supported>      stalled-cycles-backend   
   <not supported>      instructions             
   <not supported>      branches                 
   <not supported>      branch-misses            

       0.007524169 seconds time elapsed

MODO = sem I/O e alloc. memoria

 Performance counter stats for './mandelbrot_omp -0.188 -0.012 0.554 0.754 128 16 sem':

         30.634191      task-clock (msec)         #    3.617 CPUs utilized          
                47      context-switches          #    0.002 M/sec                  
                27      cpu-migrations            #    0.881 K/sec                  
                93      page-faults               #    0.003 M/sec                  
   <not supported>      cycles                   
   <not supported>      stalled-cycles-frontend  
   <not supported>      stalled-cycles-backend   
   <not supported>      instructions             
   <not supported>      branches                 
   <not supported>      branch-misses            

       0.008468628 seconds time elapsed

MODO = sem I/O e alloc. memoria

 Performance counter stats for './mandelbrot_omp -0.188 -0.012 0.554 0.754 128 16 sem':

         30.366975      task-clock (msec)         #    3.564 CPUs utilized          
                48      context-switches          #    0.002 M/sec                  
                27      cpu-migrations            #    0.889 K/sec                  
                94      page-faults               #    0.003 M/sec                  
   <not supported>      cycles                   
   <not supported>      stalled-cycles-frontend  
   <not supported>      stalled-cycles-backend   
   <not supported>      instructions             
   <not supported>      branches                 
   <not supported>      branch-misses            

       0.008520184 seconds time elapsed

MODO = sem I/O e alloc. memoria

 Performance counter stats for './mandelbrot_omp -0.188 -0.012 0.554 0.754 256 16 sem':

        129.781899      task-clock (msec)         #    5.776 CPUs utilized          
                46      context-switches          #    0.354 K/sec                  
                36      cpu-migrations            #    0.277 K/sec                  
                94      page-faults               #    0.724 K/sec                  
   <not supported>      cycles                   
   <not supported>      stalled-cycles-frontend  
   <not supported>      stalled-cycles-backend   
   <not supported>      instructions             
   <not supported>      branches                 
   <not supported>      branch-misses            

       0.022467681 seconds time elapsed

MODO = sem I/O e alloc. memoria

 Performance counter stats for './mandelbrot_omp -0.188 -0.012 0.554 0.754 256 16 sem':

        130.323027      task-clock (msec)         #    5.731 CPUs utilized          
                47      context-switches          #    0.361 K/sec                  
                44      cpu-migrations            #    0.338 K/sec                  
                93      page-faults               #    0.714 K/sec                  
   <not supported>      cycles                   
   <not supported>      stalled-cycles-frontend  
   <not supported>      stalled-cycles-backend   
   <not supported>      instructions             
   <not supported>      branches                 
   <not supported>      branch-misses            

       0.022739576 seconds time elapsed

MODO = sem I/O e alloc. memoria

 Performance counter stats for './mandelbrot_omp -0.188 -0.012 0.554 0.754 256 16 sem':

        129.278453      task-clock (msec)         #    5.671 CPUs utilized          
                48      context-switches          #    0.371 K/sec                  
                38      cpu-migrations            #    0.294 K/sec                  
                93      page-faults               #    0.719 K/sec                  
   <not supported>      cycles                   
   <not supported>      stalled-cycles-frontend  
   <not supported>      stalled-cycles-backend   
   <not supported>      instructions             
   <not supported>      branches                 
   <not supported>      branch-misses            

       0.022795412 seconds time elapsed

MODO = sem I/O e alloc. memoria

 Performance counter stats for './mandelbrot_omp -0.188 -0.012 0.554 0.754 256 16 sem':

        133.699778      task-clock (msec)         #    6.195 CPUs utilized          
                49      context-switches          #    0.366 K/sec                  
                34      cpu-migrations            #    0.254 K/sec                  
                93      page-faults               #    0.696 K/sec                  
   <not supported>      cycles                   
   <not supported>      stalled-cycles-frontend  
   <not supported>      stalled-cycles-backend   
   <not supported>      instructions             
   <not supported>      branches                 
   <not supported>      branch-misses            

       0.021582390 seconds time elapsed

MODO = sem I/O e alloc. memoria

 Performance counter stats for './mandelbrot_omp -0.188 -0.012 0.554 0.754 256 16 sem':

        135.244899      task-clock (msec)         #    6.203 CPUs utilized          
                47      context-switches          #    0.348 K/sec                  
                32      cpu-migrations            #    0.237 K/sec                  
                93      page-faults               #    0.688 K/sec                  
   <not supported>      cycles                   
   <not supported>      stalled-cycles-frontend  
   <not supported>      stalled-cycles-backend   
   <not supported>      instructions             
   <not supported>      branches                 
   <not supported>      branch-misses            

       0.021803699 seconds time elapsed

MODO = sem I/O e alloc. memoria

 Performance counter stats for './mandelbrot_omp -0.188 -0.012 0.554 0.754 256 16 sem':

        125.856339      task-clock (msec)         #    5.566 CPUs utilized          
                47      context-switches          #    0.373 K/sec                  
                37      cpu-migrations            #    0.294 K/sec                  
                90      page-faults               #    0.715 K/sec                  
   <not supported>      cycles                   
   <not supported>      stalled-cycles-frontend  
   <not supported>      stalled-cycles-backend   
   <not supported>      instructions             
   <not supported>      branches                 
   <not supported>      branch-misses            

       0.022610792 seconds time elapsed

MODO = sem I/O e alloc. memoria

 Performance counter stats for './mandelbrot_omp -0.188 -0.012 0.554 0.754 256 16 sem':

        131.711115      task-clock (msec)         #    5.945 CPUs utilized          
                49      context-switches          #    0.372 K/sec                  
                33      cpu-migrations            #    0.251 K/sec                  
                94      page-faults               #    0.714 K/sec                  
   <not supported>      cycles                   
   <not supported>      stalled-cycles-frontend  
   <not supported>      stalled-cycles-backend   
   <not supported>      instructions             
   <not supported>      branches                 
   <not supported>      branch-misses            

       0.022154853 seconds time elapsed

MODO = sem I/O e alloc. memoria

 Performance counter stats for './mandelbrot_omp -0.188 -0.012 0.554 0.754 256 16 sem':

        133.381863      task-clock (msec)         #    6.657 CPUs utilized          
                51      context-switches          #    0.382 K/sec                  
                31      cpu-migrations            #    0.232 K/sec                  
                94      page-faults               #    0.705 K/sec                  
   <not supported>      cycles                   
   <not supported>      stalled-cycles-frontend  
   <not supported>      stalled-cycles-backend   
   <not supported>      instructions             
   <not supported>      branches                 
   <not supported>      branch-misses            

       0.020035287 seconds time elapsed

MODO = sem I/O e alloc. memoria

 Performance counter stats for './mandelbrot_omp -0.188 -0.012 0.554 0.754 256 16 sem':

        132.314193      task-clock (msec)         #    5.984 CPUs utilized          
                48      context-switches          #    0.363 K/sec                  
                35      cpu-migrations            #    0.265 K/sec                  
                94      page-faults               #    0.710 K/sec                  
   <not supported>      cycles                   
   <not supported>      stalled-cycles-frontend  
   <not supported>      stalled-cycles-backend   
   <not supported>      instructions             
   <not supported>      branches                 
   <not supported>      branch-misses            

       0.022109650 seconds time elapsed

MODO = sem I/O e alloc. memoria

 Performance counter stats for './mandelbrot_omp -0.188 -0.012 0.554 0.754 256 16 sem':

        125.537962      task-clock (msec)         #    5.435 CPUs utilized          
                50      context-switches          #    0.398 K/sec                  
                38      cpu-migrations            #    0.303 K/sec                  
                93      page-faults               #    0.741 K/sec                  
   <not supported>      cycles                   
   <not supported>      stalled-cycles-frontend  
   <not supported>      stalled-cycles-backend   
   <not supported>      instructions             
   <not supported>      branches                 
   <not supported>      branch-misses            

       0.023099765 seconds time elapsed

MODO = sem I/O e alloc. memoria

 Performance counter stats for './mandelbrot_omp -0.188 -0.012 0.554 0.754 512 16 sem':

        526.238956      task-clock (msec)         #    6.787 CPUs utilized          
                69      context-switches          #    0.131 K/sec                  
                37      cpu-migrations            #    0.070 K/sec                  
                94      page-faults               #    0.179 K/sec                  
   <not supported>      cycles                   
   <not supported>      stalled-cycles-frontend  
   <not supported>      stalled-cycles-backend   
   <not supported>      instructions             
   <not supported>      branches                 
   <not supported>      branch-misses            

       0.077535775 seconds time elapsed

MODO = sem I/O e alloc. memoria

 Performance counter stats for './mandelbrot_omp -0.188 -0.012 0.554 0.754 512 16 sem':

        534.942972      task-clock (msec)         #    7.327 CPUs utilized          
                70      context-switches          #    0.131 K/sec                  
                40      cpu-migrations            #    0.075 K/sec                  
                93      page-faults               #    0.174 K/sec                  
   <not supported>      cycles                   
   <not supported>      stalled-cycles-frontend  
   <not supported>      stalled-cycles-backend   
   <not supported>      instructions             
   <not supported>      branches                 
   <not supported>      branch-misses            

       0.073010854 seconds time elapsed

MODO = sem I/O e alloc. memoria

 Performance counter stats for './mandelbrot_omp -0.188 -0.012 0.554 0.754 512 16 sem':

        526.254746      task-clock (msec)         #    6.986 CPUs utilized          
                71      context-switches          #    0.135 K/sec                  
                39      cpu-migrations            #    0.074 K/sec                  
                93      page-faults               #    0.177 K/sec                  
   <not supported>      cycles                   
   <not supported>      stalled-cycles-frontend  
   <not supported>      stalled-cycles-backend   
   <not supported>      instructions             
   <not supported>      branches                 
   <not supported>      branch-misses            

       0.075328138 seconds time elapsed

MODO = sem I/O e alloc. memoria

 Performance counter stats for './mandelbrot_omp -0.188 -0.012 0.554 0.754 512 16 sem':

        532.345652      task-clock (msec)         #    6.814 CPUs utilized          
                68      context-switches          #    0.128 K/sec                  
                36      cpu-migrations            #    0.068 K/sec                  
                94      page-faults               #    0.177 K/sec                  
   <not supported>      cycles                   
   <not supported>      stalled-cycles-frontend  
   <not supported>      stalled-cycles-backend   
   <not supported>      instructions             
   <not supported>      branches                 
   <not supported>      branch-misses            

       0.078128544 seconds time elapsed

MODO = sem I/O e alloc. memoria

 Performance counter stats for './mandelbrot_omp -0.188 -0.012 0.554 0.754 512 16 sem':

        528.500939      task-clock (msec)         #    6.550 CPUs utilized          
                69      context-switches          #    0.131 K/sec                  
                41      cpu-migrations            #    0.078 K/sec                  
                91      page-faults               #    0.172 K/sec                  
   <not supported>      cycles                   
   <not supported>      stalled-cycles-frontend  
   <not supported>      stalled-cycles-backend   
   <not supported>      instructions             
   <not supported>      branches                 
   <not supported>      branch-misses            

       0.080685865 seconds time elapsed

MODO = sem I/O e alloc. memoria

 Performance counter stats for './mandelbrot_omp -0.188 -0.012 0.554 0.754 512 16 sem':

        545.825103      task-clock (msec)         #    7.009 CPUs utilized          
                66      context-switches          #    0.121 K/sec                  
                40      cpu-migrations            #    0.073 K/sec                  
                93      page-faults               #    0.170 K/sec                  
   <not supported>      cycles                   
   <not supported>      stalled-cycles-frontend  
   <not supported>      stalled-cycles-backend   
   <not supported>      instructions             
   <not supported>      branches                 
   <not supported>      branch-misses            

       0.077874677 seconds time elapsed

MODO = sem I/O e alloc. memoria

 Performance counter stats for './mandelbrot_omp -0.188 -0.012 0.554 0.754 512 16 sem':

        524.403103      task-clock (msec)         #    6.442 CPUs utilized          
                75      context-switches          #    0.143 K/sec                  
                45      cpu-migrations            #    0.086 K/sec                  
                94      page-faults               #    0.179 K/sec                  
   <not supported>      cycles                   
   <not supported>      stalled-cycles-frontend  
   <not supported>      stalled-cycles-backend   
   <not supported>      instructions             
   <not supported>      branches                 
   <not supported>      branch-misses            

       0.081408566 seconds time elapsed

MODO = sem I/O e alloc. memoria

 Performance counter stats for './mandelbrot_omp -0.188 -0.012 0.554 0.754 512 16 sem':

        516.753158      task-clock (msec)         #    6.747 CPUs utilized          
                64      context-switches          #    0.124 K/sec                  
                42      cpu-migrations            #    0.081 K/sec                  
                93      page-faults               #    0.180 K/sec                  
   <not supported>      cycles                   
   <not supported>      stalled-cycles-frontend  
   <not supported>      stalled-cycles-backend   
   <not supported>      instructions             
   <not supported>      branches                 
   <not supported>      branch-misses            

       0.076590257 seconds time elapsed

MODO = sem I/O e alloc. memoria

 Performance counter stats for './mandelbrot_omp -0.188 -0.012 0.554 0.754 512 16 sem':

        528.763302      task-clock (msec)         #    7.150 CPUs utilized          
                69      context-switches          #    0.130 K/sec                  
                41      cpu-migrations            #    0.078 K/sec                  
                93      page-faults               #    0.176 K/sec                  
   <not supported>      cycles                   
   <not supported>      stalled-cycles-frontend  
   <not supported>      stalled-cycles-backend   
   <not supported>      instructions             
   <not supported>      branches                 
   <not supported>      branch-misses            

       0.073957248 seconds time elapsed

MODO = sem I/O e alloc. memoria

 Performance counter stats for './mandelbrot_omp -0.188 -0.012 0.554 0.754 512 16 sem':

        531.766487      task-clock (msec)         #    6.526 CPUs utilized          
                68      context-switches          #    0.128 K/sec                  
                39      cpu-migrations            #    0.073 K/sec                  
                93      page-faults               #    0.175 K/sec                  
   <not supported>      cycles                   
   <not supported>      stalled-cycles-frontend  
   <not supported>      stalled-cycles-backend   
   <not supported>      instructions             
   <not supported>      branches                 
   <not supported>      branch-misses            

       0.081483917 seconds time elapsed

MODO = sem I/O e alloc. memoria

 Performance counter stats for './mandelbrot_omp -0.188 -0.012 0.554 0.754 1024 16 sem':

       2127.540532      task-clock (msec)         #    7.431 CPUs utilized          
               137      context-switches          #    0.064 K/sec                  
                42      cpu-migrations            #    0.020 K/sec                  
                93      page-faults               #    0.044 K/sec                  
   <not supported>      cycles                   
   <not supported>      stalled-cycles-frontend  
   <not supported>      stalled-cycles-backend   
   <not supported>      instructions             
   <not supported>      branches                 
   <not supported>      branch-misses            

       0.286323500 seconds time elapsed

MODO = sem I/O e alloc. memoria

 Performance counter stats for './mandelbrot_omp -0.188 -0.012 0.554 0.754 1024 16 sem':

       2119.567462      task-clock (msec)         #    7.238 CPUs utilized          
               132      context-switches          #    0.062 K/sec                  
                45      cpu-migrations            #    0.021 K/sec                  
                93      page-faults               #    0.044 K/sec                  
   <not supported>      cycles                   
   <not supported>      stalled-cycles-frontend  
   <not supported>      stalled-cycles-backend   
   <not supported>      instructions             
   <not supported>      branches                 
   <not supported>      branch-misses            

       0.292839916 seconds time elapsed

MODO = sem I/O e alloc. memoria

 Performance counter stats for './mandelbrot_omp -0.188 -0.012 0.554 0.754 1024 16 sem':

       2126.644727      task-clock (msec)         #    7.378 CPUs utilized          
               152      context-switches          #    0.071 K/sec                  
                41      cpu-migrations            #    0.019 K/sec                  
                94      page-faults               #    0.044 K/sec                  
   <not supported>      cycles                   
   <not supported>      stalled-cycles-frontend  
   <not supported>      stalled-cycles-backend   
   <not supported>      instructions             
   <not supported>      branches                 
   <not supported>      branch-misses            

       0.288236558 seconds time elapsed

MODO = sem I/O e alloc. memoria

 Performance counter stats for './mandelbrot_omp -0.188 -0.012 0.554 0.754 1024 16 sem':

       2153.909328      task-clock (msec)         #    7.349 CPUs utilized          
               123      context-switches          #    0.057 K/sec                  
                45      cpu-migrations            #    0.021 K/sec                  
                91      page-faults               #    0.042 K/sec                  
   <not supported>      cycles                   
   <not supported>      stalled-cycles-frontend  
   <not supported>      stalled-cycles-backend   
   <not supported>      instructions             
   <not supported>      branches                 
   <not supported>      branch-misses            

       0.293076361 seconds time elapsed

MODO = sem I/O e alloc. memoria

 Performance counter stats for './mandelbrot_omp -0.188 -0.012 0.554 0.754 1024 16 sem':

       2128.743218      task-clock (msec)         #    7.356 CPUs utilized          
               133      context-switches          #    0.062 K/sec                  
                44      cpu-migrations            #    0.021 K/sec                  
                91      page-faults               #    0.043 K/sec                  
   <not supported>      cycles                   
   <not supported>      stalled-cycles-frontend  
   <not supported>      stalled-cycles-backend   
   <not supported>      instructions             
   <not supported>      branches                 
   <not supported>      branch-misses            

       0.289377861 seconds time elapsed

MODO = sem I/O e alloc. memoria

 Performance counter stats for './mandelbrot_omp -0.188 -0.012 0.554 0.754 1024 16 sem':

       2117.786694      task-clock (msec)         #    7.259 CPUs utilized          
               126      context-switches          #    0.059 K/sec                  
                45      cpu-migrations            #    0.021 K/sec                  
                93      page-faults               #    0.044 K/sec                  
   <not supported>      cycles                   
   <not supported>      stalled-cycles-frontend  
   <not supported>      stalled-cycles-backend   
   <not supported>      instructions             
   <not supported>      branches                 
   <not supported>      branch-misses            

       0.291756787 seconds time elapsed

MODO = sem I/O e alloc. memoria

 Performance counter stats for './mandelbrot_omp -0.188 -0.012 0.554 0.754 1024 16 sem':

       2112.233333      task-clock (msec)         #    7.091 CPUs utilized          
               135      context-switches          #    0.064 K/sec                  
                44      cpu-migrations            #    0.021 K/sec                  
                93      page-faults               #    0.044 K/sec                  
   <not supported>      cycles                   
   <not supported>      stalled-cycles-frontend  
   <not supported>      stalled-cycles-backend   
   <not supported>      instructions             
   <not supported>      branches                 
   <not supported>      branch-misses            

       0.297869864 seconds time elapsed

MODO = sem I/O e alloc. memoria

 Performance counter stats for './mandelbrot_omp -0.188 -0.012 0.554 0.754 1024 16 sem':

       2125.182439      task-clock (msec)         #    7.496 CPUs utilized          
               137      context-switches          #    0.064 K/sec                  
                43      cpu-migrations            #    0.020 K/sec                  
                91      page-faults               #    0.043 K/sec                  
   <not supported>      cycles                   
   <not supported>      stalled-cycles-frontend  
   <not supported>      stalled-cycles-backend   
   <not supported>      instructions             
   <not supported>      branches                 
   <not supported>      branch-misses            

       0.283517002 seconds time elapsed

MODO = sem I/O e alloc. memoria

 Performance counter stats for './mandelbrot_omp -0.188 -0.012 0.554 0.754 1024 16 sem':

       2115.981325      task-clock (msec)         #    7.146 CPUs utilized          
               142      context-switches          #    0.067 K/sec                  
                39      cpu-migrations            #    0.018 K/sec                  
                93      page-faults               #    0.044 K/sec                  
   <not supported>      cycles                   
   <not supported>      stalled-cycles-frontend  
   <not supported>      stalled-cycles-backend   
   <not supported>      instructions             
   <not supported>      branches                 
   <not supported>      branch-misses            

       0.296116825 seconds time elapsed

MODO = sem I/O e alloc. memoria

 Performance counter stats for './mandelbrot_omp -0.188 -0.012 0.554 0.754 1024 16 sem':

       2126.025643      task-clock (msec)         #    7.504 CPUs utilized          
               142      context-switches          #    0.067 K/sec                  
                43      cpu-migrations            #    0.020 K/sec                  
                93      page-faults               #    0.044 K/sec                  
   <not supported>      cycles                   
   <not supported>      stalled-cycles-frontend  
   <not supported>      stalled-cycles-backend   
   <not supported>      instructions             
   <not supported>      branches                 
   <not supported>      branch-misses            

       0.283309159 seconds time elapsed

MODO = sem I/O e alloc. memoria

 Performance counter stats for './mandelbrot_omp -0.188 -0.012 0.554 0.754 2048 16 sem':

       8690.078740      task-clock (msec)         #    7.748 CPUs utilized          
               470      context-switches          #    0.054 K/sec                  
                55      cpu-migrations            #    0.006 K/sec                  
                94      page-faults               #    0.011 K/sec                  
   <not supported>      cycles                   
   <not supported>      stalled-cycles-frontend  
   <not supported>      stalled-cycles-backend   
   <not supported>      instructions             
   <not supported>      branches                 
   <not supported>      branch-misses            

       1.121647130 seconds time elapsed

MODO = sem I/O e alloc. memoria

 Performance counter stats for './mandelbrot_omp -0.188 -0.012 0.554 0.754 2048 16 sem':

       8588.463872      task-clock (msec)         #    7.600 CPUs utilized          
               480      context-switches          #    0.056 K/sec                  
                53      cpu-migrations            #    0.006 K/sec                  
                93      page-faults               #    0.011 K/sec                  
   <not supported>      cycles                   
   <not supported>      stalled-cycles-frontend  
   <not supported>      stalled-cycles-backend   
   <not supported>      instructions             
   <not supported>      branches                 
   <not supported>      branch-misses            

       1.130029003 seconds time elapsed

MODO = sem I/O e alloc. memoria

 Performance counter stats for './mandelbrot_omp -0.188 -0.012 0.554 0.754 2048 16 sem':

       8521.621899      task-clock (msec)         #    7.640 CPUs utilized          
               419      context-switches          #    0.049 K/sec                  
                58      cpu-migrations            #    0.007 K/sec                  
                93      page-faults               #    0.011 K/sec                  
   <not supported>      cycles                   
   <not supported>      stalled-cycles-frontend  
   <not supported>      stalled-cycles-backend   
   <not supported>      instructions             
   <not supported>      branches                 
   <not supported>      branch-misses            

       1.115426742 seconds time elapsed

MODO = sem I/O e alloc. memoria

 Performance counter stats for './mandelbrot_omp -0.188 -0.012 0.554 0.754 2048 16 sem':

       8515.936514      task-clock (msec)         #    7.524 CPUs utilized          
               420      context-switches          #    0.049 K/sec                  
                64      cpu-migrations            #    0.008 K/sec                  
                93      page-faults               #    0.011 K/sec                  
   <not supported>      cycles                   
   <not supported>      stalled-cycles-frontend  
   <not supported>      stalled-cycles-backend   
   <not supported>      instructions             
   <not supported>      branches                 
   <not supported>      branch-misses            

       1.131791095 seconds time elapsed

MODO = sem I/O e alloc. memoria

 Performance counter stats for './mandelbrot_omp -0.188 -0.012 0.554 0.754 2048 16 sem':

       8530.801323      task-clock (msec)         #    7.482 CPUs utilized          
               411      context-switches          #    0.048 K/sec                  
                47      cpu-migrations            #    0.006 K/sec                  
                93      page-faults               #    0.011 K/sec                  
   <not supported>      cycles                   
   <not supported>      stalled-cycles-frontend  
   <not supported>      stalled-cycles-backend   
   <not supported>      instructions             
   <not supported>      branches                 
   <not supported>      branch-misses            

       1.140125611 seconds time elapsed

MODO = sem I/O e alloc. memoria

 Performance counter stats for './mandelbrot_omp -0.188 -0.012 0.554 0.754 2048 16 sem':

       8566.175302      task-clock (msec)         #    7.729 CPUs utilized          
               517      context-switches          #    0.060 K/sec                  
                54      cpu-migrations            #    0.006 K/sec                  
                94      page-faults               #    0.011 K/sec                  
   <not supported>      cycles                   
   <not supported>      stalled-cycles-frontend  
   <not supported>      stalled-cycles-backend   
   <not supported>      instructions             
   <not supported>      branches                 
   <not supported>      branch-misses            

       1.108258829 seconds time elapsed

MODO = sem I/O e alloc. memoria

 Performance counter stats for './mandelbrot_omp -0.188 -0.012 0.554 0.754 2048 16 sem':

       8634.861979      task-clock (msec)         #    7.849 CPUs utilized          
               537      context-switches          #    0.062 K/sec                  
                53      cpu-migrations            #    0.006 K/sec                  
                94      page-faults               #    0.011 K/sec                  
   <not supported>      cycles                   
   <not supported>      stalled-cycles-frontend  
   <not supported>      stalled-cycles-backend   
   <not supported>      instructions             
   <not supported>      branches                 
   <not supported>      branch-misses            

       1.100137518 seconds time elapsed

MODO = sem I/O e alloc. memoria

 Performance counter stats for './mandelbrot_omp -0.188 -0.012 0.554 0.754 2048 16 sem':

       8635.761279      task-clock (msec)         #    7.695 CPUs utilized          
               456      context-switches          #    0.053 K/sec                  
                47      cpu-migrations            #    0.005 K/sec                  
                92      page-faults               #    0.011 K/sec                  
   <not supported>      cycles                   
   <not supported>      stalled-cycles-frontend  
   <not supported>      stalled-cycles-backend   
   <not supported>      instructions             
   <not supported>      branches                 
   <not supported>      branch-misses            

       1.122297265 seconds time elapsed

MODO = sem I/O e alloc. memoria

 Performance counter stats for './mandelbrot_omp -0.188 -0.012 0.554 0.754 2048 16 sem':

       8563.446260      task-clock (msec)         #    7.791 CPUs utilized          
               461      context-switches          #    0.054 K/sec                  
                51      cpu-migrations            #    0.006 K/sec                  
                92      page-faults               #    0.011 K/sec                  
   <not supported>      cycles                   
   <not supported>      stalled-cycles-frontend  
   <not supported>      stalled-cycles-backend   
   <not supported>      instructions             
   <not supported>      branches                 
   <not supported>      branch-misses            

       1.099189848 seconds time elapsed

MODO = sem I/O e alloc. memoria

 Performance counter stats for './mandelbrot_omp -0.188 -0.012 0.554 0.754 2048 16 sem':

       8590.352160      task-clock (msec)         #    7.736 CPUs utilized          
               513      context-switches          #    0.060 K/sec                  
                44      cpu-migrations            #    0.005 K/sec                  
                93      page-faults               #    0.011 K/sec                  
   <not supported>      cycles                   
   <not supported>      stalled-cycles-frontend  
   <not supported>      stalled-cycles-backend   
   <not supported>      instructions             
   <not supported>      branches                 
   <not supported>      branch-misses            

       1.110411678 seconds time elapsed

MODO = sem I/O e alloc. memoria

 Performance counter stats for './mandelbrot_omp -0.188 -0.012 0.554 0.754 4096 16 sem':

      34369.455674      task-clock (msec)         #    7.878 CPUs utilized          
             2,108      context-switches          #    0.061 K/sec                  
                56      cpu-migrations            #    0.002 K/sec                  
                93      page-faults               #    0.003 K/sec                  
   <not supported>      cycles                   
   <not supported>      stalled-cycles-frontend  
   <not supported>      stalled-cycles-backend   
   <not supported>      instructions             
   <not supported>      branches                 
   <not supported>      branch-misses            

       4.362812209 seconds time elapsed

MODO = sem I/O e alloc. memoria

 Performance counter stats for './mandelbrot_omp -0.188 -0.012 0.554 0.754 4096 16 sem':

      34443.298950      task-clock (msec)         #    7.945 CPUs utilized          
             2,110      context-switches          #    0.061 K/sec                  
                58      cpu-migrations            #    0.002 K/sec                  
                94      page-faults               #    0.003 K/sec                  
   <not supported>      cycles                   
   <not supported>      stalled-cycles-frontend  
   <not supported>      stalled-cycles-backend   
   <not supported>      instructions             
   <not supported>      branches                 
   <not supported>      branch-misses            

       4.335114087 seconds time elapsed

MODO = sem I/O e alloc. memoria

 Performance counter stats for './mandelbrot_omp -0.188 -0.012 0.554 0.754 4096 16 sem':

      34331.135529      task-clock (msec)         #    7.840 CPUs utilized          
             2,003      context-switches          #    0.058 K/sec                  
                68      cpu-migrations            #    0.002 K/sec                  
                93      page-faults               #    0.003 K/sec                  
   <not supported>      cycles                   
   <not supported>      stalled-cycles-frontend  
   <not supported>      stalled-cycles-backend   
   <not supported>      instructions             
   <not supported>      branches                 
   <not supported>      branch-misses            

       4.378959224 seconds time elapsed

MODO = sem I/O e alloc. memoria

 Performance counter stats for './mandelbrot_omp -0.188 -0.012 0.554 0.754 4096 16 sem':

      34364.541129      task-clock (msec)         #    7.861 CPUs utilized          
             1,893      context-switches          #    0.055 K/sec                  
                73      cpu-migrations            #    0.002 K/sec                  
                94      page-faults               #    0.003 K/sec                  
   <not supported>      cycles                   
   <not supported>      stalled-cycles-frontend  
   <not supported>      stalled-cycles-backend   
   <not supported>      instructions             
   <not supported>      branches                 
   <not supported>      branch-misses            

       4.371625721 seconds time elapsed

MODO = sem I/O e alloc. memoria

 Performance counter stats for './mandelbrot_omp -0.188 -0.012 0.554 0.754 4096 16 sem':

      34415.123572      task-clock (msec)         #    7.910 CPUs utilized          
             2,044      context-switches          #    0.059 K/sec                  
                79      cpu-migrations            #    0.002 K/sec                  
                94      page-faults               #    0.003 K/sec                  
   <not supported>      cycles                   
   <not supported>      stalled-cycles-frontend  
   <not supported>      stalled-cycles-backend   
   <not supported>      instructions             
   <not supported>      branches                 
   <not supported>      branch-misses            

       4.350807878 seconds time elapsed

MODO = sem I/O e alloc. memoria

 Performance counter stats for './mandelbrot_omp -0.188 -0.012 0.554 0.754 4096 16 sem':

      34403.255754      task-clock (msec)         #    7.910 CPUs utilized          
             2,147      context-switches          #    0.062 K/sec                  
                54      cpu-migrations            #    0.002 K/sec                  
                93      page-faults               #    0.003 K/sec                  
   <not supported>      cycles                   
   <not supported>      stalled-cycles-frontend  
   <not supported>      stalled-cycles-backend   
   <not supported>      instructions             
   <not supported>      branches                 
   <not supported>      branch-misses            

       4.349483889 seconds time elapsed

MODO = sem I/O e alloc. memoria

 Performance counter stats for './mandelbrot_omp -0.188 -0.012 0.554 0.754 4096 16 sem':

      34342.121356      task-clock (msec)         #    7.836 CPUs utilized          
             1,992      context-switches          #    0.058 K/sec                  
                72      cpu-migrations            #    0.002 K/sec                  
                93      page-faults               #    0.003 K/sec                  
   <not supported>      cycles                   
   <not supported>      stalled-cycles-frontend  
   <not supported>      stalled-cycles-backend   
   <not supported>      instructions             
   <not supported>      branches                 
   <not supported>      branch-misses            

       4.382694910 seconds time elapsed

MODO = sem I/O e alloc. memoria

 Performance counter stats for './mandelbrot_omp -0.188 -0.012 0.554 0.754 4096 16 sem':

      34394.405294      task-clock (msec)         #    7.905 CPUs utilized          
             1,981      context-switches          #    0.058 K/sec                  
                67      cpu-migrations            #    0.002 K/sec                  
                93      page-faults               #    0.003 K/sec                  
   <not supported>      cycles                   
   <not supported>      stalled-cycles-frontend  
   <not supported>      stalled-cycles-backend   
   <not supported>      instructions             
   <not supported>      branches                 
   <not supported>      branch-misses            

       4.350996579 seconds time elapsed

MODO = sem I/O e alloc. memoria

 Performance counter stats for './mandelbrot_omp -0.188 -0.012 0.554 0.754 4096 16 sem':

      35058.322201      task-clock (msec)         #    7.954 CPUs utilized          
             2,240      context-switches          #    0.064 K/sec                  
                47      cpu-migrations            #    0.001 K/sec                  
                93      page-faults               #    0.003 K/sec                  
   <not supported>      cycles                   
   <not supported>      stalled-cycles-frontend  
   <not supported>      stalled-cycles-backend   
   <not supported>      instructions             
   <not supported>      branches                 
   <not supported>      branch-misses            

       4.407642303 seconds time elapsed

MODO = sem I/O e alloc. memoria

 Performance counter stats for './mandelbrot_omp -0.188 -0.012 0.554 0.754 4096 16 sem':

      34516.123379      task-clock (msec)         #    7.831 CPUs utilized          
             1,998      context-switches          #    0.058 K/sec                  
                67      cpu-migrations            #    0.002 K/sec                  
                93      page-faults               #    0.003 K/sec                  
   <not supported>      cycles                   
   <not supported>      stalled-cycles-frontend  
   <not supported>      stalled-cycles-backend   
   <not supported>      instructions             
   <not supported>      branches                 
   <not supported>      branch-misses            

       4.407660681 seconds time elapsed

MODO = sem I/O e alloc. memoria

 Performance counter stats for './mandelbrot_omp -0.188 -0.012 0.554 0.754 8192 16 sem':

     137618.101949      task-clock (msec)         #    7.913 CPUs utilized          
             8,382      context-switches          #    0.061 K/sec                  
                98      cpu-migrations            #    0.001 K/sec                  
                93      page-faults               #    0.001 K/sec                  
   <not supported>      cycles                   
   <not supported>      stalled-cycles-frontend  
   <not supported>      stalled-cycles-backend   
   <not supported>      instructions             
   <not supported>      branches                 
   <not supported>      branch-misses            

      17.391978344 seconds time elapsed

MODO = sem I/O e alloc. memoria

 Performance counter stats for './mandelbrot_omp -0.188 -0.012 0.554 0.754 8192 16 sem':

     138270.380847      task-clock (msec)         #    7.866 CPUs utilized          
             8,438      context-switches          #    0.061 K/sec                  
                84      cpu-migrations            #    0.001 K/sec                  
                94      page-faults               #    0.001 K/sec                  
   <not supported>      cycles                   
   <not supported>      stalled-cycles-frontend  
   <not supported>      stalled-cycles-backend   
   <not supported>      instructions             
   <not supported>      branches                 
   <not supported>      branch-misses            

      17.577748180 seconds time elapsed

MODO = sem I/O e alloc. memoria

 Performance counter stats for './mandelbrot_omp -0.188 -0.012 0.554 0.754 8192 16 sem':

     137596.611488      task-clock (msec)         #    7.921 CPUs utilized          
             8,277      context-switches          #    0.060 K/sec                  
                93      cpu-migrations            #    0.001 K/sec                  
                94      page-faults               #    0.001 K/sec                  
   <not supported>      cycles                   
   <not supported>      stalled-cycles-frontend  
   <not supported>      stalled-cycles-backend   
   <not supported>      instructions             
   <not supported>      branches                 
   <not supported>      branch-misses            

      17.370164170 seconds time elapsed

MODO = sem I/O e alloc. memoria

 Performance counter stats for './mandelbrot_omp -0.188 -0.012 0.554 0.754 8192 16 sem':

     137727.782981      task-clock (msec)         #    7.922 CPUs utilized          
             8,348      context-switches          #    0.061 K/sec                  
                87      cpu-migrations            #    0.001 K/sec                  
                94      page-faults               #    0.001 K/sec                  
   <not supported>      cycles                   
   <not supported>      stalled-cycles-frontend  
   <not supported>      stalled-cycles-backend   
   <not supported>      instructions             
   <not supported>      branches                 
   <not supported>      branch-misses            

      17.385035522 seconds time elapsed

MODO = sem I/O e alloc. memoria

 Performance counter stats for './mandelbrot_omp -0.188 -0.012 0.554 0.754 8192 16 sem':

     137587.452950      task-clock (msec)         #    7.907 CPUs utilized          
             8,316      context-switches          #    0.060 K/sec                  
               120      cpu-migrations            #    0.001 K/sec                  
                94      page-faults               #    0.001 K/sec                  
   <not supported>      cycles                   
   <not supported>      stalled-cycles-frontend  
   <not supported>      stalled-cycles-backend   
   <not supported>      instructions             
   <not supported>      branches                 
   <not supported>      branch-misses            

      17.401482954 seconds time elapsed

MODO = sem I/O e alloc. memoria

 Performance counter stats for './mandelbrot_omp -0.188 -0.012 0.554 0.754 8192 16 sem':

     137798.791963      task-clock (msec)         #    7.964 CPUs utilized          
             8,430      context-switches          #    0.061 K/sec                  
                93      cpu-migrations            #    0.001 K/sec                  
                90      page-faults               #    0.001 K/sec                  
   <not supported>      cycles                   
   <not supported>      stalled-cycles-frontend  
   <not supported>      stalled-cycles-backend   
   <not supported>      instructions             
   <not supported>      branches                 
   <not supported>      branch-misses            

      17.303565424 seconds time elapsed

MODO = sem I/O e alloc. memoria

 Performance counter stats for './mandelbrot_omp -0.188 -0.012 0.554 0.754 8192 16 sem':

     138308.743295      task-clock (msec)         #    7.864 CPUs utilized          
             8,405      context-switches          #    0.061 K/sec                  
                86      cpu-migrations            #    0.001 K/sec                  
                93      page-faults               #    0.001 K/sec                  
   <not supported>      cycles                   
   <not supported>      stalled-cycles-frontend  
   <not supported>      stalled-cycles-backend   
   <not supported>      instructions             
   <not supported>      branches                 
   <not supported>      branch-misses            

      17.588631355 seconds time elapsed

MODO = sem I/O e alloc. memoria

 Performance counter stats for './mandelbrot_omp -0.188 -0.012 0.554 0.754 8192 16 sem':

     137614.120844      task-clock (msec)         #    7.921 CPUs utilized          
             8,489      context-switches          #    0.062 K/sec                  
                84      cpu-migrations            #    0.001 K/sec                  
                93      page-faults               #    0.001 K/sec                  
   <not supported>      cycles                   
   <not supported>      stalled-cycles-frontend  
   <not supported>      stalled-cycles-backend   
   <not supported>      instructions             
   <not supported>      branches                 
   <not supported>      branch-misses            

      17.372411108 seconds time elapsed

MODO = sem I/O e alloc. memoria

 Performance counter stats for './mandelbrot_omp -0.188 -0.012 0.554 0.754 8192 16 sem':

     137634.328689      task-clock (msec)         #    7.916 CPUs utilized          
             8,439      context-switches          #    0.061 K/sec                  
                95      cpu-migrations            #    0.001 K/sec                  
                93      page-faults               #    0.001 K/sec                  
   <not supported>      cycles                   
   <not supported>      stalled-cycles-frontend  
   <not supported>      stalled-cycles-backend   
   <not supported>      instructions             
   <not supported>      branches                 
   <not supported>      branch-misses            

      17.386085870 seconds time elapsed

MODO = sem I/O e alloc. memoria

 Performance counter stats for './mandelbrot_omp -0.188 -0.012 0.554 0.754 8192 16 sem':

     137668.097427      task-clock (msec)         #    7.938 CPUs utilized          
             8,429      context-switches          #    0.061 K/sec                  
               104      cpu-migrations            #    0.001 K/sec                  
                94      page-faults               #    0.001 K/sec                  
   <not supported>      cycles                   
   <not supported>      stalled-cycles-frontend  
   <not supported>      stalled-cycles-backend   
   <not supported>      instructions             
   <not supported>      branches                 
   <not supported>      branch-misses            

      17.342089437 seconds time elapsed

