MODO = sem I/O e alloc. memoria

 Performance counter stats for './mandelbrot_omp -0.188 -0.012 0.554 0.754 16 4 sem':

          1.258098      task-clock (msec)         #    1.217 CPUs utilized          
                 0      context-switches          #    0.000 K/sec                  
                 3      cpu-migrations            #    0.002 M/sec                  
                67      page-faults               #    0.053 M/sec                  
   <not supported>      cycles                   
   <not supported>      stalled-cycles-frontend  
   <not supported>      stalled-cycles-backend   
   <not supported>      instructions             
   <not supported>      branches                 
   <not supported>      branch-misses            

       0.001033868 seconds time elapsed

MODO = sem I/O e alloc. memoria

 Performance counter stats for './mandelbrot_omp -0.188 -0.012 0.554 0.754 16 4 sem':

          1.309725      task-clock (msec)         #    1.209 CPUs utilized          
                 0      context-switches          #    0.000 K/sec                  
                 3      cpu-migrations            #    0.002 M/sec                  
                68      page-faults               #    0.052 M/sec                  
   <not supported>      cycles                   
   <not supported>      stalled-cycles-frontend  
   <not supported>      stalled-cycles-backend   
   <not supported>      instructions             
   <not supported>      branches                 
   <not supported>      branch-misses            

       0.001083346 seconds time elapsed

MODO = sem I/O e alloc. memoria

 Performance counter stats for './mandelbrot_omp -0.188 -0.012 0.554 0.754 16 4 sem':

          1.121365      task-clock (msec)         #    1.253 CPUs utilized          
                 0      context-switches          #    0.000 K/sec                  
                 3      cpu-migrations            #    0.003 M/sec                  
                68      page-faults               #    0.061 M/sec                  
   <not supported>      cycles                   
   <not supported>      stalled-cycles-frontend  
   <not supported>      stalled-cycles-backend   
   <not supported>      instructions             
   <not supported>      branches                 
   <not supported>      branch-misses            

       0.000895174 seconds time elapsed

MODO = sem I/O e alloc. memoria

 Performance counter stats for './mandelbrot_omp -0.188 -0.012 0.554 0.754 16 4 sem':

          1.085905      task-clock (msec)         #    1.243 CPUs utilized          
                 0      context-switches          #    0.000 K/sec                  
                 3      cpu-migrations            #    0.003 M/sec                  
                66      page-faults               #    0.061 M/sec                  
   <not supported>      cycles                   
   <not supported>      stalled-cycles-frontend  
   <not supported>      stalled-cycles-backend   
   <not supported>      instructions             
   <not supported>      branches                 
   <not supported>      branch-misses            

       0.000873282 seconds time elapsed

MODO = sem I/O e alloc. memoria

 Performance counter stats for './mandelbrot_omp -0.188 -0.012 0.554 0.754 16 4 sem':

          1.200217      task-clock (msec)         #    1.295 CPUs utilized          
                 0      context-switches          #    0.000 K/sec                  
                 3      cpu-migrations            #    0.002 M/sec                  
                67      page-faults               #    0.056 M/sec                  
   <not supported>      cycles                   
   <not supported>      stalled-cycles-frontend  
   <not supported>      stalled-cycles-backend   
   <not supported>      instructions             
   <not supported>      branches                 
   <not supported>      branch-misses            

       0.000926627 seconds time elapsed

MODO = sem I/O e alloc. memoria

 Performance counter stats for './mandelbrot_omp -0.188 -0.012 0.554 0.754 16 4 sem':

          1.180417      task-clock (msec)         #    1.196 CPUs utilized          
                 0      context-switches          #    0.000 K/sec                  
                 3      cpu-migrations            #    0.003 M/sec                  
                67      page-faults               #    0.057 M/sec                  
   <not supported>      cycles                   
   <not supported>      stalled-cycles-frontend  
   <not supported>      stalled-cycles-backend   
   <not supported>      instructions             
   <not supported>      branches                 
   <not supported>      branch-misses            

       0.000986607 seconds time elapsed

MODO = sem I/O e alloc. memoria

 Performance counter stats for './mandelbrot_omp -0.188 -0.012 0.554 0.754 16 4 sem':

          1.191764      task-clock (msec)         #    1.244 CPUs utilized          
                 0      context-switches          #    0.000 K/sec                  
                 3      cpu-migrations            #    0.003 M/sec                  
                67      page-faults               #    0.056 M/sec                  
   <not supported>      cycles                   
   <not supported>      stalled-cycles-frontend  
   <not supported>      stalled-cycles-backend   
   <not supported>      instructions             
   <not supported>      branches                 
   <not supported>      branch-misses            

       0.000957635 seconds time elapsed

MODO = sem I/O e alloc. memoria

 Performance counter stats for './mandelbrot_omp -0.188 -0.012 0.554 0.754 16 4 sem':

          1.208887      task-clock (msec)         #    1.146 CPUs utilized          
                 0      context-switches          #    0.000 K/sec                  
                 3      cpu-migrations            #    0.002 M/sec                  
                68      page-faults               #    0.056 M/sec                  
   <not supported>      cycles                   
   <not supported>      stalled-cycles-frontend  
   <not supported>      stalled-cycles-backend   
   <not supported>      instructions             
   <not supported>      branches                 
   <not supported>      branch-misses            

       0.001054898 seconds time elapsed

MODO = sem I/O e alloc. memoria

 Performance counter stats for './mandelbrot_omp -0.188 -0.012 0.554 0.754 16 4 sem':

          1.157632      task-clock (msec)         #    1.252 CPUs utilized          
                 0      context-switches          #    0.000 K/sec                  
                 3      cpu-migrations            #    0.003 M/sec                  
                68      page-faults               #    0.059 M/sec                  
   <not supported>      cycles                   
   <not supported>      stalled-cycles-frontend  
   <not supported>      stalled-cycles-backend   
   <not supported>      instructions             
   <not supported>      branches                 
   <not supported>      branch-misses            

       0.000924707 seconds time elapsed

MODO = sem I/O e alloc. memoria

 Performance counter stats for './mandelbrot_omp -0.188 -0.012 0.554 0.754 16 4 sem':

          1.146554      task-clock (msec)         #    1.245 CPUs utilized          
                 0      context-switches          #    0.000 K/sec                  
                 3      cpu-migrations            #    0.003 M/sec                  
                67      page-faults               #    0.058 M/sec                  
   <not supported>      cycles                   
   <not supported>      stalled-cycles-frontend  
   <not supported>      stalled-cycles-backend   
   <not supported>      instructions             
   <not supported>      branches                 
   <not supported>      branch-misses            

       0.000920988 seconds time elapsed

MODO = sem I/O e alloc. memoria

 Performance counter stats for './mandelbrot_omp -0.188 -0.012 0.554 0.754 32 4 sem':

          2.488326      task-clock (msec)         #    1.893 CPUs utilized          
                 0      context-switches          #    0.000 K/sec                  
                 3      cpu-migrations            #    0.001 M/sec                  
                67      page-faults               #    0.027 M/sec                  
   <not supported>      cycles                   
   <not supported>      stalled-cycles-frontend  
   <not supported>      stalled-cycles-backend   
   <not supported>      instructions             
   <not supported>      branches                 
   <not supported>      branch-misses            

       0.001314225 seconds time elapsed

MODO = sem I/O e alloc. memoria

 Performance counter stats for './mandelbrot_omp -0.188 -0.012 0.554 0.754 32 4 sem':

          2.423038      task-clock (msec)         #    1.984 CPUs utilized          
                 0      context-switches          #    0.000 K/sec                  
                 3      cpu-migrations            #    0.001 M/sec                  
                68      page-faults               #    0.028 M/sec                  
   <not supported>      cycles                   
   <not supported>      stalled-cycles-frontend  
   <not supported>      stalled-cycles-backend   
   <not supported>      instructions             
   <not supported>      branches                 
   <not supported>      branch-misses            

       0.001221050 seconds time elapsed

MODO = sem I/O e alloc. memoria

 Performance counter stats for './mandelbrot_omp -0.188 -0.012 0.554 0.754 32 4 sem':

          2.460373      task-clock (msec)         #    1.919 CPUs utilized          
                 0      context-switches          #    0.000 K/sec                  
                 3      cpu-migrations            #    0.001 M/sec                  
                68      page-faults               #    0.028 M/sec                  
   <not supported>      cycles                   
   <not supported>      stalled-cycles-frontend  
   <not supported>      stalled-cycles-backend   
   <not supported>      instructions             
   <not supported>      branches                 
   <not supported>      branch-misses            

       0.001281878 seconds time elapsed

MODO = sem I/O e alloc. memoria

 Performance counter stats for './mandelbrot_omp -0.188 -0.012 0.554 0.754 32 4 sem':

          2.437465      task-clock (msec)         #    1.942 CPUs utilized          
                 0      context-switches          #    0.000 K/sec                  
                 3      cpu-migrations            #    0.001 M/sec                  
                68      page-faults               #    0.028 M/sec                  
   <not supported>      cycles                   
   <not supported>      stalled-cycles-frontend  
   <not supported>      stalled-cycles-backend   
   <not supported>      instructions             
   <not supported>      branches                 
   <not supported>      branch-misses            

       0.001254810 seconds time elapsed

MODO = sem I/O e alloc. memoria

 Performance counter stats for './mandelbrot_omp -0.188 -0.012 0.554 0.754 32 4 sem':

          2.689926      task-clock (msec)         #    1.740 CPUs utilized          
                 0      context-switches          #    0.000 K/sec                  
                 3      cpu-migrations            #    0.001 M/sec                  
                67      page-faults               #    0.025 M/sec                  
   <not supported>      cycles                   
   <not supported>      stalled-cycles-frontend  
   <not supported>      stalled-cycles-backend   
   <not supported>      instructions             
   <not supported>      branches                 
   <not supported>      branch-misses            

       0.001545864 seconds time elapsed

MODO = sem I/O e alloc. memoria

 Performance counter stats for './mandelbrot_omp -0.188 -0.012 0.554 0.754 32 4 sem':

          2.649181      task-clock (msec)         #    1.907 CPUs utilized          
                 0      context-switches          #    0.000 K/sec                  
                 3      cpu-migrations            #    0.001 M/sec                  
                67      page-faults               #    0.025 M/sec                  
   <not supported>      cycles                   
   <not supported>      stalled-cycles-frontend  
   <not supported>      stalled-cycles-backend   
   <not supported>      instructions             
   <not supported>      branches                 
   <not supported>      branch-misses            

       0.001388935 seconds time elapsed

MODO = sem I/O e alloc. memoria

 Performance counter stats for './mandelbrot_omp -0.188 -0.012 0.554 0.754 32 4 sem':

          2.558517      task-clock (msec)         #    1.965 CPUs utilized          
                 0      context-switches          #    0.000 K/sec                  
                 3      cpu-migrations            #    0.001 M/sec                  
                67      page-faults               #    0.026 M/sec                  
   <not supported>      cycles                   
   <not supported>      stalled-cycles-frontend  
   <not supported>      stalled-cycles-backend   
   <not supported>      instructions             
   <not supported>      branches                 
   <not supported>      branch-misses            

       0.001302034 seconds time elapsed

MODO = sem I/O e alloc. memoria

 Performance counter stats for './mandelbrot_omp -0.188 -0.012 0.554 0.754 32 4 sem':

          2.926414      task-clock (msec)         #    2.014 CPUs utilized          
                 0      context-switches          #    0.000 K/sec                  
                 3      cpu-migrations            #    0.001 M/sec                  
                67      page-faults               #    0.023 M/sec                  
   <not supported>      cycles                   
   <not supported>      stalled-cycles-frontend  
   <not supported>      stalled-cycles-backend   
   <not supported>      instructions             
   <not supported>      branches                 
   <not supported>      branch-misses            

       0.001453031 seconds time elapsed

MODO = sem I/O e alloc. memoria

 Performance counter stats for './mandelbrot_omp -0.188 -0.012 0.554 0.754 32 4 sem':

          2.334257      task-clock (msec)         #    1.966 CPUs utilized          
                 0      context-switches          #    0.000 K/sec                  
                 3      cpu-migrations            #    0.001 M/sec                  
                67      page-faults               #    0.029 M/sec                  
   <not supported>      cycles                   
   <not supported>      stalled-cycles-frontend  
   <not supported>      stalled-cycles-backend   
   <not supported>      instructions             
   <not supported>      branches                 
   <not supported>      branch-misses            

       0.001187188 seconds time elapsed

MODO = sem I/O e alloc. memoria

 Performance counter stats for './mandelbrot_omp -0.188 -0.012 0.554 0.754 32 4 sem':

          2.407518      task-clock (msec)         #    1.992 CPUs utilized          
                 0      context-switches          #    0.000 K/sec                  
                 3      cpu-migrations            #    0.001 M/sec                  
                66      page-faults               #    0.027 M/sec                  
   <not supported>      cycles                   
   <not supported>      stalled-cycles-frontend  
   <not supported>      stalled-cycles-backend   
   <not supported>      instructions             
   <not supported>      branches                 
   <not supported>      branch-misses            

       0.001208607 seconds time elapsed

MODO = sem I/O e alloc. memoria

 Performance counter stats for './mandelbrot_omp -0.188 -0.012 0.554 0.754 64 4 sem':

          7.705575      task-clock (msec)         #    2.787 CPUs utilized          
                 0      context-switches          #    0.000 K/sec                  
                 3      cpu-migrations            #    0.389 K/sec                  
                67      page-faults               #    0.009 M/sec                  
   <not supported>      cycles                   
   <not supported>      stalled-cycles-frontend  
   <not supported>      stalled-cycles-backend   
   <not supported>      instructions             
   <not supported>      branches                 
   <not supported>      branch-misses            

       0.002764798 seconds time elapsed

MODO = sem I/O e alloc. memoria

 Performance counter stats for './mandelbrot_omp -0.188 -0.012 0.554 0.754 64 4 sem':

          8.085472      task-clock (msec)         #    2.735 CPUs utilized          
                 0      context-switches          #    0.000 K/sec                  
                 3      cpu-migrations            #    0.371 K/sec                  
                68      page-faults               #    0.008 M/sec                  
   <not supported>      cycles                   
   <not supported>      stalled-cycles-frontend  
   <not supported>      stalled-cycles-backend   
   <not supported>      instructions             
   <not supported>      branches                 
   <not supported>      branch-misses            

       0.002956808 seconds time elapsed

MODO = sem I/O e alloc. memoria

 Performance counter stats for './mandelbrot_omp -0.188 -0.012 0.554 0.754 64 4 sem':

          7.946130      task-clock (msec)         #    2.780 CPUs utilized          
                 0      context-switches          #    0.000 K/sec                  
                 3      cpu-migrations            #    0.378 K/sec                  
                68      page-faults               #    0.009 M/sec                  
   <not supported>      cycles                   
   <not supported>      stalled-cycles-frontend  
   <not supported>      stalled-cycles-backend   
   <not supported>      instructions             
   <not supported>      branches                 
   <not supported>      branch-misses            

       0.002858720 seconds time elapsed

MODO = sem I/O e alloc. memoria

 Performance counter stats for './mandelbrot_omp -0.188 -0.012 0.554 0.754 64 4 sem':

          7.946108      task-clock (msec)         #    2.711 CPUs utilized          
                 0      context-switches          #    0.000 K/sec                  
                 3      cpu-migrations            #    0.378 K/sec                  
                67      page-faults               #    0.008 M/sec                  
   <not supported>      cycles                   
   <not supported>      stalled-cycles-frontend  
   <not supported>      stalled-cycles-backend   
   <not supported>      instructions             
   <not supported>      branches                 
   <not supported>      branch-misses            

       0.002930814 seconds time elapsed

MODO = sem I/O e alloc. memoria

 Performance counter stats for './mandelbrot_omp -0.188 -0.012 0.554 0.754 64 4 sem':

          8.808309      task-clock (msec)         #    2.845 CPUs utilized          
                 0      context-switches          #    0.000 K/sec                  
                 3      cpu-migrations            #    0.341 K/sec                  
                68      page-faults               #    0.008 M/sec                  
   <not supported>      cycles                   
   <not supported>      stalled-cycles-frontend  
   <not supported>      stalled-cycles-backend   
   <not supported>      instructions             
   <not supported>      branches                 
   <not supported>      branch-misses            

       0.003095585 seconds time elapsed

MODO = sem I/O e alloc. memoria

 Performance counter stats for './mandelbrot_omp -0.188 -0.012 0.554 0.754 64 4 sem':

          7.609884      task-clock (msec)         #    3.026 CPUs utilized          
                 0      context-switches          #    0.000 K/sec                  
                 3      cpu-migrations            #    0.394 K/sec                  
                67      page-faults               #    0.009 M/sec                  
   <not supported>      cycles                   
   <not supported>      stalled-cycles-frontend  
   <not supported>      stalled-cycles-backend   
   <not supported>      instructions             
   <not supported>      branches                 
   <not supported>      branch-misses            

       0.002515073 seconds time elapsed

MODO = sem I/O e alloc. memoria

 Performance counter stats for './mandelbrot_omp -0.188 -0.012 0.554 0.754 64 4 sem':

          7.287241      task-clock (msec)         #    3.089 CPUs utilized          
                 0      context-switches          #    0.000 K/sec                  
                 3      cpu-migrations            #    0.412 K/sec                  
                67      page-faults               #    0.009 M/sec                  
   <not supported>      cycles                   
   <not supported>      stalled-cycles-frontend  
   <not supported>      stalled-cycles-backend   
   <not supported>      instructions             
   <not supported>      branches                 
   <not supported>      branch-misses            

       0.002359275 seconds time elapsed

MODO = sem I/O e alloc. memoria

 Performance counter stats for './mandelbrot_omp -0.188 -0.012 0.554 0.754 64 4 sem':

          7.246134      task-clock (msec)         #    3.068 CPUs utilized          
                 0      context-switches          #    0.000 K/sec                  
                 3      cpu-migrations            #    0.414 K/sec                  
                67      page-faults               #    0.009 M/sec                  
   <not supported>      cycles                   
   <not supported>      stalled-cycles-frontend  
   <not supported>      stalled-cycles-backend   
   <not supported>      instructions             
   <not supported>      branches                 
   <not supported>      branch-misses            

       0.002362159 seconds time elapsed

MODO = sem I/O e alloc. memoria

 Performance counter stats for './mandelbrot_omp -0.188 -0.012 0.554 0.754 64 4 sem':

          7.371836      task-clock (msec)         #    3.074 CPUs utilized          
                 0      context-switches          #    0.000 K/sec                  
                 3      cpu-migrations            #    0.407 K/sec                  
                67      page-faults               #    0.009 M/sec                  
   <not supported>      cycles                   
   <not supported>      stalled-cycles-frontend  
   <not supported>      stalled-cycles-backend   
   <not supported>      instructions             
   <not supported>      branches                 
   <not supported>      branch-misses            

       0.002398204 seconds time elapsed

MODO = sem I/O e alloc. memoria

 Performance counter stats for './mandelbrot_omp -0.188 -0.012 0.554 0.754 64 4 sem':

          7.269106      task-clock (msec)         #    3.083 CPUs utilized          
                 0      context-switches          #    0.000 K/sec                  
                 3      cpu-migrations            #    0.413 K/sec                  
                67      page-faults               #    0.009 M/sec                  
   <not supported>      cycles                   
   <not supported>      stalled-cycles-frontend  
   <not supported>      stalled-cycles-backend   
   <not supported>      instructions             
   <not supported>      branches                 
   <not supported>      branch-misses            

       0.002358009 seconds time elapsed

MODO = sem I/O e alloc. memoria

 Performance counter stats for './mandelbrot_omp -0.188 -0.012 0.554 0.754 128 4 sem':

         26.848335      task-clock (msec)         #    3.715 CPUs utilized          
                 1      context-switches          #    0.037 K/sec                  
                 3      cpu-migrations            #    0.112 K/sec                  
                65      page-faults               #    0.002 M/sec                  
   <not supported>      cycles                   
   <not supported>      stalled-cycles-frontend  
   <not supported>      stalled-cycles-backend   
   <not supported>      instructions             
   <not supported>      branches                 
   <not supported>      branch-misses            

       0.007227084 seconds time elapsed

MODO = sem I/O e alloc. memoria

 Performance counter stats for './mandelbrot_omp -0.188 -0.012 0.554 0.754 128 4 sem':

         28.107022      task-clock (msec)         #    3.657 CPUs utilized          
                 0      context-switches          #    0.000 K/sec                  
                 3      cpu-migrations            #    0.107 K/sec                  
                67      page-faults               #    0.002 M/sec                  
   <not supported>      cycles                   
   <not supported>      stalled-cycles-frontend  
   <not supported>      stalled-cycles-backend   
   <not supported>      instructions             
   <not supported>      branches                 
   <not supported>      branch-misses            

       0.007685929 seconds time elapsed

MODO = sem I/O e alloc. memoria

 Performance counter stats for './mandelbrot_omp -0.188 -0.012 0.554 0.754 128 4 sem':

         28.480618      task-clock (msec)         #    3.661 CPUs utilized          
                 0      context-switches          #    0.000 K/sec                  
                 3      cpu-migrations            #    0.105 K/sec                  
                67      page-faults               #    0.002 M/sec                  
   <not supported>      cycles                   
   <not supported>      stalled-cycles-frontend  
   <not supported>      stalled-cycles-backend   
   <not supported>      instructions             
   <not supported>      branches                 
   <not supported>      branch-misses            

       0.007780360 seconds time elapsed

MODO = sem I/O e alloc. memoria

 Performance counter stats for './mandelbrot_omp -0.188 -0.012 0.554 0.754 128 4 sem':

         28.170970      task-clock (msec)         #    3.630 CPUs utilized          
                 0      context-switches          #    0.000 K/sec                  
                 3      cpu-migrations            #    0.106 K/sec                  
                67      page-faults               #    0.002 M/sec                  
   <not supported>      cycles                   
   <not supported>      stalled-cycles-frontend  
   <not supported>      stalled-cycles-backend   
   <not supported>      instructions             
   <not supported>      branches                 
   <not supported>      branch-misses            

       0.007760088 seconds time elapsed

MODO = sem I/O e alloc. memoria

 Performance counter stats for './mandelbrot_omp -0.188 -0.012 0.554 0.754 128 4 sem':

         27.969870      task-clock (msec)         #    3.660 CPUs utilized          
                 1      context-switches          #    0.036 K/sec                  
                 3      cpu-migrations            #    0.107 K/sec                  
                67      page-faults               #    0.002 M/sec                  
   <not supported>      cycles                   
   <not supported>      stalled-cycles-frontend  
   <not supported>      stalled-cycles-backend   
   <not supported>      instructions             
   <not supported>      branches                 
   <not supported>      branch-misses            

       0.007641221 seconds time elapsed

MODO = sem I/O e alloc. memoria

 Performance counter stats for './mandelbrot_omp -0.188 -0.012 0.554 0.754 128 4 sem':

         33.483566      task-clock (msec)         #    3.593 CPUs utilized          
                 4      context-switches          #    0.119 K/sec                  
                 3      cpu-migrations            #    0.090 K/sec                  
                67      page-faults               #    0.002 M/sec                  
   <not supported>      cycles                   
   <not supported>      stalled-cycles-frontend  
   <not supported>      stalled-cycles-backend   
   <not supported>      instructions             
   <not supported>      branches                 
   <not supported>      branch-misses            

       0.009319608 seconds time elapsed

MODO = sem I/O e alloc. memoria

 Performance counter stats for './mandelbrot_omp -0.188 -0.012 0.554 0.754 128 4 sem':

         27.567261      task-clock (msec)         #    3.713 CPUs utilized          
                 0      context-switches          #    0.000 K/sec                  
                 3      cpu-migrations            #    0.109 K/sec                  
                67      page-faults               #    0.002 M/sec                  
   <not supported>      cycles                   
   <not supported>      stalled-cycles-frontend  
   <not supported>      stalled-cycles-backend   
   <not supported>      instructions             
   <not supported>      branches                 
   <not supported>      branch-misses            

       0.007424218 seconds time elapsed

MODO = sem I/O e alloc. memoria

 Performance counter stats for './mandelbrot_omp -0.188 -0.012 0.554 0.754 128 4 sem':

         28.563226      task-clock (msec)         #    3.691 CPUs utilized          
                 1      context-switches          #    0.035 K/sec                  
                 3      cpu-migrations            #    0.105 K/sec                  
                68      page-faults               #    0.002 M/sec                  
   <not supported>      cycles                   
   <not supported>      stalled-cycles-frontend  
   <not supported>      stalled-cycles-backend   
   <not supported>      instructions             
   <not supported>      branches                 
   <not supported>      branch-misses            

       0.007737895 seconds time elapsed

MODO = sem I/O e alloc. memoria

 Performance counter stats for './mandelbrot_omp -0.188 -0.012 0.554 0.754 128 4 sem':

         28.352477      task-clock (msec)         #    3.681 CPUs utilized          
                 1      context-switches          #    0.035 K/sec                  
                 3      cpu-migrations            #    0.106 K/sec                  
                68      page-faults               #    0.002 M/sec                  
   <not supported>      cycles                   
   <not supported>      stalled-cycles-frontend  
   <not supported>      stalled-cycles-backend   
   <not supported>      instructions             
   <not supported>      branches                 
   <not supported>      branch-misses            

       0.007701696 seconds time elapsed

MODO = sem I/O e alloc. memoria

 Performance counter stats for './mandelbrot_omp -0.188 -0.012 0.554 0.754 128 4 sem':

         33.636503      task-clock (msec)         #    3.536 CPUs utilized          
                 4      context-switches          #    0.119 K/sec                  
                 3      cpu-migrations            #    0.089 K/sec                  
                68      page-faults               #    0.002 M/sec                  
   <not supported>      cycles                   
   <not supported>      stalled-cycles-frontend  
   <not supported>      stalled-cycles-backend   
   <not supported>      instructions             
   <not supported>      branches                 
   <not supported>      branch-misses            

       0.009513545 seconds time elapsed

MODO = sem I/O e alloc. memoria

 Performance counter stats for './mandelbrot_omp -0.188 -0.012 0.554 0.754 256 4 sem':

        109.430277      task-clock (msec)         #    3.864 CPUs utilized          
                 0      context-switches          #    0.000 K/sec                  
                 3      cpu-migrations            #    0.027 K/sec                  
                67      page-faults               #    0.612 K/sec                  
   <not supported>      cycles                   
   <not supported>      stalled-cycles-frontend  
   <not supported>      stalled-cycles-backend   
   <not supported>      instructions             
   <not supported>      branches                 
   <not supported>      branch-misses            

       0.028318034 seconds time elapsed

MODO = sem I/O e alloc. memoria

 Performance counter stats for './mandelbrot_omp -0.188 -0.012 0.554 0.754 256 4 sem':

        111.113010      task-clock (msec)         #    3.847 CPUs utilized          
                 3      context-switches          #    0.027 K/sec                  
                 3      cpu-migrations            #    0.027 K/sec                  
                68      page-faults               #    0.612 K/sec                  
   <not supported>      cycles                   
   <not supported>      stalled-cycles-frontend  
   <not supported>      stalled-cycles-backend   
   <not supported>      instructions             
   <not supported>      branches                 
   <not supported>      branch-misses            

       0.028886502 seconds time elapsed

MODO = sem I/O e alloc. memoria

 Performance counter stats for './mandelbrot_omp -0.188 -0.012 0.554 0.754 256 4 sem':

        108.443125      task-clock (msec)         #    3.869 CPUs utilized          
                 1      context-switches          #    0.009 K/sec                  
                 3      cpu-migrations            #    0.028 K/sec                  
                68      page-faults               #    0.627 K/sec                  
   <not supported>      cycles                   
   <not supported>      stalled-cycles-frontend  
   <not supported>      stalled-cycles-backend   
   <not supported>      instructions             
   <not supported>      branches                 
   <not supported>      branch-misses            

       0.028029246 seconds time elapsed

MODO = sem I/O e alloc. memoria

 Performance counter stats for './mandelbrot_omp -0.188 -0.012 0.554 0.754 256 4 sem':

        108.480940      task-clock (msec)         #    3.874 CPUs utilized          
                 3      context-switches          #    0.028 K/sec                  
                 3      cpu-migrations            #    0.028 K/sec                  
                67      page-faults               #    0.618 K/sec                  
   <not supported>      cycles                   
   <not supported>      stalled-cycles-frontend  
   <not supported>      stalled-cycles-backend   
   <not supported>      instructions             
   <not supported>      branches                 
   <not supported>      branch-misses            

       0.028004053 seconds time elapsed

MODO = sem I/O e alloc. memoria

 Performance counter stats for './mandelbrot_omp -0.188 -0.012 0.554 0.754 256 4 sem':

        107.867158      task-clock (msec)         #    3.848 CPUs utilized          
                 1      context-switches          #    0.009 K/sec                  
                 3      cpu-migrations            #    0.028 K/sec                  
                67      page-faults               #    0.621 K/sec                  
   <not supported>      cycles                   
   <not supported>      stalled-cycles-frontend  
   <not supported>      stalled-cycles-backend   
   <not supported>      instructions             
   <not supported>      branches                 
   <not supported>      branch-misses            

       0.028030071 seconds time elapsed

MODO = sem I/O e alloc. memoria

 Performance counter stats for './mandelbrot_omp -0.188 -0.012 0.554 0.754 256 4 sem':

        107.189610      task-clock (msec)         #    3.877 CPUs utilized          
                 0      context-switches          #    0.000 K/sec                  
                 3      cpu-migrations            #    0.028 K/sec                  
                68      page-faults               #    0.634 K/sec                  
   <not supported>      cycles                   
   <not supported>      stalled-cycles-frontend  
   <not supported>      stalled-cycles-backend   
   <not supported>      instructions             
   <not supported>      branches                 
   <not supported>      branch-misses            

       0.027646715 seconds time elapsed

MODO = sem I/O e alloc. memoria

 Performance counter stats for './mandelbrot_omp -0.188 -0.012 0.554 0.754 256 4 sem':

        107.724634      task-clock (msec)         #    3.876 CPUs utilized          
                 2      context-switches          #    0.019 K/sec                  
                 3      cpu-migrations            #    0.028 K/sec                  
                65      page-faults               #    0.603 K/sec                  
   <not supported>      cycles                   
   <not supported>      stalled-cycles-frontend  
   <not supported>      stalled-cycles-backend   
   <not supported>      instructions             
   <not supported>      branches                 
   <not supported>      branch-misses            

       0.027791396 seconds time elapsed

MODO = sem I/O e alloc. memoria

 Performance counter stats for './mandelbrot_omp -0.188 -0.012 0.554 0.754 256 4 sem':

        108.110541      task-clock (msec)         #    3.868 CPUs utilized          
                 1      context-switches          #    0.009 K/sec                  
                 3      cpu-migrations            #    0.028 K/sec                  
                68      page-faults               #    0.629 K/sec                  
   <not supported>      cycles                   
   <not supported>      stalled-cycles-frontend  
   <not supported>      stalled-cycles-backend   
   <not supported>      instructions             
   <not supported>      branches                 
   <not supported>      branch-misses            

       0.027950155 seconds time elapsed

MODO = sem I/O e alloc. memoria

 Performance counter stats for './mandelbrot_omp -0.188 -0.012 0.554 0.754 256 4 sem':

        108.013605      task-clock (msec)         #    3.884 CPUs utilized          
                 3      context-switches          #    0.028 K/sec                  
                 3      cpu-migrations            #    0.028 K/sec                  
                67      page-faults               #    0.620 K/sec                  
   <not supported>      cycles                   
   <not supported>      stalled-cycles-frontend  
   <not supported>      stalled-cycles-backend   
   <not supported>      instructions             
   <not supported>      branches                 
   <not supported>      branch-misses            

       0.027809205 seconds time elapsed

MODO = sem I/O e alloc. memoria

 Performance counter stats for './mandelbrot_omp -0.188 -0.012 0.554 0.754 256 4 sem':

        109.612487      task-clock (msec)         #    3.855 CPUs utilized          
                 2      context-switches          #    0.018 K/sec                  
                 3      cpu-migrations            #    0.027 K/sec                  
                67      page-faults               #    0.611 K/sec                  
   <not supported>      cycles                   
   <not supported>      stalled-cycles-frontend  
   <not supported>      stalled-cycles-backend   
   <not supported>      instructions             
   <not supported>      branches                 
   <not supported>      branch-misses            

       0.028431603 seconds time elapsed

MODO = sem I/O e alloc. memoria

 Performance counter stats for './mandelbrot_omp -0.188 -0.012 0.554 0.754 512 4 sem':

        423.922815      task-clock (msec)         #    3.906 CPUs utilized          
                 9      context-switches          #    0.021 K/sec                  
                 3      cpu-migrations            #    0.007 K/sec                  
                67      page-faults               #    0.158 K/sec                  
   <not supported>      cycles                   
   <not supported>      stalled-cycles-frontend  
   <not supported>      stalled-cycles-backend   
   <not supported>      instructions             
   <not supported>      branches                 
   <not supported>      branch-misses            

       0.108517323 seconds time elapsed

MODO = sem I/O e alloc. memoria

 Performance counter stats for './mandelbrot_omp -0.188 -0.012 0.554 0.754 512 4 sem':

        415.630321      task-clock (msec)         #    3.974 CPUs utilized          
                 1      context-switches          #    0.002 K/sec                  
                 3      cpu-migrations            #    0.007 K/sec                  
                68      page-faults               #    0.164 K/sec                  
   <not supported>      cycles                   
   <not supported>      stalled-cycles-frontend  
   <not supported>      stalled-cycles-backend   
   <not supported>      instructions             
   <not supported>      branches                 
   <not supported>      branch-misses            

       0.104578642 seconds time elapsed

MODO = sem I/O e alloc. memoria

 Performance counter stats for './mandelbrot_omp -0.188 -0.012 0.554 0.754 512 4 sem':

        416.888600      task-clock (msec)         #    3.975 CPUs utilized          
                 0      context-switches          #    0.000 K/sec                  
                 3      cpu-migrations            #    0.007 K/sec                  
                65      page-faults               #    0.156 K/sec                  
   <not supported>      cycles                   
   <not supported>      stalled-cycles-frontend  
   <not supported>      stalled-cycles-backend   
   <not supported>      instructions             
   <not supported>      branches                 
   <not supported>      branch-misses            

       0.104873211 seconds time elapsed

MODO = sem I/O e alloc. memoria

 Performance counter stats for './mandelbrot_omp -0.188 -0.012 0.554 0.754 512 4 sem':

        416.366141      task-clock (msec)         #    3.975 CPUs utilized          
                 3      context-switches          #    0.007 K/sec                  
                 3      cpu-migrations            #    0.007 K/sec                  
                68      page-faults               #    0.163 K/sec                  
   <not supported>      cycles                   
   <not supported>      stalled-cycles-frontend  
   <not supported>      stalled-cycles-backend   
   <not supported>      instructions             
   <not supported>      branches                 
   <not supported>      branch-misses            

       0.104733652 seconds time elapsed

MODO = sem I/O e alloc. memoria

 Performance counter stats for './mandelbrot_omp -0.188 -0.012 0.554 0.754 512 4 sem':

        415.896540      task-clock (msec)         #    3.975 CPUs utilized          
                 1      context-switches          #    0.002 K/sec                  
                 4      cpu-migrations            #    0.010 K/sec                  
                67      page-faults               #    0.161 K/sec                  
   <not supported>      cycles                   
   <not supported>      stalled-cycles-frontend  
   <not supported>      stalled-cycles-backend   
   <not supported>      instructions             
   <not supported>      branches                 
   <not supported>      branch-misses            

       0.104640620 seconds time elapsed

MODO = sem I/O e alloc. memoria

 Performance counter stats for './mandelbrot_omp -0.188 -0.012 0.554 0.754 512 4 sem':

        415.714020      task-clock (msec)         #    3.977 CPUs utilized          
                 0      context-switches          #    0.000 K/sec                  
                 3      cpu-migrations            #    0.007 K/sec                  
                67      page-faults               #    0.161 K/sec                  
   <not supported>      cycles                   
   <not supported>      stalled-cycles-frontend  
   <not supported>      stalled-cycles-backend   
   <not supported>      instructions             
   <not supported>      branches                 
   <not supported>      branch-misses            

       0.104538525 seconds time elapsed

MODO = sem I/O e alloc. memoria

 Performance counter stats for './mandelbrot_omp -0.188 -0.012 0.554 0.754 512 4 sem':

        415.771818      task-clock (msec)         #    3.974 CPUs utilized          
                 0      context-switches          #    0.000 K/sec                  
                 3      cpu-migrations            #    0.007 K/sec                  
                67      page-faults               #    0.161 K/sec                  
   <not supported>      cycles                   
   <not supported>      stalled-cycles-frontend  
   <not supported>      stalled-cycles-backend   
   <not supported>      instructions             
   <not supported>      branches                 
   <not supported>      branch-misses            

       0.104610311 seconds time elapsed

MODO = sem I/O e alloc. memoria

 Performance counter stats for './mandelbrot_omp -0.188 -0.012 0.554 0.754 512 4 sem':

        416.169759      task-clock (msec)         #    3.975 CPUs utilized          
                 0      context-switches          #    0.000 K/sec                  
                 3      cpu-migrations            #    0.007 K/sec                  
                67      page-faults               #    0.161 K/sec                  
   <not supported>      cycles                   
   <not supported>      stalled-cycles-frontend  
   <not supported>      stalled-cycles-backend   
   <not supported>      instructions             
   <not supported>      branches                 
   <not supported>      branch-misses            

       0.104697827 seconds time elapsed

MODO = sem I/O e alloc. memoria

 Performance counter stats for './mandelbrot_omp -0.188 -0.012 0.554 0.754 512 4 sem':

        415.979732      task-clock (msec)         #    3.974 CPUs utilized          
                 1      context-switches          #    0.002 K/sec                  
                 3      cpu-migrations            #    0.007 K/sec                  
                65      page-faults               #    0.156 K/sec                  
   <not supported>      cycles                   
   <not supported>      stalled-cycles-frontend  
   <not supported>      stalled-cycles-backend   
   <not supported>      instructions             
   <not supported>      branches                 
   <not supported>      branch-misses            

       0.104667983 seconds time elapsed

MODO = sem I/O e alloc. memoria

 Performance counter stats for './mandelbrot_omp -0.188 -0.012 0.554 0.754 512 4 sem':

        416.907188      task-clock (msec)         #    3.975 CPUs utilized          
                 1      context-switches          #    0.002 K/sec                  
                 3      cpu-migrations            #    0.007 K/sec                  
                67      page-faults               #    0.161 K/sec                  
   <not supported>      cycles                   
   <not supported>      stalled-cycles-frontend  
   <not supported>      stalled-cycles-backend   
   <not supported>      instructions             
   <not supported>      branches                 
   <not supported>      branch-misses            

       0.104870857 seconds time elapsed

MODO = sem I/O e alloc. memoria

 Performance counter stats for './mandelbrot_omp -0.188 -0.012 0.554 0.754 1024 4 sem':

       1659.454718      task-clock (msec)         #    3.994 CPUs utilized          
                 7      context-switches          #    0.004 K/sec                  
                 3      cpu-migrations            #    0.002 K/sec                  
                67      page-faults               #    0.040 K/sec                  
   <not supported>      cycles                   
   <not supported>      stalled-cycles-frontend  
   <not supported>      stalled-cycles-backend   
   <not supported>      instructions             
   <not supported>      branches                 
   <not supported>      branch-misses            

       0.415535197 seconds time elapsed

MODO = sem I/O e alloc. memoria

 Performance counter stats for './mandelbrot_omp -0.188 -0.012 0.554 0.754 1024 4 sem':

       1659.786474      task-clock (msec)         #    3.994 CPUs utilized          
                 6      context-switches          #    0.004 K/sec                  
                 3      cpu-migrations            #    0.002 K/sec                  
                67      page-faults               #    0.040 K/sec                  
   <not supported>      cycles                   
   <not supported>      stalled-cycles-frontend  
   <not supported>      stalled-cycles-backend   
   <not supported>      instructions             
   <not supported>      branches                 
   <not supported>      branch-misses            

       0.415606834 seconds time elapsed

MODO = sem I/O e alloc. memoria

 Performance counter stats for './mandelbrot_omp -0.188 -0.012 0.554 0.754 1024 4 sem':

       1659.432463      task-clock (msec)         #    3.993 CPUs utilized          
                 1      context-switches          #    0.001 K/sec                  
                 3      cpu-migrations            #    0.002 K/sec                  
                68      page-faults               #    0.041 K/sec                  
   <not supported>      cycles                   
   <not supported>      stalled-cycles-frontend  
   <not supported>      stalled-cycles-backend   
   <not supported>      instructions             
   <not supported>      branches                 
   <not supported>      branch-misses            

       0.415547775 seconds time elapsed

MODO = sem I/O e alloc. memoria

 Performance counter stats for './mandelbrot_omp -0.188 -0.012 0.554 0.754 1024 4 sem':

       1659.237819      task-clock (msec)         #    3.993 CPUs utilized          
                 4      context-switches          #    0.002 K/sec                  
                 3      cpu-migrations            #    0.002 K/sec                  
                67      page-faults               #    0.040 K/sec                  
   <not supported>      cycles                   
   <not supported>      stalled-cycles-frontend  
   <not supported>      stalled-cycles-backend   
   <not supported>      instructions             
   <not supported>      branches                 
   <not supported>      branch-misses            

       0.415531241 seconds time elapsed

MODO = sem I/O e alloc. memoria

 Performance counter stats for './mandelbrot_omp -0.188 -0.012 0.554 0.754 1024 4 sem':

       1660.597464      task-clock (msec)         #    3.993 CPUs utilized          
                 0      context-switches          #    0.000 K/sec                  
                 3      cpu-migrations            #    0.002 K/sec                  
                66      page-faults               #    0.040 K/sec                  
   <not supported>      cycles                   
   <not supported>      stalled-cycles-frontend  
   <not supported>      stalled-cycles-backend   
   <not supported>      instructions             
   <not supported>      branches                 
   <not supported>      branch-misses            

       0.415836080 seconds time elapsed

MODO = sem I/O e alloc. memoria

 Performance counter stats for './mandelbrot_omp -0.188 -0.012 0.554 0.754 1024 4 sem':

       1664.629187      task-clock (msec)         #    3.993 CPUs utilized          
                 8      context-switches          #    0.005 K/sec                  
                 6      cpu-migrations            #    0.004 K/sec                  
                68      page-faults               #    0.041 K/sec                  
   <not supported>      cycles                   
   <not supported>      stalled-cycles-frontend  
   <not supported>      stalled-cycles-backend   
   <not supported>      instructions             
   <not supported>      branches                 
   <not supported>      branch-misses            

       0.416868093 seconds time elapsed

MODO = sem I/O e alloc. memoria

 Performance counter stats for './mandelbrot_omp -0.188 -0.012 0.554 0.754 1024 4 sem':

       1659.183180      task-clock (msec)         #    3.993 CPUs utilized          
                10      context-switches          #    0.006 K/sec                  
                 5      cpu-migrations            #    0.003 K/sec                  
                67      page-faults               #    0.040 K/sec                  
   <not supported>      cycles                   
   <not supported>      stalled-cycles-frontend  
   <not supported>      stalled-cycles-backend   
   <not supported>      instructions             
   <not supported>      branches                 
   <not supported>      branch-misses            

       0.415502221 seconds time elapsed

MODO = sem I/O e alloc. memoria

 Performance counter stats for './mandelbrot_omp -0.188 -0.012 0.554 0.754 1024 4 sem':

       1659.454332      task-clock (msec)         #    3.994 CPUs utilized          
                 1      context-switches          #    0.001 K/sec                  
                 4      cpu-migrations            #    0.002 K/sec                  
                67      page-faults               #    0.040 K/sec                  
   <not supported>      cycles                   
   <not supported>      stalled-cycles-frontend  
   <not supported>      stalled-cycles-backend   
   <not supported>      instructions             
   <not supported>      branches                 
   <not supported>      branch-misses            

       0.415514302 seconds time elapsed

MODO = sem I/O e alloc. memoria

 Performance counter stats for './mandelbrot_omp -0.188 -0.012 0.554 0.754 1024 4 sem':

       1659.942371      task-clock (msec)         #    3.993 CPUs utilized          
                 0      context-switches          #    0.000 K/sec                  
                 3      cpu-migrations            #    0.002 K/sec                  
                67      page-faults               #    0.040 K/sec                  
   <not supported>      cycles                   
   <not supported>      stalled-cycles-frontend  
   <not supported>      stalled-cycles-backend   
   <not supported>      instructions             
   <not supported>      branches                 
   <not supported>      branch-misses            

       0.415698155 seconds time elapsed

MODO = sem I/O e alloc. memoria

 Performance counter stats for './mandelbrot_omp -0.188 -0.012 0.554 0.754 1024 4 sem':

       1657.947761      task-clock (msec)         #    3.994 CPUs utilized          
                 2      context-switches          #    0.001 K/sec                  
                 3      cpu-migrations            #    0.002 K/sec                  
                68      page-faults               #    0.041 K/sec                  
   <not supported>      cycles                   
   <not supported>      stalled-cycles-frontend  
   <not supported>      stalled-cycles-backend   
   <not supported>      instructions             
   <not supported>      branches                 
   <not supported>      branch-misses            

       0.415126861 seconds time elapsed

MODO = sem I/O e alloc. memoria

 Performance counter stats for './mandelbrot_omp -0.188 -0.012 0.554 0.754 2048 4 sem':

       6633.788873      task-clock (msec)         #    3.998 CPUs utilized          
                12      context-switches          #    0.002 K/sec                  
                 4      cpu-migrations            #    0.001 K/sec                  
                68      page-faults               #    0.010 K/sec                  
   <not supported>      cycles                   
   <not supported>      stalled-cycles-frontend  
   <not supported>      stalled-cycles-backend   
   <not supported>      instructions             
   <not supported>      branches                 
   <not supported>      branch-misses            

       1.659145897 seconds time elapsed

MODO = sem I/O e alloc. memoria

 Performance counter stats for './mandelbrot_omp -0.188 -0.012 0.554 0.754 2048 4 sem':

       6874.581315      task-clock (msec)         #    3.978 CPUs utilized          
                18      context-switches          #    0.003 K/sec                  
                 3      cpu-migrations            #    0.000 K/sec                  
                67      page-faults               #    0.010 K/sec                  
   <not supported>      cycles                   
   <not supported>      stalled-cycles-frontend  
   <not supported>      stalled-cycles-backend   
   <not supported>      instructions             
   <not supported>      branches                 
   <not supported>      branch-misses            

       1.727960321 seconds time elapsed

MODO = sem I/O e alloc. memoria

 Performance counter stats for './mandelbrot_omp -0.188 -0.012 0.554 0.754 2048 4 sem':

       7171.044113      task-clock (msec)         #    3.840 CPUs utilized          
                17      context-switches          #    0.002 K/sec                  
                 3      cpu-migrations            #    0.000 K/sec                  
                67      page-faults               #    0.009 K/sec                  
   <not supported>      cycles                   
   <not supported>      stalled-cycles-frontend  
   <not supported>      stalled-cycles-backend   
   <not supported>      instructions             
   <not supported>      branches                 
   <not supported>      branch-misses            

       1.867344964 seconds time elapsed

MODO = sem I/O e alloc. memoria

 Performance counter stats for './mandelbrot_omp -0.188 -0.012 0.554 0.754 2048 4 sem':

       7285.368895      task-clock (msec)         #    3.893 CPUs utilized          
                21      context-switches          #    0.003 K/sec                  
                 3      cpu-migrations            #    0.000 K/sec                  
                68      page-faults               #    0.009 K/sec                  
   <not supported>      cycles                   
   <not supported>      stalled-cycles-frontend  
   <not supported>      stalled-cycles-backend   
   <not supported>      instructions             
   <not supported>      branches                 
   <not supported>      branch-misses            

       1.871569135 seconds time elapsed

MODO = sem I/O e alloc. memoria

 Performance counter stats for './mandelbrot_omp -0.188 -0.012 0.554 0.754 2048 4 sem':

       6746.977643      task-clock (msec)         #    3.974 CPUs utilized          
                22      context-switches          #    0.003 K/sec                  
                 3      cpu-migrations            #    0.000 K/sec                  
                68      page-faults               #    0.010 K/sec                  
   <not supported>      cycles                   
   <not supported>      stalled-cycles-frontend  
   <not supported>      stalled-cycles-backend   
   <not supported>      instructions             
   <not supported>      branches                 
   <not supported>      branch-misses            

       1.697606820 seconds time elapsed

MODO = sem I/O e alloc. memoria

 Performance counter stats for './mandelbrot_omp -0.188 -0.012 0.554 0.754 2048 4 sem':

       6697.439150      task-clock (msec)         #    3.948 CPUs utilized          
                18      context-switches          #    0.003 K/sec                  
                 3      cpu-migrations            #    0.000 K/sec                  
                68      page-faults               #    0.010 K/sec                  
   <not supported>      cycles                   
   <not supported>      stalled-cycles-frontend  
   <not supported>      stalled-cycles-backend   
   <not supported>      instructions             
   <not supported>      branches                 
   <not supported>      branch-misses            

       1.696245736 seconds time elapsed

MODO = sem I/O e alloc. memoria

 Performance counter stats for './mandelbrot_omp -0.188 -0.012 0.554 0.754 2048 4 sem':

       6687.332168      task-clock (msec)         #    3.948 CPUs utilized          
                18      context-switches          #    0.003 K/sec                  
                 3      cpu-migrations            #    0.000 K/sec                  
                68      page-faults               #    0.010 K/sec                  
   <not supported>      cycles                   
   <not supported>      stalled-cycles-frontend  
   <not supported>      stalled-cycles-backend   
   <not supported>      instructions             
   <not supported>      branches                 
   <not supported>      branch-misses            

       1.694064630 seconds time elapsed

MODO = sem I/O e alloc. memoria

 Performance counter stats for './mandelbrot_omp -0.188 -0.012 0.554 0.754 2048 4 sem':

       6678.270315      task-clock (msec)         #    3.929 CPUs utilized          
                17      context-switches          #    0.003 K/sec                  
                 3      cpu-migrations            #    0.000 K/sec                  
                68      page-faults               #    0.010 K/sec                  
   <not supported>      cycles                   
   <not supported>      stalled-cycles-frontend  
   <not supported>      stalled-cycles-backend   
   <not supported>      instructions             
   <not supported>      branches                 
   <not supported>      branch-misses            

       1.699593491 seconds time elapsed

MODO = sem I/O e alloc. memoria

 Performance counter stats for './mandelbrot_omp -0.188 -0.012 0.554 0.754 2048 4 sem':

       6661.925860      task-clock (msec)         #    3.969 CPUs utilized          
                16      context-switches          #    0.002 K/sec                  
                 3      cpu-migrations            #    0.000 K/sec                  
                68      page-faults               #    0.010 K/sec                  
   <not supported>      cycles                   
   <not supported>      stalled-cycles-frontend  
   <not supported>      stalled-cycles-backend   
   <not supported>      instructions             
   <not supported>      branches                 
   <not supported>      branch-misses            

       1.678475494 seconds time elapsed

MODO = sem I/O e alloc. memoria

 Performance counter stats for './mandelbrot_omp -0.188 -0.012 0.554 0.754 2048 4 sem':

       6695.231759      task-clock (msec)         #    3.887 CPUs utilized          
                17      context-switches          #    0.003 K/sec                  
                 3      cpu-migrations            #    0.000 K/sec                  
                67      page-faults               #    0.010 K/sec                  
   <not supported>      cycles                   
   <not supported>      stalled-cycles-frontend  
   <not supported>      stalled-cycles-backend   
   <not supported>      instructions             
   <not supported>      branches                 
   <not supported>      branch-misses            

       1.722313022 seconds time elapsed

MODO = sem I/O e alloc. memoria

 Performance counter stats for './mandelbrot_omp -0.188 -0.012 0.554 0.754 4096 4 sem':

      31909.671469      task-clock (msec)         #    3.764 CPUs utilized          
                69      context-switches          #    0.002 K/sec                  
                 3      cpu-migrations            #    0.000 K/sec                  
                67      page-faults               #    0.002 K/sec                  
   <not supported>      cycles                   
   <not supported>      stalled-cycles-frontend  
   <not supported>      stalled-cycles-backend   
   <not supported>      instructions             
   <not supported>      branches                 
   <not supported>      branch-misses            

       8.477128329 seconds time elapsed

MODO = sem I/O e alloc. memoria

 Performance counter stats for './mandelbrot_omp -0.188 -0.012 0.554 0.754 4096 4 sem':

      28213.978959      task-clock (msec)         #    3.895 CPUs utilized          
                56      context-switches          #    0.002 K/sec                  
                 3      cpu-migrations            #    0.000 K/sec                  
                67      page-faults               #    0.002 K/sec                  
   <not supported>      cycles                   
   <not supported>      stalled-cycles-frontend  
   <not supported>      stalled-cycles-backend   
   <not supported>      instructions             
   <not supported>      branches                 
   <not supported>      branch-misses            

       7.243300651 seconds time elapsed

MODO = sem I/O e alloc. memoria

 Performance counter stats for './mandelbrot_omp -0.188 -0.012 0.554 0.754 4096 4 sem':

      28341.747035      task-clock (msec)         #    3.880 CPUs utilized          
                60      context-switches          #    0.002 K/sec                  
                 5      cpu-migrations            #    0.000 K/sec                  
                68      page-faults               #    0.002 K/sec                  
   <not supported>      cycles                   
   <not supported>      stalled-cycles-frontend  
   <not supported>      stalled-cycles-backend   
   <not supported>      instructions             
   <not supported>      branches                 
   <not supported>      branch-misses            

       7.305342123 seconds time elapsed

MODO = sem I/O e alloc. memoria

 Performance counter stats for './mandelbrot_omp -0.188 -0.012 0.554 0.754 4096 4 sem':

      31280.476170      task-clock (msec)         #    3.772 CPUs utilized          
                63      context-switches          #    0.002 K/sec                  
                 6      cpu-migrations            #    0.000 K/sec                  
                68      page-faults               #    0.002 K/sec                  
   <not supported>      cycles                   
   <not supported>      stalled-cycles-frontend  
   <not supported>      stalled-cycles-backend   
   <not supported>      instructions             
   <not supported>      branches                 
   <not supported>      branch-misses            

       8.293046806 seconds time elapsed

MODO = sem I/O e alloc. memoria

 Performance counter stats for './mandelbrot_omp -0.188 -0.012 0.554 0.754 4096 4 sem':

      28005.595388      task-clock (msec)         #    3.881 CPUs utilized          
                61      context-switches          #    0.002 K/sec                  
                 6      cpu-migrations            #    0.000 K/sec                  
                67      page-faults               #    0.002 K/sec                  
   <not supported>      cycles                   
   <not supported>      stalled-cycles-frontend  
   <not supported>      stalled-cycles-backend   
   <not supported>      instructions             
   <not supported>      branches                 
   <not supported>      branch-misses            

       7.215889655 seconds time elapsed

MODO = sem I/O e alloc. memoria

 Performance counter stats for './mandelbrot_omp -0.188 -0.012 0.554 0.754 4096 4 sem':

      30428.027371      task-clock (msec)         #    3.734 CPUs utilized          
                69      context-switches          #    0.002 K/sec                  
                 6      cpu-migrations            #    0.000 K/sec                  
                68      page-faults               #    0.002 K/sec                  
   <not supported>      cycles                   
   <not supported>      stalled-cycles-frontend  
   <not supported>      stalled-cycles-backend   
   <not supported>      instructions             
   <not supported>      branches                 
   <not supported>      branch-misses            

       8.148478162 seconds time elapsed

MODO = sem I/O e alloc. memoria

 Performance counter stats for './mandelbrot_omp -0.188 -0.012 0.554 0.754 4096 4 sem':

      26534.473252      task-clock (msec)         #    3.996 CPUs utilized          
                55      context-switches          #    0.002 K/sec                  
                 5      cpu-migrations            #    0.000 K/sec                  
                68      page-faults               #    0.003 K/sec                  
   <not supported>      cycles                   
   <not supported>      stalled-cycles-frontend  
   <not supported>      stalled-cycles-backend   
   <not supported>      instructions             
   <not supported>      branches                 
   <not supported>      branch-misses            

       6.640028738 seconds time elapsed

MODO = sem I/O e alloc. memoria

 Performance counter stats for './mandelbrot_omp -0.188 -0.012 0.554 0.754 4096 4 sem':

      26515.071290      task-clock (msec)         #    3.999 CPUs utilized          
                54      context-switches          #    0.002 K/sec                  
                 3      cpu-migrations            #    0.000 K/sec                  
                68      page-faults               #    0.003 K/sec                  
   <not supported>      cycles                   
   <not supported>      stalled-cycles-frontend  
   <not supported>      stalled-cycles-backend   
   <not supported>      instructions             
   <not supported>      branches                 
   <not supported>      branch-misses            

       6.631141941 seconds time elapsed

MODO = sem I/O e alloc. memoria

 Performance counter stats for './mandelbrot_omp -0.188 -0.012 0.554 0.754 4096 4 sem':

      27559.326634      task-clock (msec)         #    3.908 CPUs utilized          
                59      context-switches          #    0.002 K/sec                  
                 3      cpu-migrations            #    0.000 K/sec                  
                67      page-faults               #    0.002 K/sec                  
   <not supported>      cycles                   
   <not supported>      stalled-cycles-frontend  
   <not supported>      stalled-cycles-backend   
   <not supported>      instructions             
   <not supported>      branches                 
   <not supported>      branch-misses            

       7.052052749 seconds time elapsed

MODO = sem I/O e alloc. memoria

 Performance counter stats for './mandelbrot_omp -0.188 -0.012 0.554 0.754 4096 4 sem':

      26467.787306      task-clock (msec)         #    3.997 CPUs utilized          
                56      context-switches          #    0.002 K/sec                  
                 3      cpu-migrations            #    0.000 K/sec                  
                69      page-faults               #    0.003 K/sec                  
   <not supported>      cycles                   
   <not supported>      stalled-cycles-frontend  
   <not supported>      stalled-cycles-backend   
   <not supported>      instructions             
   <not supported>      branches                 
   <not supported>      branch-misses            

       6.621311995 seconds time elapsed

MODO = sem I/O e alloc. memoria

 Performance counter stats for './mandelbrot_omp -0.188 -0.012 0.554 0.754 8192 4 sem':

     114423.224219      task-clock (msec)         #    3.901 CPUs utilized          
               214      context-switches          #    0.002 K/sec                  
                 6      cpu-migrations            #    0.000 K/sec                  
                67      page-faults               #    0.001 K/sec                  
   <not supported>      cycles                   
   <not supported>      stalled-cycles-frontend  
   <not supported>      stalled-cycles-backend   
   <not supported>      instructions             
   <not supported>      branches                 
   <not supported>      branch-misses            

      29.333708282 seconds time elapsed

MODO = sem I/O e alloc. memoria

 Performance counter stats for './mandelbrot_omp -0.188 -0.012 0.554 0.754 8192 4 sem':

     125768.694143      task-clock (msec)         #    3.831 CPUs utilized          
               252      context-switches          #    0.002 K/sec                  
                 4      cpu-migrations            #    0.000 K/sec                  
                68      page-faults               #    0.001 K/sec                  
   <not supported>      cycles                   
   <not supported>      stalled-cycles-frontend  
   <not supported>      stalled-cycles-backend   
   <not supported>      instructions             
   <not supported>      branches                 
   <not supported>      branch-misses            

      32.830877132 seconds time elapsed

MODO = sem I/O e alloc. memoria

 Performance counter stats for './mandelbrot_omp -0.188 -0.012 0.554 0.754 8192 4 sem':

     115726.014791      task-clock (msec)         #    3.871 CPUs utilized          
               217      context-switches          #    0.002 K/sec                  
                 5      cpu-migrations            #    0.000 K/sec                  
                68      page-faults               #    0.001 K/sec                  
   <not supported>      cycles                   
   <not supported>      stalled-cycles-frontend  
   <not supported>      stalled-cycles-backend   
   <not supported>      instructions             
   <not supported>      branches                 
   <not supported>      branch-misses            

      29.894832452 seconds time elapsed

MODO = sem I/O e alloc. memoria

 Performance counter stats for './mandelbrot_omp -0.188 -0.012 0.554 0.754 8192 4 sem':

     112636.098433      task-clock (msec)         #    3.924 CPUs utilized          
               217      context-switches          #    0.002 K/sec                  
                 6      cpu-migrations            #    0.000 K/sec                  
                67      page-faults               #    0.001 K/sec                  
   <not supported>      cycles                   
   <not supported>      stalled-cycles-frontend  
   <not supported>      stalled-cycles-backend   
   <not supported>      instructions             
   <not supported>      branches                 
   <not supported>      branch-misses            

      28.704142113 seconds time elapsed

MODO = sem I/O e alloc. memoria

 Performance counter stats for './mandelbrot_omp -0.188 -0.012 0.554 0.754 8192 4 sem':

     116996.052397      task-clock (msec)         #    3.869 CPUs utilized          
               243      context-switches          #    0.002 K/sec                  
                 7      cpu-migrations            #    0.000 K/sec                  
                68      page-faults               #    0.001 K/sec                  
   <not supported>      cycles                   
   <not supported>      stalled-cycles-frontend  
   <not supported>      stalled-cycles-backend   
   <not supported>      instructions             
   <not supported>      branches                 
   <not supported>      branch-misses            

      30.236939485 seconds time elapsed

MODO = sem I/O e alloc. memoria

 Performance counter stats for './mandelbrot_omp -0.188 -0.012 0.554 0.754 8192 4 sem':

     120022.355502      task-clock (msec)         #    3.867 CPUs utilized          
               224      context-switches          #    0.002 K/sec                  
                 7      cpu-migrations            #    0.000 K/sec                  
                67      page-faults               #    0.001 K/sec                  
   <not supported>      cycles                   
   <not supported>      stalled-cycles-frontend  
   <not supported>      stalled-cycles-backend   
   <not supported>      instructions             
   <not supported>      branches                 
   <not supported>      branch-misses            

      31.036527876 seconds time elapsed

MODO = sem I/O e alloc. memoria

 Performance counter stats for './mandelbrot_omp -0.188 -0.012 0.554 0.754 8192 4 sem':

     106791.344666      task-clock (msec)         #    3.989 CPUs utilized          
               218      context-switches          #    0.002 K/sec                  
                 3      cpu-migrations            #    0.000 K/sec                  
                67      page-faults               #    0.001 K/sec                  
   <not supported>      cycles                   
   <not supported>      stalled-cycles-frontend  
   <not supported>      stalled-cycles-backend   
   <not supported>      instructions             
   <not supported>      branches                 
   <not supported>      branch-misses            

      26.769003717 seconds time elapsed

MODO = sem I/O e alloc. memoria

 Performance counter stats for './mandelbrot_omp -0.188 -0.012 0.554 0.754 8192 4 sem':

     106101.328543      task-clock (msec)         #    3.999 CPUs utilized          
               214      context-switches          #    0.002 K/sec                  
                 3      cpu-migrations            #    0.000 K/sec                  
                68      page-faults               #    0.001 K/sec                  
   <not supported>      cycles                   
   <not supported>      stalled-cycles-frontend  
   <not supported>      stalled-cycles-backend   
   <not supported>      instructions             
   <not supported>      branches                 
   <not supported>      branch-misses            

      26.533377072 seconds time elapsed

MODO = sem I/O e alloc. memoria

 Performance counter stats for './mandelbrot_omp -0.188 -0.012 0.554 0.754 8192 4 sem':

     106073.772444      task-clock (msec)         #    3.999 CPUs utilized          
               208      context-switches          #    0.002 K/sec                  
                 3      cpu-migrations            #    0.000 K/sec                  
                65      page-faults               #    0.001 K/sec                  
   <not supported>      cycles                   
   <not supported>      stalled-cycles-frontend  
   <not supported>      stalled-cycles-backend   
   <not supported>      instructions             
   <not supported>      branches                 
   <not supported>      branch-misses            

      26.522438605 seconds time elapsed

MODO = sem I/O e alloc. memoria

 Performance counter stats for './mandelbrot_omp -0.188 -0.012 0.554 0.754 8192 4 sem':

     106125.666121      task-clock (msec)         #    3.997 CPUs utilized          
               212      context-switches          #    0.002 K/sec                  
                 3      cpu-migrations            #    0.000 K/sec                  
                67      page-faults               #    0.001 K/sec                  
   <not supported>      cycles                   
   <not supported>      stalled-cycles-frontend  
   <not supported>      stalled-cycles-backend   
   <not supported>      instructions             
   <not supported>      branches                 
   <not supported>      branch-misses            

      26.553646772 seconds time elapsed

