MODO = sem I/O e alloc. memoria

 Performance counter stats for './mandelbrot_seq 0.175 0.375 -0.1 0.1 16 sem':

          0.602035      task-clock (msec)         #    0.643 CPUs utilized          
                 0      context-switches          #    0.000 K/sec                  
                 0      cpu-migrations            #    0.000 K/sec                  
                48      page-faults               #    0.080 M/sec                  
   <not supported>      cycles                   
   <not supported>      stalled-cycles-frontend  
   <not supported>      stalled-cycles-backend   
   <not supported>      instructions             
   <not supported>      branches                 
   <not supported>      branch-misses            

       0.000936171 seconds time elapsed

MODO = sem I/O e alloc. memoria

 Performance counter stats for './mandelbrot_seq 0.175 0.375 -0.1 0.1 16 sem':

          0.582790      task-clock (msec)         #    0.720 CPUs utilized          
                 0      context-switches          #    0.000 K/sec                  
                 0      cpu-migrations            #    0.000 K/sec                  
                48      page-faults               #    0.082 M/sec                  
   <not supported>      cycles                   
   <not supported>      stalled-cycles-frontend  
   <not supported>      stalled-cycles-backend   
   <not supported>      instructions             
   <not supported>      branches                 
   <not supported>      branch-misses            

       0.000809683 seconds time elapsed

MODO = sem I/O e alloc. memoria

 Performance counter stats for './mandelbrot_seq 0.175 0.375 -0.1 0.1 16 sem':

          0.585508      task-clock (msec)         #    0.704 CPUs utilized          
                 0      context-switches          #    0.000 K/sec                  
                 0      cpu-migrations            #    0.000 K/sec                  
                48      page-faults               #    0.082 M/sec                  
   <not supported>      cycles                   
   <not supported>      stalled-cycles-frontend  
   <not supported>      stalled-cycles-backend   
   <not supported>      instructions             
   <not supported>      branches                 
   <not supported>      branch-misses            

       0.000831438 seconds time elapsed

MODO = sem I/O e alloc. memoria

 Performance counter stats for './mandelbrot_seq 0.175 0.375 -0.1 0.1 16 sem':

          0.600911      task-clock (msec)         #    0.710 CPUs utilized          
                 0      context-switches          #    0.000 K/sec                  
                 0      cpu-migrations            #    0.000 K/sec                  
                47      page-faults               #    0.078 M/sec                  
   <not supported>      cycles                   
   <not supported>      stalled-cycles-frontend  
   <not supported>      stalled-cycles-backend   
   <not supported>      instructions             
   <not supported>      branches                 
   <not supported>      branch-misses            

       0.000845968 seconds time elapsed

MODO = sem I/O e alloc. memoria

 Performance counter stats for './mandelbrot_seq 0.175 0.375 -0.1 0.1 16 sem':

          0.627238      task-clock (msec)         #    0.726 CPUs utilized          
                 0      context-switches          #    0.000 K/sec                  
                 0      cpu-migrations            #    0.000 K/sec                  
                46      page-faults               #    0.073 M/sec                  
   <not supported>      cycles                   
   <not supported>      stalled-cycles-frontend  
   <not supported>      stalled-cycles-backend   
   <not supported>      instructions             
   <not supported>      branches                 
   <not supported>      branch-misses            

       0.000863774 seconds time elapsed

MODO = sem I/O e alloc. memoria

 Performance counter stats for './mandelbrot_seq 0.175 0.375 -0.1 0.1 16 sem':

          0.585718      task-clock (msec)         #    0.715 CPUs utilized          
                 0      context-switches          #    0.000 K/sec                  
                 0      cpu-migrations            #    0.000 K/sec                  
                47      page-faults               #    0.080 M/sec                  
   <not supported>      cycles                   
   <not supported>      stalled-cycles-frontend  
   <not supported>      stalled-cycles-backend   
   <not supported>      instructions             
   <not supported>      branches                 
   <not supported>      branch-misses            

       0.000819158 seconds time elapsed

MODO = sem I/O e alloc. memoria

 Performance counter stats for './mandelbrot_seq 0.175 0.375 -0.1 0.1 16 sem':

          0.568781      task-clock (msec)         #    0.721 CPUs utilized          
                 0      context-switches          #    0.000 K/sec                  
                 0      cpu-migrations            #    0.000 K/sec                  
                48      page-faults               #    0.084 M/sec                  
   <not supported>      cycles                   
   <not supported>      stalled-cycles-frontend  
   <not supported>      stalled-cycles-backend   
   <not supported>      instructions             
   <not supported>      branches                 
   <not supported>      branch-misses            

       0.000789174 seconds time elapsed

MODO = sem I/O e alloc. memoria

 Performance counter stats for './mandelbrot_seq 0.175 0.375 -0.1 0.1 16 sem':

          0.678882      task-clock (msec)         #    0.711 CPUs utilized          
                 0      context-switches          #    0.000 K/sec                  
                 0      cpu-migrations            #    0.000 K/sec                  
                46      page-faults               #    0.068 M/sec                  
   <not supported>      cycles                   
   <not supported>      stalled-cycles-frontend  
   <not supported>      stalled-cycles-backend   
   <not supported>      instructions             
   <not supported>      branches                 
   <not supported>      branch-misses            

       0.000954450 seconds time elapsed

MODO = sem I/O e alloc. memoria

 Performance counter stats for './mandelbrot_seq 0.175 0.375 -0.1 0.1 16 sem':

          0.572400      task-clock (msec)         #    0.718 CPUs utilized          
                 0      context-switches          #    0.000 K/sec                  
                 0      cpu-migrations            #    0.000 K/sec                  
                48      page-faults               #    0.084 M/sec                  
   <not supported>      cycles                   
   <not supported>      stalled-cycles-frontend  
   <not supported>      stalled-cycles-backend   
   <not supported>      instructions             
   <not supported>      branches                 
   <not supported>      branch-misses            

       0.000797487 seconds time elapsed

MODO = sem I/O e alloc. memoria

 Performance counter stats for './mandelbrot_seq 0.175 0.375 -0.1 0.1 16 sem':

          0.709129      task-clock (msec)         #    0.657 CPUs utilized          
                 0      context-switches          #    0.000 K/sec                  
                 0      cpu-migrations            #    0.000 K/sec                  
                46      page-faults               #    0.065 M/sec                  
   <not supported>      cycles                   
   <not supported>      stalled-cycles-frontend  
   <not supported>      stalled-cycles-backend   
   <not supported>      instructions             
   <not supported>      branches                 
   <not supported>      branch-misses            

       0.001079274 seconds time elapsed

MODO = sem I/O e alloc. memoria

 Performance counter stats for './mandelbrot_seq 0.175 0.375 -0.1 0.1 32 sem':

          1.745099      task-clock (msec)         #    0.832 CPUs utilized          
                 0      context-switches          #    0.000 K/sec                  
                 0      cpu-migrations            #    0.000 K/sec                  
                48      page-faults               #    0.028 M/sec                  
   <not supported>      cycles                   
   <not supported>      stalled-cycles-frontend  
   <not supported>      stalled-cycles-backend   
   <not supported>      instructions             
   <not supported>      branches                 
   <not supported>      branch-misses            

       0.002096761 seconds time elapsed

MODO = sem I/O e alloc. memoria

 Performance counter stats for './mandelbrot_seq 0.175 0.375 -0.1 0.1 32 sem':

          1.840065      task-clock (msec)         #    0.825 CPUs utilized          
                 0      context-switches          #    0.000 K/sec                  
                 0      cpu-migrations            #    0.000 K/sec                  
                46      page-faults               #    0.025 M/sec                  
   <not supported>      cycles                   
   <not supported>      stalled-cycles-frontend  
   <not supported>      stalled-cycles-backend   
   <not supported>      instructions             
   <not supported>      branches                 
   <not supported>      branch-misses            

       0.002230958 seconds time elapsed

MODO = sem I/O e alloc. memoria

 Performance counter stats for './mandelbrot_seq 0.175 0.375 -0.1 0.1 32 sem':

          1.732960      task-clock (msec)         #    0.806 CPUs utilized          
                 0      context-switches          #    0.000 K/sec                  
                 0      cpu-migrations            #    0.000 K/sec                  
                48      page-faults               #    0.028 M/sec                  
   <not supported>      cycles                   
   <not supported>      stalled-cycles-frontend  
   <not supported>      stalled-cycles-backend   
   <not supported>      instructions             
   <not supported>      branches                 
   <not supported>      branch-misses            

       0.002149620 seconds time elapsed

MODO = sem I/O e alloc. memoria

 Performance counter stats for './mandelbrot_seq 0.175 0.375 -0.1 0.1 32 sem':

          1.786454      task-clock (msec)         #    0.841 CPUs utilized          
                 0      context-switches          #    0.000 K/sec                  
                 0      cpu-migrations            #    0.000 K/sec                  
                44      page-faults               #    0.025 M/sec                  
   <not supported>      cycles                   
   <not supported>      stalled-cycles-frontend  
   <not supported>      stalled-cycles-backend   
   <not supported>      instructions             
   <not supported>      branches                 
   <not supported>      branch-misses            

       0.002125320 seconds time elapsed

MODO = sem I/O e alloc. memoria

 Performance counter stats for './mandelbrot_seq 0.175 0.375 -0.1 0.1 32 sem':

          1.810063      task-clock (msec)         #    0.835 CPUs utilized          
                 0      context-switches          #    0.000 K/sec                  
                 0      cpu-migrations            #    0.000 K/sec                  
                47      page-faults               #    0.026 M/sec                  
   <not supported>      cycles                   
   <not supported>      stalled-cycles-frontend  
   <not supported>      stalled-cycles-backend   
   <not supported>      instructions             
   <not supported>      branches                 
   <not supported>      branch-misses            

       0.002167286 seconds time elapsed

MODO = sem I/O e alloc. memoria

 Performance counter stats for './mandelbrot_seq 0.175 0.375 -0.1 0.1 32 sem':

          1.774311      task-clock (msec)         #    0.842 CPUs utilized          
                 0      context-switches          #    0.000 K/sec                  
                 0      cpu-migrations            #    0.000 K/sec                  
                45      page-faults               #    0.025 M/sec                  
   <not supported>      cycles                   
   <not supported>      stalled-cycles-frontend  
   <not supported>      stalled-cycles-backend   
   <not supported>      instructions             
   <not supported>      branches                 
   <not supported>      branch-misses            

       0.002106665 seconds time elapsed

MODO = sem I/O e alloc. memoria

 Performance counter stats for './mandelbrot_seq 0.175 0.375 -0.1 0.1 32 sem':

          1.796437      task-clock (msec)         #    0.823 CPUs utilized          
                 0      context-switches          #    0.000 K/sec                  
                 0      cpu-migrations            #    0.000 K/sec                  
                47      page-faults               #    0.026 M/sec                  
   <not supported>      cycles                   
   <not supported>      stalled-cycles-frontend  
   <not supported>      stalled-cycles-backend   
   <not supported>      instructions             
   <not supported>      branches                 
   <not supported>      branch-misses            

       0.002182431 seconds time elapsed

MODO = sem I/O e alloc. memoria

 Performance counter stats for './mandelbrot_seq 0.175 0.375 -0.1 0.1 32 sem':

          1.776305      task-clock (msec)         #    0.847 CPUs utilized          
                 0      context-switches          #    0.000 K/sec                  
                 0      cpu-migrations            #    0.000 K/sec                  
                46      page-faults               #    0.026 M/sec                  
   <not supported>      cycles                   
   <not supported>      stalled-cycles-frontend  
   <not supported>      stalled-cycles-backend   
   <not supported>      instructions             
   <not supported>      branches                 
   <not supported>      branch-misses            

       0.002098406 seconds time elapsed

MODO = sem I/O e alloc. memoria

 Performance counter stats for './mandelbrot_seq 0.175 0.375 -0.1 0.1 32 sem':

          1.735150      task-clock (msec)         #    0.847 CPUs utilized          
                 0      context-switches          #    0.000 K/sec                  
                 0      cpu-migrations            #    0.000 K/sec                  
                46      page-faults               #    0.027 M/sec                  
   <not supported>      cycles                   
   <not supported>      stalled-cycles-frontend  
   <not supported>      stalled-cycles-backend   
   <not supported>      instructions             
   <not supported>      branches                 
   <not supported>      branch-misses            

       0.002047522 seconds time elapsed

MODO = sem I/O e alloc. memoria

 Performance counter stats for './mandelbrot_seq 0.175 0.375 -0.1 0.1 32 sem':

          1.783870      task-clock (msec)         #    0.861 CPUs utilized          
                 0      context-switches          #    0.000 K/sec                  
                 0      cpu-migrations            #    0.000 K/sec                  
                45      page-faults               #    0.025 M/sec                  
   <not supported>      cycles                   
   <not supported>      stalled-cycles-frontend  
   <not supported>      stalled-cycles-backend   
   <not supported>      instructions             
   <not supported>      branches                 
   <not supported>      branch-misses            

       0.002072423 seconds time elapsed

MODO = sem I/O e alloc. memoria

 Performance counter stats for './mandelbrot_seq 0.175 0.375 -0.1 0.1 64 sem':

          5.707738      task-clock (msec)         #    0.957 CPUs utilized          
                 1      context-switches          #    0.175 K/sec                  
                 0      cpu-migrations            #    0.000 K/sec                  
                47      page-faults               #    0.008 M/sec                  
   <not supported>      cycles                   
   <not supported>      stalled-cycles-frontend  
   <not supported>      stalled-cycles-backend   
   <not supported>      instructions             
   <not supported>      branches                 
   <not supported>      branch-misses            

       0.005963328 seconds time elapsed

MODO = sem I/O e alloc. memoria

 Performance counter stats for './mandelbrot_seq 0.175 0.375 -0.1 0.1 64 sem':

          5.722930      task-clock (msec)         #    0.961 CPUs utilized          
                 0      context-switches          #    0.000 K/sec                  
                 0      cpu-migrations            #    0.000 K/sec                  
                48      page-faults               #    0.008 M/sec                  
   <not supported>      cycles                   
   <not supported>      stalled-cycles-frontend  
   <not supported>      stalled-cycles-backend   
   <not supported>      instructions             
   <not supported>      branches                 
   <not supported>      branch-misses            

       0.005957535 seconds time elapsed

MODO = sem I/O e alloc. memoria

 Performance counter stats for './mandelbrot_seq 0.175 0.375 -0.1 0.1 64 sem':

          5.692694      task-clock (msec)         #    0.961 CPUs utilized          
                 0      context-switches          #    0.000 K/sec                  
                 0      cpu-migrations            #    0.000 K/sec                  
                48      page-faults               #    0.008 M/sec                  
   <not supported>      cycles                   
   <not supported>      stalled-cycles-frontend  
   <not supported>      stalled-cycles-backend   
   <not supported>      instructions             
   <not supported>      branches                 
   <not supported>      branch-misses            

       0.005925720 seconds time elapsed

MODO = sem I/O e alloc. memoria

 Performance counter stats for './mandelbrot_seq 0.175 0.375 -0.1 0.1 64 sem':

          5.703962      task-clock (msec)         #    0.960 CPUs utilized          
                 0      context-switches          #    0.000 K/sec                  
                 0      cpu-migrations            #    0.000 K/sec                  
                48      page-faults               #    0.008 M/sec                  
   <not supported>      cycles                   
   <not supported>      stalled-cycles-frontend  
   <not supported>      stalled-cycles-backend   
   <not supported>      instructions             
   <not supported>      branches                 
   <not supported>      branch-misses            

       0.005939462 seconds time elapsed

MODO = sem I/O e alloc. memoria

 Performance counter stats for './mandelbrot_seq 0.175 0.375 -0.1 0.1 64 sem':

          5.725322      task-clock (msec)         #    0.959 CPUs utilized          
                 0      context-switches          #    0.000 K/sec                  
                 0      cpu-migrations            #    0.000 K/sec                  
                45      page-faults               #    0.008 M/sec                  
   <not supported>      cycles                   
   <not supported>      stalled-cycles-frontend  
   <not supported>      stalled-cycles-backend   
   <not supported>      instructions             
   <not supported>      branches                 
   <not supported>      branch-misses            

       0.005967936 seconds time elapsed

MODO = sem I/O e alloc. memoria

 Performance counter stats for './mandelbrot_seq 0.175 0.375 -0.1 0.1 64 sem':

          5.758944      task-clock (msec)         #    0.941 CPUs utilized          
                 0      context-switches          #    0.000 K/sec                  
                 0      cpu-migrations            #    0.000 K/sec                  
                48      page-faults               #    0.008 M/sec                  
   <not supported>      cycles                   
   <not supported>      stalled-cycles-frontend  
   <not supported>      stalled-cycles-backend   
   <not supported>      instructions             
   <not supported>      branches                 
   <not supported>      branch-misses            

       0.006119537 seconds time elapsed

MODO = sem I/O e alloc. memoria

 Performance counter stats for './mandelbrot_seq 0.175 0.375 -0.1 0.1 64 sem':

          5.680371      task-clock (msec)         #    0.960 CPUs utilized          
                 0      context-switches          #    0.000 K/sec                  
                 0      cpu-migrations            #    0.000 K/sec                  
                48      page-faults               #    0.008 M/sec                  
   <not supported>      cycles                   
   <not supported>      stalled-cycles-frontend  
   <not supported>      stalled-cycles-backend   
   <not supported>      instructions             
   <not supported>      branches                 
   <not supported>      branch-misses            

       0.005917332 seconds time elapsed

MODO = sem I/O e alloc. memoria

 Performance counter stats for './mandelbrot_seq 0.175 0.375 -0.1 0.1 64 sem':

          5.663092      task-clock (msec)         #    0.952 CPUs utilized          
                 0      context-switches          #    0.000 K/sec                  
                 0      cpu-migrations            #    0.000 K/sec                  
                48      page-faults               #    0.008 M/sec                  
   <not supported>      cycles                   
   <not supported>      stalled-cycles-frontend  
   <not supported>      stalled-cycles-backend   
   <not supported>      instructions             
   <not supported>      branches                 
   <not supported>      branch-misses            

       0.005945645 seconds time elapsed

MODO = sem I/O e alloc. memoria

 Performance counter stats for './mandelbrot_seq 0.175 0.375 -0.1 0.1 64 sem':

          5.680299      task-clock (msec)         #    0.961 CPUs utilized          
                 0      context-switches          #    0.000 K/sec                  
                 0      cpu-migrations            #    0.000 K/sec                  
                46      page-faults               #    0.008 M/sec                  
   <not supported>      cycles                   
   <not supported>      stalled-cycles-frontend  
   <not supported>      stalled-cycles-backend   
   <not supported>      instructions             
   <not supported>      branches                 
   <not supported>      branch-misses            

       0.005910955 seconds time elapsed

MODO = sem I/O e alloc. memoria

 Performance counter stats for './mandelbrot_seq 0.175 0.375 -0.1 0.1 64 sem':

          6.070183      task-clock (msec)         #    0.962 CPUs utilized          
                 0      context-switches          #    0.000 K/sec                  
                 0      cpu-migrations            #    0.000 K/sec                  
                45      page-faults               #    0.007 M/sec                  
   <not supported>      cycles                   
   <not supported>      stalled-cycles-frontend  
   <not supported>      stalled-cycles-backend   
   <not supported>      instructions             
   <not supported>      branches                 
   <not supported>      branch-misses            

       0.006310274 seconds time elapsed

MODO = sem I/O e alloc. memoria

 Performance counter stats for './mandelbrot_seq 0.175 0.375 -0.1 0.1 128 sem':

         21.859278      task-clock (msec)         #    0.986 CPUs utilized          
                 0      context-switches          #    0.000 K/sec                  
                 0      cpu-migrations            #    0.000 K/sec                  
                48      page-faults               #    0.002 M/sec                  
   <not supported>      cycles                   
   <not supported>      stalled-cycles-frontend  
   <not supported>      stalled-cycles-backend   
   <not supported>      instructions             
   <not supported>      branches                 
   <not supported>      branch-misses            

       0.022179772 seconds time elapsed

MODO = sem I/O e alloc. memoria

 Performance counter stats for './mandelbrot_seq 0.175 0.375 -0.1 0.1 128 sem':

         21.883871      task-clock (msec)         #    0.987 CPUs utilized          
                 0      context-switches          #    0.000 K/sec                  
                 0      cpu-migrations            #    0.000 K/sec                  
                45      page-faults               #    0.002 M/sec                  
   <not supported>      cycles                   
   <not supported>      stalled-cycles-frontend  
   <not supported>      stalled-cycles-backend   
   <not supported>      instructions             
   <not supported>      branches                 
   <not supported>      branch-misses            

       0.022181548 seconds time elapsed

MODO = sem I/O e alloc. memoria

 Performance counter stats for './mandelbrot_seq 0.175 0.375 -0.1 0.1 128 sem':

         21.811240      task-clock (msec)         #    0.987 CPUs utilized          
                 0      context-switches          #    0.000 K/sec                  
                 0      cpu-migrations            #    0.000 K/sec                  
                46      page-faults               #    0.002 M/sec                  
   <not supported>      cycles                   
   <not supported>      stalled-cycles-frontend  
   <not supported>      stalled-cycles-backend   
   <not supported>      instructions             
   <not supported>      branches                 
   <not supported>      branch-misses            

       0.022103132 seconds time elapsed

MODO = sem I/O e alloc. memoria

 Performance counter stats for './mandelbrot_seq 0.175 0.375 -0.1 0.1 128 sem':

         21.790846      task-clock (msec)         #    0.988 CPUs utilized          
                 0      context-switches          #    0.000 K/sec                  
                 0      cpu-migrations            #    0.000 K/sec                  
                48      page-faults               #    0.002 M/sec                  
   <not supported>      cycles                   
   <not supported>      stalled-cycles-frontend  
   <not supported>      stalled-cycles-backend   
   <not supported>      instructions             
   <not supported>      branches                 
   <not supported>      branch-misses            

       0.022056844 seconds time elapsed

MODO = sem I/O e alloc. memoria

 Performance counter stats for './mandelbrot_seq 0.175 0.375 -0.1 0.1 128 sem':

         21.844304      task-clock (msec)         #    0.988 CPUs utilized          
                 0      context-switches          #    0.000 K/sec                  
                 0      cpu-migrations            #    0.000 K/sec                  
                47      page-faults               #    0.002 M/sec                  
   <not supported>      cycles                   
   <not supported>      stalled-cycles-frontend  
   <not supported>      stalled-cycles-backend   
   <not supported>      instructions             
   <not supported>      branches                 
   <not supported>      branch-misses            

       0.022098956 seconds time elapsed

MODO = sem I/O e alloc. memoria

 Performance counter stats for './mandelbrot_seq 0.175 0.375 -0.1 0.1 128 sem':

         21.788584      task-clock (msec)         #    0.989 CPUs utilized          
                 0      context-switches          #    0.000 K/sec                  
                 0      cpu-migrations            #    0.000 K/sec                  
                48      page-faults               #    0.002 M/sec                  
   <not supported>      cycles                   
   <not supported>      stalled-cycles-frontend  
   <not supported>      stalled-cycles-backend   
   <not supported>      instructions             
   <not supported>      branches                 
   <not supported>      branch-misses            

       0.022026181 seconds time elapsed

MODO = sem I/O e alloc. memoria

 Performance counter stats for './mandelbrot_seq 0.175 0.375 -0.1 0.1 128 sem':

         21.860587      task-clock (msec)         #    0.989 CPUs utilized          
                 0      context-switches          #    0.000 K/sec                  
                 0      cpu-migrations            #    0.000 K/sec                  
                46      page-faults               #    0.002 M/sec                  
   <not supported>      cycles                   
   <not supported>      stalled-cycles-frontend  
   <not supported>      stalled-cycles-backend   
   <not supported>      instructions             
   <not supported>      branches                 
   <not supported>      branch-misses            

       0.022101998 seconds time elapsed

MODO = sem I/O e alloc. memoria

 Performance counter stats for './mandelbrot_seq 0.175 0.375 -0.1 0.1 128 sem':

         21.845991      task-clock (msec)         #    0.989 CPUs utilized          
                 0      context-switches          #    0.000 K/sec                  
                 0      cpu-migrations            #    0.000 K/sec                  
                48      page-faults               #    0.002 M/sec                  
   <not supported>      cycles                   
   <not supported>      stalled-cycles-frontend  
   <not supported>      stalled-cycles-backend   
   <not supported>      instructions             
   <not supported>      branches                 
   <not supported>      branch-misses            

       0.022084153 seconds time elapsed

MODO = sem I/O e alloc. memoria

 Performance counter stats for './mandelbrot_seq 0.175 0.375 -0.1 0.1 128 sem':

         21.799704      task-clock (msec)         #    0.989 CPUs utilized          
                 0      context-switches          #    0.000 K/sec                  
                 0      cpu-migrations            #    0.000 K/sec                  
                46      page-faults               #    0.002 M/sec                  
   <not supported>      cycles                   
   <not supported>      stalled-cycles-frontend  
   <not supported>      stalled-cycles-backend   
   <not supported>      instructions             
   <not supported>      branches                 
   <not supported>      branch-misses            

       0.022047327 seconds time elapsed

MODO = sem I/O e alloc. memoria

 Performance counter stats for './mandelbrot_seq 0.175 0.375 -0.1 0.1 128 sem':

         21.930911      task-clock (msec)         #    0.989 CPUs utilized          
                 0      context-switches          #    0.000 K/sec                  
                 0      cpu-migrations            #    0.000 K/sec                  
                48      page-faults               #    0.002 M/sec                  
   <not supported>      cycles                   
   <not supported>      stalled-cycles-frontend  
   <not supported>      stalled-cycles-backend   
   <not supported>      instructions             
   <not supported>      branches                 
   <not supported>      branch-misses            

       0.022163977 seconds time elapsed

MODO = sem I/O e alloc. memoria

 Performance counter stats for './mandelbrot_seq 0.175 0.375 -0.1 0.1 256 sem':

         86.244057      task-clock (msec)         #    0.997 CPUs utilized          
                 0      context-switches          #    0.000 K/sec                  
                 0      cpu-migrations            #    0.000 K/sec                  
                48      page-faults               #    0.557 K/sec                  
   <not supported>      cycles                   
   <not supported>      stalled-cycles-frontend  
   <not supported>      stalled-cycles-backend   
   <not supported>      instructions             
   <not supported>      branches                 
   <not supported>      branch-misses            

       0.086522026 seconds time elapsed

MODO = sem I/O e alloc. memoria

 Performance counter stats for './mandelbrot_seq 0.175 0.375 -0.1 0.1 256 sem':

         86.333321      task-clock (msec)         #    0.997 CPUs utilized          
                 0      context-switches          #    0.000 K/sec                  
                 0      cpu-migrations            #    0.000 K/sec                  
                46      page-faults               #    0.533 K/sec                  
   <not supported>      cycles                   
   <not supported>      stalled-cycles-frontend  
   <not supported>      stalled-cycles-backend   
   <not supported>      instructions             
   <not supported>      branches                 
   <not supported>      branch-misses            

       0.086618531 seconds time elapsed

MODO = sem I/O e alloc. memoria

 Performance counter stats for './mandelbrot_seq 0.175 0.375 -0.1 0.1 256 sem':

         86.296366      task-clock (msec)         #    0.996 CPUs utilized          
                 0      context-switches          #    0.000 K/sec                  
                 0      cpu-migrations            #    0.000 K/sec                  
                46      page-faults               #    0.533 K/sec                  
   <not supported>      cycles                   
   <not supported>      stalled-cycles-frontend  
   <not supported>      stalled-cycles-backend   
   <not supported>      instructions             
   <not supported>      branches                 
   <not supported>      branch-misses            

       0.086623552 seconds time elapsed

MODO = sem I/O e alloc. memoria

 Performance counter stats for './mandelbrot_seq 0.175 0.375 -0.1 0.1 256 sem':

         86.303068      task-clock (msec)         #    0.996 CPUs utilized          
                 0      context-switches          #    0.000 K/sec                  
                 0      cpu-migrations            #    0.000 K/sec                  
                48      page-faults               #    0.556 K/sec                  
   <not supported>      cycles                   
   <not supported>      stalled-cycles-frontend  
   <not supported>      stalled-cycles-backend   
   <not supported>      instructions             
   <not supported>      branches                 
   <not supported>      branch-misses            

       0.086606776 seconds time elapsed

MODO = sem I/O e alloc. memoria

 Performance counter stats for './mandelbrot_seq 0.175 0.375 -0.1 0.1 256 sem':

         86.590926      task-clock (msec)         #    0.996 CPUs utilized          
                 0      context-switches          #    0.000 K/sec                  
                 0      cpu-migrations            #    0.000 K/sec                  
                45      page-faults               #    0.520 K/sec                  
   <not supported>      cycles                   
   <not supported>      stalled-cycles-frontend  
   <not supported>      stalled-cycles-backend   
   <not supported>      instructions             
   <not supported>      branches                 
   <not supported>      branch-misses            

       0.086899006 seconds time elapsed

MODO = sem I/O e alloc. memoria

 Performance counter stats for './mandelbrot_seq 0.175 0.375 -0.1 0.1 256 sem':

         86.240365      task-clock (msec)         #    0.997 CPUs utilized          
                 0      context-switches          #    0.000 K/sec                  
                 0      cpu-migrations            #    0.000 K/sec                  
                48      page-faults               #    0.557 K/sec                  
   <not supported>      cycles                   
   <not supported>      stalled-cycles-frontend  
   <not supported>      stalled-cycles-backend   
   <not supported>      instructions             
   <not supported>      branches                 
   <not supported>      branch-misses            

       0.086512342 seconds time elapsed

MODO = sem I/O e alloc. memoria

 Performance counter stats for './mandelbrot_seq 0.175 0.375 -0.1 0.1 256 sem':

         86.339749      task-clock (msec)         #    0.996 CPUs utilized          
                 0      context-switches          #    0.000 K/sec                  
                 0      cpu-migrations            #    0.000 K/sec                  
                46      page-faults               #    0.533 K/sec                  
   <not supported>      cycles                   
   <not supported>      stalled-cycles-frontend  
   <not supported>      stalled-cycles-backend   
   <not supported>      instructions             
   <not supported>      branches                 
   <not supported>      branch-misses            

       0.086650893 seconds time elapsed

MODO = sem I/O e alloc. memoria

 Performance counter stats for './mandelbrot_seq 0.175 0.375 -0.1 0.1 256 sem':

         86.414957      task-clock (msec)         #    0.996 CPUs utilized          
                 0      context-switches          #    0.000 K/sec                  
                 0      cpu-migrations            #    0.000 K/sec                  
                48      page-faults               #    0.555 K/sec                  
   <not supported>      cycles                   
   <not supported>      stalled-cycles-frontend  
   <not supported>      stalled-cycles-backend   
   <not supported>      instructions             
   <not supported>      branches                 
   <not supported>      branch-misses            

       0.086762794 seconds time elapsed

MODO = sem I/O e alloc. memoria

 Performance counter stats for './mandelbrot_seq 0.175 0.375 -0.1 0.1 256 sem':

         86.300827      task-clock (msec)         #    0.996 CPUs utilized          
                 0      context-switches          #    0.000 K/sec                  
                 0      cpu-migrations            #    0.000 K/sec                  
                48      page-faults               #    0.556 K/sec                  
   <not supported>      cycles                   
   <not supported>      stalled-cycles-frontend  
   <not supported>      stalled-cycles-backend   
   <not supported>      instructions             
   <not supported>      branches                 
   <not supported>      branch-misses            

       0.086672446 seconds time elapsed

MODO = sem I/O e alloc. memoria

 Performance counter stats for './mandelbrot_seq 0.175 0.375 -0.1 0.1 256 sem':

         86.090681      task-clock (msec)         #    0.996 CPUs utilized          
                 0      context-switches          #    0.000 K/sec                  
                 0      cpu-migrations            #    0.000 K/sec                  
                47      page-faults               #    0.546 K/sec                  
   <not supported>      cycles                   
   <not supported>      stalled-cycles-frontend  
   <not supported>      stalled-cycles-backend   
   <not supported>      instructions             
   <not supported>      branches                 
   <not supported>      branch-misses            

       0.086443158 seconds time elapsed

MODO = sem I/O e alloc. memoria

 Performance counter stats for './mandelbrot_seq 0.175 0.375 -0.1 0.1 512 sem':

        344.128920      task-clock (msec)         #    0.999 CPUs utilized          
                 2      context-switches          #    0.006 K/sec                  
                 0      cpu-migrations            #    0.000 K/sec                  
                48      page-faults               #    0.139 K/sec                  
   <not supported>      cycles                   
   <not supported>      stalled-cycles-frontend  
   <not supported>      stalled-cycles-backend   
   <not supported>      instructions             
   <not supported>      branches                 
   <not supported>      branch-misses            

       0.344494833 seconds time elapsed

MODO = sem I/O e alloc. memoria

 Performance counter stats for './mandelbrot_seq 0.175 0.375 -0.1 0.1 512 sem':

        343.264557      task-clock (msec)         #    0.999 CPUs utilized          
                 0      context-switches          #    0.000 K/sec                  
                 0      cpu-migrations            #    0.000 K/sec                  
                47      page-faults               #    0.137 K/sec                  
   <not supported>      cycles                   
   <not supported>      stalled-cycles-frontend  
   <not supported>      stalled-cycles-backend   
   <not supported>      instructions             
   <not supported>      branches                 
   <not supported>      branch-misses            

       0.343636847 seconds time elapsed

MODO = sem I/O e alloc. memoria

 Performance counter stats for './mandelbrot_seq 0.175 0.375 -0.1 0.1 512 sem':

        343.840587      task-clock (msec)         #    0.999 CPUs utilized          
                 2      context-switches          #    0.006 K/sec                  
                 0      cpu-migrations            #    0.000 K/sec                  
                47      page-faults               #    0.137 K/sec                  
   <not supported>      cycles                   
   <not supported>      stalled-cycles-frontend  
   <not supported>      stalled-cycles-backend   
   <not supported>      instructions             
   <not supported>      branches                 
   <not supported>      branch-misses            

       0.344260228 seconds time elapsed

MODO = sem I/O e alloc. memoria

 Performance counter stats for './mandelbrot_seq 0.175 0.375 -0.1 0.1 512 sem':

        343.196538      task-clock (msec)         #    0.999 CPUs utilized          
                 1      context-switches          #    0.003 K/sec                  
                 0      cpu-migrations            #    0.000 K/sec                  
                46      page-faults               #    0.134 K/sec                  
   <not supported>      cycles                   
   <not supported>      stalled-cycles-frontend  
   <not supported>      stalled-cycles-backend   
   <not supported>      instructions             
   <not supported>      branches                 
   <not supported>      branch-misses            

       0.343562508 seconds time elapsed

MODO = sem I/O e alloc. memoria

 Performance counter stats for './mandelbrot_seq 0.175 0.375 -0.1 0.1 512 sem':

        343.306390      task-clock (msec)         #    0.999 CPUs utilized          
                 1      context-switches          #    0.003 K/sec                  
                 0      cpu-migrations            #    0.000 K/sec                  
                46      page-faults               #    0.134 K/sec                  
   <not supported>      cycles                   
   <not supported>      stalled-cycles-frontend  
   <not supported>      stalled-cycles-backend   
   <not supported>      instructions             
   <not supported>      branches                 
   <not supported>      branch-misses            

       0.343678262 seconds time elapsed

MODO = sem I/O e alloc. memoria

 Performance counter stats for './mandelbrot_seq 0.175 0.375 -0.1 0.1 512 sem':

        343.188581      task-clock (msec)         #    0.999 CPUs utilized          
                 1      context-switches          #    0.003 K/sec                  
                 0      cpu-migrations            #    0.000 K/sec                  
                48      page-faults               #    0.140 K/sec                  
   <not supported>      cycles                   
   <not supported>      stalled-cycles-frontend  
   <not supported>      stalled-cycles-backend   
   <not supported>      instructions             
   <not supported>      branches                 
   <not supported>      branch-misses            

       0.343537229 seconds time elapsed

MODO = sem I/O e alloc. memoria

 Performance counter stats for './mandelbrot_seq 0.175 0.375 -0.1 0.1 512 sem':

        343.307595      task-clock (msec)         #    0.999 CPUs utilized          
                 0      context-switches          #    0.000 K/sec                  
                 0      cpu-migrations            #    0.000 K/sec                  
                47      page-faults               #    0.137 K/sec                  
   <not supported>      cycles                   
   <not supported>      stalled-cycles-frontend  
   <not supported>      stalled-cycles-backend   
   <not supported>      instructions             
   <not supported>      branches                 
   <not supported>      branch-misses            

       0.343729489 seconds time elapsed

MODO = sem I/O e alloc. memoria

 Performance counter stats for './mandelbrot_seq 0.175 0.375 -0.1 0.1 512 sem':

        343.130482      task-clock (msec)         #    0.999 CPUs utilized          
                 2      context-switches          #    0.006 K/sec                  
                 0      cpu-migrations            #    0.000 K/sec                  
                45      page-faults               #    0.131 K/sec                  
   <not supported>      cycles                   
   <not supported>      stalled-cycles-frontend  
   <not supported>      stalled-cycles-backend   
   <not supported>      instructions             
   <not supported>      branches                 
   <not supported>      branch-misses            

       0.343566995 seconds time elapsed

MODO = sem I/O e alloc. memoria

 Performance counter stats for './mandelbrot_seq 0.175 0.375 -0.1 0.1 512 sem':

        343.547973      task-clock (msec)         #    0.999 CPUs utilized          
                 1      context-switches          #    0.003 K/sec                  
                 0      cpu-migrations            #    0.000 K/sec                  
                48      page-faults               #    0.140 K/sec                  
   <not supported>      cycles                   
   <not supported>      stalled-cycles-frontend  
   <not supported>      stalled-cycles-backend   
   <not supported>      instructions             
   <not supported>      branches                 
   <not supported>      branch-misses            

       0.343890924 seconds time elapsed

MODO = sem I/O e alloc. memoria

 Performance counter stats for './mandelbrot_seq 0.175 0.375 -0.1 0.1 512 sem':

        343.558394      task-clock (msec)         #    0.999 CPUs utilized          
                 1      context-switches          #    0.003 K/sec                  
                 0      cpu-migrations            #    0.000 K/sec                  
                48      page-faults               #    0.140 K/sec                  
   <not supported>      cycles                   
   <not supported>      stalled-cycles-frontend  
   <not supported>      stalled-cycles-backend   
   <not supported>      instructions             
   <not supported>      branches                 
   <not supported>      branch-misses            

       0.343930572 seconds time elapsed

MODO = sem I/O e alloc. memoria

 Performance counter stats for './mandelbrot_seq 0.175 0.375 -0.1 0.1 1024 sem':

       1370.320860      task-clock (msec)         #    1.000 CPUs utilized          
                 2      context-switches          #    0.001 K/sec                  
                 0      cpu-migrations            #    0.000 K/sec                  
                47      page-faults               #    0.034 K/sec                  
   <not supported>      cycles                   
   <not supported>      stalled-cycles-frontend  
   <not supported>      stalled-cycles-backend   
   <not supported>      instructions             
   <not supported>      branches                 
   <not supported>      branch-misses            

       1.370708421 seconds time elapsed

MODO = sem I/O e alloc. memoria

 Performance counter stats for './mandelbrot_seq 0.175 0.375 -0.1 0.1 1024 sem':

       1370.737034      task-clock (msec)         #    1.000 CPUs utilized          
                 4      context-switches          #    0.003 K/sec                  
                 0      cpu-migrations            #    0.000 K/sec                  
                47      page-faults               #    0.034 K/sec                  
   <not supported>      cycles                   
   <not supported>      stalled-cycles-frontend  
   <not supported>      stalled-cycles-backend   
   <not supported>      instructions             
   <not supported>      branches                 
   <not supported>      branch-misses            

       1.371146420 seconds time elapsed

MODO = sem I/O e alloc. memoria

 Performance counter stats for './mandelbrot_seq 0.175 0.375 -0.1 0.1 1024 sem':

       1371.748684      task-clock (msec)         #    1.000 CPUs utilized          
                 5      context-switches          #    0.004 K/sec                  
                 0      cpu-migrations            #    0.000 K/sec                  
                47      page-faults               #    0.034 K/sec                  
   <not supported>      cycles                   
   <not supported>      stalled-cycles-frontend  
   <not supported>      stalled-cycles-backend   
   <not supported>      instructions             
   <not supported>      branches                 
   <not supported>      branch-misses            

       1.372196255 seconds time elapsed

MODO = sem I/O e alloc. memoria

 Performance counter stats for './mandelbrot_seq 0.175 0.375 -0.1 0.1 1024 sem':

       1372.065987      task-clock (msec)         #    1.000 CPUs utilized          
                 5      context-switches          #    0.004 K/sec                  
                 0      cpu-migrations            #    0.000 K/sec                  
                46      page-faults               #    0.034 K/sec                  
   <not supported>      cycles                   
   <not supported>      stalled-cycles-frontend  
   <not supported>      stalled-cycles-backend   
   <not supported>      instructions             
   <not supported>      branches                 
   <not supported>      branch-misses            

       1.372485031 seconds time elapsed

MODO = sem I/O e alloc. memoria

 Performance counter stats for './mandelbrot_seq 0.175 0.375 -0.1 0.1 1024 sem':

       1370.421494      task-clock (msec)         #    1.000 CPUs utilized          
                 4      context-switches          #    0.003 K/sec                  
                 0      cpu-migrations            #    0.000 K/sec                  
                48      page-faults               #    0.035 K/sec                  
   <not supported>      cycles                   
   <not supported>      stalled-cycles-frontend  
   <not supported>      stalled-cycles-backend   
   <not supported>      instructions             
   <not supported>      branches                 
   <not supported>      branch-misses            

       1.370843550 seconds time elapsed

MODO = sem I/O e alloc. memoria

 Performance counter stats for './mandelbrot_seq 0.175 0.375 -0.1 0.1 1024 sem':

       1370.289097      task-clock (msec)         #    1.000 CPUs utilized          
                 3      context-switches          #    0.002 K/sec                  
                 0      cpu-migrations            #    0.000 K/sec                  
                47      page-faults               #    0.034 K/sec                  
   <not supported>      cycles                   
   <not supported>      stalled-cycles-frontend  
   <not supported>      stalled-cycles-backend   
   <not supported>      instructions             
   <not supported>      branches                 
   <not supported>      branch-misses            

       1.370690079 seconds time elapsed

MODO = sem I/O e alloc. memoria

 Performance counter stats for './mandelbrot_seq 0.175 0.375 -0.1 0.1 1024 sem':

       1371.272693      task-clock (msec)         #    1.000 CPUs utilized          
                 4      context-switches          #    0.003 K/sec                  
                 0      cpu-migrations            #    0.000 K/sec                  
                48      page-faults               #    0.035 K/sec                  
   <not supported>      cycles                   
   <not supported>      stalled-cycles-frontend  
   <not supported>      stalled-cycles-backend   
   <not supported>      instructions             
   <not supported>      branches                 
   <not supported>      branch-misses            

       1.371722148 seconds time elapsed

MODO = sem I/O e alloc. memoria

 Performance counter stats for './mandelbrot_seq 0.175 0.375 -0.1 0.1 1024 sem':

       1370.596017      task-clock (msec)         #    1.000 CPUs utilized          
                 3      context-switches          #    0.002 K/sec                  
                 0      cpu-migrations            #    0.000 K/sec                  
                48      page-faults               #    0.035 K/sec                  
   <not supported>      cycles                   
   <not supported>      stalled-cycles-frontend  
   <not supported>      stalled-cycles-backend   
   <not supported>      instructions             
   <not supported>      branches                 
   <not supported>      branch-misses            

       1.371018990 seconds time elapsed

MODO = sem I/O e alloc. memoria

 Performance counter stats for './mandelbrot_seq 0.175 0.375 -0.1 0.1 1024 sem':

       1371.308217      task-clock (msec)         #    1.000 CPUs utilized          
                 4      context-switches          #    0.003 K/sec                  
                 0      cpu-migrations            #    0.000 K/sec                  
                47      page-faults               #    0.034 K/sec                  
   <not supported>      cycles                   
   <not supported>      stalled-cycles-frontend  
   <not supported>      stalled-cycles-backend   
   <not supported>      instructions             
   <not supported>      branches                 
   <not supported>      branch-misses            

       1.371694397 seconds time elapsed

MODO = sem I/O e alloc. memoria

 Performance counter stats for './mandelbrot_seq 0.175 0.375 -0.1 0.1 1024 sem':

       1372.407618      task-clock (msec)         #    1.000 CPUs utilized          
                 5      context-switches          #    0.004 K/sec                  
                 0      cpu-migrations            #    0.000 K/sec                  
                48      page-faults               #    0.035 K/sec                  
   <not supported>      cycles                   
   <not supported>      stalled-cycles-frontend  
   <not supported>      stalled-cycles-backend   
   <not supported>      instructions             
   <not supported>      branches                 
   <not supported>      branch-misses            

       1.372922284 seconds time elapsed

MODO = sem I/O e alloc. memoria

 Performance counter stats for './mandelbrot_seq 0.175 0.375 -0.1 0.1 2048 sem':

       5480.308125      task-clock (msec)         #    1.000 CPUs utilized          
                15      context-switches          #    0.003 K/sec                  
                 0      cpu-migrations            #    0.000 K/sec                  
                47      page-faults               #    0.009 K/sec                  
   <not supported>      cycles                   
   <not supported>      stalled-cycles-frontend  
   <not supported>      stalled-cycles-backend   
   <not supported>      instructions             
   <not supported>      branches                 
   <not supported>      branch-misses            

       5.480988940 seconds time elapsed

MODO = sem I/O e alloc. memoria

 Performance counter stats for './mandelbrot_seq 0.175 0.375 -0.1 0.1 2048 sem':

       5570.375175      task-clock (msec)         #    1.000 CPUs utilized          
                15      context-switches          #    0.003 K/sec                  
                 0      cpu-migrations            #    0.000 K/sec                  
                48      page-faults               #    0.009 K/sec                  
   <not supported>      cycles                   
   <not supported>      stalled-cycles-frontend  
   <not supported>      stalled-cycles-backend   
   <not supported>      instructions             
   <not supported>      branches                 
   <not supported>      branch-misses            

       5.571055332 seconds time elapsed

MODO = sem I/O e alloc. memoria

 Performance counter stats for './mandelbrot_seq 0.175 0.375 -0.1 0.1 2048 sem':

       5490.611340      task-clock (msec)         #    1.000 CPUs utilized          
                15      context-switches          #    0.003 K/sec                  
                 0      cpu-migrations            #    0.000 K/sec                  
                45      page-faults               #    0.008 K/sec                  
   <not supported>      cycles                   
   <not supported>      stalled-cycles-frontend  
   <not supported>      stalled-cycles-backend   
   <not supported>      instructions             
   <not supported>      branches                 
   <not supported>      branch-misses            

       5.491219920 seconds time elapsed

MODO = sem I/O e alloc. memoria

 Performance counter stats for './mandelbrot_seq 0.175 0.375 -0.1 0.1 2048 sem':

       5487.697541      task-clock (msec)         #    1.000 CPUs utilized          
                16      context-switches          #    0.003 K/sec                  
                 0      cpu-migrations            #    0.000 K/sec                  
                48      page-faults               #    0.009 K/sec                  
   <not supported>      cycles                   
   <not supported>      stalled-cycles-frontend  
   <not supported>      stalled-cycles-backend   
   <not supported>      instructions             
   <not supported>      branches                 
   <not supported>      branch-misses            

       5.488364830 seconds time elapsed

MODO = sem I/O e alloc. memoria

 Performance counter stats for './mandelbrot_seq 0.175 0.375 -0.1 0.1 2048 sem':

       5480.965503      task-clock (msec)         #    1.000 CPUs utilized          
                15      context-switches          #    0.003 K/sec                  
                 0      cpu-migrations            #    0.000 K/sec                  
                46      page-faults               #    0.008 K/sec                  
   <not supported>      cycles                   
   <not supported>      stalled-cycles-frontend  
   <not supported>      stalled-cycles-backend   
   <not supported>      instructions             
   <not supported>      branches                 
   <not supported>      branch-misses            

       5.481629806 seconds time elapsed

MODO = sem I/O e alloc. memoria

 Performance counter stats for './mandelbrot_seq 0.175 0.375 -0.1 0.1 2048 sem':

       5492.396909      task-clock (msec)         #    1.000 CPUs utilized          
                14      context-switches          #    0.003 K/sec                  
                 0      cpu-migrations            #    0.000 K/sec                  
                46      page-faults               #    0.008 K/sec                  
   <not supported>      cycles                   
   <not supported>      stalled-cycles-frontend  
   <not supported>      stalled-cycles-backend   
   <not supported>      instructions             
   <not supported>      branches                 
   <not supported>      branch-misses            

       5.493025905 seconds time elapsed

MODO = sem I/O e alloc. memoria

 Performance counter stats for './mandelbrot_seq 0.175 0.375 -0.1 0.1 2048 sem':

       5501.226460      task-clock (msec)         #    1.000 CPUs utilized          
                15      context-switches          #    0.003 K/sec                  
                 0      cpu-migrations            #    0.000 K/sec                  
                47      page-faults               #    0.009 K/sec                  
   <not supported>      cycles                   
   <not supported>      stalled-cycles-frontend  
   <not supported>      stalled-cycles-backend   
   <not supported>      instructions             
   <not supported>      branches                 
   <not supported>      branch-misses            

       5.501824481 seconds time elapsed

MODO = sem I/O e alloc. memoria

 Performance counter stats for './mandelbrot_seq 0.175 0.375 -0.1 0.1 2048 sem':

       5487.237369      task-clock (msec)         #    1.000 CPUs utilized          
                16      context-switches          #    0.003 K/sec                  
                 0      cpu-migrations            #    0.000 K/sec                  
                47      page-faults               #    0.009 K/sec                  
   <not supported>      cycles                   
   <not supported>      stalled-cycles-frontend  
   <not supported>      stalled-cycles-backend   
   <not supported>      instructions             
   <not supported>      branches                 
   <not supported>      branch-misses            

       5.487891057 seconds time elapsed

MODO = sem I/O e alloc. memoria

 Performance counter stats for './mandelbrot_seq 0.175 0.375 -0.1 0.1 2048 sem':

       5489.834549      task-clock (msec)         #    1.000 CPUs utilized          
                16      context-switches          #    0.003 K/sec                  
                 0      cpu-migrations            #    0.000 K/sec                  
                48      page-faults               #    0.009 K/sec                  
   <not supported>      cycles                   
   <not supported>      stalled-cycles-frontend  
   <not supported>      stalled-cycles-backend   
   <not supported>      instructions             
   <not supported>      branches                 
   <not supported>      branch-misses            

       5.490479479 seconds time elapsed

MODO = sem I/O e alloc. memoria

 Performance counter stats for './mandelbrot_seq 0.175 0.375 -0.1 0.1 2048 sem':

       5484.459017      task-clock (msec)         #    1.000 CPUs utilized          
                14      context-switches          #    0.003 K/sec                  
                 0      cpu-migrations            #    0.000 K/sec                  
                48      page-faults               #    0.009 K/sec                  
   <not supported>      cycles                   
   <not supported>      stalled-cycles-frontend  
   <not supported>      stalled-cycles-backend   
   <not supported>      instructions             
   <not supported>      branches                 
   <not supported>      branch-misses            

       5.485086612 seconds time elapsed

MODO = sem I/O e alloc. memoria

 Performance counter stats for './mandelbrot_seq 0.175 0.375 -0.1 0.1 4096 sem':

      22082.168987      task-clock (msec)         #    1.000 CPUs utilized          
                60      context-switches          #    0.003 K/sec                  
                 0      cpu-migrations            #    0.000 K/sec                  
                48      page-faults               #    0.002 K/sec                  
   <not supported>      cycles                   
   <not supported>      stalled-cycles-frontend  
   <not supported>      stalled-cycles-backend   
   <not supported>      instructions             
   <not supported>      branches                 
   <not supported>      branch-misses            

      22.083485373 seconds time elapsed

MODO = sem I/O e alloc. memoria

 Performance counter stats for './mandelbrot_seq 0.175 0.375 -0.1 0.1 4096 sem':

      22011.600935      task-clock (msec)         #    1.000 CPUs utilized          
                61      context-switches          #    0.003 K/sec                  
                 0      cpu-migrations            #    0.000 K/sec                  
                47      page-faults               #    0.002 K/sec                  
   <not supported>      cycles                   
   <not supported>      stalled-cycles-frontend  
   <not supported>      stalled-cycles-backend   
   <not supported>      instructions             
   <not supported>      branches                 
   <not supported>      branch-misses            

      22.012935460 seconds time elapsed

MODO = sem I/O e alloc. memoria

 Performance counter stats for './mandelbrot_seq 0.175 0.375 -0.1 0.1 4096 sem':

      22031.143341      task-clock (msec)         #    1.000 CPUs utilized          
                61      context-switches          #    0.003 K/sec                  
                 0      cpu-migrations            #    0.000 K/sec                  
                47      page-faults               #    0.002 K/sec                  
   <not supported>      cycles                   
   <not supported>      stalled-cycles-frontend  
   <not supported>      stalled-cycles-backend   
   <not supported>      instructions             
   <not supported>      branches                 
   <not supported>      branch-misses            

      22.032682898 seconds time elapsed

MODO = sem I/O e alloc. memoria

 Performance counter stats for './mandelbrot_seq 0.175 0.375 -0.1 0.1 4096 sem':

      22003.517234      task-clock (msec)         #    1.000 CPUs utilized          
                61      context-switches          #    0.003 K/sec                  
                 0      cpu-migrations            #    0.000 K/sec                  
                46      page-faults               #    0.002 K/sec                  
   <not supported>      cycles                   
   <not supported>      stalled-cycles-frontend  
   <not supported>      stalled-cycles-backend   
   <not supported>      instructions             
   <not supported>      branches                 
   <not supported>      branch-misses            

      22.004831880 seconds time elapsed

MODO = sem I/O e alloc. memoria

 Performance counter stats for './mandelbrot_seq 0.175 0.375 -0.1 0.1 4096 sem':

      21975.423883      task-clock (msec)         #    1.000 CPUs utilized          
                60      context-switches          #    0.003 K/sec                  
                 0      cpu-migrations            #    0.000 K/sec                  
                46      page-faults               #    0.002 K/sec                  
   <not supported>      cycles                   
   <not supported>      stalled-cycles-frontend  
   <not supported>      stalled-cycles-backend   
   <not supported>      instructions             
   <not supported>      branches                 
   <not supported>      branch-misses            

      21.976751625 seconds time elapsed

MODO = sem I/O e alloc. memoria

 Performance counter stats for './mandelbrot_seq 0.175 0.375 -0.1 0.1 4096 sem':

      22052.490825      task-clock (msec)         #    1.000 CPUs utilized          
                61      context-switches          #    0.003 K/sec                  
                 0      cpu-migrations            #    0.000 K/sec                  
                48      page-faults               #    0.002 K/sec                  
   <not supported>      cycles                   
   <not supported>      stalled-cycles-frontend  
   <not supported>      stalled-cycles-backend   
   <not supported>      instructions             
   <not supported>      branches                 
   <not supported>      branch-misses            

      22.053787937 seconds time elapsed

MODO = sem I/O e alloc. memoria

 Performance counter stats for './mandelbrot_seq 0.175 0.375 -0.1 0.1 4096 sem':

      22136.587965      task-clock (msec)         #    1.000 CPUs utilized          
                60      context-switches          #    0.003 K/sec                  
                 0      cpu-migrations            #    0.000 K/sec                  
                47      page-faults               #    0.002 K/sec                  
   <not supported>      cycles                   
   <not supported>      stalled-cycles-frontend  
   <not supported>      stalled-cycles-backend   
   <not supported>      instructions             
   <not supported>      branches                 
   <not supported>      branch-misses            

      22.137946304 seconds time elapsed

MODO = sem I/O e alloc. memoria

 Performance counter stats for './mandelbrot_seq 0.175 0.375 -0.1 0.1 4096 sem':

      21957.982968      task-clock (msec)         #    1.000 CPUs utilized          
                61      context-switches          #    0.003 K/sec                  
                 0      cpu-migrations            #    0.000 K/sec                  
                47      page-faults               #    0.002 K/sec                  
   <not supported>      cycles                   
   <not supported>      stalled-cycles-frontend  
   <not supported>      stalled-cycles-backend   
   <not supported>      instructions             
   <not supported>      branches                 
   <not supported>      branch-misses            

      21.959297014 seconds time elapsed

MODO = sem I/O e alloc. memoria

 Performance counter stats for './mandelbrot_seq 0.175 0.375 -0.1 0.1 4096 sem':

      21965.703179      task-clock (msec)         #    1.000 CPUs utilized          
                61      context-switches          #    0.003 K/sec                  
                 0      cpu-migrations            #    0.000 K/sec                  
                47      page-faults               #    0.002 K/sec                  
   <not supported>      cycles                   
   <not supported>      stalled-cycles-frontend  
   <not supported>      stalled-cycles-backend   
   <not supported>      instructions             
   <not supported>      branches                 
   <not supported>      branch-misses            

      21.966964391 seconds time elapsed

MODO = sem I/O e alloc. memoria

 Performance counter stats for './mandelbrot_seq 0.175 0.375 -0.1 0.1 4096 sem':

      21968.989517      task-clock (msec)         #    1.000 CPUs utilized          
                60      context-switches          #    0.003 K/sec                  
                 0      cpu-migrations            #    0.000 K/sec                  
                47      page-faults               #    0.002 K/sec                  
   <not supported>      cycles                   
   <not supported>      stalled-cycles-frontend  
   <not supported>      stalled-cycles-backend   
   <not supported>      instructions             
   <not supported>      branches                 
   <not supported>      branch-misses            

      21.970326057 seconds time elapsed

MODO = sem I/O e alloc. memoria

 Performance counter stats for './mandelbrot_seq 0.175 0.375 -0.1 0.1 8192 sem':

      87686.419853      task-clock (msec)         #    1.000 CPUs utilized          
               241      context-switches          #    0.003 K/sec                  
                 0      cpu-migrations            #    0.000 K/sec                  
                47      page-faults               #    0.001 K/sec                  
   <not supported>      cycles                   
   <not supported>      stalled-cycles-frontend  
   <not supported>      stalled-cycles-backend   
   <not supported>      instructions             
   <not supported>      branches                 
   <not supported>      branch-misses            

      87.690325159 seconds time elapsed

MODO = sem I/O e alloc. memoria

 Performance counter stats for './mandelbrot_seq 0.175 0.375 -0.1 0.1 8192 sem':

      87673.518134      task-clock (msec)         #    1.000 CPUs utilized          
               240      context-switches          #    0.003 K/sec                  
                 0      cpu-migrations            #    0.000 K/sec                  
                47      page-faults               #    0.001 K/sec                  
   <not supported>      cycles                   
   <not supported>      stalled-cycles-frontend  
   <not supported>      stalled-cycles-backend   
   <not supported>      instructions             
   <not supported>      branches                 
   <not supported>      branch-misses            

      87.677423784 seconds time elapsed

MODO = sem I/O e alloc. memoria

 Performance counter stats for './mandelbrot_seq 0.175 0.375 -0.1 0.1 8192 sem':

      87663.949812      task-clock (msec)         #    1.000 CPUs utilized          
               241      context-switches          #    0.003 K/sec                  
                 0      cpu-migrations            #    0.000 K/sec                  
                48      page-faults               #    0.001 K/sec                  
   <not supported>      cycles                   
   <not supported>      stalled-cycles-frontend  
   <not supported>      stalled-cycles-backend   
   <not supported>      instructions             
   <not supported>      branches                 
   <not supported>      branch-misses            

      87.667770107 seconds time elapsed

MODO = sem I/O e alloc. memoria

 Performance counter stats for './mandelbrot_seq 0.175 0.375 -0.1 0.1 8192 sem':

      87673.434489      task-clock (msec)         #    1.000 CPUs utilized          
               242      context-switches          #    0.003 K/sec                  
                 0      cpu-migrations            #    0.000 K/sec                  
                46      page-faults               #    0.001 K/sec                  
   <not supported>      cycles                   
   <not supported>      stalled-cycles-frontend  
   <not supported>      stalled-cycles-backend   
   <not supported>      instructions             
   <not supported>      branches                 
   <not supported>      branch-misses            

      87.677268631 seconds time elapsed

MODO = sem I/O e alloc. memoria

 Performance counter stats for './mandelbrot_seq 0.175 0.375 -0.1 0.1 8192 sem':

      87640.847019      task-clock (msec)         #    1.000 CPUs utilized          
               240      context-switches          #    0.003 K/sec                  
                 0      cpu-migrations            #    0.000 K/sec                  
                47      page-faults               #    0.001 K/sec                  
   <not supported>      cycles                   
   <not supported>      stalled-cycles-frontend  
   <not supported>      stalled-cycles-backend   
   <not supported>      instructions             
   <not supported>      branches                 
   <not supported>      branch-misses            

      87.644531565 seconds time elapsed

MODO = sem I/O e alloc. memoria

 Performance counter stats for './mandelbrot_seq 0.175 0.375 -0.1 0.1 8192 sem':

      87683.648913      task-clock (msec)         #    1.000 CPUs utilized          
               240      context-switches          #    0.003 K/sec                  
                 0      cpu-migrations            #    0.000 K/sec                  
                47      page-faults               #    0.001 K/sec                  
   <not supported>      cycles                   
   <not supported>      stalled-cycles-frontend  
   <not supported>      stalled-cycles-backend   
   <not supported>      instructions             
   <not supported>      branches                 
   <not supported>      branch-misses            

      87.687494372 seconds time elapsed

MODO = sem I/O e alloc. memoria

 Performance counter stats for './mandelbrot_seq 0.175 0.375 -0.1 0.1 8192 sem':

      87701.379226      task-clock (msec)         #    1.000 CPUs utilized          
               242      context-switches          #    0.003 K/sec                  
                 0      cpu-migrations            #    0.000 K/sec                  
                48      page-faults               #    0.001 K/sec                  
   <not supported>      cycles                   
   <not supported>      stalled-cycles-frontend  
   <not supported>      stalled-cycles-backend   
   <not supported>      instructions             
   <not supported>      branches                 
   <not supported>      branch-misses            

      87.705156830 seconds time elapsed

MODO = sem I/O e alloc. memoria

 Performance counter stats for './mandelbrot_seq 0.175 0.375 -0.1 0.1 8192 sem':

      87729.419949      task-clock (msec)         #    1.000 CPUs utilized          
               241      context-switches          #    0.003 K/sec                  
                 0      cpu-migrations            #    0.000 K/sec                  
                47      page-faults               #    0.001 K/sec                  
   <not supported>      cycles                   
   <not supported>      stalled-cycles-frontend  
   <not supported>      stalled-cycles-backend   
   <not supported>      instructions             
   <not supported>      branches                 
   <not supported>      branch-misses            

      87.733436756 seconds time elapsed

MODO = sem I/O e alloc. memoria

 Performance counter stats for './mandelbrot_seq 0.175 0.375 -0.1 0.1 8192 sem':

      87645.389057      task-clock (msec)         #    1.000 CPUs utilized          
               242      context-switches          #    0.003 K/sec                  
                 0      cpu-migrations            #    0.000 K/sec                  
                47      page-faults               #    0.001 K/sec                  
   <not supported>      cycles                   
   <not supported>      stalled-cycles-frontend  
   <not supported>      stalled-cycles-backend   
   <not supported>      instructions             
   <not supported>      branches                 
   <not supported>      branch-misses            

      87.649302595 seconds time elapsed

MODO = sem I/O e alloc. memoria

 Performance counter stats for './mandelbrot_seq 0.175 0.375 -0.1 0.1 8192 sem':

      87673.143657      task-clock (msec)         #    1.000 CPUs utilized          
               242      context-switches          #    0.003 K/sec                  
                 0      cpu-migrations            #    0.000 K/sec                  
                46      page-faults               #    0.001 K/sec                  
   <not supported>      cycles                   
   <not supported>      stalled-cycles-frontend  
   <not supported>      stalled-cycles-backend   
   <not supported>      instructions             
   <not supported>      branches                 
   <not supported>      branch-misses            

      87.676999806 seconds time elapsed

