MODO = com I/O e alloc. memoria

 Performance counter stats for './mandelbrot_seq -2.5 1.5 -2.0 2.0 16 com':

          0.448049      task-clock (msec)         #    0.577 CPUs utilized          
                 0      context-switches          #    0.000 K/sec                  
                 0      cpu-migrations            #    0.000 K/sec                  
                51      page-faults               #    0.114 M/sec                  
   <not supported>      cycles                   
   <not supported>      stalled-cycles-frontend  
   <not supported>      stalled-cycles-backend   
   <not supported>      instructions             
   <not supported>      branches                 
   <not supported>      branch-misses            

       0.000776438 seconds time elapsed

MODO = com I/O e alloc. memoria

 Performance counter stats for './mandelbrot_seq -2.5 1.5 -2.0 2.0 16 com':

          0.519115      task-clock (msec)         #    0.602 CPUs utilized          
                 0      context-switches          #    0.000 K/sec                  
                 0      cpu-migrations            #    0.000 K/sec                  
                52      page-faults               #    0.100 M/sec                  
   <not supported>      cycles                   
   <not supported>      stalled-cycles-frontend  
   <not supported>      stalled-cycles-backend   
   <not supported>      instructions             
   <not supported>      branches                 
   <not supported>      branch-misses            

       0.000862929 seconds time elapsed

MODO = com I/O e alloc. memoria

 Performance counter stats for './mandelbrot_seq -2.5 1.5 -2.0 2.0 16 com':

          0.492147      task-clock (msec)         #    0.616 CPUs utilized          
                 0      context-switches          #    0.000 K/sec                  
                 0      cpu-migrations            #    0.000 K/sec                  
                52      page-faults               #    0.106 M/sec                  
   <not supported>      cycles                   
   <not supported>      stalled-cycles-frontend  
   <not supported>      stalled-cycles-backend   
   <not supported>      instructions             
   <not supported>      branches                 
   <not supported>      branch-misses            

       0.000798904 seconds time elapsed

MODO = com I/O e alloc. memoria

 Performance counter stats for './mandelbrot_seq -2.5 1.5 -2.0 2.0 16 com':

          0.441083      task-clock (msec)         #    0.596 CPUs utilized          
                 0      context-switches          #    0.000 K/sec                  
                 0      cpu-migrations            #    0.000 K/sec                  
                53      page-faults               #    0.120 M/sec                  
   <not supported>      cycles                   
   <not supported>      stalled-cycles-frontend  
   <not supported>      stalled-cycles-backend   
   <not supported>      instructions             
   <not supported>      branches                 
   <not supported>      branch-misses            

       0.000739738 seconds time elapsed

MODO = com I/O e alloc. memoria

 Performance counter stats for './mandelbrot_seq -2.5 1.5 -2.0 2.0 16 com':

          0.475061      task-clock (msec)         #    0.605 CPUs utilized          
                 0      context-switches          #    0.000 K/sec                  
                 0      cpu-migrations            #    0.000 K/sec                  
                53      page-faults               #    0.112 M/sec                  
   <not supported>      cycles                   
   <not supported>      stalled-cycles-frontend  
   <not supported>      stalled-cycles-backend   
   <not supported>      instructions             
   <not supported>      branches                 
   <not supported>      branch-misses            

       0.000785334 seconds time elapsed

MODO = com I/O e alloc. memoria

 Performance counter stats for './mandelbrot_seq -2.5 1.5 -2.0 2.0 16 com':

          0.547140      task-clock (msec)         #    0.581 CPUs utilized          
                 0      context-switches          #    0.000 K/sec                  
                 0      cpu-migrations            #    0.000 K/sec                  
                50      page-faults               #    0.091 M/sec                  
   <not supported>      cycles                   
   <not supported>      stalled-cycles-frontend  
   <not supported>      stalled-cycles-backend   
   <not supported>      instructions             
   <not supported>      branches                 
   <not supported>      branch-misses            

       0.000941377 seconds time elapsed

MODO = com I/O e alloc. memoria

 Performance counter stats for './mandelbrot_seq -2.5 1.5 -2.0 2.0 16 com':

          0.451700      task-clock (msec)         #    0.614 CPUs utilized          
                 0      context-switches          #    0.000 K/sec                  
                 0      cpu-migrations            #    0.000 K/sec                  
                51      page-faults               #    0.113 M/sec                  
   <not supported>      cycles                   
   <not supported>      stalled-cycles-frontend  
   <not supported>      stalled-cycles-backend   
   <not supported>      instructions             
   <not supported>      branches                 
   <not supported>      branch-misses            

       0.000735554 seconds time elapsed

MODO = com I/O e alloc. memoria

 Performance counter stats for './mandelbrot_seq -2.5 1.5 -2.0 2.0 16 com':

          0.464019      task-clock (msec)         #    0.595 CPUs utilized          
                 0      context-switches          #    0.000 K/sec                  
                 0      cpu-migrations            #    0.000 K/sec                  
                52      page-faults               #    0.112 M/sec                  
   <not supported>      cycles                   
   <not supported>      stalled-cycles-frontend  
   <not supported>      stalled-cycles-backend   
   <not supported>      instructions             
   <not supported>      branches                 
   <not supported>      branch-misses            

       0.000779862 seconds time elapsed

MODO = com I/O e alloc. memoria

 Performance counter stats for './mandelbrot_seq -2.5 1.5 -2.0 2.0 16 com':

          0.436053      task-clock (msec)         #    0.604 CPUs utilized          
                 0      context-switches          #    0.000 K/sec                  
                 0      cpu-migrations            #    0.000 K/sec                  
                53      page-faults               #    0.122 M/sec                  
   <not supported>      cycles                   
   <not supported>      stalled-cycles-frontend  
   <not supported>      stalled-cycles-backend   
   <not supported>      instructions             
   <not supported>      branches                 
   <not supported>      branch-misses            

       0.000721508 seconds time elapsed

MODO = com I/O e alloc. memoria

 Performance counter stats for './mandelbrot_seq -2.5 1.5 -2.0 2.0 16 com':

          0.500896      task-clock (msec)         #    0.632 CPUs utilized          
                 0      context-switches          #    0.000 K/sec                  
                 0      cpu-migrations            #    0.000 K/sec                  
                53      page-faults               #    0.106 M/sec                  
   <not supported>      cycles                   
   <not supported>      stalled-cycles-frontend  
   <not supported>      stalled-cycles-backend   
   <not supported>      instructions             
   <not supported>      branches                 
   <not supported>      branch-misses            

       0.000792043 seconds time elapsed

MODO = com I/O e alloc. memoria

 Performance counter stats for './mandelbrot_seq -2.5 1.5 -2.0 2.0 32 com':

          0.642750      task-clock (msec)         #    0.697 CPUs utilized          
                 0      context-switches          #    0.000 K/sec                  
                 0      cpu-migrations            #    0.000 K/sec                  
                60      page-faults               #    0.093 M/sec                  
   <not supported>      cycles                   
   <not supported>      stalled-cycles-frontend  
   <not supported>      stalled-cycles-backend   
   <not supported>      instructions             
   <not supported>      branches                 
   <not supported>      branch-misses            

       0.000922126 seconds time elapsed

MODO = com I/O e alloc. memoria

 Performance counter stats for './mandelbrot_seq -2.5 1.5 -2.0 2.0 32 com':

          0.619695      task-clock (msec)         #    0.735 CPUs utilized          
                 0      context-switches          #    0.000 K/sec                  
                 0      cpu-migrations            #    0.000 K/sec                  
                61      page-faults               #    0.098 M/sec                  
   <not supported>      cycles                   
   <not supported>      stalled-cycles-frontend  
   <not supported>      stalled-cycles-backend   
   <not supported>      instructions             
   <not supported>      branches                 
   <not supported>      branch-misses            

       0.000843137 seconds time elapsed

MODO = com I/O e alloc. memoria

 Performance counter stats for './mandelbrot_seq -2.5 1.5 -2.0 2.0 32 com':

          0.619493      task-clock (msec)         #    0.742 CPUs utilized          
                 0      context-switches          #    0.000 K/sec                  
                 0      cpu-migrations            #    0.000 K/sec                  
                61      page-faults               #    0.098 M/sec                  
   <not supported>      cycles                   
   <not supported>      stalled-cycles-frontend  
   <not supported>      stalled-cycles-backend   
   <not supported>      instructions             
   <not supported>      branches                 
   <not supported>      branch-misses            

       0.000834397 seconds time elapsed

MODO = com I/O e alloc. memoria

 Performance counter stats for './mandelbrot_seq -2.5 1.5 -2.0 2.0 32 com':

          0.657570      task-clock (msec)         #    0.745 CPUs utilized          
                 0      context-switches          #    0.000 K/sec                  
                 0      cpu-migrations            #    0.000 K/sec                  
                60      page-faults               #    0.091 M/sec                  
   <not supported>      cycles                   
   <not supported>      stalled-cycles-frontend  
   <not supported>      stalled-cycles-backend   
   <not supported>      instructions             
   <not supported>      branches                 
   <not supported>      branch-misses            

       0.000882242 seconds time elapsed

MODO = com I/O e alloc. memoria

 Performance counter stats for './mandelbrot_seq -2.5 1.5 -2.0 2.0 32 com':

          0.646668      task-clock (msec)         #    0.720 CPUs utilized          
                 0      context-switches          #    0.000 K/sec                  
                 0      cpu-migrations            #    0.000 K/sec                  
                60      page-faults               #    0.093 M/sec                  
   <not supported>      cycles                   
   <not supported>      stalled-cycles-frontend  
   <not supported>      stalled-cycles-backend   
   <not supported>      instructions             
   <not supported>      branches                 
   <not supported>      branch-misses            

       0.000898150 seconds time elapsed

MODO = com I/O e alloc. memoria

 Performance counter stats for './mandelbrot_seq -2.5 1.5 -2.0 2.0 32 com':

          0.609933      task-clock (msec)         #    0.728 CPUs utilized          
                 0      context-switches          #    0.000 K/sec                  
                 0      cpu-migrations            #    0.000 K/sec                  
                60      page-faults               #    0.098 M/sec                  
   <not supported>      cycles                   
   <not supported>      stalled-cycles-frontend  
   <not supported>      stalled-cycles-backend   
   <not supported>      instructions             
   <not supported>      branches                 
   <not supported>      branch-misses            

       0.000837272 seconds time elapsed

MODO = com I/O e alloc. memoria

 Performance counter stats for './mandelbrot_seq -2.5 1.5 -2.0 2.0 32 com':

          0.604516      task-clock (msec)         #    0.725 CPUs utilized          
                 0      context-switches          #    0.000 K/sec                  
                 0      cpu-migrations            #    0.000 K/sec                  
                59      page-faults               #    0.098 M/sec                  
   <not supported>      cycles                   
   <not supported>      stalled-cycles-frontend  
   <not supported>      stalled-cycles-backend   
   <not supported>      instructions             
   <not supported>      branches                 
   <not supported>      branch-misses            

       0.000833935 seconds time elapsed

MODO = com I/O e alloc. memoria

 Performance counter stats for './mandelbrot_seq -2.5 1.5 -2.0 2.0 32 com':

          0.656271      task-clock (msec)         #    0.734 CPUs utilized          
                 0      context-switches          #    0.000 K/sec                  
                 0      cpu-migrations            #    0.000 K/sec                  
                59      page-faults               #    0.090 M/sec                  
   <not supported>      cycles                   
   <not supported>      stalled-cycles-frontend  
   <not supported>      stalled-cycles-backend   
   <not supported>      instructions             
   <not supported>      branches                 
   <not supported>      branch-misses            

       0.000894479 seconds time elapsed

MODO = com I/O e alloc. memoria

 Performance counter stats for './mandelbrot_seq -2.5 1.5 -2.0 2.0 32 com':

          0.727997      task-clock (msec)         #    0.740 CPUs utilized          
                 0      context-switches          #    0.000 K/sec                  
                 0      cpu-migrations            #    0.000 K/sec                  
                61      page-faults               #    0.084 M/sec                  
   <not supported>      cycles                   
   <not supported>      stalled-cycles-frontend  
   <not supported>      stalled-cycles-backend   
   <not supported>      instructions             
   <not supported>      branches                 
   <not supported>      branch-misses            

       0.000983842 seconds time elapsed

MODO = com I/O e alloc. memoria

 Performance counter stats for './mandelbrot_seq -2.5 1.5 -2.0 2.0 32 com':

          0.602329      task-clock (msec)         #    0.749 CPUs utilized          
                 0      context-switches          #    0.000 K/sec                  
                 0      cpu-migrations            #    0.000 K/sec                  
                59      page-faults               #    0.098 M/sec                  
   <not supported>      cycles                   
   <not supported>      stalled-cycles-frontend  
   <not supported>      stalled-cycles-backend   
   <not supported>      instructions             
   <not supported>      branches                 
   <not supported>      branch-misses            

       0.000803874 seconds time elapsed

MODO = com I/O e alloc. memoria

 Performance counter stats for './mandelbrot_seq -2.5 1.5 -2.0 2.0 64 com':

          1.435090      task-clock (msec)         #    0.856 CPUs utilized          
                 0      context-switches          #    0.000 K/sec                  
                 0      cpu-migrations            #    0.000 K/sec                  
                90      page-faults               #    0.063 M/sec                  
   <not supported>      cycles                   
   <not supported>      stalled-cycles-frontend  
   <not supported>      stalled-cycles-backend   
   <not supported>      instructions             
   <not supported>      branches                 
   <not supported>      branch-misses            

       0.001677378 seconds time elapsed

MODO = com I/O e alloc. memoria

 Performance counter stats for './mandelbrot_seq -2.5 1.5 -2.0 2.0 64 com':

          1.396162      task-clock (msec)         #    0.857 CPUs utilized          
                 0      context-switches          #    0.000 K/sec                  
                 0      cpu-migrations            #    0.000 K/sec                  
                91      page-faults               #    0.065 M/sec                  
   <not supported>      cycles                   
   <not supported>      stalled-cycles-frontend  
   <not supported>      stalled-cycles-backend   
   <not supported>      instructions             
   <not supported>      branches                 
   <not supported>      branch-misses            

       0.001629531 seconds time elapsed

MODO = com I/O e alloc. memoria

 Performance counter stats for './mandelbrot_seq -2.5 1.5 -2.0 2.0 64 com':

          1.433320      task-clock (msec)         #    0.864 CPUs utilized          
                 0      context-switches          #    0.000 K/sec                  
                 0      cpu-migrations            #    0.000 K/sec                  
                88      page-faults               #    0.061 M/sec                  
   <not supported>      cycles                   
   <not supported>      stalled-cycles-frontend  
   <not supported>      stalled-cycles-backend   
   <not supported>      instructions             
   <not supported>      branches                 
   <not supported>      branch-misses            

       0.001659505 seconds time elapsed

MODO = com I/O e alloc. memoria

 Performance counter stats for './mandelbrot_seq -2.5 1.5 -2.0 2.0 64 com':

          1.447352      task-clock (msec)         #    0.874 CPUs utilized          
                 1      context-switches          #    0.691 K/sec                  
                 0      cpu-migrations            #    0.000 K/sec                  
                90      page-faults               #    0.062 M/sec                  
   <not supported>      cycles                   
   <not supported>      stalled-cycles-frontend  
   <not supported>      stalled-cycles-backend   
   <not supported>      instructions             
   <not supported>      branches                 
   <not supported>      branch-misses            

       0.001655465 seconds time elapsed

MODO = com I/O e alloc. memoria

 Performance counter stats for './mandelbrot_seq -2.5 1.5 -2.0 2.0 64 com':

          1.413661      task-clock (msec)         #    0.858 CPUs utilized          
                 0      context-switches          #    0.000 K/sec                  
                 0      cpu-migrations            #    0.000 K/sec                  
                90      page-faults               #    0.064 M/sec                  
   <not supported>      cycles                   
   <not supported>      stalled-cycles-frontend  
   <not supported>      stalled-cycles-backend   
   <not supported>      instructions             
   <not supported>      branches                 
   <not supported>      branch-misses            

       0.001648479 seconds time elapsed

MODO = com I/O e alloc. memoria

 Performance counter stats for './mandelbrot_seq -2.5 1.5 -2.0 2.0 64 com':

          1.454991      task-clock (msec)         #    0.867 CPUs utilized          
                 0      context-switches          #    0.000 K/sec                  
                 0      cpu-migrations            #    0.000 K/sec                  
                90      page-faults               #    0.062 M/sec                  
   <not supported>      cycles                   
   <not supported>      stalled-cycles-frontend  
   <not supported>      stalled-cycles-backend   
   <not supported>      instructions             
   <not supported>      branches                 
   <not supported>      branch-misses            

       0.001677250 seconds time elapsed

MODO = com I/O e alloc. memoria

 Performance counter stats for './mandelbrot_seq -2.5 1.5 -2.0 2.0 64 com':

          1.473813      task-clock (msec)         #    0.883 CPUs utilized          
                 0      context-switches          #    0.000 K/sec                  
                 0      cpu-migrations            #    0.000 K/sec                  
                91      page-faults               #    0.062 M/sec                  
   <not supported>      cycles                   
   <not supported>      stalled-cycles-frontend  
   <not supported>      stalled-cycles-backend   
   <not supported>      instructions             
   <not supported>      branches                 
   <not supported>      branch-misses            

       0.001668384 seconds time elapsed

MODO = com I/O e alloc. memoria

 Performance counter stats for './mandelbrot_seq -2.5 1.5 -2.0 2.0 64 com':

          1.430679      task-clock (msec)         #    0.851 CPUs utilized          
                 0      context-switches          #    0.000 K/sec                  
                 0      cpu-migrations            #    0.000 K/sec                  
                90      page-faults               #    0.063 M/sec                  
   <not supported>      cycles                   
   <not supported>      stalled-cycles-frontend  
   <not supported>      stalled-cycles-backend   
   <not supported>      instructions             
   <not supported>      branches                 
   <not supported>      branch-misses            

       0.001680659 seconds time elapsed

MODO = com I/O e alloc. memoria

 Performance counter stats for './mandelbrot_seq -2.5 1.5 -2.0 2.0 64 com':

          1.444749      task-clock (msec)         #    0.857 CPUs utilized          
                 0      context-switches          #    0.000 K/sec                  
                 0      cpu-migrations            #    0.000 K/sec                  
                90      page-faults               #    0.062 M/sec                  
   <not supported>      cycles                   
   <not supported>      stalled-cycles-frontend  
   <not supported>      stalled-cycles-backend   
   <not supported>      instructions             
   <not supported>      branches                 
   <not supported>      branch-misses            

       0.001686211 seconds time elapsed

MODO = com I/O e alloc. memoria

 Performance counter stats for './mandelbrot_seq -2.5 1.5 -2.0 2.0 64 com':

          1.472009      task-clock (msec)         #    0.853 CPUs utilized          
                 0      context-switches          #    0.000 K/sec                  
                 0      cpu-migrations            #    0.000 K/sec                  
                90      page-faults               #    0.061 M/sec                  
   <not supported>      cycles                   
   <not supported>      stalled-cycles-frontend  
   <not supported>      stalled-cycles-backend   
   <not supported>      instructions             
   <not supported>      branches                 
   <not supported>      branch-misses            

       0.001725647 seconds time elapsed

MODO = com I/O e alloc. memoria

 Performance counter stats for './mandelbrot_seq -2.5 1.5 -2.0 2.0 128 com':

          4.666359      task-clock (msec)         #    0.953 CPUs utilized          
                 0      context-switches          #    0.000 K/sec                  
                 0      cpu-migrations            #    0.000 K/sec                  
               211      page-faults               #    0.045 M/sec                  
   <not supported>      cycles                   
   <not supported>      stalled-cycles-frontend  
   <not supported>      stalled-cycles-backend   
   <not supported>      instructions             
   <not supported>      branches                 
   <not supported>      branch-misses            

       0.004898376 seconds time elapsed

MODO = com I/O e alloc. memoria

 Performance counter stats for './mandelbrot_seq -2.5 1.5 -2.0 2.0 128 com':

          4.611145      task-clock (msec)         #    0.953 CPUs utilized          
                 0      context-switches          #    0.000 K/sec                  
                 0      cpu-migrations            #    0.000 K/sec                  
               212      page-faults               #    0.046 M/sec                  
   <not supported>      cycles                   
   <not supported>      stalled-cycles-frontend  
   <not supported>      stalled-cycles-backend   
   <not supported>      instructions             
   <not supported>      branches                 
   <not supported>      branch-misses            

       0.004839477 seconds time elapsed

MODO = com I/O e alloc. memoria

 Performance counter stats for './mandelbrot_seq -2.5 1.5 -2.0 2.0 128 com':

          4.585833      task-clock (msec)         #    0.947 CPUs utilized          
                 0      context-switches          #    0.000 K/sec                  
                 0      cpu-migrations            #    0.000 K/sec                  
               209      page-faults               #    0.046 M/sec                  
   <not supported>      cycles                   
   <not supported>      stalled-cycles-frontend  
   <not supported>      stalled-cycles-backend   
   <not supported>      instructions             
   <not supported>      branches                 
   <not supported>      branch-misses            

       0.004840943 seconds time elapsed

MODO = com I/O e alloc. memoria

 Performance counter stats for './mandelbrot_seq -2.5 1.5 -2.0 2.0 128 com':

          4.625837      task-clock (msec)         #    0.953 CPUs utilized          
                 0      context-switches          #    0.000 K/sec                  
                 1      cpu-migrations            #    0.216 K/sec                  
               209      page-faults               #    0.045 M/sec                  
   <not supported>      cycles                   
   <not supported>      stalled-cycles-frontend  
   <not supported>      stalled-cycles-backend   
   <not supported>      instructions             
   <not supported>      branches                 
   <not supported>      branch-misses            

       0.004854381 seconds time elapsed

MODO = com I/O e alloc. memoria

 Performance counter stats for './mandelbrot_seq -2.5 1.5 -2.0 2.0 128 com':

          4.632585      task-clock (msec)         #    0.948 CPUs utilized          
                 0      context-switches          #    0.000 K/sec                  
                 0      cpu-migrations            #    0.000 K/sec                  
               210      page-faults               #    0.045 M/sec                  
   <not supported>      cycles                   
   <not supported>      stalled-cycles-frontend  
   <not supported>      stalled-cycles-backend   
   <not supported>      instructions             
   <not supported>      branches                 
   <not supported>      branch-misses            

       0.004887647 seconds time elapsed

MODO = com I/O e alloc. memoria

 Performance counter stats for './mandelbrot_seq -2.5 1.5 -2.0 2.0 128 com':

          4.759387      task-clock (msec)         #    0.949 CPUs utilized          
                 0      context-switches          #    0.000 K/sec                  
                 0      cpu-migrations            #    0.000 K/sec                  
               212      page-faults               #    0.045 M/sec                  
   <not supported>      cycles                   
   <not supported>      stalled-cycles-frontend  
   <not supported>      stalled-cycles-backend   
   <not supported>      instructions             
   <not supported>      branches                 
   <not supported>      branch-misses            

       0.005015855 seconds time elapsed

MODO = com I/O e alloc. memoria

 Performance counter stats for './mandelbrot_seq -2.5 1.5 -2.0 2.0 128 com':

          4.593985      task-clock (msec)         #    0.947 CPUs utilized          
                 0      context-switches          #    0.000 K/sec                  
                 0      cpu-migrations            #    0.000 K/sec                  
               211      page-faults               #    0.046 M/sec                  
   <not supported>      cycles                   
   <not supported>      stalled-cycles-frontend  
   <not supported>      stalled-cycles-backend   
   <not supported>      instructions             
   <not supported>      branches                 
   <not supported>      branch-misses            

       0.004849839 seconds time elapsed

MODO = com I/O e alloc. memoria

 Performance counter stats for './mandelbrot_seq -2.5 1.5 -2.0 2.0 128 com':

          4.608194      task-clock (msec)         #    0.946 CPUs utilized          
                 0      context-switches          #    0.000 K/sec                  
                 0      cpu-migrations            #    0.000 K/sec                  
               212      page-faults               #    0.046 M/sec                  
   <not supported>      cycles                   
   <not supported>      stalled-cycles-frontend  
   <not supported>      stalled-cycles-backend   
   <not supported>      instructions             
   <not supported>      branches                 
   <not supported>      branch-misses            

       0.004869852 seconds time elapsed

MODO = com I/O e alloc. memoria

 Performance counter stats for './mandelbrot_seq -2.5 1.5 -2.0 2.0 128 com':

          5.335256      task-clock (msec)         #    0.954 CPUs utilized          
                 0      context-switches          #    0.000 K/sec                  
                 0      cpu-migrations            #    0.000 K/sec                  
               212      page-faults               #    0.040 M/sec                  
   <not supported>      cycles                   
   <not supported>      stalled-cycles-frontend  
   <not supported>      stalled-cycles-backend   
   <not supported>      instructions             
   <not supported>      branches                 
   <not supported>      branch-misses            

       0.005594731 seconds time elapsed

MODO = com I/O e alloc. memoria

 Performance counter stats for './mandelbrot_seq -2.5 1.5 -2.0 2.0 128 com':

          4.639546      task-clock (msec)         #    0.954 CPUs utilized          
                 0      context-switches          #    0.000 K/sec                  
                 0      cpu-migrations            #    0.000 K/sec                  
               212      page-faults               #    0.046 M/sec                  
   <not supported>      cycles                   
   <not supported>      stalled-cycles-frontend  
   <not supported>      stalled-cycles-backend   
   <not supported>      instructions             
   <not supported>      branches                 
   <not supported>      branch-misses            

       0.004862378 seconds time elapsed

MODO = com I/O e alloc. memoria

 Performance counter stats for './mandelbrot_seq -2.5 1.5 -2.0 2.0 256 com':

         17.599958      task-clock (msec)         #    0.986 CPUs utilized          
                 0      context-switches          #    0.000 K/sec                  
                 0      cpu-migrations            #    0.000 K/sec                  
               690      page-faults               #    0.039 M/sec                  
   <not supported>      cycles                   
   <not supported>      stalled-cycles-frontend  
   <not supported>      stalled-cycles-backend   
   <not supported>      instructions             
   <not supported>      branches                 
   <not supported>      branch-misses            

       0.017852193 seconds time elapsed

MODO = com I/O e alloc. memoria

 Performance counter stats for './mandelbrot_seq -2.5 1.5 -2.0 2.0 256 com':

         17.147843      task-clock (msec)         #    0.985 CPUs utilized          
                 0      context-switches          #    0.000 K/sec                  
                 0      cpu-migrations            #    0.000 K/sec                  
               691      page-faults               #    0.040 M/sec                  
   <not supported>      cycles                   
   <not supported>      stalled-cycles-frontend  
   <not supported>      stalled-cycles-backend   
   <not supported>      instructions             
   <not supported>      branches                 
   <not supported>      branch-misses            

       0.017415377 seconds time elapsed

MODO = com I/O e alloc. memoria

 Performance counter stats for './mandelbrot_seq -2.5 1.5 -2.0 2.0 256 com':

         17.345483      task-clock (msec)         #    0.984 CPUs utilized          
                 0      context-switches          #    0.000 K/sec                  
                 0      cpu-migrations            #    0.000 K/sec                  
               692      page-faults               #    0.040 M/sec                  
   <not supported>      cycles                   
   <not supported>      stalled-cycles-frontend  
   <not supported>      stalled-cycles-backend   
   <not supported>      instructions             
   <not supported>      branches                 
   <not supported>      branch-misses            

       0.017620129 seconds time elapsed

MODO = com I/O e alloc. memoria

 Performance counter stats for './mandelbrot_seq -2.5 1.5 -2.0 2.0 256 com':

         17.253831      task-clock (msec)         #    0.986 CPUs utilized          
                 0      context-switches          #    0.000 K/sec                  
                 0      cpu-migrations            #    0.000 K/sec                  
               692      page-faults               #    0.040 M/sec                  
   <not supported>      cycles                   
   <not supported>      stalled-cycles-frontend  
   <not supported>      stalled-cycles-backend   
   <not supported>      instructions             
   <not supported>      branches                 
   <not supported>      branch-misses            

       0.017497882 seconds time elapsed

MODO = com I/O e alloc. memoria

 Performance counter stats for './mandelbrot_seq -2.5 1.5 -2.0 2.0 256 com':

         17.321498      task-clock (msec)         #    0.982 CPUs utilized          
                 0      context-switches          #    0.000 K/sec                  
                 0      cpu-migrations            #    0.000 K/sec                  
               690      page-faults               #    0.040 M/sec                  
   <not supported>      cycles                   
   <not supported>      stalled-cycles-frontend  
   <not supported>      stalled-cycles-backend   
   <not supported>      instructions             
   <not supported>      branches                 
   <not supported>      branch-misses            

       0.017632288 seconds time elapsed

MODO = com I/O e alloc. memoria

 Performance counter stats for './mandelbrot_seq -2.5 1.5 -2.0 2.0 256 com':

         17.305677      task-clock (msec)         #    0.984 CPUs utilized          
                 0      context-switches          #    0.000 K/sec                  
                 0      cpu-migrations            #    0.000 K/sec                  
               692      page-faults               #    0.040 M/sec                  
   <not supported>      cycles                   
   <not supported>      stalled-cycles-frontend  
   <not supported>      stalled-cycles-backend   
   <not supported>      instructions             
   <not supported>      branches                 
   <not supported>      branch-misses            

       0.017595298 seconds time elapsed

MODO = com I/O e alloc. memoria

 Performance counter stats for './mandelbrot_seq -2.5 1.5 -2.0 2.0 256 com':

         17.282877      task-clock (msec)         #    0.986 CPUs utilized          
                 0      context-switches          #    0.000 K/sec                  
                 0      cpu-migrations            #    0.000 K/sec                  
               692      page-faults               #    0.040 M/sec                  
   <not supported>      cycles                   
   <not supported>      stalled-cycles-frontend  
   <not supported>      stalled-cycles-backend   
   <not supported>      instructions             
   <not supported>      branches                 
   <not supported>      branch-misses            

       0.017532041 seconds time elapsed

MODO = com I/O e alloc. memoria

 Performance counter stats for './mandelbrot_seq -2.5 1.5 -2.0 2.0 256 com':

         17.400198      task-clock (msec)         #    0.986 CPUs utilized          
                 0      context-switches          #    0.000 K/sec                  
                 1      cpu-migrations            #    0.057 K/sec                  
               691      page-faults               #    0.040 M/sec                  
   <not supported>      cycles                   
   <not supported>      stalled-cycles-frontend  
   <not supported>      stalled-cycles-backend   
   <not supported>      instructions             
   <not supported>      branches                 
   <not supported>      branch-misses            

       0.017655871 seconds time elapsed

MODO = com I/O e alloc. memoria

 Performance counter stats for './mandelbrot_seq -2.5 1.5 -2.0 2.0 256 com':

         17.400937      task-clock (msec)         #    0.985 CPUs utilized          
                 1      context-switches          #    0.057 K/sec                  
                 0      cpu-migrations            #    0.000 K/sec                  
               690      page-faults               #    0.040 M/sec                  
   <not supported>      cycles                   
   <not supported>      stalled-cycles-frontend  
   <not supported>      stalled-cycles-backend   
   <not supported>      instructions             
   <not supported>      branches                 
   <not supported>      branch-misses            

       0.017667464 seconds time elapsed

MODO = com I/O e alloc. memoria

 Performance counter stats for './mandelbrot_seq -2.5 1.5 -2.0 2.0 256 com':

         17.175172      task-clock (msec)         #    0.985 CPUs utilized          
                 0      context-switches          #    0.000 K/sec                  
                 0      cpu-migrations            #    0.000 K/sec                  
               691      page-faults               #    0.040 M/sec                  
   <not supported>      cycles                   
   <not supported>      stalled-cycles-frontend  
   <not supported>      stalled-cycles-backend   
   <not supported>      instructions             
   <not supported>      branches                 
   <not supported>      branch-misses            

       0.017433588 seconds time elapsed

MODO = com I/O e alloc. memoria

 Performance counter stats for './mandelbrot_seq -2.5 1.5 -2.0 2.0 512 com':

         67.887452      task-clock (msec)         #    0.996 CPUs utilized          
                 0      context-switches          #    0.000 K/sec                  
                 0      cpu-migrations            #    0.000 K/sec                  
             2,610      page-faults               #    0.038 M/sec                  
   <not supported>      cycles                   
   <not supported>      stalled-cycles-frontend  
   <not supported>      stalled-cycles-backend   
   <not supported>      instructions             
   <not supported>      branches                 
   <not supported>      branch-misses            

       0.068151710 seconds time elapsed

MODO = com I/O e alloc. memoria

 Performance counter stats for './mandelbrot_seq -2.5 1.5 -2.0 2.0 512 com':

         68.119126      task-clock (msec)         #    0.996 CPUs utilized          
                 0      context-switches          #    0.000 K/sec                  
                 0      cpu-migrations            #    0.000 K/sec                  
             2,610      page-faults               #    0.038 M/sec                  
   <not supported>      cycles                   
   <not supported>      stalled-cycles-frontend  
   <not supported>      stalled-cycles-backend   
   <not supported>      instructions             
   <not supported>      branches                 
   <not supported>      branch-misses            

       0.068369243 seconds time elapsed

MODO = com I/O e alloc. memoria

 Performance counter stats for './mandelbrot_seq -2.5 1.5 -2.0 2.0 512 com':

         68.134756      task-clock (msec)         #    0.996 CPUs utilized          
                 0      context-switches          #    0.000 K/sec                  
                 0      cpu-migrations            #    0.000 K/sec                  
             2,610      page-faults               #    0.038 M/sec                  
   <not supported>      cycles                   
   <not supported>      stalled-cycles-frontend  
   <not supported>      stalled-cycles-backend   
   <not supported>      instructions             
   <not supported>      branches                 
   <not supported>      branch-misses            

       0.068405443 seconds time elapsed

MODO = com I/O e alloc. memoria

 Performance counter stats for './mandelbrot_seq -2.5 1.5 -2.0 2.0 512 com':

         68.559608      task-clock (msec)         #    0.996 CPUs utilized          
                 0      context-switches          #    0.000 K/sec                  
                 0      cpu-migrations            #    0.000 K/sec                  
             2,612      page-faults               #    0.038 M/sec                  
   <not supported>      cycles                   
   <not supported>      stalled-cycles-frontend  
   <not supported>      stalled-cycles-backend   
   <not supported>      instructions             
   <not supported>      branches                 
   <not supported>      branch-misses            

       0.068846949 seconds time elapsed

MODO = com I/O e alloc. memoria

 Performance counter stats for './mandelbrot_seq -2.5 1.5 -2.0 2.0 512 com':

         68.511058      task-clock (msec)         #    0.996 CPUs utilized          
                 0      context-switches          #    0.000 K/sec                  
                 0      cpu-migrations            #    0.000 K/sec                  
             2,612      page-faults               #    0.038 M/sec                  
   <not supported>      cycles                   
   <not supported>      stalled-cycles-frontend  
   <not supported>      stalled-cycles-backend   
   <not supported>      instructions             
   <not supported>      branches                 
   <not supported>      branch-misses            

       0.068801560 seconds time elapsed

MODO = com I/O e alloc. memoria

 Performance counter stats for './mandelbrot_seq -2.5 1.5 -2.0 2.0 512 com':

         67.998054      task-clock (msec)         #    0.996 CPUs utilized          
                 0      context-switches          #    0.000 K/sec                  
                 0      cpu-migrations            #    0.000 K/sec                  
             2,610      page-faults               #    0.038 M/sec                  
   <not supported>      cycles                   
   <not supported>      stalled-cycles-frontend  
   <not supported>      stalled-cycles-backend   
   <not supported>      instructions             
   <not supported>      branches                 
   <not supported>      branch-misses            

       0.068249449 seconds time elapsed

MODO = com I/O e alloc. memoria

 Performance counter stats for './mandelbrot_seq -2.5 1.5 -2.0 2.0 512 com':

         69.016642      task-clock (msec)         #    0.995 CPUs utilized          
                 0      context-switches          #    0.000 K/sec                  
                 0      cpu-migrations            #    0.000 K/sec                  
             2,611      page-faults               #    0.038 M/sec                  
   <not supported>      cycles                   
   <not supported>      stalled-cycles-frontend  
   <not supported>      stalled-cycles-backend   
   <not supported>      instructions             
   <not supported>      branches                 
   <not supported>      branch-misses            

       0.069339720 seconds time elapsed

MODO = com I/O e alloc. memoria

 Performance counter stats for './mandelbrot_seq -2.5 1.5 -2.0 2.0 512 com':

         67.867241      task-clock (msec)         #    0.996 CPUs utilized          
                 1      context-switches          #    0.015 K/sec                  
                 0      cpu-migrations            #    0.000 K/sec                  
             2,611      page-faults               #    0.038 M/sec                  
   <not supported>      cycles                   
   <not supported>      stalled-cycles-frontend  
   <not supported>      stalled-cycles-backend   
   <not supported>      instructions             
   <not supported>      branches                 
   <not supported>      branch-misses            

       0.068130554 seconds time elapsed

MODO = com I/O e alloc. memoria

 Performance counter stats for './mandelbrot_seq -2.5 1.5 -2.0 2.0 512 com':

         67.871563      task-clock (msec)         #    0.996 CPUs utilized          
                 0      context-switches          #    0.000 K/sec                  
                 0      cpu-migrations            #    0.000 K/sec                  
             2,611      page-faults               #    0.038 M/sec                  
   <not supported>      cycles                   
   <not supported>      stalled-cycles-frontend  
   <not supported>      stalled-cycles-backend   
   <not supported>      instructions             
   <not supported>      branches                 
   <not supported>      branch-misses            

       0.068110087 seconds time elapsed

MODO = com I/O e alloc. memoria

 Performance counter stats for './mandelbrot_seq -2.5 1.5 -2.0 2.0 512 com':

         68.328456      task-clock (msec)         #    0.996 CPUs utilized          
                 0      context-switches          #    0.000 K/sec                  
                 0      cpu-migrations            #    0.000 K/sec                  
             2,612      page-faults               #    0.038 M/sec                  
   <not supported>      cycles                   
   <not supported>      stalled-cycles-frontend  
   <not supported>      stalled-cycles-backend   
   <not supported>      instructions             
   <not supported>      branches                 
   <not supported>      branch-misses            

       0.068582592 seconds time elapsed

MODO = com I/O e alloc. memoria

 Performance counter stats for './mandelbrot_seq -2.5 1.5 -2.0 2.0 1024 com':

        271.326572      task-clock (msec)         #    0.999 CPUs utilized          
                 1      context-switches          #    0.004 K/sec                  
                 0      cpu-migrations            #    0.000 K/sec                  
            10,290      page-faults               #    0.038 M/sec                  
   <not supported>      cycles                   
   <not supported>      stalled-cycles-frontend  
   <not supported>      stalled-cycles-backend   
   <not supported>      instructions             
   <not supported>      branches                 
   <not supported>      branch-misses            

       0.271586146 seconds time elapsed

MODO = com I/O e alloc. memoria

 Performance counter stats for './mandelbrot_seq -2.5 1.5 -2.0 2.0 1024 com':

        273.758945      task-clock (msec)         #    0.999 CPUs utilized          
                 2      context-switches          #    0.007 K/sec                  
                 0      cpu-migrations            #    0.000 K/sec                  
            10,291      page-faults               #    0.038 M/sec                  
   <not supported>      cycles                   
   <not supported>      stalled-cycles-frontend  
   <not supported>      stalled-cycles-backend   
   <not supported>      instructions             
   <not supported>      branches                 
   <not supported>      branch-misses            

       0.274054770 seconds time elapsed

MODO = com I/O e alloc. memoria

 Performance counter stats for './mandelbrot_seq -2.5 1.5 -2.0 2.0 1024 com':

        272.239205      task-clock (msec)         #    0.999 CPUs utilized          
                 1      context-switches          #    0.004 K/sec                  
                 0      cpu-migrations            #    0.000 K/sec                  
            10,290      page-faults               #    0.038 M/sec                  
   <not supported>      cycles                   
   <not supported>      stalled-cycles-frontend  
   <not supported>      stalled-cycles-backend   
   <not supported>      instructions             
   <not supported>      branches                 
   <not supported>      branch-misses            

       0.272626310 seconds time elapsed

MODO = com I/O e alloc. memoria

 Performance counter stats for './mandelbrot_seq -2.5 1.5 -2.0 2.0 1024 com':

        271.974081      task-clock (msec)         #    0.999 CPUs utilized          
                 2      context-switches          #    0.007 K/sec                  
                 0      cpu-migrations            #    0.000 K/sec                  
            10,292      page-faults               #    0.038 M/sec                  
   <not supported>      cycles                   
   <not supported>      stalled-cycles-frontend  
   <not supported>      stalled-cycles-backend   
   <not supported>      instructions             
   <not supported>      branches                 
   <not supported>      branch-misses            

       0.272289262 seconds time elapsed

MODO = com I/O e alloc. memoria

 Performance counter stats for './mandelbrot_seq -2.5 1.5 -2.0 2.0 1024 com':

        274.444587      task-clock (msec)         #    0.999 CPUs utilized          
                 1      context-switches          #    0.004 K/sec                  
                 1      cpu-migrations            #    0.004 K/sec                  
            10,292      page-faults               #    0.038 M/sec                  
   <not supported>      cycles                   
   <not supported>      stalled-cycles-frontend  
   <not supported>      stalled-cycles-backend   
   <not supported>      instructions             
   <not supported>      branches                 
   <not supported>      branch-misses            

       0.274727007 seconds time elapsed

MODO = com I/O e alloc. memoria

 Performance counter stats for './mandelbrot_seq -2.5 1.5 -2.0 2.0 1024 com':

        272.212221      task-clock (msec)         #    0.999 CPUs utilized          
                 2      context-switches          #    0.007 K/sec                  
                 0      cpu-migrations            #    0.000 K/sec                  
            10,290      page-faults               #    0.038 M/sec                  
   <not supported>      cycles                   
   <not supported>      stalled-cycles-frontend  
   <not supported>      stalled-cycles-backend   
   <not supported>      instructions             
   <not supported>      branches                 
   <not supported>      branch-misses            

       0.272547081 seconds time elapsed

MODO = com I/O e alloc. memoria

 Performance counter stats for './mandelbrot_seq -2.5 1.5 -2.0 2.0 1024 com':

        271.607571      task-clock (msec)         #    0.999 CPUs utilized          
                 1      context-switches          #    0.004 K/sec                  
                 1      cpu-migrations            #    0.004 K/sec                  
            10,290      page-faults               #    0.038 M/sec                  
   <not supported>      cycles                   
   <not supported>      stalled-cycles-frontend  
   <not supported>      stalled-cycles-backend   
   <not supported>      instructions             
   <not supported>      branches                 
   <not supported>      branch-misses            

       0.271897383 seconds time elapsed

MODO = com I/O e alloc. memoria

 Performance counter stats for './mandelbrot_seq -2.5 1.5 -2.0 2.0 1024 com':

        273.337888      task-clock (msec)         #    0.999 CPUs utilized          
                 2      context-switches          #    0.007 K/sec                  
                 1      cpu-migrations            #    0.004 K/sec                  
            10,289      page-faults               #    0.038 M/sec                  
   <not supported>      cycles                   
   <not supported>      stalled-cycles-frontend  
   <not supported>      stalled-cycles-backend   
   <not supported>      instructions             
   <not supported>      branches                 
   <not supported>      branch-misses            

       0.273652020 seconds time elapsed

MODO = com I/O e alloc. memoria

 Performance counter stats for './mandelbrot_seq -2.5 1.5 -2.0 2.0 1024 com':

        272.536542      task-clock (msec)         #    0.999 CPUs utilized          
                 1      context-switches          #    0.004 K/sec                  
                 0      cpu-migrations            #    0.000 K/sec                  
            10,292      page-faults               #    0.038 M/sec                  
   <not supported>      cycles                   
   <not supported>      stalled-cycles-frontend  
   <not supported>      stalled-cycles-backend   
   <not supported>      instructions             
   <not supported>      branches                 
   <not supported>      branch-misses            

       0.272836899 seconds time elapsed

MODO = com I/O e alloc. memoria

 Performance counter stats for './mandelbrot_seq -2.5 1.5 -2.0 2.0 1024 com':

        272.919319      task-clock (msec)         #    0.999 CPUs utilized          
                 2      context-switches          #    0.007 K/sec                  
                 0      cpu-migrations            #    0.000 K/sec                  
            10,291      page-faults               #    0.038 M/sec                  
   <not supported>      cycles                   
   <not supported>      stalled-cycles-frontend  
   <not supported>      stalled-cycles-backend   
   <not supported>      instructions             
   <not supported>      branches                 
   <not supported>      branch-misses            

       0.273225852 seconds time elapsed

MODO = com I/O e alloc. memoria

 Performance counter stats for './mandelbrot_seq -2.5 1.5 -2.0 2.0 2048 com':

       1084.204132      task-clock (msec)         #    1.000 CPUs utilized          
                 4      context-switches          #    0.004 K/sec                  
                 0      cpu-migrations            #    0.000 K/sec                  
            41,010      page-faults               #    0.038 M/sec                  
   <not supported>      cycles                   
   <not supported>      stalled-cycles-frontend  
   <not supported>      stalled-cycles-backend   
   <not supported>      instructions             
   <not supported>      branches                 
   <not supported>      branch-misses            

       1.084531081 seconds time elapsed

MODO = com I/O e alloc. memoria

 Performance counter stats for './mandelbrot_seq -2.5 1.5 -2.0 2.0 2048 com':

       1090.484460      task-clock (msec)         #    1.000 CPUs utilized          
                 4      context-switches          #    0.004 K/sec                  
                 0      cpu-migrations            #    0.000 K/sec                  
            41,011      page-faults               #    0.038 M/sec                  
   <not supported>      cycles                   
   <not supported>      stalled-cycles-frontend  
   <not supported>      stalled-cycles-backend   
   <not supported>      instructions             
   <not supported>      branches                 
   <not supported>      branch-misses            

       1.090825385 seconds time elapsed

MODO = com I/O e alloc. memoria

 Performance counter stats for './mandelbrot_seq -2.5 1.5 -2.0 2.0 2048 com':

       1093.190686      task-clock (msec)         #    1.000 CPUs utilized          
                 2      context-switches          #    0.002 K/sec                  
                 0      cpu-migrations            #    0.000 K/sec                  
            41,010      page-faults               #    0.038 M/sec                  
   <not supported>      cycles                   
   <not supported>      stalled-cycles-frontend  
   <not supported>      stalled-cycles-backend   
   <not supported>      instructions             
   <not supported>      branches                 
   <not supported>      branch-misses            

       1.093531153 seconds time elapsed

MODO = com I/O e alloc. memoria

 Performance counter stats for './mandelbrot_seq -2.5 1.5 -2.0 2.0 2048 com':

       1082.849896      task-clock (msec)         #    1.000 CPUs utilized          
                 2      context-switches          #    0.002 K/sec                  
                 0      cpu-migrations            #    0.000 K/sec                  
            41,009      page-faults               #    0.038 M/sec                  
   <not supported>      cycles                   
   <not supported>      stalled-cycles-frontend  
   <not supported>      stalled-cycles-backend   
   <not supported>      instructions             
   <not supported>      branches                 
   <not supported>      branch-misses            

       1.083172921 seconds time elapsed

MODO = com I/O e alloc. memoria

 Performance counter stats for './mandelbrot_seq -2.5 1.5 -2.0 2.0 2048 com':

       1086.408631      task-clock (msec)         #    1.000 CPUs utilized          
                 2      context-switches          #    0.002 K/sec                  
                 0      cpu-migrations            #    0.000 K/sec                  
            41,011      page-faults               #    0.038 M/sec                  
   <not supported>      cycles                   
   <not supported>      stalled-cycles-frontend  
   <not supported>      stalled-cycles-backend   
   <not supported>      instructions             
   <not supported>      branches                 
   <not supported>      branch-misses            

       1.086712383 seconds time elapsed

MODO = com I/O e alloc. memoria

 Performance counter stats for './mandelbrot_seq -2.5 1.5 -2.0 2.0 2048 com':

       1088.001608      task-clock (msec)         #    1.000 CPUs utilized          
                 2      context-switches          #    0.002 K/sec                  
                 0      cpu-migrations            #    0.000 K/sec                  
            41,012      page-faults               #    0.038 M/sec                  
   <not supported>      cycles                   
   <not supported>      stalled-cycles-frontend  
   <not supported>      stalled-cycles-backend   
   <not supported>      instructions             
   <not supported>      branches                 
   <not supported>      branch-misses            

       1.088303412 seconds time elapsed

MODO = com I/O e alloc. memoria

 Performance counter stats for './mandelbrot_seq -2.5 1.5 -2.0 2.0 2048 com':

       1090.319959      task-clock (msec)         #    1.000 CPUs utilized          
                 2      context-switches          #    0.002 K/sec                  
                 0      cpu-migrations            #    0.000 K/sec                  
            41,011      page-faults               #    0.038 M/sec                  
   <not supported>      cycles                   
   <not supported>      stalled-cycles-frontend  
   <not supported>      stalled-cycles-backend   
   <not supported>      instructions             
   <not supported>      branches                 
   <not supported>      branch-misses            

       1.090634508 seconds time elapsed

MODO = com I/O e alloc. memoria

 Performance counter stats for './mandelbrot_seq -2.5 1.5 -2.0 2.0 2048 com':

       1095.180070      task-clock (msec)         #    1.000 CPUs utilized          
                 2      context-switches          #    0.002 K/sec                  
                 0      cpu-migrations            #    0.000 K/sec                  
            41,011      page-faults               #    0.037 M/sec                  
   <not supported>      cycles                   
   <not supported>      stalled-cycles-frontend  
   <not supported>      stalled-cycles-backend   
   <not supported>      instructions             
   <not supported>      branches                 
   <not supported>      branch-misses            

       1.095525767 seconds time elapsed

MODO = com I/O e alloc. memoria

 Performance counter stats for './mandelbrot_seq -2.5 1.5 -2.0 2.0 2048 com':

       1095.813562      task-clock (msec)         #    1.000 CPUs utilized          
                 2      context-switches          #    0.002 K/sec                  
                 0      cpu-migrations            #    0.000 K/sec                  
            41,011      page-faults               #    0.037 M/sec                  
   <not supported>      cycles                   
   <not supported>      stalled-cycles-frontend  
   <not supported>      stalled-cycles-backend   
   <not supported>      instructions             
   <not supported>      branches                 
   <not supported>      branch-misses            

       1.096191924 seconds time elapsed

MODO = com I/O e alloc. memoria

 Performance counter stats for './mandelbrot_seq -2.5 1.5 -2.0 2.0 2048 com':

       1088.789995      task-clock (msec)         #    1.000 CPUs utilized          
                 2      context-switches          #    0.002 K/sec                  
                 0      cpu-migrations            #    0.000 K/sec                  
            41,010      page-faults               #    0.038 M/sec                  
   <not supported>      cycles                   
   <not supported>      stalled-cycles-frontend  
   <not supported>      stalled-cycles-backend   
   <not supported>      instructions             
   <not supported>      branches                 
   <not supported>      branch-misses            

       1.089109292 seconds time elapsed

MODO = com I/O e alloc. memoria

 Performance counter stats for './mandelbrot_seq -2.5 1.5 -2.0 2.0 4096 com':

       4358.816509      task-clock (msec)         #    0.995 CPUs utilized          
                10      context-switches          #    0.002 K/sec                  
                 0      cpu-migrations            #    0.000 K/sec                  
           163,889      page-faults               #    0.038 M/sec                  
   <not supported>      cycles                   
   <not supported>      stalled-cycles-frontend  
   <not supported>      stalled-cycles-backend   
   <not supported>      instructions             
   <not supported>      branches                 
   <not supported>      branch-misses            

       4.380557645 seconds time elapsed

MODO = com I/O e alloc. memoria

 Performance counter stats for './mandelbrot_seq -2.5 1.5 -2.0 2.0 4096 com':

       4347.980619      task-clock (msec)         #    0.993 CPUs utilized          
                11      context-switches          #    0.003 K/sec                  
                 0      cpu-migrations            #    0.000 K/sec                  
           163,892      page-faults               #    0.038 M/sec                  
   <not supported>      cycles                   
   <not supported>      stalled-cycles-frontend  
   <not supported>      stalled-cycles-backend   
   <not supported>      instructions             
   <not supported>      branches                 
   <not supported>      branch-misses            

       4.380050259 seconds time elapsed

MODO = com I/O e alloc. memoria

 Performance counter stats for './mandelbrot_seq -2.5 1.5 -2.0 2.0 4096 com':

       4346.510342      task-clock (msec)         #    0.995 CPUs utilized          
                13      context-switches          #    0.003 K/sec                  
                 0      cpu-migrations            #    0.000 K/sec                  
           163,892      page-faults               #    0.038 M/sec                  
   <not supported>      cycles                   
   <not supported>      stalled-cycles-frontend  
   <not supported>      stalled-cycles-backend   
   <not supported>      instructions             
   <not supported>      branches                 
   <not supported>      branch-misses            

       4.368897474 seconds time elapsed

MODO = com I/O e alloc. memoria

 Performance counter stats for './mandelbrot_seq -2.5 1.5 -2.0 2.0 4096 com':

       4348.234471      task-clock (msec)         #    0.996 CPUs utilized          
                10      context-switches          #    0.002 K/sec                  
                 0      cpu-migrations            #    0.000 K/sec                  
           163,891      page-faults               #    0.038 M/sec                  
   <not supported>      cycles                   
   <not supported>      stalled-cycles-frontend  
   <not supported>      stalled-cycles-backend   
   <not supported>      instructions             
   <not supported>      branches                 
   <not supported>      branch-misses            

       4.367406350 seconds time elapsed

MODO = com I/O e alloc. memoria

 Performance counter stats for './mandelbrot_seq -2.5 1.5 -2.0 2.0 4096 com':

       4621.081319      task-clock (msec)         #    0.942 CPUs utilized          
                15      context-switches          #    0.003 K/sec                  
                 2      cpu-migrations            #    0.000 K/sec                  
           163,892      page-faults               #    0.035 M/sec                  
   <not supported>      cycles                   
   <not supported>      stalled-cycles-frontend  
   <not supported>      stalled-cycles-backend   
   <not supported>      instructions             
   <not supported>      branches                 
   <not supported>      branch-misses            

       4.906887818 seconds time elapsed

MODO = com I/O e alloc. memoria

 Performance counter stats for './mandelbrot_seq -2.5 1.5 -2.0 2.0 4096 com':

       4353.717481      task-clock (msec)         #    0.996 CPUs utilized          
                12      context-switches          #    0.003 K/sec                  
                 0      cpu-migrations            #    0.000 K/sec                  
           163,891      page-faults               #    0.038 M/sec                  
   <not supported>      cycles                   
   <not supported>      stalled-cycles-frontend  
   <not supported>      stalled-cycles-backend   
   <not supported>      instructions             
   <not supported>      branches                 
   <not supported>      branch-misses            

       4.372890306 seconds time elapsed

MODO = com I/O e alloc. memoria

 Performance counter stats for './mandelbrot_seq -2.5 1.5 -2.0 2.0 4096 com':

       4327.057328      task-clock (msec)         #    0.996 CPUs utilized          
                12      context-switches          #    0.003 K/sec                  
                 0      cpu-migrations            #    0.000 K/sec                  
           163,888      page-faults               #    0.038 M/sec                  
   <not supported>      cycles                   
   <not supported>      stalled-cycles-frontend  
   <not supported>      stalled-cycles-backend   
   <not supported>      instructions             
   <not supported>      branches                 
   <not supported>      branch-misses            

       4.345273880 seconds time elapsed

MODO = com I/O e alloc. memoria

 Performance counter stats for './mandelbrot_seq -2.5 1.5 -2.0 2.0 4096 com':

       4334.633811      task-clock (msec)         #    0.996 CPUs utilized          
                11      context-switches          #    0.003 K/sec                  
                 1      cpu-migrations            #    0.000 K/sec                  
           163,891      page-faults               #    0.038 M/sec                  
   <not supported>      cycles                   
   <not supported>      stalled-cycles-frontend  
   <not supported>      stalled-cycles-backend   
   <not supported>      instructions             
   <not supported>      branches                 
   <not supported>      branch-misses            

       4.351308145 seconds time elapsed

MODO = com I/O e alloc. memoria

 Performance counter stats for './mandelbrot_seq -2.5 1.5 -2.0 2.0 4096 com':

       4336.213583      task-clock (msec)         #    0.996 CPUs utilized          
                10      context-switches          #    0.002 K/sec                  
                 0      cpu-migrations            #    0.000 K/sec                  
           163,891      page-faults               #    0.038 M/sec                  
   <not supported>      cycles                   
   <not supported>      stalled-cycles-frontend  
   <not supported>      stalled-cycles-backend   
   <not supported>      instructions             
   <not supported>      branches                 
   <not supported>      branch-misses            

       4.351905350 seconds time elapsed

MODO = com I/O e alloc. memoria

 Performance counter stats for './mandelbrot_seq -2.5 1.5 -2.0 2.0 4096 com':

       4340.494215      task-clock (msec)         #    0.995 CPUs utilized          
                11      context-switches          #    0.003 K/sec                  
                 0      cpu-migrations            #    0.000 K/sec                  
           163,891      page-faults               #    0.038 M/sec                  
   <not supported>      cycles                   
   <not supported>      stalled-cycles-frontend  
   <not supported>      stalled-cycles-backend   
   <not supported>      instructions             
   <not supported>      branches                 
   <not supported>      branch-misses            

       4.360510912 seconds time elapsed

MODO = com I/O e alloc. memoria

 Performance counter stats for './mandelbrot_seq -2.5 1.5 -2.0 2.0 8192 com':

      17293.748792      task-clock (msec)         #    0.938 CPUs utilized          
                54      context-switches          #    0.003 K/sec                  
                 1      cpu-migrations            #    0.000 K/sec                  
           655,411      page-faults               #    0.038 M/sec                  
   <not supported>      cycles                   
   <not supported>      stalled-cycles-frontend  
   <not supported>      stalled-cycles-backend   
   <not supported>      instructions             
   <not supported>      branches                 
   <not supported>      branch-misses            

      18.437980838 seconds time elapsed

MODO = com I/O e alloc. memoria

 Performance counter stats for './mandelbrot_seq -2.5 1.5 -2.0 2.0 8192 com':

      17313.128331      task-clock (msec)         #    0.938 CPUs utilized          
                55      context-switches          #    0.003 K/sec                  
                 0      cpu-migrations            #    0.000 K/sec                  
           655,410      page-faults               #    0.038 M/sec                  
   <not supported>      cycles                   
   <not supported>      stalled-cycles-frontend  
   <not supported>      stalled-cycles-backend   
   <not supported>      instructions             
   <not supported>      branches                 
   <not supported>      branch-misses            

      18.450705269 seconds time elapsed

MODO = com I/O e alloc. memoria

 Performance counter stats for './mandelbrot_seq -2.5 1.5 -2.0 2.0 8192 com':

      17355.232358      task-clock (msec)         #    0.938 CPUs utilized          
                53      context-switches          #    0.003 K/sec                  
                 0      cpu-migrations            #    0.000 K/sec                  
           655,409      page-faults               #    0.038 M/sec                  
   <not supported>      cycles                   
   <not supported>      stalled-cycles-frontend  
   <not supported>      stalled-cycles-backend   
   <not supported>      instructions             
   <not supported>      branches                 
   <not supported>      branch-misses            

      18.503495996 seconds time elapsed

MODO = com I/O e alloc. memoria

 Performance counter stats for './mandelbrot_seq -2.5 1.5 -2.0 2.0 8192 com':

      17283.027034      task-clock (msec)         #    0.935 CPUs utilized          
                50      context-switches          #    0.003 K/sec                  
                 0      cpu-migrations            #    0.000 K/sec                  
           655,411      page-faults               #    0.038 M/sec                  
   <not supported>      cycles                   
   <not supported>      stalled-cycles-frontend  
   <not supported>      stalled-cycles-backend   
   <not supported>      instructions             
   <not supported>      branches                 
   <not supported>      branch-misses            

      18.484881793 seconds time elapsed

MODO = com I/O e alloc. memoria

 Performance counter stats for './mandelbrot_seq -2.5 1.5 -2.0 2.0 8192 com':

      17269.869548      task-clock (msec)         #    0.935 CPUs utilized          
                56      context-switches          #    0.003 K/sec                  
                 2      cpu-migrations            #    0.000 K/sec                  
           655,412      page-faults               #    0.038 M/sec                  
   <not supported>      cycles                   
   <not supported>      stalled-cycles-frontend  
   <not supported>      stalled-cycles-backend   
   <not supported>      instructions             
   <not supported>      branches                 
   <not supported>      branch-misses            

      18.470352920 seconds time elapsed

MODO = com I/O e alloc. memoria

 Performance counter stats for './mandelbrot_seq -2.5 1.5 -2.0 2.0 8192 com':

      17289.613340      task-clock (msec)         #    0.935 CPUs utilized          
                52      context-switches          #    0.003 K/sec                  
                 2      cpu-migrations            #    0.000 K/sec                  
           655,411      page-faults               #    0.038 M/sec                  
   <not supported>      cycles                   
   <not supported>      stalled-cycles-frontend  
   <not supported>      stalled-cycles-backend   
   <not supported>      instructions             
   <not supported>      branches                 
   <not supported>      branch-misses            

      18.490139555 seconds time elapsed

MODO = com I/O e alloc. memoria

 Performance counter stats for './mandelbrot_seq -2.5 1.5 -2.0 2.0 8192 com':

      17266.676053      task-clock (msec)         #    0.938 CPUs utilized          
                61      context-switches          #    0.004 K/sec                  
                 4      cpu-migrations            #    0.000 K/sec                  
           655,409      page-faults               #    0.038 M/sec                  
   <not supported>      cycles                   
   <not supported>      stalled-cycles-frontend  
   <not supported>      stalled-cycles-backend   
   <not supported>      instructions             
   <not supported>      branches                 
   <not supported>      branch-misses            

      18.409794476 seconds time elapsed

MODO = com I/O e alloc. memoria

 Performance counter stats for './mandelbrot_seq -2.5 1.5 -2.0 2.0 8192 com':

      17307.893721      task-clock (msec)         #    0.926 CPUs utilized          
                54      context-switches          #    0.003 K/sec                  
                 0      cpu-migrations            #    0.000 K/sec                  
           655,410      page-faults               #    0.038 M/sec                  
   <not supported>      cycles                   
   <not supported>      stalled-cycles-frontend  
   <not supported>      stalled-cycles-backend   
   <not supported>      instructions             
   <not supported>      branches                 
   <not supported>      branch-misses            

      18.693740586 seconds time elapsed

MODO = com I/O e alloc. memoria

 Performance counter stats for './mandelbrot_seq -2.5 1.5 -2.0 2.0 8192 com':

      17300.712981      task-clock (msec)         #    0.936 CPUs utilized          
                56      context-switches          #    0.003 K/sec                  
                 1      cpu-migrations            #    0.000 K/sec                  
           655,412      page-faults               #    0.038 M/sec                  
   <not supported>      cycles                   
   <not supported>      stalled-cycles-frontend  
   <not supported>      stalled-cycles-backend   
   <not supported>      instructions             
   <not supported>      branches                 
   <not supported>      branch-misses            

      18.475126689 seconds time elapsed

MODO = com I/O e alloc. memoria

 Performance counter stats for './mandelbrot_seq -2.5 1.5 -2.0 2.0 8192 com':

      17299.354963      task-clock (msec)         #    0.936 CPUs utilized          
                56      context-switches          #    0.003 K/sec                  
                 1      cpu-migrations            #    0.000 K/sec                  
           655,411      page-faults               #    0.038 M/sec                  
   <not supported>      cycles                   
   <not supported>      stalled-cycles-frontend  
   <not supported>      stalled-cycles-backend   
   <not supported>      instructions             
   <not supported>      branches                 
   <not supported>      branch-misses            

      18.473170143 seconds time elapsed

